<?xml version="1.0" encoding="UTF-8"?>
<testsuite xmlns:xsi="http://www.w3.org/2001/XMLSchema-instance" xsi:noNamespaceSchemaLocation="https://maven.apache.org/surefire/maven-surefire-plugin/xsd/surefire-test-report-3.0.xsd" version="3.0" name="com.revature.caseclothes.servicetests.UserServiceTest" time="14.486" tests="36" errors="0" skipped="0" failures="0">
  <properties>
    <property name="sun.desktop" value="windows"/>
    <property name="awt.toolkit" value="sun.awt.windows.WToolkit"/>
    <property name="file.encoding.pkg" value="sun.io"/>
    <property name="java.specification.version" value="1.8"/>
    <property name="sun.cpu.isalist" value="amd64"/>
    <property name="sun.jnu.encoding" value="Cp1252"/>
    <property name="java.class.path" value="D:\Curriculum-211018-Jymm\project-2-Team-Not-Found\case-clothes\target\test-classes;D:\Curriculum-211018-Jymm\project-2-Team-Not-Found\case-clothes\target\classes;C:\Users\jymmm\.m2\repository\org\springframework\boot\spring-boot-starter-data-jpa\2.6.1\spring-boot-starter-data-jpa-2.6.1.jar;C:\Users\jymmm\.m2\repository\org\springframework\boot\spring-boot-starter-aop\2.6.1\spring-boot-starter-aop-2.6.1.jar;C:\Users\jymmm\.m2\repository\org\springframework\spring-aop\5.3.13\spring-aop-5.3.13.jar;C:\Users\jymmm\.m2\repository\org\aspectj\aspectjweaver\1.9.7\aspectjweaver-1.9.7.jar;C:\Users\jymmm\.m2\repository\org\springframework\boot\spring-boot-starter-jdbc\2.6.1\spring-boot-starter-jdbc-2.6.1.jar;C:\Users\jymmm\.m2\repository\com\zaxxer\HikariCP\4.0.3\HikariCP-4.0.3.jar;C:\Users\jymmm\.m2\repository\org\springframework\spring-jdbc\5.3.13\spring-jdbc-5.3.13.jar;C:\Users\jymmm\.m2\repository\jakarta\transaction\jakarta.transaction-api\1.3.3\jakarta.transaction-api-1.3.3.jar;C:\Users\jymmm\.m2\repository\jakarta\persistence\jakarta.persistence-api\2.2.3\jakarta.persistence-api-2.2.3.jar;C:\Users\jymmm\.m2\repository\org\hibernate\hibernate-core\5.6.1.Final\hibernate-core-5.6.1.Final.jar;C:\Users\jymmm\.m2\repository\org\jboss\logging\jboss-logging\3.4.2.Final\jboss-logging-3.4.2.Final.jar;C:\Users\jymmm\.m2\repository\antlr\antlr\2.7.7\antlr-2.7.7.jar;C:\Users\jymmm\.m2\repository\org\jboss\jandex\2.2.3.Final\jandex-2.2.3.Final.jar;C:\Users\jymmm\.m2\repository\com\fasterxml\classmate\1.5.1\classmate-1.5.1.jar;C:\Users\jymmm\.m2\repository\org\hibernate\common\hibernate-commons-annotations\5.1.2.Final\hibernate-commons-annotations-5.1.2.Final.jar;C:\Users\jymmm\.m2\repository\org\glassfish\jaxb\jaxb-runtime\2.3.5\jaxb-runtime-2.3.5.jar;C:\Users\jymmm\.m2\repository\org\glassfish\jaxb\txw2\2.3.5\txw2-2.3.5.jar;C:\Users\jymmm\.m2\repository\com\sun\istack\istack-commons-runtime\3.0.12\istack-commons-runtime-3.0.12.jar;C:\Users\jymmm\.m2\repository\com\sun\activation\jakarta.activation\1.2.2\jakarta.activation-1.2.2.jar;C:\Users\jymmm\.m2\repository\org\springframework\data\spring-data-jpa\2.6.0\spring-data-jpa-2.6.0.jar;C:\Users\jymmm\.m2\repository\org\springframework\data\spring-data-commons\2.6.0\spring-data-commons-2.6.0.jar;C:\Users\jymmm\.m2\repository\org\springframework\spring-orm\5.3.13\spring-orm-5.3.13.jar;C:\Users\jymmm\.m2\repository\org\springframework\spring-context\5.3.13\spring-context-5.3.13.jar;C:\Users\jymmm\.m2\repository\org\springframework\spring-tx\5.3.13\spring-tx-5.3.13.jar;C:\Users\jymmm\.m2\repository\org\springframework\spring-beans\5.3.13\spring-beans-5.3.13.jar;C:\Users\jymmm\.m2\repository\org\slf4j\slf4j-api\1.7.32\slf4j-api-1.7.32.jar;C:\Users\jymmm\.m2\repository\org\springframework\spring-aspects\5.3.13\spring-aspects-5.3.13.jar;C:\Users\jymmm\.m2\repository\org\springframework\boot\spring-boot-starter-web\2.6.1\spring-boot-starter-web-2.6.1.jar;C:\Users\jymmm\.m2\repository\org\springframework\boot\spring-boot-starter\2.6.1\spring-boot-starter-2.6.1.jar;C:\Users\jymmm\.m2\repository\org\springframework\boot\spring-boot\2.6.1\spring-boot-2.6.1.jar;C:\Users\jymmm\.m2\repository\org\springframework\boot\spring-boot-autoconfigure\2.6.1\spring-boot-autoconfigure-2.6.1.jar;C:\Users\jymmm\.m2\repository\org\springframework\boot\spring-boot-starter-logging\2.6.1\spring-boot-starter-logging-2.6.1.jar;C:\Users\jymmm\.m2\repository\ch\qos\logback\logback-classic\1.2.7\logback-classic-1.2.7.jar;C:\Users\jymmm\.m2\repository\ch\qos\logback\logback-core\1.2.7\logback-core-1.2.7.jar;C:\Users\jymmm\.m2\repository\org\apache\logging\log4j\log4j-to-slf4j\2.14.1\log4j-to-slf4j-2.14.1.jar;C:\Users\jymmm\.m2\repository\org\apache\logging\log4j\log4j-api\2.14.1\log4j-api-2.14.1.jar;C:\Users\jymmm\.m2\repository\org\slf4j\jul-to-slf4j\1.7.32\jul-to-slf4j-1.7.32.jar;C:\Users\jymmm\.m2\repository\jakarta\annotation\jakarta.annotation-api\1.3.5\jakarta.annotation-api-1.3.5.jar;C:\Users\jymmm\.m2\repository\org\yaml\snakeyaml\1.29\snakeyaml-1.29.jar;C:\Users\jymmm\.m2\repository\org\springframework\boot\spring-boot-starter-json\2.6.1\spring-boot-starter-json-2.6.1.jar;C:\Users\jymmm\.m2\repository\com\fasterxml\jackson\core\jackson-databind\2.13.0\jackson-databind-2.13.0.jar;C:\Users\jymmm\.m2\repository\com\fasterxml\jackson\core\jackson-annotations\2.13.0\jackson-annotations-2.13.0.jar;C:\Users\jymmm\.m2\repository\com\fasterxml\jackson\core\jackson-core\2.13.0\jackson-core-2.13.0.jar;C:\Users\jymmm\.m2\repository\com\fasterxml\jackson\datatype\jackson-datatype-jdk8\2.13.0\jackson-datatype-jdk8-2.13.0.jar;C:\Users\jymmm\.m2\repository\com\fasterxml\jackson\datatype\jackson-datatype-jsr310\2.13.0\jackson-datatype-jsr310-2.13.0.jar;C:\Users\jymmm\.m2\repository\com\fasterxml\jackson\module\jackson-module-parameter-names\2.13.0\jackson-module-parameter-names-2.13.0.jar;C:\Users\jymmm\.m2\repository\org\springframework\boot\spring-boot-starter-tomcat\2.6.1\spring-boot-starter-tomcat-2.6.1.jar;C:\Users\jymmm\.m2\repository\org\apache\tomcat\embed\tomcat-embed-core\9.0.55\tomcat-embed-core-9.0.55.jar;C:\Users\jymmm\.m2\repository\org\apache\tomcat\embed\tomcat-embed-el\9.0.55\tomcat-embed-el-9.0.55.jar;C:\Users\jymmm\.m2\repository\org\apache\tomcat\embed\tomcat-embed-websocket\9.0.55\tomcat-embed-websocket-9.0.55.jar;C:\Users\jymmm\.m2\repository\org\springframework\spring-web\5.3.13\spring-web-5.3.13.jar;C:\Users\jymmm\.m2\repository\org\springframework\spring-webmvc\5.3.13\spring-webmvc-5.3.13.jar;C:\Users\jymmm\.m2\repository\org\springframework\spring-expression\5.3.13\spring-expression-5.3.13.jar;C:\Users\jymmm\.m2\repository\org\postgresql\postgresql\42.3.1\postgresql-42.3.1.jar;C:\Users\jymmm\.m2\repository\org\checkerframework\checker-qual\3.5.0\checker-qual-3.5.0.jar;C:\Users\jymmm\.m2\repository\org\springframework\boot\spring-boot-starter-test\2.6.1\spring-boot-starter-test-2.6.1.jar;C:\Users\jymmm\.m2\repository\org\springframework\boot\spring-boot-test\2.6.1\spring-boot-test-2.6.1.jar;C:\Users\jymmm\.m2\repository\org\springframework\boot\spring-boot-test-autoconfigure\2.6.1\spring-boot-test-autoconfigure-2.6.1.jar;C:\Users\jymmm\.m2\repository\com\jayway\jsonpath\json-path\2.6.0\json-path-2.6.0.jar;C:\Users\jymmm\.m2\repository\net\minidev\json-smart\2.4.7\json-smart-2.4.7.jar;C:\Users\jymmm\.m2\repository\net\minidev\accessors-smart\2.4.7\accessors-smart-2.4.7.jar;C:\Users\jymmm\.m2\repository\org\ow2\asm\asm\9.1\asm-9.1.jar;C:\Users\jymmm\.m2\repository\jakarta\xml\bind\jakarta.xml.bind-api\2.3.3\jakarta.xml.bind-api-2.3.3.jar;C:\Users\jymmm\.m2\repository\jakarta\activation\jakarta.activation-api\1.2.2\jakarta.activation-api-1.2.2.jar;C:\Users\jymmm\.m2\repository\org\assertj\assertj-core\3.21.0\assertj-core-3.21.0.jar;C:\Users\jymmm\.m2\repository\org\hamcrest\hamcrest\2.2\hamcrest-2.2.jar;C:\Users\jymmm\.m2\repository\org\junit\jupiter\junit-jupiter\5.8.1\junit-jupiter-5.8.1.jar;C:\Users\jymmm\.m2\repository\org\junit\jupiter\junit-jupiter-params\5.8.1\junit-jupiter-params-5.8.1.jar;C:\Users\jymmm\.m2\repository\org\junit\jupiter\junit-jupiter-engine\5.8.1\junit-jupiter-engine-5.8.1.jar;C:\Users\jymmm\.m2\repository\org\junit\platform\junit-platform-engine\1.8.1\junit-platform-engine-1.8.1.jar;C:\Users\jymmm\.m2\repository\org\mockito\mockito-junit-jupiter\4.0.0\mockito-junit-jupiter-4.0.0.jar;C:\Users\jymmm\.m2\repository\org\skyscreamer\jsonassert\1.5.0\jsonassert-1.5.0.jar;C:\Users\jymmm\.m2\repository\com\vaadin\external\google\android-json\0.0.20131108.vaadin1\android-json-0.0.20131108.vaadin1.jar;C:\Users\jymmm\.m2\repository\org\springframework\spring-core\5.3.13\spring-core-5.3.13.jar;C:\Users\jymmm\.m2\repository\org\springframework\spring-jcl\5.3.13\spring-jcl-5.3.13.jar;C:\Users\jymmm\.m2\repository\org\springframework\spring-test\5.3.13\spring-test-5.3.13.jar;C:\Users\jymmm\.m2\repository\org\xmlunit\xmlunit-core\2.8.3\xmlunit-core-2.8.3.jar;C:\Users\jymmm\.m2\repository\com\h2database\h2\1.4.200\h2-1.4.200.jar;C:\Users\jymmm\.m2\repository\org\mockito\mockito-core\4.0.0\mockito-core-4.0.0.jar;C:\Users\jymmm\.m2\repository\net\bytebuddy\byte-buddy\1.11.22\byte-buddy-1.11.22.jar;C:\Users\jymmm\.m2\repository\net\bytebuddy\byte-buddy-agent\1.11.22\byte-buddy-agent-1.11.22.jar;C:\Users\jymmm\.m2\repository\org\objenesis\objenesis\3.2\objenesis-3.2.jar;C:\Users\jymmm\.m2\repository\org\junit\jupiter\junit-jupiter-api\5.8.1\junit-jupiter-api-5.8.1.jar;C:\Users\jymmm\.m2\repository\org\opentest4j\opentest4j\1.2.0\opentest4j-1.2.0.jar;C:\Users\jymmm\.m2\repository\org\junit\platform\junit-platform-commons\1.8.1\junit-platform-commons-1.8.1.jar;C:\Users\jymmm\.m2\repository\org\apiguardian\apiguardian-api\1.1.2\apiguardian-api-1.1.2.jar;"/>
    <property name="java.vm.vendor" value="Oracle Corporation"/>
    <property name="sun.arch.data.model" value="64"/>
    <property name="user.variant" value=""/>
    <property name="java.vendor.url" value="http://java.oracle.com/"/>
    <property name="user.timezone" value="America/Chicago"/>
    <property name="java.vm.specification.version" value="1.8"/>
    <property name="os.name" value="Windows 10"/>
    <property name="user.country" value="US"/>
    <property name="sun.java.launcher" value="SUN_STANDARD"/>
    <property name="sun.boot.library.path" value="C:\Program Files\Java\jdk1.8.0_301\jre\bin"/>
    <property name="sun.java.command" value="C:\Users\jymmm\AppData\Local\Temp\surefire3421187947946184155\surefirebooter8628300953228006181.jar C:\Users\jymmm\AppData\Local\Temp\surefire3421187947946184155 2021-12-23T23-04-36_309-jvmRun1 surefire5483058559447353626tmp surefire_03495229564518330415tmp"/>
    <property name="surefire.test.class.path" value="D:\Curriculum-211018-Jymm\project-2-Team-Not-Found\case-clothes\target\test-classes;D:\Curriculum-211018-Jymm\project-2-Team-Not-Found\case-clothes\target\classes;C:\Users\jymmm\.m2\repository\org\springframework\boot\spring-boot-starter-data-jpa\2.6.1\spring-boot-starter-data-jpa-2.6.1.jar;C:\Users\jymmm\.m2\repository\org\springframework\boot\spring-boot-starter-aop\2.6.1\spring-boot-starter-aop-2.6.1.jar;C:\Users\jymmm\.m2\repository\org\springframework\spring-aop\5.3.13\spring-aop-5.3.13.jar;C:\Users\jymmm\.m2\repository\org\aspectj\aspectjweaver\1.9.7\aspectjweaver-1.9.7.jar;C:\Users\jymmm\.m2\repository\org\springframework\boot\spring-boot-starter-jdbc\2.6.1\spring-boot-starter-jdbc-2.6.1.jar;C:\Users\jymmm\.m2\repository\com\zaxxer\HikariCP\4.0.3\HikariCP-4.0.3.jar;C:\Users\jymmm\.m2\repository\org\springframework\spring-jdbc\5.3.13\spring-jdbc-5.3.13.jar;C:\Users\jymmm\.m2\repository\jakarta\transaction\jakarta.transaction-api\1.3.3\jakarta.transaction-api-1.3.3.jar;C:\Users\jymmm\.m2\repository\jakarta\persistence\jakarta.persistence-api\2.2.3\jakarta.persistence-api-2.2.3.jar;C:\Users\jymmm\.m2\repository\org\hibernate\hibernate-core\5.6.1.Final\hibernate-core-5.6.1.Final.jar;C:\Users\jymmm\.m2\repository\org\jboss\logging\jboss-logging\3.4.2.Final\jboss-logging-3.4.2.Final.jar;C:\Users\jymmm\.m2\repository\antlr\antlr\2.7.7\antlr-2.7.7.jar;C:\Users\jymmm\.m2\repository\org\jboss\jandex\2.2.3.Final\jandex-2.2.3.Final.jar;C:\Users\jymmm\.m2\repository\com\fasterxml\classmate\1.5.1\classmate-1.5.1.jar;C:\Users\jymmm\.m2\repository\org\hibernate\common\hibernate-commons-annotations\5.1.2.Final\hibernate-commons-annotations-5.1.2.Final.jar;C:\Users\jymmm\.m2\repository\org\glassfish\jaxb\jaxb-runtime\2.3.5\jaxb-runtime-2.3.5.jar;C:\Users\jymmm\.m2\repository\org\glassfish\jaxb\txw2\2.3.5\txw2-2.3.5.jar;C:\Users\jymmm\.m2\repository\com\sun\istack\istack-commons-runtime\3.0.12\istack-commons-runtime-3.0.12.jar;C:\Users\jymmm\.m2\repository\com\sun\activation\jakarta.activation\1.2.2\jakarta.activation-1.2.2.jar;C:\Users\jymmm\.m2\repository\org\springframework\data\spring-data-jpa\2.6.0\spring-data-jpa-2.6.0.jar;C:\Users\jymmm\.m2\repository\org\springframework\data\spring-data-commons\2.6.0\spring-data-commons-2.6.0.jar;C:\Users\jymmm\.m2\repository\org\springframework\spring-orm\5.3.13\spring-orm-5.3.13.jar;C:\Users\jymmm\.m2\repository\org\springframework\spring-context\5.3.13\spring-context-5.3.13.jar;C:\Users\jymmm\.m2\repository\org\springframework\spring-tx\5.3.13\spring-tx-5.3.13.jar;C:\Users\jymmm\.m2\repository\org\springframework\spring-beans\5.3.13\spring-beans-5.3.13.jar;C:\Users\jymmm\.m2\repository\org\slf4j\slf4j-api\1.7.32\slf4j-api-1.7.32.jar;C:\Users\jymmm\.m2\repository\org\springframework\spring-aspects\5.3.13\spring-aspects-5.3.13.jar;C:\Users\jymmm\.m2\repository\org\springframework\boot\spring-boot-starter-web\2.6.1\spring-boot-starter-web-2.6.1.jar;C:\Users\jymmm\.m2\repository\org\springframework\boot\spring-boot-starter\2.6.1\spring-boot-starter-2.6.1.jar;C:\Users\jymmm\.m2\repository\org\springframework\boot\spring-boot\2.6.1\spring-boot-2.6.1.jar;C:\Users\jymmm\.m2\repository\org\springframework\boot\spring-boot-autoconfigure\2.6.1\spring-boot-autoconfigure-2.6.1.jar;C:\Users\jymmm\.m2\repository\org\springframework\boot\spring-boot-starter-logging\2.6.1\spring-boot-starter-logging-2.6.1.jar;C:\Users\jymmm\.m2\repository\ch\qos\logback\logback-classic\1.2.7\logback-classic-1.2.7.jar;C:\Users\jymmm\.m2\repository\ch\qos\logback\logback-core\1.2.7\logback-core-1.2.7.jar;C:\Users\jymmm\.m2\repository\org\apache\logging\log4j\log4j-to-slf4j\2.14.1\log4j-to-slf4j-2.14.1.jar;C:\Users\jymmm\.m2\repository\org\apache\logging\log4j\log4j-api\2.14.1\log4j-api-2.14.1.jar;C:\Users\jymmm\.m2\repository\org\slf4j\jul-to-slf4j\1.7.32\jul-to-slf4j-1.7.32.jar;C:\Users\jymmm\.m2\repository\jakarta\annotation\jakarta.annotation-api\1.3.5\jakarta.annotation-api-1.3.5.jar;C:\Users\jymmm\.m2\repository\org\yaml\snakeyaml\1.29\snakeyaml-1.29.jar;C:\Users\jymmm\.m2\repository\org\springframework\boot\spring-boot-starter-json\2.6.1\spring-boot-starter-json-2.6.1.jar;C:\Users\jymmm\.m2\repository\com\fasterxml\jackson\core\jackson-databind\2.13.0\jackson-databind-2.13.0.jar;C:\Users\jymmm\.m2\repository\com\fasterxml\jackson\core\jackson-annotations\2.13.0\jackson-annotations-2.13.0.jar;C:\Users\jymmm\.m2\repository\com\fasterxml\jackson\core\jackson-core\2.13.0\jackson-core-2.13.0.jar;C:\Users\jymmm\.m2\repository\com\fasterxml\jackson\datatype\jackson-datatype-jdk8\2.13.0\jackson-datatype-jdk8-2.13.0.jar;C:\Users\jymmm\.m2\repository\com\fasterxml\jackson\datatype\jackson-datatype-jsr310\2.13.0\jackson-datatype-jsr310-2.13.0.jar;C:\Users\jymmm\.m2\repository\com\fasterxml\jackson\module\jackson-module-parameter-names\2.13.0\jackson-module-parameter-names-2.13.0.jar;C:\Users\jymmm\.m2\repository\org\springframework\boot\spring-boot-starter-tomcat\2.6.1\spring-boot-starter-tomcat-2.6.1.jar;C:\Users\jymmm\.m2\repository\org\apache\tomcat\embed\tomcat-embed-core\9.0.55\tomcat-embed-core-9.0.55.jar;C:\Users\jymmm\.m2\repository\org\apache\tomcat\embed\tomcat-embed-el\9.0.55\tomcat-embed-el-9.0.55.jar;C:\Users\jymmm\.m2\repository\org\apache\tomcat\embed\tomcat-embed-websocket\9.0.55\tomcat-embed-websocket-9.0.55.jar;C:\Users\jymmm\.m2\repository\org\springframework\spring-web\5.3.13\spring-web-5.3.13.jar;C:\Users\jymmm\.m2\repository\org\springframework\spring-webmvc\5.3.13\spring-webmvc-5.3.13.jar;C:\Users\jymmm\.m2\repository\org\springframework\spring-expression\5.3.13\spring-expression-5.3.13.jar;C:\Users\jymmm\.m2\repository\org\postgresql\postgresql\42.3.1\postgresql-42.3.1.jar;C:\Users\jymmm\.m2\repository\org\checkerframework\checker-qual\3.5.0\checker-qual-3.5.0.jar;C:\Users\jymmm\.m2\repository\org\springframework\boot\spring-boot-starter-test\2.6.1\spring-boot-starter-test-2.6.1.jar;C:\Users\jymmm\.m2\repository\org\springframework\boot\spring-boot-test\2.6.1\spring-boot-test-2.6.1.jar;C:\Users\jymmm\.m2\repository\org\springframework\boot\spring-boot-test-autoconfigure\2.6.1\spring-boot-test-autoconfigure-2.6.1.jar;C:\Users\jymmm\.m2\repository\com\jayway\jsonpath\json-path\2.6.0\json-path-2.6.0.jar;C:\Users\jymmm\.m2\repository\net\minidev\json-smart\2.4.7\json-smart-2.4.7.jar;C:\Users\jymmm\.m2\repository\net\minidev\accessors-smart\2.4.7\accessors-smart-2.4.7.jar;C:\Users\jymmm\.m2\repository\org\ow2\asm\asm\9.1\asm-9.1.jar;C:\Users\jymmm\.m2\repository\jakarta\xml\bind\jakarta.xml.bind-api\2.3.3\jakarta.xml.bind-api-2.3.3.jar;C:\Users\jymmm\.m2\repository\jakarta\activation\jakarta.activation-api\1.2.2\jakarta.activation-api-1.2.2.jar;C:\Users\jymmm\.m2\repository\org\assertj\assertj-core\3.21.0\assertj-core-3.21.0.jar;C:\Users\jymmm\.m2\repository\org\hamcrest\hamcrest\2.2\hamcrest-2.2.jar;C:\Users\jymmm\.m2\repository\org\junit\jupiter\junit-jupiter\5.8.1\junit-jupiter-5.8.1.jar;C:\Users\jymmm\.m2\repository\org\junit\jupiter\junit-jupiter-params\5.8.1\junit-jupiter-params-5.8.1.jar;C:\Users\jymmm\.m2\repository\org\junit\jupiter\junit-jupiter-engine\5.8.1\junit-jupiter-engine-5.8.1.jar;C:\Users\jymmm\.m2\repository\org\junit\platform\junit-platform-engine\1.8.1\junit-platform-engine-1.8.1.jar;C:\Users\jymmm\.m2\repository\org\mockito\mockito-junit-jupiter\4.0.0\mockito-junit-jupiter-4.0.0.jar;C:\Users\jymmm\.m2\repository\org\skyscreamer\jsonassert\1.5.0\jsonassert-1.5.0.jar;C:\Users\jymmm\.m2\repository\com\vaadin\external\google\android-json\0.0.20131108.vaadin1\android-json-0.0.20131108.vaadin1.jar;C:\Users\jymmm\.m2\repository\org\springframework\spring-core\5.3.13\spring-core-5.3.13.jar;C:\Users\jymmm\.m2\repository\org\springframework\spring-jcl\5.3.13\spring-jcl-5.3.13.jar;C:\Users\jymmm\.m2\repository\org\springframework\spring-test\5.3.13\spring-test-5.3.13.jar;C:\Users\jymmm\.m2\repository\org\xmlunit\xmlunit-core\2.8.3\xmlunit-core-2.8.3.jar;C:\Users\jymmm\.m2\repository\com\h2database\h2\1.4.200\h2-1.4.200.jar;C:\Users\jymmm\.m2\repository\org\mockito\mockito-core\4.0.0\mockito-core-4.0.0.jar;C:\Users\jymmm\.m2\repository\net\bytebuddy\byte-buddy\1.11.22\byte-buddy-1.11.22.jar;C:\Users\jymmm\.m2\repository\net\bytebuddy\byte-buddy-agent\1.11.22\byte-buddy-agent-1.11.22.jar;C:\Users\jymmm\.m2\repository\org\objenesis\objenesis\3.2\objenesis-3.2.jar;C:\Users\jymmm\.m2\repository\org\junit\jupiter\junit-jupiter-api\5.8.1\junit-jupiter-api-5.8.1.jar;C:\Users\jymmm\.m2\repository\org\opentest4j\opentest4j\1.2.0\opentest4j-1.2.0.jar;C:\Users\jymmm\.m2\repository\org\junit\platform\junit-platform-commons\1.8.1\junit-platform-commons-1.8.1.jar;C:\Users\jymmm\.m2\repository\org\apiguardian\apiguardian-api\1.1.2\apiguardian-api-1.1.2.jar;"/>
    <property name="sun.cpu.endian" value="little"/>
    <property name="user.home" value="C:\Users\jymmm"/>
    <property name="user.language" value="en"/>
    <property name="java.specification.vendor" value="Oracle Corporation"/>
    <property name="java.home" value="C:\Program Files\Java\jdk1.8.0_301\jre"/>
    <property name="basedir" value="D:\Curriculum-211018-Jymm\project-2-Team-Not-Found\case-clothes"/>
    <property name="file.separator" value="\"/>
    <property name="line.separator" value="&#10;"/>
    <property name="java.vm.specification.vendor" value="Oracle Corporation"/>
    <property name="java.specification.name" value="Java Platform API Specification"/>
    <property name="FILE_LOG_CHARSET" value="windows-1252"/>
    <property name="java.awt.graphicsenv" value="sun.awt.Win32GraphicsEnvironment"/>
    <property name="java.awt.headless" value="true"/>
    <property name="surefire.real.class.path" value="C:\Users\jymmm\AppData\Local\Temp\surefire3421187947946184155\surefirebooter8628300953228006181.jar;C:\\Users\\jymmm\\.m2\\repository\\org\\jacoco\\org.jacoco.agent\\0.8.7\\org.jacoco.agent-0.8.7-runtime.jar"/>
    <property name="sun.boot.class.path" value="C:\Program Files\Java\jdk1.8.0_301\jre\lib\resources.jar;C:\Program Files\Java\jdk1.8.0_301\jre\lib\rt.jar;C:\Program Files\Java\jdk1.8.0_301\jre\lib\sunrsasign.jar;C:\Program Files\Java\jdk1.8.0_301\jre\lib\jsse.jar;C:\Program Files\Java\jdk1.8.0_301\jre\lib\jce.jar;C:\Program Files\Java\jdk1.8.0_301\jre\lib\charsets.jar;C:\Program Files\Java\jdk1.8.0_301\jre\lib\jfr.jar;C:\Program Files\Java\jdk1.8.0_301\jre\classes"/>
    <property name="user.script" value=""/>
    <property name="sun.management.compiler" value="HotSpot 64-Bit Tiered Compilers"/>
    <property name="java.runtime.version" value="1.8.0_301-b09"/>
    <property name="user.name" value="jymmm"/>
    <property name="path.separator" value=";"/>
    <property name="os.version" value="10.0"/>
    <property name="java.endorsed.dirs" value="C:\Program Files\Java\jdk1.8.0_301\jre\lib\endorsed"/>
    <property name="java.runtime.name" value="Java(TM) SE Runtime Environment"/>
    <property name="file.encoding" value="Cp1252"/>
    <property name="spring.beaninfo.ignore" value="true"/>
    <property name="java.vm.name" value="Java HotSpot(TM) 64-Bit Server VM"/>
    <property name="localRepository" value="C:\Users\jymmm\.m2\repository"/>
    <property name="java.vendor.url.bug" value="http://bugreport.sun.com/bugreport/"/>
    <property name="java.io.tmpdir" value="C:\Users\jymmm\AppData\Local\Temp\"/>
    <property name="com.zaxxer.hikari.pool_number" value="92"/>
    <property name="java.version" value="1.8.0_301"/>
    <property name="user.dir" value="D:\Curriculum-211018-Jymm\project-2-Team-Not-Found\case-clothes"/>
    <property name="os.arch" value="amd64"/>
    <property name="java.vm.specification.name" value="Java Virtual Machine Specification"/>
    <property name="PID" value="17660"/>
    <property name="java.awt.printerjob" value="sun.awt.windows.WPrinterJob"/>
    <property name="sun.os.patch.level" value=""/>
    <property name="CONSOLE_LOG_CHARSET" value="windows-1252"/>
    <property name="java.library.path" value="C:\Program Files\Java\jdk1.8.0_301\jre\bin;C:\WINDOWS\Sun\Java\bin;C:\WINDOWS\system32;C:\WINDOWS;C:\Users\jymmm\bin;C:\Program Files\Git\mingw64\bin;C:\Program Files\Git\usr\local\bin;C:\Program Files\Git\usr\bin;C:\Program Files\Git\usr\bin;C:\Program Files\Git\mingw64\bin;C:\Program Files\Git\usr\bin;C:\Users\jymmm\bin;C:\Python310\Scripts;C:\Python310;C:\Program Files\Eclipse Foundation\jdk-16.0.2.7-hotspot\bin;C:\Program Files (x86)\Common Files\Oracle\Java\javapath;C:\ProgramData\Oracle\Java\javapath;C:\Program Files (x86)\Intel\Intel(R) Management Engine Components\iCLS;C:\Program Files\Intel\Intel(R) Management Engine Components\iCLS;C:\Windows\system32;C:\Windows;C:\Windows\System32\Wbem;C:\Windows\System32\WindowsPowerShell\v1.0;C:\Windows\System32\OpenSSH;C:\Program Files (x86)\Intel\Intel(R) Management Engine Components\DAL;C:\Program Files\Intel\Intel(R) Management Engine Components\DAL;C:\Program Files (x86)\Intel\Intel(R) Management Engine Components\IPT;C:\Program Files\Intel\Intel(R) Management Engine Components\IPT;C:\Program Files (x86)\NVIDIA Corporation\PhysX\Common;C:\Program Files\NVIDIA Corporation\NVIDIA NvDLISR;C:\Program Files\dotnet;C:\Program Files\Microsoft SQL Server\130\Tools\Binn;C:\WINDOWS\system32;C:\WINDOWS;C:\WINDOWS\System32\Wbem;C:\WINDOWS\System32\WindowsPowerShell\v1.0;C:\WINDOWS\System32\OpenSSH;C:\Program Files\Common Files\Autodesk Shared;C:\Program Files (x86)\Autodesk\Backburner;C:\WINDOWS\system32;C:\WINDOWS;C:\WINDOWS\System32\Wbem;C:\WINDOWS\System32\WindowsPowerShell\v1.0;C:\WINDOWS\System32\OpenSSH;C:\Program Files\Git\cmd;C:\Program Files\Java\jdk1.8.0_301\bin;C:\Maven\apache-maven-3.8.2\bin;C:\Program Files\nodejs;C:\ProgramData\chocolatey\bin;C:\Users\jymmm\scoop\apps\maven\current\bin;C:\Users\jymmm\scoop\shims;C:\Users\jymmm\AppData\Local\Microsoft\WindowsApps;C:\Users\jymmm\AppData\Local\Programs\Microsoft VS Code\bin;C:\Users\jymmm\AppData\Local\GitHubDesktop\bin;C:\Users\jymmm\AppData\Roaming\npm;C:\Program Files\Git\usr\bin\vendor_perl;C:\Program Files\Git\usr\bin\core_perl;."/>
    <property name="java.vm.info" value="mixed mode"/>
    <property name="java.vendor" value="Oracle Corporation"/>
    <property name="java.vm.version" value="25.301-b09"/>
    <property name="java.ext.dirs" value="C:\Program Files\Java\jdk1.8.0_301\jre\lib\ext;C:\WINDOWS\Sun\Java\lib\ext"/>
    <property name="sun.io.unicode.encoding" value="UnicodeLittle"/>
    <property name="java.class.version" value="52.0"/>
  </properties>
  <testcase name="testDeleteUserByID_admin" classname="com.revature.caseclothes.servicetests.UserServiceTest" time="0.392">
    <system-out><![CDATA[2021-12-23 23:05:11.763  INFO 17660 --- [           main] .b.t.c.SpringBootTestContextBootstrapper : Neither @ContextConfiguration nor @ContextHierarchy found for test class [com.revature.caseclothes.servicetests.UserServiceTest], using SpringBootContextLoader
2021-12-23 23:05:11.764  INFO 17660 --- [           main] o.s.t.c.support.AbstractContextLoader    : Could not detect default resource locations for test class [com.revature.caseclothes.servicetests.UserServiceTest]: no resource found for suffixes {-context.xml, Context.groovy}.
2021-12-23 23:05:11.764  INFO 17660 --- [           main] t.c.s.AnnotationConfigContextLoaderUtils : Could not detect default configuration classes for test class [com.revature.caseclothes.servicetests.UserServiceTest]: UserServiceTest does not declare any static, non-private, non-final, nested classes annotated with @Configuration.
2021-12-23 23:05:11.765  INFO 17660 --- [           main] .b.t.c.SpringBootTestContextBootstrapper : Found @SpringBootConfiguration com.revature.caseclothes.CaseClothesApplication for test class com.revature.caseclothes.servicetests.UserServiceTest
2021-12-23 23:05:11.766  INFO 17660 --- [           main] .b.t.c.SpringBootTestContextBootstrapper : Loaded default TestExecutionListener class names from location [META-INF/spring.factories]: [org.springframework.boot.test.mock.mockito.MockitoTestExecutionListener, org.springframework.boot.test.mock.mockito.ResetMocksTestExecutionListener, org.springframework.boot.test.autoconfigure.restdocs.RestDocsTestExecutionListener, org.springframework.boot.test.autoconfigure.web.client.MockRestServiceServerResetTestExecutionListener, org.springframework.boot.test.autoconfigure.web.servlet.MockMvcPrintOnlyOnFailureTestExecutionListener, org.springframework.boot.test.autoconfigure.web.servlet.WebDriverTestExecutionListener, org.springframework.boot.test.autoconfigure.webservices.client.MockWebServiceServerTestExecutionListener, org.springframework.test.context.web.ServletTestExecutionListener, org.springframework.test.context.support.DirtiesContextBeforeModesTestExecutionListener, org.springframework.test.context.event.ApplicationEventsTestExecutionListener, org.springframework.test.context.support.DependencyInjectionTestExecutionListener, org.springframework.test.context.support.DirtiesContextTestExecutionListener, org.springframework.test.context.transaction.TransactionalTestExecutionListener, org.springframework.test.context.jdbc.SqlScriptsTestExecutionListener, org.springframework.test.context.event.EventPublishingTestExecutionListener]
2021-12-23 23:05:11.766  INFO 17660 --- [           main] .b.t.c.SpringBootTestContextBootstrapper : Using TestExecutionListeners: [org.springframework.test.context.web.ServletTestExecutionListener@40ecca6c, org.springframework.test.context.support.DirtiesContextBeforeModesTestExecutionListener@2228e3ea, org.springframework.test.context.event.ApplicationEventsTestExecutionListener@6a2f1253, org.springframework.boot.test.mock.mockito.MockitoTestExecutionListener@2cf582bb, org.springframework.boot.test.autoconfigure.SpringBootDependencyInjectionTestExecutionListener@aec92e3, org.springframework.test.context.support.DirtiesContextTestExecutionListener@6fbe07e7, org.springframework.test.context.transaction.TransactionalTestExecutionListener@7d112dc9, org.springframework.test.context.jdbc.SqlScriptsTestExecutionListener@7d71888a, org.springframework.test.context.event.EventPublishingTestExecutionListener@13e4764d, org.springframework.boot.test.mock.mockito.ResetMocksTestExecutionListener@c7adae9, org.springframework.boot.test.autoconfigure.restdocs.RestDocsTestExecutionListener@7871d1ca, org.springframework.boot.test.autoconfigure.web.client.MockRestServiceServerResetTestExecutionListener@9b52396, org.springframework.boot.test.autoconfigure.web.servlet.MockMvcPrintOnlyOnFailureTestExecutionListener@39536af3, org.springframework.boot.test.autoconfigure.web.servlet.WebDriverTestExecutionListener@63a442a2, org.springframework.boot.test.autoconfigure.webservices.client.MockWebServiceServerTestExecutionListener@152d209d]

  .   ____          _            __ _ _
 /\\ / ___'_ __ _ _(_)_ __  __ _ \ \ \ \
( ( )\___ | '_ | '_| | '_ \/ _` | \ \ \ \
 \\/  ___)| |_)| | | | | || (_| |  ) ) ) )
  '  |____| .__|_| |_|_| |_\__, | / / / /
 =========|_|==============|___/=/_/_/_/
 :: Spring Boot ::                (v2.6.1)

2021-12-23 23:05:11.776  INFO 17660 --- [           main] c.r.c.servicetests.UserServiceTest       : Starting UserServiceTest using Java 1.8.0_301 on MSI-Jymm with PID 17660 (started by jymmm in D:\Curriculum-211018-Jymm\project-2-Team-Not-Found\case-clothes)
2021-12-23 23:05:11.776  INFO 17660 --- [           main] c.r.c.servicetests.UserServiceTest       : The following profiles are active: UserService-test
2021-12-23 23:05:11.849  INFO 17660 --- [           main] .s.d.r.c.RepositoryConfigurationDelegate : Bootstrapping Spring Data JPA repositories in DEFAULT mode.
2021-12-23 23:05:11.851  INFO 17660 --- [           main] .s.d.r.c.RepositoryConfigurationDelegate : Finished Spring Data repository scanning in 1 ms. Found 0 JPA repository interfaces.
2021-12-23 23:05:11.903  INFO 17660 --- [           main] com.zaxxer.hikari.HikariDataSource       : HikariPool-56 - Starting...
2021-12-23 23:05:11.903  INFO 17660 --- [           main] com.zaxxer.hikari.HikariDataSource       : HikariPool-56 - Start completed.
2021-12-23 23:05:11.910  INFO 17660 --- [           main] o.hibernate.jpa.internal.util.LogHelper  : HHH000204: Processing PersistenceUnitInfo [name: default]
2021-12-23 23:05:11.912  INFO 17660 --- [           main] org.hibernate.dialect.Dialect            : HHH000400: Using dialect: org.hibernate.dialect.H2Dialect
2021-12-23 23:05:11.943  INFO 17660 --- [           main] o.h.e.t.j.p.i.JtaPlatformInitiator       : HHH000490: Using JtaPlatform implementation: [org.hibernate.engine.transaction.jta.platform.internal.NoJtaPlatform]
2021-12-23 23:05:11.943  INFO 17660 --- [           main] j.LocalContainerEntityManagerFactoryBean : Initialized JPA EntityManagerFactory for persistence unit 'default'
2021-12-23 23:05:12.029  WARN 17660 --- [           main] JpaBaseConfiguration$JpaWebConfiguration : spring.jpa.open-in-view is enabled by default. Therefore, database queries may be performed during view rendering. Explicitly configure spring.jpa.open-in-view to disable this warning
2021-12-23 23:05:12.171  INFO 17660 --- [           main] c.r.c.servicetests.UserServiceTest       : Started UserServiceTest in 0.403 seconds (JVM running for 35.333)
2021-12-23 23:05:12.173  INFO 17660 --- [           main] j.LocalContainerEntityManagerFactoryBean : Closing JPA EntityManagerFactory for persistence unit 'default'
2021-12-23 23:05:12.174  INFO 17660 --- [           main] .SchemaDropperImpl$DelayedDropActionImpl : HHH000477: Starting delayed evictData of schema as part of SessionFactory shut-down'
2021-12-23 23:05:12.175  INFO 17660 --- [           main] com.zaxxer.hikari.HikariDataSource       : HikariPool-56 - Shutdown initiated...
2021-12-23 23:05:12.175  INFO 17660 --- [           main] com.zaxxer.hikari.HikariDataSource       : HikariPool-56 - Shutdown completed.

  .   ____          _            __ _ _
 /\\ / ___'_ __ _ _(_)_ __  __ _ \ \ \ \
( ( )\___ | '_ | '_| | '_ \/ _` | \ \ \ \
 \\/  ___)| |_)| | | | | || (_| |  ) ) ) )
  '  |____| .__|_| |_|_| |_\__, | / / / /
 =========|_|==============|___/=/_/_/_/
 :: Spring Boot ::                (v2.6.1)

2021-12-23 23:05:12.186  INFO 17660 --- [           main] c.r.c.servicetests.UserServiceTest       : Starting UserServiceTest using Java 1.8.0_301 on MSI-Jymm with PID 17660 (started by jymmm in D:\Curriculum-211018-Jymm\project-2-Team-Not-Found\case-clothes)
2021-12-23 23:05:12.186  INFO 17660 --- [           main] c.r.c.servicetests.UserServiceTest       : The following profiles are active: UserService-test
2021-12-23 23:05:12.260  INFO 17660 --- [           main] .s.d.r.c.RepositoryConfigurationDelegate : Bootstrapping Spring Data JPA repositories in DEFAULT mode.
2021-12-23 23:05:12.262  INFO 17660 --- [           main] .s.d.r.c.RepositoryConfigurationDelegate : Finished Spring Data repository scanning in 1 ms. Found 0 JPA repository interfaces.
2021-12-23 23:05:12.314  INFO 17660 --- [           main] com.zaxxer.hikari.HikariDataSource       : HikariPool-57 - Starting...
2021-12-23 23:05:12.315  INFO 17660 --- [           main] com.zaxxer.hikari.HikariDataSource       : HikariPool-57 - Start completed.
2021-12-23 23:05:12.321  INFO 17660 --- [           main] o.hibernate.jpa.internal.util.LogHelper  : HHH000204: Processing PersistenceUnitInfo [name: default]
2021-12-23 23:05:12.323  INFO 17660 --- [           main] org.hibernate.dialect.Dialect            : HHH000400: Using dialect: org.hibernate.dialect.H2Dialect
2021-12-23 23:05:12.355  INFO 17660 --- [           main] o.h.e.t.j.p.i.JtaPlatformInitiator       : HHH000490: Using JtaPlatform implementation: [org.hibernate.engine.transaction.jta.platform.internal.NoJtaPlatform]
2021-12-23 23:05:12.355  INFO 17660 --- [           main] j.LocalContainerEntityManagerFactoryBean : Initialized JPA EntityManagerFactory for persistence unit 'default'
2021-12-23 23:05:12.412  WARN 17660 --- [           main] JpaBaseConfiguration$JpaWebConfiguration : spring.jpa.open-in-view is enabled by default. Therefore, database queries may be performed during view rendering. Explicitly configure spring.jpa.open-in-view to disable this warning
2021-12-23 23:05:12.554  INFO 17660 --- [           main] c.r.c.servicetests.UserServiceTest       : Started UserServiceTest in 0.377 seconds (JVM running for 35.716)
]]></system-out>
  </testcase>
  <testcase name="testAddAdminPositive" classname="com.revature.caseclothes.servicetests.UserServiceTest" time="0.439">
    <system-out><![CDATA[2021-12-23 23:05:12.566  INFO 17660 --- [           main] j.LocalContainerEntityManagerFactoryBean : Closing JPA EntityManagerFactory for persistence unit 'default'
2021-12-23 23:05:12.566  INFO 17660 --- [           main] .SchemaDropperImpl$DelayedDropActionImpl : HHH000477: Starting delayed evictData of schema as part of SessionFactory shut-down'
2021-12-23 23:05:12.568  INFO 17660 --- [           main] com.zaxxer.hikari.HikariDataSource       : HikariPool-57 - Shutdown initiated...
2021-12-23 23:05:12.568  INFO 17660 --- [           main] com.zaxxer.hikari.HikariDataSource       : HikariPool-57 - Shutdown completed.

  .   ____          _            __ _ _
 /\\ / ___'_ __ _ _(_)_ __  __ _ \ \ \ \
( ( )\___ | '_ | '_| | '_ \/ _` | \ \ \ \
 \\/  ___)| |_)| | | | | || (_| |  ) ) ) )
  '  |____| .__|_| |_|_| |_\__, | / / / /
 =========|_|==============|___/=/_/_/_/
 :: Spring Boot ::                (v2.6.1)

2021-12-23 23:05:12.579  INFO 17660 --- [           main] c.r.c.servicetests.UserServiceTest       : Starting UserServiceTest using Java 1.8.0_301 on MSI-Jymm with PID 17660 (started by jymmm in D:\Curriculum-211018-Jymm\project-2-Team-Not-Found\case-clothes)
2021-12-23 23:05:12.580  INFO 17660 --- [           main] c.r.c.servicetests.UserServiceTest       : The following profiles are active: UserService-test
2021-12-23 23:05:12.652  INFO 17660 --- [           main] .s.d.r.c.RepositoryConfigurationDelegate : Bootstrapping Spring Data JPA repositories in DEFAULT mode.
2021-12-23 23:05:12.654  INFO 17660 --- [           main] .s.d.r.c.RepositoryConfigurationDelegate : Finished Spring Data repository scanning in 1 ms. Found 0 JPA repository interfaces.
2021-12-23 23:05:12.703  INFO 17660 --- [           main] com.zaxxer.hikari.HikariDataSource       : HikariPool-58 - Starting...
2021-12-23 23:05:12.704  INFO 17660 --- [           main] com.zaxxer.hikari.HikariDataSource       : HikariPool-58 - Start completed.
2021-12-23 23:05:12.710  INFO 17660 --- [           main] o.hibernate.jpa.internal.util.LogHelper  : HHH000204: Processing PersistenceUnitInfo [name: default]
2021-12-23 23:05:12.713  INFO 17660 --- [           main] org.hibernate.dialect.Dialect            : HHH000400: Using dialect: org.hibernate.dialect.H2Dialect
2021-12-23 23:05:12.742  INFO 17660 --- [           main] o.h.e.t.j.p.i.JtaPlatformInitiator       : HHH000490: Using JtaPlatform implementation: [org.hibernate.engine.transaction.jta.platform.internal.NoJtaPlatform]
2021-12-23 23:05:12.742  INFO 17660 --- [           main] j.LocalContainerEntityManagerFactoryBean : Initialized JPA EntityManagerFactory for persistence unit 'default'
2021-12-23 23:05:12.798  WARN 17660 --- [           main] JpaBaseConfiguration$JpaWebConfiguration : spring.jpa.open-in-view is enabled by default. Therefore, database queries may be performed during view rendering. Explicitly configure spring.jpa.open-in-view to disable this warning
2021-12-23 23:05:13.000  INFO 17660 --- [           main] c.r.c.servicetests.UserServiceTest       : Started UserServiceTest in 0.43 seconds (JVM running for 36.162)
]]></system-out>
  </testcase>
  <testcase name="testAddCustomer_NoUserameInput_OtherFieldsValid_NegativeTest" classname="com.revature.caseclothes.servicetests.UserServiceTest" time="0.407">
    <system-out><![CDATA[2021-12-23 23:05:13.007  INFO 17660 --- [           main] j.LocalContainerEntityManagerFactoryBean : Closing JPA EntityManagerFactory for persistence unit 'default'
2021-12-23 23:05:13.007  INFO 17660 --- [           main] .SchemaDropperImpl$DelayedDropActionImpl : HHH000477: Starting delayed evictData of schema as part of SessionFactory shut-down'
2021-12-23 23:05:13.008  INFO 17660 --- [           main] com.zaxxer.hikari.HikariDataSource       : HikariPool-58 - Shutdown initiated...
2021-12-23 23:05:13.009  INFO 17660 --- [           main] com.zaxxer.hikari.HikariDataSource       : HikariPool-58 - Shutdown completed.

  .   ____          _            __ _ _
 /\\ / ___'_ __ _ _(_)_ __  __ _ \ \ \ \
( ( )\___ | '_ | '_| | '_ \/ _` | \ \ \ \
 \\/  ___)| |_)| | | | | || (_| |  ) ) ) )
  '  |____| .__|_| |_|_| |_\__, | / / / /
 =========|_|==============|___/=/_/_/_/
 :: Spring Boot ::                (v2.6.1)

2021-12-23 23:05:13.022  INFO 17660 --- [           main] c.r.c.servicetests.UserServiceTest       : Starting UserServiceTest using Java 1.8.0_301 on MSI-Jymm with PID 17660 (started by jymmm in D:\Curriculum-211018-Jymm\project-2-Team-Not-Found\case-clothes)
2021-12-23 23:05:13.022  INFO 17660 --- [           main] c.r.c.servicetests.UserServiceTest       : The following profiles are active: UserService-test
2021-12-23 23:05:13.097  INFO 17660 --- [           main] .s.d.r.c.RepositoryConfigurationDelegate : Bootstrapping Spring Data JPA repositories in DEFAULT mode.
2021-12-23 23:05:13.099  INFO 17660 --- [           main] .s.d.r.c.RepositoryConfigurationDelegate : Finished Spring Data repository scanning in 1 ms. Found 0 JPA repository interfaces.
2021-12-23 23:05:13.154  INFO 17660 --- [           main] com.zaxxer.hikari.HikariDataSource       : HikariPool-59 - Starting...
2021-12-23 23:05:13.154  INFO 17660 --- [           main] com.zaxxer.hikari.HikariDataSource       : HikariPool-59 - Start completed.
2021-12-23 23:05:13.161  INFO 17660 --- [           main] o.hibernate.jpa.internal.util.LogHelper  : HHH000204: Processing PersistenceUnitInfo [name: default]
2021-12-23 23:05:13.163  INFO 17660 --- [           main] org.hibernate.dialect.Dialect            : HHH000400: Using dialect: org.hibernate.dialect.H2Dialect
2021-12-23 23:05:13.194  INFO 17660 --- [           main] o.h.e.t.j.p.i.JtaPlatformInitiator       : HHH000490: Using JtaPlatform implementation: [org.hibernate.engine.transaction.jta.platform.internal.NoJtaPlatform]
2021-12-23 23:05:13.194  INFO 17660 --- [           main] j.LocalContainerEntityManagerFactoryBean : Initialized JPA EntityManagerFactory for persistence unit 'default'
2021-12-23 23:05:13.263  WARN 17660 --- [           main] JpaBaseConfiguration$JpaWebConfiguration : spring.jpa.open-in-view is enabled by default. Therefore, database queries may be performed during view rendering. Explicitly configure spring.jpa.open-in-view to disable this warning
2021-12-23 23:05:13.410  INFO 17660 --- [           main] c.r.c.servicetests.UserServiceTest       : Started UserServiceTest in 0.4 seconds (JVM running for 36.572)
]]></system-out>
  </testcase>
  <testcase name="testAddAdminNegative" classname="com.revature.caseclothes.servicetests.UserServiceTest" time="0.366">
    <system-out><![CDATA[2021-12-23 23:05:13.415  INFO 17660 --- [           main] j.LocalContainerEntityManagerFactoryBean : Closing JPA EntityManagerFactory for persistence unit 'default'
2021-12-23 23:05:13.415  INFO 17660 --- [           main] .SchemaDropperImpl$DelayedDropActionImpl : HHH000477: Starting delayed evictData of schema as part of SessionFactory shut-down'
2021-12-23 23:05:13.416  INFO 17660 --- [           main] com.zaxxer.hikari.HikariDataSource       : HikariPool-59 - Shutdown initiated...
2021-12-23 23:05:13.417  INFO 17660 --- [           main] com.zaxxer.hikari.HikariDataSource       : HikariPool-59 - Shutdown completed.

  .   ____          _            __ _ _
 /\\ / ___'_ __ _ _(_)_ __  __ _ \ \ \ \
( ( )\___ | '_ | '_| | '_ \/ _` | \ \ \ \
 \\/  ___)| |_)| | | | | || (_| |  ) ) ) )
  '  |____| .__|_| |_|_| |_\__, | / / / /
 =========|_|==============|___/=/_/_/_/
 :: Spring Boot ::                (v2.6.1)

2021-12-23 23:05:13.427  INFO 17660 --- [           main] c.r.c.servicetests.UserServiceTest       : Starting UserServiceTest using Java 1.8.0_301 on MSI-Jymm with PID 17660 (started by jymmm in D:\Curriculum-211018-Jymm\project-2-Team-Not-Found\case-clothes)
2021-12-23 23:05:13.428  INFO 17660 --- [           main] c.r.c.servicetests.UserServiceTest       : The following profiles are active: UserService-test
2021-12-23 23:05:13.497  INFO 17660 --- [           main] .s.d.r.c.RepositoryConfigurationDelegate : Bootstrapping Spring Data JPA repositories in DEFAULT mode.
2021-12-23 23:05:13.499  INFO 17660 --- [           main] .s.d.r.c.RepositoryConfigurationDelegate : Finished Spring Data repository scanning in 1 ms. Found 0 JPA repository interfaces.
2021-12-23 23:05:13.547  INFO 17660 --- [           main] com.zaxxer.hikari.HikariDataSource       : HikariPool-60 - Starting...
2021-12-23 23:05:13.547  INFO 17660 --- [           main] com.zaxxer.hikari.HikariDataSource       : HikariPool-60 - Start completed.
2021-12-23 23:05:13.554  INFO 17660 --- [           main] o.hibernate.jpa.internal.util.LogHelper  : HHH000204: Processing PersistenceUnitInfo [name: default]
2021-12-23 23:05:13.556  INFO 17660 --- [           main] org.hibernate.dialect.Dialect            : HHH000400: Using dialect: org.hibernate.dialect.H2Dialect
2021-12-23 23:05:13.583  INFO 17660 --- [           main] o.h.e.t.j.p.i.JtaPlatformInitiator       : HHH000490: Using JtaPlatform implementation: [org.hibernate.engine.transaction.jta.platform.internal.NoJtaPlatform]
2021-12-23 23:05:13.583  INFO 17660 --- [           main] j.LocalContainerEntityManagerFactoryBean : Initialized JPA EntityManagerFactory for persistence unit 'default'
2021-12-23 23:05:13.638  WARN 17660 --- [           main] JpaBaseConfiguration$JpaWebConfiguration : spring.jpa.open-in-view is enabled by default. Therefore, database queries may be performed during view rendering. Explicitly configure spring.jpa.open-in-view to disable this warning
2021-12-23 23:05:13.777  INFO 17660 --- [           main] c.r.c.servicetests.UserServiceTest       : Started UserServiceTest in 0.36 seconds (JVM running for 36.939)
]]></system-out>
  </testcase>
  <testcase name="testLogin_customer" classname="com.revature.caseclothes.servicetests.UserServiceTest" time="0.376">
    <system-out><![CDATA[2021-12-23 23:05:13.781  INFO 17660 --- [           main] j.LocalContainerEntityManagerFactoryBean : Closing JPA EntityManagerFactory for persistence unit 'default'
2021-12-23 23:05:13.781  INFO 17660 --- [           main] .SchemaDropperImpl$DelayedDropActionImpl : HHH000477: Starting delayed evictData of schema as part of SessionFactory shut-down'
2021-12-23 23:05:13.782  INFO 17660 --- [           main] com.zaxxer.hikari.HikariDataSource       : HikariPool-60 - Shutdown initiated...
2021-12-23 23:05:13.783  INFO 17660 --- [           main] com.zaxxer.hikari.HikariDataSource       : HikariPool-60 - Shutdown completed.

  .   ____          _            __ _ _
 /\\ / ___'_ __ _ _(_)_ __  __ _ \ \ \ \
( ( )\___ | '_ | '_| | '_ \/ _` | \ \ \ \
 \\/  ___)| |_)| | | | | || (_| |  ) ) ) )
  '  |____| .__|_| |_|_| |_\__, | / / / /
 =========|_|==============|___/=/_/_/_/
 :: Spring Boot ::                (v2.6.1)

2021-12-23 23:05:13.794  INFO 17660 --- [           main] c.r.c.servicetests.UserServiceTest       : Starting UserServiceTest using Java 1.8.0_301 on MSI-Jymm with PID 17660 (started by jymmm in D:\Curriculum-211018-Jymm\project-2-Team-Not-Found\case-clothes)
2021-12-23 23:05:13.794  INFO 17660 --- [           main] c.r.c.servicetests.UserServiceTest       : The following profiles are active: UserService-test
2021-12-23 23:05:13.864  INFO 17660 --- [           main] .s.d.r.c.RepositoryConfigurationDelegate : Bootstrapping Spring Data JPA repositories in DEFAULT mode.
2021-12-23 23:05:13.866  INFO 17660 --- [           main] .s.d.r.c.RepositoryConfigurationDelegate : Finished Spring Data repository scanning in 1 ms. Found 0 JPA repository interfaces.
2021-12-23 23:05:13.916  INFO 17660 --- [           main] com.zaxxer.hikari.HikariDataSource       : HikariPool-61 - Starting...
2021-12-23 23:05:13.917  INFO 17660 --- [           main] com.zaxxer.hikari.HikariDataSource       : HikariPool-61 - Start completed.
2021-12-23 23:05:13.923  INFO 17660 --- [           main] o.hibernate.jpa.internal.util.LogHelper  : HHH000204: Processing PersistenceUnitInfo [name: default]
2021-12-23 23:05:13.926  INFO 17660 --- [           main] org.hibernate.dialect.Dialect            : HHH000400: Using dialect: org.hibernate.dialect.H2Dialect
2021-12-23 23:05:13.953  INFO 17660 --- [           main] o.h.e.t.j.p.i.JtaPlatformInitiator       : HHH000490: Using JtaPlatform implementation: [org.hibernate.engine.transaction.jta.platform.internal.NoJtaPlatform]
2021-12-23 23:05:13.953  INFO 17660 --- [           main] j.LocalContainerEntityManagerFactoryBean : Initialized JPA EntityManagerFactory for persistence unit 'default'
2021-12-23 23:05:14.009  WARN 17660 --- [           main] JpaBaseConfiguration$JpaWebConfiguration : spring.jpa.open-in-view is enabled by default. Therefore, database queries may be performed during view rendering. Explicitly configure spring.jpa.open-in-view to disable this warning
2021-12-23 23:05:14.154  INFO 17660 --- [           main] c.r.c.servicetests.UserServiceTest       : Started UserServiceTest in 0.369 seconds (JVM running for 37.315)
]]></system-out>
  </testcase>
  <testcase name="testAddAdmin_AddUserDTO_NoLastNameInput_OtherFieldsValid_NegativeTest" classname="com.revature.caseclothes.servicetests.UserServiceTest" time="0.404">
    <system-out><![CDATA[2021-12-23 23:05:14.158  INFO 17660 --- [           main] j.LocalContainerEntityManagerFactoryBean : Closing JPA EntityManagerFactory for persistence unit 'default'
2021-12-23 23:05:14.158  INFO 17660 --- [           main] .SchemaDropperImpl$DelayedDropActionImpl : HHH000477: Starting delayed evictData of schema as part of SessionFactory shut-down'
2021-12-23 23:05:14.159  INFO 17660 --- [           main] com.zaxxer.hikari.HikariDataSource       : HikariPool-61 - Shutdown initiated...
2021-12-23 23:05:14.159  INFO 17660 --- [           main] com.zaxxer.hikari.HikariDataSource       : HikariPool-61 - Shutdown completed.

  .   ____          _            __ _ _
 /\\ / ___'_ __ _ _(_)_ __  __ _ \ \ \ \
( ( )\___ | '_ | '_| | '_ \/ _` | \ \ \ \
 \\/  ___)| |_)| | | | | || (_| |  ) ) ) )
  '  |____| .__|_| |_|_| |_\__, | / / / /
 =========|_|==============|___/=/_/_/_/
 :: Spring Boot ::                (v2.6.1)

2021-12-23 23:05:14.170  INFO 17660 --- [           main] c.r.c.servicetests.UserServiceTest       : Starting UserServiceTest using Java 1.8.0_301 on MSI-Jymm with PID 17660 (started by jymmm in D:\Curriculum-211018-Jymm\project-2-Team-Not-Found\case-clothes)
2021-12-23 23:05:14.170  INFO 17660 --- [           main] c.r.c.servicetests.UserServiceTest       : The following profiles are active: UserService-test
2021-12-23 23:05:14.245  INFO 17660 --- [           main] .s.d.r.c.RepositoryConfigurationDelegate : Bootstrapping Spring Data JPA repositories in DEFAULT mode.
2021-12-23 23:05:14.247  INFO 17660 --- [           main] .s.d.r.c.RepositoryConfigurationDelegate : Finished Spring Data repository scanning in 1 ms. Found 0 JPA repository interfaces.
2021-12-23 23:05:14.294  INFO 17660 --- [           main] com.zaxxer.hikari.HikariDataSource       : HikariPool-62 - Starting...
2021-12-23 23:05:14.295  INFO 17660 --- [           main] com.zaxxer.hikari.HikariDataSource       : HikariPool-62 - Start completed.
2021-12-23 23:05:14.301  INFO 17660 --- [           main] o.hibernate.jpa.internal.util.LogHelper  : HHH000204: Processing PersistenceUnitInfo [name: default]
2021-12-23 23:05:14.303  INFO 17660 --- [           main] org.hibernate.dialect.Dialect            : HHH000400: Using dialect: org.hibernate.dialect.H2Dialect
2021-12-23 23:05:14.333  INFO 17660 --- [           main] o.h.e.t.j.p.i.JtaPlatformInitiator       : HHH000490: Using JtaPlatform implementation: [org.hibernate.engine.transaction.jta.platform.internal.NoJtaPlatform]
2021-12-23 23:05:14.333  INFO 17660 --- [           main] j.LocalContainerEntityManagerFactoryBean : Initialized JPA EntityManagerFactory for persistence unit 'default'
2021-12-23 23:05:14.389  WARN 17660 --- [           main] JpaBaseConfiguration$JpaWebConfiguration : spring.jpa.open-in-view is enabled by default. Therefore, database queries may be performed during view rendering. Explicitly configure spring.jpa.open-in-view to disable this warning
2021-12-23 23:05:14.558  INFO 17660 --- [           main] c.r.c.servicetests.UserServiceTest       : Started UserServiceTest in 0.398 seconds (JVM running for 37.72)
]]></system-out>
  </testcase>
  <testcase name="testAddCustomer_NoAddressInput_OtherFieldsValid_NegativeTest" classname="com.revature.caseclothes.servicetests.UserServiceTest" time="0.394">
    <system-out><![CDATA[2021-12-23 23:05:14.564  INFO 17660 --- [           main] j.LocalContainerEntityManagerFactoryBean : Closing JPA EntityManagerFactory for persistence unit 'default'
2021-12-23 23:05:14.564  INFO 17660 --- [           main] .SchemaDropperImpl$DelayedDropActionImpl : HHH000477: Starting delayed evictData of schema as part of SessionFactory shut-down'
2021-12-23 23:05:14.565  INFO 17660 --- [           main] com.zaxxer.hikari.HikariDataSource       : HikariPool-62 - Shutdown initiated...
2021-12-23 23:05:14.566  INFO 17660 --- [           main] com.zaxxer.hikari.HikariDataSource       : HikariPool-62 - Shutdown completed.

  .   ____          _            __ _ _
 /\\ / ___'_ __ _ _(_)_ __  __ _ \ \ \ \
( ( )\___ | '_ | '_| | '_ \/ _` | \ \ \ \
 \\/  ___)| |_)| | | | | || (_| |  ) ) ) )
  '  |____| .__|_| |_|_| |_\__, | / / / /
 =========|_|==============|___/=/_/_/_/
 :: Spring Boot ::                (v2.6.1)

2021-12-23 23:05:14.580  INFO 17660 --- [           main] c.r.c.servicetests.UserServiceTest       : Starting UserServiceTest using Java 1.8.0_301 on MSI-Jymm with PID 17660 (started by jymmm in D:\Curriculum-211018-Jymm\project-2-Team-Not-Found\case-clothes)
2021-12-23 23:05:14.580  INFO 17660 --- [           main] c.r.c.servicetests.UserServiceTest       : The following profiles are active: UserService-test
2021-12-23 23:05:14.664  INFO 17660 --- [           main] .s.d.r.c.RepositoryConfigurationDelegate : Bootstrapping Spring Data JPA repositories in DEFAULT mode.
2021-12-23 23:05:14.666  INFO 17660 --- [           main] .s.d.r.c.RepositoryConfigurationDelegate : Finished Spring Data repository scanning in 1 ms. Found 0 JPA repository interfaces.
2021-12-23 23:05:14.717  INFO 17660 --- [           main] com.zaxxer.hikari.HikariDataSource       : HikariPool-63 - Starting...
2021-12-23 23:05:14.718  INFO 17660 --- [           main] com.zaxxer.hikari.HikariDataSource       : HikariPool-63 - Start completed.
2021-12-23 23:05:14.724  INFO 17660 --- [           main] o.hibernate.jpa.internal.util.LogHelper  : HHH000204: Processing PersistenceUnitInfo [name: default]
2021-12-23 23:05:14.727  INFO 17660 --- [           main] org.hibernate.dialect.Dialect            : HHH000400: Using dialect: org.hibernate.dialect.H2Dialect
2021-12-23 23:05:14.755  INFO 17660 --- [           main] o.h.e.t.j.p.i.JtaPlatformInitiator       : HHH000490: Using JtaPlatform implementation: [org.hibernate.engine.transaction.jta.platform.internal.NoJtaPlatform]
2021-12-23 23:05:14.755  INFO 17660 --- [           main] j.LocalContainerEntityManagerFactoryBean : Initialized JPA EntityManagerFactory for persistence unit 'default'
2021-12-23 23:05:14.810  WARN 17660 --- [           main] JpaBaseConfiguration$JpaWebConfiguration : spring.jpa.open-in-view is enabled by default. Therefore, database queries may be performed during view rendering. Explicitly configure spring.jpa.open-in-view to disable this warning
2021-12-23 23:05:14.954  INFO 17660 --- [           main] c.r.c.servicetests.UserServiceTest       : Started UserServiceTest in 0.387 seconds (JVM running for 38.116)
]]></system-out>
  </testcase>
  <testcase name="testAddCustomer_NoFirstNameInput_OtherFieldsValid_NegativeTest" classname="com.revature.caseclothes.servicetests.UserServiceTest" time="0.381">
    <system-out><![CDATA[2021-12-23 23:05:14.958  INFO 17660 --- [           main] j.LocalContainerEntityManagerFactoryBean : Closing JPA EntityManagerFactory for persistence unit 'default'
2021-12-23 23:05:14.958  INFO 17660 --- [           main] .SchemaDropperImpl$DelayedDropActionImpl : HHH000477: Starting delayed evictData of schema as part of SessionFactory shut-down'
2021-12-23 23:05:14.959  INFO 17660 --- [           main] com.zaxxer.hikari.HikariDataSource       : HikariPool-63 - Shutdown initiated...
2021-12-23 23:05:14.960  INFO 17660 --- [           main] com.zaxxer.hikari.HikariDataSource       : HikariPool-63 - Shutdown completed.

  .   ____          _            __ _ _
 /\\ / ___'_ __ _ _(_)_ __  __ _ \ \ \ \
( ( )\___ | '_ | '_| | '_ \/ _` | \ \ \ \
 \\/  ___)| |_)| | | | | || (_| |  ) ) ) )
  '  |____| .__|_| |_|_| |_\__, | / / / /
 =========|_|==============|___/=/_/_/_/
 :: Spring Boot ::                (v2.6.1)

2021-12-23 23:05:14.972  INFO 17660 --- [           main] c.r.c.servicetests.UserServiceTest       : Starting UserServiceTest using Java 1.8.0_301 on MSI-Jymm with PID 17660 (started by jymmm in D:\Curriculum-211018-Jymm\project-2-Team-Not-Found\case-clothes)
2021-12-23 23:05:14.972  INFO 17660 --- [           main] c.r.c.servicetests.UserServiceTest       : The following profiles are active: UserService-test
2021-12-23 23:05:15.043  INFO 17660 --- [           main] .s.d.r.c.RepositoryConfigurationDelegate : Bootstrapping Spring Data JPA repositories in DEFAULT mode.
2021-12-23 23:05:15.045  INFO 17660 --- [           main] .s.d.r.c.RepositoryConfigurationDelegate : Finished Spring Data repository scanning in 1 ms. Found 0 JPA repository interfaces.
2021-12-23 23:05:15.093  INFO 17660 --- [           main] com.zaxxer.hikari.HikariDataSource       : HikariPool-64 - Starting...
2021-12-23 23:05:15.094  INFO 17660 --- [           main] com.zaxxer.hikari.HikariDataSource       : HikariPool-64 - Start completed.
2021-12-23 23:05:15.100  INFO 17660 --- [           main] o.hibernate.jpa.internal.util.LogHelper  : HHH000204: Processing PersistenceUnitInfo [name: default]
2021-12-23 23:05:15.103  INFO 17660 --- [           main] org.hibernate.dialect.Dialect            : HHH000400: Using dialect: org.hibernate.dialect.H2Dialect
2021-12-23 23:05:15.134  INFO 17660 --- [           main] o.h.e.t.j.p.i.JtaPlatformInitiator       : HHH000490: Using JtaPlatform implementation: [org.hibernate.engine.transaction.jta.platform.internal.NoJtaPlatform]
2021-12-23 23:05:15.134  INFO 17660 --- [           main] j.LocalContainerEntityManagerFactoryBean : Initialized JPA EntityManagerFactory for persistence unit 'default'
2021-12-23 23:05:15.191  WARN 17660 --- [           main] JpaBaseConfiguration$JpaWebConfiguration : spring.jpa.open-in-view is enabled by default. Therefore, database queries may be performed during view rendering. Explicitly configure spring.jpa.open-in-view to disable this warning
2021-12-23 23:05:15.336  INFO 17660 --- [           main] c.r.c.servicetests.UserServiceTest       : Started UserServiceTest in 0.375 seconds (JVM running for 38.498)
]]></system-out>
  </testcase>
  <testcase name="testGetUserByID_positive" classname="com.revature.caseclothes.servicetests.UserServiceTest" time="0.397">
    <system-out><![CDATA[2021-12-23 23:05:15.340  INFO 17660 --- [           main] j.LocalContainerEntityManagerFactoryBean : Closing JPA EntityManagerFactory for persistence unit 'default'
2021-12-23 23:05:15.340  INFO 17660 --- [           main] .SchemaDropperImpl$DelayedDropActionImpl : HHH000477: Starting delayed evictData of schema as part of SessionFactory shut-down'
2021-12-23 23:05:15.341  INFO 17660 --- [           main] com.zaxxer.hikari.HikariDataSource       : HikariPool-64 - Shutdown initiated...
2021-12-23 23:05:15.341  INFO 17660 --- [           main] com.zaxxer.hikari.HikariDataSource       : HikariPool-64 - Shutdown completed.

  .   ____          _            __ _ _
 /\\ / ___'_ __ _ _(_)_ __  __ _ \ \ \ \
( ( )\___ | '_ | '_| | '_ \/ _` | \ \ \ \
 \\/  ___)| |_)| | | | | || (_| |  ) ) ) )
  '  |____| .__|_| |_|_| |_\__, | / / / /
 =========|_|==============|___/=/_/_/_/
 :: Spring Boot ::                (v2.6.1)

2021-12-23 23:05:15.352  INFO 17660 --- [           main] c.r.c.servicetests.UserServiceTest       : Starting UserServiceTest using Java 1.8.0_301 on MSI-Jymm with PID 17660 (started by jymmm in D:\Curriculum-211018-Jymm\project-2-Team-Not-Found\case-clothes)
2021-12-23 23:05:15.352  INFO 17660 --- [           main] c.r.c.servicetests.UserServiceTest       : The following profiles are active: UserService-test
2021-12-23 23:05:15.423  INFO 17660 --- [           main] .s.d.r.c.RepositoryConfigurationDelegate : Bootstrapping Spring Data JPA repositories in DEFAULT mode.
2021-12-23 23:05:15.425  INFO 17660 --- [           main] .s.d.r.c.RepositoryConfigurationDelegate : Finished Spring Data repository scanning in 1 ms. Found 0 JPA repository interfaces.
2021-12-23 23:05:15.473  INFO 17660 --- [           main] com.zaxxer.hikari.HikariDataSource       : HikariPool-65 - Starting...
2021-12-23 23:05:15.474  INFO 17660 --- [           main] com.zaxxer.hikari.HikariDataSource       : HikariPool-65 - Start completed.
2021-12-23 23:05:15.480  INFO 17660 --- [           main] o.hibernate.jpa.internal.util.LogHelper  : HHH000204: Processing PersistenceUnitInfo [name: default]
2021-12-23 23:05:15.483  INFO 17660 --- [           main] org.hibernate.dialect.Dialect            : HHH000400: Using dialect: org.hibernate.dialect.H2Dialect
2021-12-23 23:05:15.510  INFO 17660 --- [           main] o.h.e.t.j.p.i.JtaPlatformInitiator       : HHH000490: Using JtaPlatform implementation: [org.hibernate.engine.transaction.jta.platform.internal.NoJtaPlatform]
2021-12-23 23:05:15.510  INFO 17660 --- [           main] j.LocalContainerEntityManagerFactoryBean : Initialized JPA EntityManagerFactory for persistence unit 'default'
2021-12-23 23:05:15.573  WARN 17660 --- [           main] JpaBaseConfiguration$JpaWebConfiguration : spring.jpa.open-in-view is enabled by default. Therefore, database queries may be performed during view rendering. Explicitly configure spring.jpa.open-in-view to disable this warning
2021-12-23 23:05:15.731  INFO 17660 --- [           main] c.r.c.servicetests.UserServiceTest       : Started UserServiceTest in 0.388 seconds (JVM running for 38.893)
]]></system-out>
  </testcase>
  <testcase name="testGetUserByID_UserIsNull_NegativeTest" classname="com.revature.caseclothes.servicetests.UserServiceTest" time="0.389">
    <system-out><![CDATA[2021-12-23 23:05:15.737  INFO 17660 --- [           main] j.LocalContainerEntityManagerFactoryBean : Closing JPA EntityManagerFactory for persistence unit 'default'
2021-12-23 23:05:15.737  INFO 17660 --- [           main] .SchemaDropperImpl$DelayedDropActionImpl : HHH000477: Starting delayed evictData of schema as part of SessionFactory shut-down'
2021-12-23 23:05:15.738  INFO 17660 --- [           main] com.zaxxer.hikari.HikariDataSource       : HikariPool-65 - Shutdown initiated...
2021-12-23 23:05:15.738  INFO 17660 --- [           main] com.zaxxer.hikari.HikariDataSource       : HikariPool-65 - Shutdown completed.

  .   ____          _            __ _ _
 /\\ / ___'_ __ _ _(_)_ __  __ _ \ \ \ \
( ( )\___ | '_ | '_| | '_ \/ _` | \ \ \ \
 \\/  ___)| |_)| | | | | || (_| |  ) ) ) )
  '  |____| .__|_| |_|_| |_\__, | / / / /
 =========|_|==============|___/=/_/_/_/
 :: Spring Boot ::                (v2.6.1)

2021-12-23 23:05:15.750  INFO 17660 --- [           main] c.r.c.servicetests.UserServiceTest       : Starting UserServiceTest using Java 1.8.0_301 on MSI-Jymm with PID 17660 (started by jymmm in D:\Curriculum-211018-Jymm\project-2-Team-Not-Found\case-clothes)
2021-12-23 23:05:15.750  INFO 17660 --- [           main] c.r.c.servicetests.UserServiceTest       : The following profiles are active: UserService-test
2021-12-23 23:05:15.821  INFO 17660 --- [           main] .s.d.r.c.RepositoryConfigurationDelegate : Bootstrapping Spring Data JPA repositories in DEFAULT mode.
2021-12-23 23:05:15.823  INFO 17660 --- [           main] .s.d.r.c.RepositoryConfigurationDelegate : Finished Spring Data repository scanning in 1 ms. Found 0 JPA repository interfaces.
2021-12-23 23:05:15.869  INFO 17660 --- [           main] com.zaxxer.hikari.HikariDataSource       : HikariPool-66 - Starting...
2021-12-23 23:05:15.870  INFO 17660 --- [           main] com.zaxxer.hikari.HikariDataSource       : HikariPool-66 - Start completed.
2021-12-23 23:05:15.876  INFO 17660 --- [           main] o.hibernate.jpa.internal.util.LogHelper  : HHH000204: Processing PersistenceUnitInfo [name: default]
2021-12-23 23:05:15.879  INFO 17660 --- [           main] org.hibernate.dialect.Dialect            : HHH000400: Using dialect: org.hibernate.dialect.H2Dialect
2021-12-23 23:05:15.907  INFO 17660 --- [           main] o.h.e.t.j.p.i.JtaPlatformInitiator       : HHH000490: Using JtaPlatform implementation: [org.hibernate.engine.transaction.jta.platform.internal.NoJtaPlatform]
2021-12-23 23:05:15.907  INFO 17660 --- [           main] j.LocalContainerEntityManagerFactoryBean : Initialized JPA EntityManagerFactory for persistence unit 'default'
2021-12-23 23:05:15.965  WARN 17660 --- [           main] JpaBaseConfiguration$JpaWebConfiguration : spring.jpa.open-in-view is enabled by default. Therefore, database queries may be performed during view rendering. Explicitly configure spring.jpa.open-in-view to disable this warning
2021-12-23 23:05:16.121  INFO 17660 --- [           main] c.r.c.servicetests.UserServiceTest       : Started UserServiceTest in 0.381 seconds (JVM running for 39.283)
]]></system-out>
  </testcase>
  <testcase name="testGetUserByID_negative" classname="com.revature.caseclothes.servicetests.UserServiceTest" time="0.384">
    <system-out><![CDATA[2021-12-23 23:05:16.126  INFO 17660 --- [           main] j.LocalContainerEntityManagerFactoryBean : Closing JPA EntityManagerFactory for persistence unit 'default'
2021-12-23 23:05:16.126  INFO 17660 --- [           main] .SchemaDropperImpl$DelayedDropActionImpl : HHH000477: Starting delayed evictData of schema as part of SessionFactory shut-down'
2021-12-23 23:05:16.127  INFO 17660 --- [           main] com.zaxxer.hikari.HikariDataSource       : HikariPool-66 - Shutdown initiated...
2021-12-23 23:05:16.127  INFO 17660 --- [           main] com.zaxxer.hikari.HikariDataSource       : HikariPool-66 - Shutdown completed.

  .   ____          _            __ _ _
 /\\ / ___'_ __ _ _(_)_ __  __ _ \ \ \ \
( ( )\___ | '_ | '_| | '_ \/ _` | \ \ \ \
 \\/  ___)| |_)| | | | | || (_| |  ) ) ) )
  '  |____| .__|_| |_|_| |_\__, | / / / /
 =========|_|==============|___/=/_/_/_/
 :: Spring Boot ::                (v2.6.1)

2021-12-23 23:05:16.139  INFO 17660 --- [           main] c.r.c.servicetests.UserServiceTest       : Starting UserServiceTest using Java 1.8.0_301 on MSI-Jymm with PID 17660 (started by jymmm in D:\Curriculum-211018-Jymm\project-2-Team-Not-Found\case-clothes)
2021-12-23 23:05:16.139  INFO 17660 --- [           main] c.r.c.servicetests.UserServiceTest       : The following profiles are active: UserService-test
2021-12-23 23:05:16.213  INFO 17660 --- [           main] .s.d.r.c.RepositoryConfigurationDelegate : Bootstrapping Spring Data JPA repositories in DEFAULT mode.
2021-12-23 23:05:16.215  INFO 17660 --- [           main] .s.d.r.c.RepositoryConfigurationDelegate : Finished Spring Data repository scanning in 1 ms. Found 0 JPA repository interfaces.
2021-12-23 23:05:16.266  INFO 17660 --- [           main] com.zaxxer.hikari.HikariDataSource       : HikariPool-67 - Starting...
2021-12-23 23:05:16.267  INFO 17660 --- [           main] com.zaxxer.hikari.HikariDataSource       : HikariPool-67 - Start completed.
2021-12-23 23:05:16.273  INFO 17660 --- [           main] o.hibernate.jpa.internal.util.LogHelper  : HHH000204: Processing PersistenceUnitInfo [name: default]
2021-12-23 23:05:16.276  INFO 17660 --- [           main] org.hibernate.dialect.Dialect            : HHH000400: Using dialect: org.hibernate.dialect.H2Dialect
2021-12-23 23:05:16.305  INFO 17660 --- [           main] o.h.e.t.j.p.i.JtaPlatformInitiator       : HHH000490: Using JtaPlatform implementation: [org.hibernate.engine.transaction.jta.platform.internal.NoJtaPlatform]
2021-12-23 23:05:16.305  INFO 17660 --- [           main] j.LocalContainerEntityManagerFactoryBean : Initialized JPA EntityManagerFactory for persistence unit 'default'
2021-12-23 23:05:16.361  WARN 17660 --- [           main] JpaBaseConfiguration$JpaWebConfiguration : spring.jpa.open-in-view is enabled by default. Therefore, database queries may be performed during view rendering. Explicitly configure spring.jpa.open-in-view to disable this warning
2021-12-23 23:05:16.507  INFO 17660 --- [           main] c.r.c.servicetests.UserServiceTest       : Started UserServiceTest in 0.378 seconds (JVM running for 39.669)
]]></system-out>
  </testcase>
  <testcase name="testAddCustomer_NoPhoneNumberInput_OtherFieldsValid_NegativeTest" classname="com.revature.caseclothes.servicetests.UserServiceTest" time="0.391">
    <system-out><![CDATA[2021-12-23 23:05:16.511  INFO 17660 --- [           main] j.LocalContainerEntityManagerFactoryBean : Closing JPA EntityManagerFactory for persistence unit 'default'
2021-12-23 23:05:16.511  INFO 17660 --- [           main] .SchemaDropperImpl$DelayedDropActionImpl : HHH000477: Starting delayed evictData of schema as part of SessionFactory shut-down'
2021-12-23 23:05:16.512  INFO 17660 --- [           main] com.zaxxer.hikari.HikariDataSource       : HikariPool-67 - Shutdown initiated...
2021-12-23 23:05:16.512  INFO 17660 --- [           main] com.zaxxer.hikari.HikariDataSource       : HikariPool-67 - Shutdown completed.

  .   ____          _            __ _ _
 /\\ / ___'_ __ _ _(_)_ __  __ _ \ \ \ \
( ( )\___ | '_ | '_| | '_ \/ _` | \ \ \ \
 \\/  ___)| |_)| | | | | || (_| |  ) ) ) )
  '  |____| .__|_| |_|_| |_\__, | / / / /
 =========|_|==============|___/=/_/_/_/
 :: Spring Boot ::                (v2.6.1)

2021-12-23 23:05:16.526  INFO 17660 --- [           main] c.r.c.servicetests.UserServiceTest       : Starting UserServiceTest using Java 1.8.0_301 on MSI-Jymm with PID 17660 (started by jymmm in D:\Curriculum-211018-Jymm\project-2-Team-Not-Found\case-clothes)
2021-12-23 23:05:16.526  INFO 17660 --- [           main] c.r.c.servicetests.UserServiceTest       : The following profiles are active: UserService-test
2021-12-23 23:05:16.596  INFO 17660 --- [           main] .s.d.r.c.RepositoryConfigurationDelegate : Bootstrapping Spring Data JPA repositories in DEFAULT mode.
2021-12-23 23:05:16.598  INFO 17660 --- [           main] .s.d.r.c.RepositoryConfigurationDelegate : Finished Spring Data repository scanning in 1 ms. Found 0 JPA repository interfaces.
2021-12-23 23:05:16.648  INFO 17660 --- [           main] com.zaxxer.hikari.HikariDataSource       : HikariPool-68 - Starting...
2021-12-23 23:05:16.648  INFO 17660 --- [           main] com.zaxxer.hikari.HikariDataSource       : HikariPool-68 - Start completed.
2021-12-23 23:05:16.655  INFO 17660 --- [           main] o.hibernate.jpa.internal.util.LogHelper  : HHH000204: Processing PersistenceUnitInfo [name: default]
2021-12-23 23:05:16.657  INFO 17660 --- [           main] org.hibernate.dialect.Dialect            : HHH000400: Using dialect: org.hibernate.dialect.H2Dialect
2021-12-23 23:05:16.688  INFO 17660 --- [           main] o.h.e.t.j.p.i.JtaPlatformInitiator       : HHH000490: Using JtaPlatform implementation: [org.hibernate.engine.transaction.jta.platform.internal.NoJtaPlatform]
2021-12-23 23:05:16.688  INFO 17660 --- [           main] j.LocalContainerEntityManagerFactoryBean : Initialized JPA EntityManagerFactory for persistence unit 'default'
2021-12-23 23:05:16.750  WARN 17660 --- [           main] JpaBaseConfiguration$JpaWebConfiguration : spring.jpa.open-in-view is enabled by default. Therefore, database queries may be performed during view rendering. Explicitly configure spring.jpa.open-in-view to disable this warning
2021-12-23 23:05:16.899  INFO 17660 --- [           main] c.r.c.servicetests.UserServiceTest       : Started UserServiceTest in 0.385 seconds (JVM running for 40.06)
]]></system-out>
  </testcase>
  <testcase name="testUpdateUser_PositiveTest" classname="com.revature.caseclothes.servicetests.UserServiceTest" time="0.378">
    <system-out><![CDATA[2021-12-23 23:05:16.903  INFO 17660 --- [           main] j.LocalContainerEntityManagerFactoryBean : Closing JPA EntityManagerFactory for persistence unit 'default'
2021-12-23 23:05:16.903  INFO 17660 --- [           main] .SchemaDropperImpl$DelayedDropActionImpl : HHH000477: Starting delayed evictData of schema as part of SessionFactory shut-down'
2021-12-23 23:05:16.904  INFO 17660 --- [           main] com.zaxxer.hikari.HikariDataSource       : HikariPool-68 - Shutdown initiated...
2021-12-23 23:05:16.904  INFO 17660 --- [           main] com.zaxxer.hikari.HikariDataSource       : HikariPool-68 - Shutdown completed.

  .   ____          _            __ _ _
 /\\ / ___'_ __ _ _(_)_ __  __ _ \ \ \ \
( ( )\___ | '_ | '_| | '_ \/ _` | \ \ \ \
 \\/  ___)| |_)| | | | | || (_| |  ) ) ) )
  '  |____| .__|_| |_|_| |_\__, | / / / /
 =========|_|==============|___/=/_/_/_/
 :: Spring Boot ::                (v2.6.1)

2021-12-23 23:05:16.915  INFO 17660 --- [           main] c.r.c.servicetests.UserServiceTest       : Starting UserServiceTest using Java 1.8.0_301 on MSI-Jymm with PID 17660 (started by jymmm in D:\Curriculum-211018-Jymm\project-2-Team-Not-Found\case-clothes)
2021-12-23 23:05:16.915  INFO 17660 --- [           main] c.r.c.servicetests.UserServiceTest       : The following profiles are active: UserService-test
2021-12-23 23:05:16.988  INFO 17660 --- [           main] .s.d.r.c.RepositoryConfigurationDelegate : Bootstrapping Spring Data JPA repositories in DEFAULT mode.
2021-12-23 23:05:16.990  INFO 17660 --- [           main] .s.d.r.c.RepositoryConfigurationDelegate : Finished Spring Data repository scanning in 1 ms. Found 0 JPA repository interfaces.
2021-12-23 23:05:17.041  INFO 17660 --- [           main] com.zaxxer.hikari.HikariDataSource       : HikariPool-69 - Starting...
2021-12-23 23:05:17.042  INFO 17660 --- [           main] com.zaxxer.hikari.HikariDataSource       : HikariPool-69 - Start completed.
2021-12-23 23:05:17.049  INFO 17660 --- [           main] o.hibernate.jpa.internal.util.LogHelper  : HHH000204: Processing PersistenceUnitInfo [name: default]
2021-12-23 23:05:17.051  INFO 17660 --- [           main] org.hibernate.dialect.Dialect            : HHH000400: Using dialect: org.hibernate.dialect.H2Dialect
2021-12-23 23:05:17.084  INFO 17660 --- [           main] o.h.e.t.j.p.i.JtaPlatformInitiator       : HHH000490: Using JtaPlatform implementation: [org.hibernate.engine.transaction.jta.platform.internal.NoJtaPlatform]
2021-12-23 23:05:17.084  INFO 17660 --- [           main] j.LocalContainerEntityManagerFactoryBean : Initialized JPA EntityManagerFactory for persistence unit 'default'
2021-12-23 23:05:17.142  WARN 17660 --- [           main] JpaBaseConfiguration$JpaWebConfiguration : spring.jpa.open-in-view is enabled by default. Therefore, database queries may be performed during view rendering. Explicitly configure spring.jpa.open-in-view to disable this warning
2021-12-23 23:05:17.276  INFO 17660 --- [           main] c.r.c.servicetests.UserServiceTest       : Started UserServiceTest in 0.371 seconds (JVM running for 40.438)
]]></system-out>
  </testcase>
  <testcase name="testAddAdmin_AddUserDTO_NoAddressInput_OtherFieldsValid_NegativeTest" classname="com.revature.caseclothes.servicetests.UserServiceTest" time="0.399">
    <system-out><![CDATA[2021-12-23 23:05:17.281  INFO 17660 --- [           main] j.LocalContainerEntityManagerFactoryBean : Closing JPA EntityManagerFactory for persistence unit 'default'
2021-12-23 23:05:17.281  INFO 17660 --- [           main] .SchemaDropperImpl$DelayedDropActionImpl : HHH000477: Starting delayed evictData of schema as part of SessionFactory shut-down'
2021-12-23 23:05:17.281  INFO 17660 --- [           main] com.zaxxer.hikari.HikariDataSource       : HikariPool-69 - Shutdown initiated...
2021-12-23 23:05:17.282  INFO 17660 --- [           main] com.zaxxer.hikari.HikariDataSource       : HikariPool-69 - Shutdown completed.

  .   ____          _            __ _ _
 /\\ / ___'_ __ _ _(_)_ __  __ _ \ \ \ \
( ( )\___ | '_ | '_| | '_ \/ _` | \ \ \ \
 \\/  ___)| |_)| | | | | || (_| |  ) ) ) )
  '  |____| .__|_| |_|_| |_\__, | / / / /
 =========|_|==============|___/=/_/_/_/
 :: Spring Boot ::                (v2.6.1)

2021-12-23 23:05:17.294  INFO 17660 --- [           main] c.r.c.servicetests.UserServiceTest       : Starting UserServiceTest using Java 1.8.0_301 on MSI-Jymm with PID 17660 (started by jymmm in D:\Curriculum-211018-Jymm\project-2-Team-Not-Found\case-clothes)
2021-12-23 23:05:17.294  INFO 17660 --- [           main] c.r.c.servicetests.UserServiceTest       : The following profiles are active: UserService-test
2021-12-23 23:05:17.364  INFO 17660 --- [           main] .s.d.r.c.RepositoryConfigurationDelegate : Bootstrapping Spring Data JPA repositories in DEFAULT mode.
2021-12-23 23:05:17.366  INFO 17660 --- [           main] .s.d.r.c.RepositoryConfigurationDelegate : Finished Spring Data repository scanning in 1 ms. Found 0 JPA repository interfaces.
2021-12-23 23:05:17.413  INFO 17660 --- [           main] com.zaxxer.hikari.HikariDataSource       : HikariPool-70 - Starting...
2021-12-23 23:05:17.413  INFO 17660 --- [           main] com.zaxxer.hikari.HikariDataSource       : HikariPool-70 - Start completed.
2021-12-23 23:05:17.419  INFO 17660 --- [           main] o.hibernate.jpa.internal.util.LogHelper  : HHH000204: Processing PersistenceUnitInfo [name: default]
2021-12-23 23:05:17.421  INFO 17660 --- [           main] org.hibernate.dialect.Dialect            : HHH000400: Using dialect: org.hibernate.dialect.H2Dialect
2021-12-23 23:05:17.454  INFO 17660 --- [           main] o.h.e.t.j.p.i.JtaPlatformInitiator       : HHH000490: Using JtaPlatform implementation: [org.hibernate.engine.transaction.jta.platform.internal.NoJtaPlatform]
2021-12-23 23:05:17.454  INFO 17660 --- [           main] j.LocalContainerEntityManagerFactoryBean : Initialized JPA EntityManagerFactory for persistence unit 'default'
2021-12-23 23:05:17.510  WARN 17660 --- [           main] JpaBaseConfiguration$JpaWebConfiguration : spring.jpa.open-in-view is enabled by default. Therefore, database queries may be performed during view rendering. Explicitly configure spring.jpa.open-in-view to disable this warning
2021-12-23 23:05:17.676  INFO 17660 --- [           main] c.r.c.servicetests.UserServiceTest       : Started UserServiceTest in 0.392 seconds (JVM running for 40.837)
]]></system-out>
  </testcase>
  <testcase name="testGetAllUsers_positive" classname="com.revature.caseclothes.servicetests.UserServiceTest" time="0.363">
    <system-out><![CDATA[2021-12-23 23:05:17.680  INFO 17660 --- [           main] j.LocalContainerEntityManagerFactoryBean : Closing JPA EntityManagerFactory for persistence unit 'default'
2021-12-23 23:05:17.680  INFO 17660 --- [           main] .SchemaDropperImpl$DelayedDropActionImpl : HHH000477: Starting delayed evictData of schema as part of SessionFactory shut-down'
2021-12-23 23:05:17.681  INFO 17660 --- [           main] com.zaxxer.hikari.HikariDataSource       : HikariPool-70 - Shutdown initiated...
2021-12-23 23:05:17.682  INFO 17660 --- [           main] com.zaxxer.hikari.HikariDataSource       : HikariPool-70 - Shutdown completed.

  .   ____          _            __ _ _
 /\\ / ___'_ __ _ _(_)_ __  __ _ \ \ \ \
( ( )\___ | '_ | '_| | '_ \/ _` | \ \ \ \
 \\/  ___)| |_)| | | | | || (_| |  ) ) ) )
  '  |____| .__|_| |_|_| |_\__, | / / / /
 =========|_|==============|___/=/_/_/_/
 :: Spring Boot ::                (v2.6.1)

2021-12-23 23:05:17.693  INFO 17660 --- [           main] c.r.c.servicetests.UserServiceTest       : Starting UserServiceTest using Java 1.8.0_301 on MSI-Jymm with PID 17660 (started by jymmm in D:\Curriculum-211018-Jymm\project-2-Team-Not-Found\case-clothes)
2021-12-23 23:05:17.693  INFO 17660 --- [           main] c.r.c.servicetests.UserServiceTest       : The following profiles are active: UserService-test
2021-12-23 23:05:17.762  INFO 17660 --- [           main] .s.d.r.c.RepositoryConfigurationDelegate : Bootstrapping Spring Data JPA repositories in DEFAULT mode.
2021-12-23 23:05:17.764  INFO 17660 --- [           main] .s.d.r.c.RepositoryConfigurationDelegate : Finished Spring Data repository scanning in 1 ms. Found 0 JPA repository interfaces.
2021-12-23 23:05:17.814  INFO 17660 --- [           main] com.zaxxer.hikari.HikariDataSource       : HikariPool-71 - Starting...
2021-12-23 23:05:17.815  INFO 17660 --- [           main] com.zaxxer.hikari.HikariDataSource       : HikariPool-71 - Start completed.
2021-12-23 23:05:17.821  INFO 17660 --- [           main] o.hibernate.jpa.internal.util.LogHelper  : HHH000204: Processing PersistenceUnitInfo [name: default]
2021-12-23 23:05:17.823  INFO 17660 --- [           main] org.hibernate.dialect.Dialect            : HHH000400: Using dialect: org.hibernate.dialect.H2Dialect
2021-12-23 23:05:17.850  INFO 17660 --- [           main] o.h.e.t.j.p.i.JtaPlatformInitiator       : HHH000490: Using JtaPlatform implementation: [org.hibernate.engine.transaction.jta.platform.internal.NoJtaPlatform]
2021-12-23 23:05:17.850  INFO 17660 --- [           main] j.LocalContainerEntityManagerFactoryBean : Initialized JPA EntityManagerFactory for persistence unit 'default'
2021-12-23 23:05:17.903  WARN 17660 --- [           main] JpaBaseConfiguration$JpaWebConfiguration : spring.jpa.open-in-view is enabled by default. Therefore, database queries may be performed during view rendering. Explicitly configure spring.jpa.open-in-view to disable this warning
2021-12-23 23:05:18.039  INFO 17660 --- [           main] c.r.c.servicetests.UserServiceTest       : Started UserServiceTest in 0.356 seconds (JVM running for 41.201)
]]></system-out>
  </testcase>
  <testcase name="testUpdateUser_NoPhoneNumberInput_OtherFieldsValid_NegativeTest" classname="com.revature.caseclothes.servicetests.UserServiceTest" time="0.359">
    <system-out><![CDATA[2021-12-23 23:05:18.044  INFO 17660 --- [           main] j.LocalContainerEntityManagerFactoryBean : Closing JPA EntityManagerFactory for persistence unit 'default'
2021-12-23 23:05:18.044  INFO 17660 --- [           main] .SchemaDropperImpl$DelayedDropActionImpl : HHH000477: Starting delayed evictData of schema as part of SessionFactory shut-down'
2021-12-23 23:05:18.045  INFO 17660 --- [           main] com.zaxxer.hikari.HikariDataSource       : HikariPool-71 - Shutdown initiated...
2021-12-23 23:05:18.045  INFO 17660 --- [           main] com.zaxxer.hikari.HikariDataSource       : HikariPool-71 - Shutdown completed.

  .   ____          _            __ _ _
 /\\ / ___'_ __ _ _(_)_ __  __ _ \ \ \ \
( ( )\___ | '_ | '_| | '_ \/ _` | \ \ \ \
 \\/  ___)| |_)| | | | | || (_| |  ) ) ) )
  '  |____| .__|_| |_|_| |_\__, | / / / /
 =========|_|==============|___/=/_/_/_/
 :: Spring Boot ::                (v2.6.1)

2021-12-23 23:05:18.056  INFO 17660 --- [           main] c.r.c.servicetests.UserServiceTest       : Starting UserServiceTest using Java 1.8.0_301 on MSI-Jymm with PID 17660 (started by jymmm in D:\Curriculum-211018-Jymm\project-2-Team-Not-Found\case-clothes)
2021-12-23 23:05:18.056  INFO 17660 --- [           main] c.r.c.servicetests.UserServiceTest       : The following profiles are active: UserService-test
2021-12-23 23:05:18.125  INFO 17660 --- [           main] .s.d.r.c.RepositoryConfigurationDelegate : Bootstrapping Spring Data JPA repositories in DEFAULT mode.
2021-12-23 23:05:18.126  INFO 17660 --- [           main] .s.d.r.c.RepositoryConfigurationDelegate : Finished Spring Data repository scanning in 1 ms. Found 0 JPA repository interfaces.
2021-12-23 23:05:18.173  INFO 17660 --- [           main] com.zaxxer.hikari.HikariDataSource       : HikariPool-72 - Starting...
2021-12-23 23:05:18.173  INFO 17660 --- [           main] com.zaxxer.hikari.HikariDataSource       : HikariPool-72 - Start completed.
2021-12-23 23:05:18.180  INFO 17660 --- [           main] o.hibernate.jpa.internal.util.LogHelper  : HHH000204: Processing PersistenceUnitInfo [name: default]
2021-12-23 23:05:18.182  INFO 17660 --- [           main] org.hibernate.dialect.Dialect            : HHH000400: Using dialect: org.hibernate.dialect.H2Dialect
2021-12-23 23:05:18.209  INFO 17660 --- [           main] o.h.e.t.j.p.i.JtaPlatformInitiator       : HHH000490: Using JtaPlatform implementation: [org.hibernate.engine.transaction.jta.platform.internal.NoJtaPlatform]
2021-12-23 23:05:18.209  INFO 17660 --- [           main] j.LocalContainerEntityManagerFactoryBean : Initialized JPA EntityManagerFactory for persistence unit 'default'
2021-12-23 23:05:18.260  WARN 17660 --- [           main] JpaBaseConfiguration$JpaWebConfiguration : spring.jpa.open-in-view is enabled by default. Therefore, database queries may be performed during view rendering. Explicitly configure spring.jpa.open-in-view to disable this warning
2021-12-23 23:05:18.400  INFO 17660 --- [           main] c.r.c.servicetests.UserServiceTest       : Started UserServiceTest in 0.353 seconds (JVM running for 41.562)
]]></system-out>
  </testcase>
  <testcase name="testGetAllUsers_negative" classname="com.revature.caseclothes.servicetests.UserServiceTest" time="0.377">
    <system-out><![CDATA[2021-12-23 23:05:18.404  INFO 17660 --- [           main] j.LocalContainerEntityManagerFactoryBean : Closing JPA EntityManagerFactory for persistence unit 'default'
2021-12-23 23:05:18.405  INFO 17660 --- [           main] .SchemaDropperImpl$DelayedDropActionImpl : HHH000477: Starting delayed evictData of schema as part of SessionFactory shut-down'
2021-12-23 23:05:18.405  INFO 17660 --- [           main] com.zaxxer.hikari.HikariDataSource       : HikariPool-72 - Shutdown initiated...
2021-12-23 23:05:18.406  INFO 17660 --- [           main] com.zaxxer.hikari.HikariDataSource       : HikariPool-72 - Shutdown completed.

  .   ____          _            __ _ _
 /\\ / ___'_ __ _ _(_)_ __  __ _ \ \ \ \
( ( )\___ | '_ | '_| | '_ \/ _` | \ \ \ \
 \\/  ___)| |_)| | | | | || (_| |  ) ) ) )
  '  |____| .__|_| |_|_| |_\__, | / / / /
 =========|_|==============|___/=/_/_/_/
 :: Spring Boot ::                (v2.6.1)

2021-12-23 23:05:18.417  INFO 17660 --- [           main] c.r.c.servicetests.UserServiceTest       : Starting UserServiceTest using Java 1.8.0_301 on MSI-Jymm with PID 17660 (started by jymmm in D:\Curriculum-211018-Jymm\project-2-Team-Not-Found\case-clothes)
2021-12-23 23:05:18.417  INFO 17660 --- [           main] c.r.c.servicetests.UserServiceTest       : The following profiles are active: UserService-test
2021-12-23 23:05:18.490  INFO 17660 --- [           main] .s.d.r.c.RepositoryConfigurationDelegate : Bootstrapping Spring Data JPA repositories in DEFAULT mode.
2021-12-23 23:05:18.492  INFO 17660 --- [           main] .s.d.r.c.RepositoryConfigurationDelegate : Finished Spring Data repository scanning in 1 ms. Found 0 JPA repository interfaces.
2021-12-23 23:05:18.538  INFO 17660 --- [           main] com.zaxxer.hikari.HikariDataSource       : HikariPool-73 - Starting...
2021-12-23 23:05:18.539  INFO 17660 --- [           main] com.zaxxer.hikari.HikariDataSource       : HikariPool-73 - Start completed.
2021-12-23 23:05:18.545  INFO 17660 --- [           main] o.hibernate.jpa.internal.util.LogHelper  : HHH000204: Processing PersistenceUnitInfo [name: default]
2021-12-23 23:05:18.547  INFO 17660 --- [           main] org.hibernate.dialect.Dialect            : HHH000400: Using dialect: org.hibernate.dialect.H2Dialect
2021-12-23 23:05:18.575  INFO 17660 --- [           main] o.h.e.t.j.p.i.JtaPlatformInitiator       : HHH000490: Using JtaPlatform implementation: [org.hibernate.engine.transaction.jta.platform.internal.NoJtaPlatform]
2021-12-23 23:05:18.576  INFO 17660 --- [           main] j.LocalContainerEntityManagerFactoryBean : Initialized JPA EntityManagerFactory for persistence unit 'default'
2021-12-23 23:05:18.629  WARN 17660 --- [           main] JpaBaseConfiguration$JpaWebConfiguration : spring.jpa.open-in-view is enabled by default. Therefore, database queries may be performed during view rendering. Explicitly configure spring.jpa.open-in-view to disable this warning
2021-12-23 23:05:18.778  INFO 17660 --- [           main] c.r.c.servicetests.UserServiceTest       : Started UserServiceTest in 0.37 seconds (JVM running for 41.94)
]]></system-out>
  </testcase>
  <testcase name="testUpdateUser_NoFirstNameInput_OtherFieldsValid_NegativeTest" classname="com.revature.caseclothes.servicetests.UserServiceTest" time="0.397">
    <system-out><![CDATA[2021-12-23 23:05:18.782  INFO 17660 --- [           main] j.LocalContainerEntityManagerFactoryBean : Closing JPA EntityManagerFactory for persistence unit 'default'
2021-12-23 23:05:18.782  INFO 17660 --- [           main] .SchemaDropperImpl$DelayedDropActionImpl : HHH000477: Starting delayed evictData of schema as part of SessionFactory shut-down'
2021-12-23 23:05:18.783  INFO 17660 --- [           main] com.zaxxer.hikari.HikariDataSource       : HikariPool-73 - Shutdown initiated...
2021-12-23 23:05:18.783  INFO 17660 --- [           main] com.zaxxer.hikari.HikariDataSource       : HikariPool-73 - Shutdown completed.

  .   ____          _            __ _ _
 /\\ / ___'_ __ _ _(_)_ __  __ _ \ \ \ \
( ( )\___ | '_ | '_| | '_ \/ _` | \ \ \ \
 \\/  ___)| |_)| | | | | || (_| |  ) ) ) )
  '  |____| .__|_| |_|_| |_\__, | / / / /
 =========|_|==============|___/=/_/_/_/
 :: Spring Boot ::                (v2.6.1)

2021-12-23 23:05:18.795  INFO 17660 --- [           main] c.r.c.servicetests.UserServiceTest       : Starting UserServiceTest using Java 1.8.0_301 on MSI-Jymm with PID 17660 (started by jymmm in D:\Curriculum-211018-Jymm\project-2-Team-Not-Found\case-clothes)
2021-12-23 23:05:18.795  INFO 17660 --- [           main] c.r.c.servicetests.UserServiceTest       : The following profiles are active: UserService-test
2021-12-23 23:05:18.871  INFO 17660 --- [           main] .s.d.r.c.RepositoryConfigurationDelegate : Bootstrapping Spring Data JPA repositories in DEFAULT mode.
2021-12-23 23:05:18.874  INFO 17660 --- [           main] .s.d.r.c.RepositoryConfigurationDelegate : Finished Spring Data repository scanning in 2 ms. Found 0 JPA repository interfaces.
2021-12-23 23:05:18.925  INFO 17660 --- [           main] com.zaxxer.hikari.HikariDataSource       : HikariPool-74 - Starting...
2021-12-23 23:05:18.926  INFO 17660 --- [           main] com.zaxxer.hikari.HikariDataSource       : HikariPool-74 - Start completed.
2021-12-23 23:05:18.932  INFO 17660 --- [           main] o.hibernate.jpa.internal.util.LogHelper  : HHH000204: Processing PersistenceUnitInfo [name: default]
2021-12-23 23:05:18.935  INFO 17660 --- [           main] org.hibernate.dialect.Dialect            : HHH000400: Using dialect: org.hibernate.dialect.H2Dialect
2021-12-23 23:05:18.968  INFO 17660 --- [           main] o.h.e.t.j.p.i.JtaPlatformInitiator       : HHH000490: Using JtaPlatform implementation: [org.hibernate.engine.transaction.jta.platform.internal.NoJtaPlatform]
2021-12-23 23:05:18.968  INFO 17660 --- [           main] j.LocalContainerEntityManagerFactoryBean : Initialized JPA EntityManagerFactory for persistence unit 'default'
2021-12-23 23:05:19.023  WARN 17660 --- [           main] JpaBaseConfiguration$JpaWebConfiguration : spring.jpa.open-in-view is enabled by default. Therefore, database queries may be performed during view rendering. Explicitly configure spring.jpa.open-in-view to disable this warning
2021-12-23 23:05:19.176  INFO 17660 --- [           main] c.r.c.servicetests.UserServiceTest       : Started UserServiceTest in 0.391 seconds (JVM running for 42.337)
]]></system-out>
  </testcase>
  <testcase name="testAddCustomer_NoPasswordInput_OtherFieldsValid_NegativeTest" classname="com.revature.caseclothes.servicetests.UserServiceTest" time="0.367">
    <system-out><![CDATA[2021-12-23 23:05:19.180  INFO 17660 --- [           main] j.LocalContainerEntityManagerFactoryBean : Closing JPA EntityManagerFactory for persistence unit 'default'
2021-12-23 23:05:19.180  INFO 17660 --- [           main] .SchemaDropperImpl$DelayedDropActionImpl : HHH000477: Starting delayed evictData of schema as part of SessionFactory shut-down'
2021-12-23 23:05:19.181  INFO 17660 --- [           main] com.zaxxer.hikari.HikariDataSource       : HikariPool-74 - Shutdown initiated...
2021-12-23 23:05:19.181  INFO 17660 --- [           main] com.zaxxer.hikari.HikariDataSource       : HikariPool-74 - Shutdown completed.

  .   ____          _            __ _ _
 /\\ / ___'_ __ _ _(_)_ __  __ _ \ \ \ \
( ( )\___ | '_ | '_| | '_ \/ _` | \ \ \ \
 \\/  ___)| |_)| | | | | || (_| |  ) ) ) )
  '  |____| .__|_| |_|_| |_\__, | / / / /
 =========|_|==============|___/=/_/_/_/
 :: Spring Boot ::                (v2.6.1)

2021-12-23 23:05:19.192  INFO 17660 --- [           main] c.r.c.servicetests.UserServiceTest       : Starting UserServiceTest using Java 1.8.0_301 on MSI-Jymm with PID 17660 (started by jymmm in D:\Curriculum-211018-Jymm\project-2-Team-Not-Found\case-clothes)
2021-12-23 23:05:19.192  INFO 17660 --- [           main] c.r.c.servicetests.UserServiceTest       : The following profiles are active: UserService-test
2021-12-23 23:05:19.263  INFO 17660 --- [           main] .s.d.r.c.RepositoryConfigurationDelegate : Bootstrapping Spring Data JPA repositories in DEFAULT mode.
2021-12-23 23:05:19.265  INFO 17660 --- [           main] .s.d.r.c.RepositoryConfigurationDelegate : Finished Spring Data repository scanning in 1 ms. Found 0 JPA repository interfaces.
2021-12-23 23:05:19.317  INFO 17660 --- [           main] com.zaxxer.hikari.HikariDataSource       : HikariPool-75 - Starting...
2021-12-23 23:05:19.317  INFO 17660 --- [           main] com.zaxxer.hikari.HikariDataSource       : HikariPool-75 - Start completed.
2021-12-23 23:05:19.324  INFO 17660 --- [           main] o.hibernate.jpa.internal.util.LogHelper  : HHH000204: Processing PersistenceUnitInfo [name: default]
2021-12-23 23:05:19.326  INFO 17660 --- [           main] org.hibernate.dialect.Dialect            : HHH000400: Using dialect: org.hibernate.dialect.H2Dialect
2021-12-23 23:05:19.354  INFO 17660 --- [           main] o.h.e.t.j.p.i.JtaPlatformInitiator       : HHH000490: Using JtaPlatform implementation: [org.hibernate.engine.transaction.jta.platform.internal.NoJtaPlatform]
2021-12-23 23:05:19.354  INFO 17660 --- [           main] j.LocalContainerEntityManagerFactoryBean : Initialized JPA EntityManagerFactory for persistence unit 'default'
2021-12-23 23:05:19.406  WARN 17660 --- [           main] JpaBaseConfiguration$JpaWebConfiguration : spring.jpa.open-in-view is enabled by default. Therefore, database queries may be performed during view rendering. Explicitly configure spring.jpa.open-in-view to disable this warning
2021-12-23 23:05:19.543  INFO 17660 --- [           main] c.r.c.servicetests.UserServiceTest       : Started UserServiceTest in 0.36 seconds (JVM running for 42.704)
]]></system-out>
  </testcase>
  <testcase name="testAddAdmin_AddUserDTO_NoUsernameInput_OtherFieldsValid_NegativeTest" classname="com.revature.caseclothes.servicetests.UserServiceTest" time="0.372">
    <system-out><![CDATA[2021-12-23 23:05:19.547  INFO 17660 --- [           main] j.LocalContainerEntityManagerFactoryBean : Closing JPA EntityManagerFactory for persistence unit 'default'
2021-12-23 23:05:19.547  INFO 17660 --- [           main] .SchemaDropperImpl$DelayedDropActionImpl : HHH000477: Starting delayed evictData of schema as part of SessionFactory shut-down'
2021-12-23 23:05:19.548  INFO 17660 --- [           main] com.zaxxer.hikari.HikariDataSource       : HikariPool-75 - Shutdown initiated...
2021-12-23 23:05:19.548  INFO 17660 --- [           main] com.zaxxer.hikari.HikariDataSource       : HikariPool-75 - Shutdown completed.

  .   ____          _            __ _ _
 /\\ / ___'_ __ _ _(_)_ __  __ _ \ \ \ \
( ( )\___ | '_ | '_| | '_ \/ _` | \ \ \ \
 \\/  ___)| |_)| | | | | || (_| |  ) ) ) )
  '  |____| .__|_| |_|_| |_\__, | / / / /
 =========|_|==============|___/=/_/_/_/
 :: Spring Boot ::                (v2.6.1)

2021-12-23 23:05:19.560  INFO 17660 --- [           main] c.r.c.servicetests.UserServiceTest       : Starting UserServiceTest using Java 1.8.0_301 on MSI-Jymm with PID 17660 (started by jymmm in D:\Curriculum-211018-Jymm\project-2-Team-Not-Found\case-clothes)
2021-12-23 23:05:19.560  INFO 17660 --- [           main] c.r.c.servicetests.UserServiceTest       : The following profiles are active: UserService-test
2021-12-23 23:05:19.638  INFO 17660 --- [           main] .s.d.r.c.RepositoryConfigurationDelegate : Bootstrapping Spring Data JPA repositories in DEFAULT mode.
2021-12-23 23:05:19.640  INFO 17660 --- [           main] .s.d.r.c.RepositoryConfigurationDelegate : Finished Spring Data repository scanning in 1 ms. Found 0 JPA repository interfaces.
2021-12-23 23:05:19.688  INFO 17660 --- [           main] com.zaxxer.hikari.HikariDataSource       : HikariPool-76 - Starting...
2021-12-23 23:05:19.689  INFO 17660 --- [           main] com.zaxxer.hikari.HikariDataSource       : HikariPool-76 - Start completed.
2021-12-23 23:05:19.695  INFO 17660 --- [           main] o.hibernate.jpa.internal.util.LogHelper  : HHH000204: Processing PersistenceUnitInfo [name: default]
2021-12-23 23:05:19.697  INFO 17660 --- [           main] org.hibernate.dialect.Dialect            : HHH000400: Using dialect: org.hibernate.dialect.H2Dialect
2021-12-23 23:05:19.723  INFO 17660 --- [           main] o.h.e.t.j.p.i.JtaPlatformInitiator       : HHH000490: Using JtaPlatform implementation: [org.hibernate.engine.transaction.jta.platform.internal.NoJtaPlatform]
2021-12-23 23:05:19.723  INFO 17660 --- [           main] j.LocalContainerEntityManagerFactoryBean : Initialized JPA EntityManagerFactory for persistence unit 'default'
2021-12-23 23:05:19.773  WARN 17660 --- [           main] JpaBaseConfiguration$JpaWebConfiguration : spring.jpa.open-in-view is enabled by default. Therefore, database queries may be performed during view rendering. Explicitly configure spring.jpa.open-in-view to disable this warning
2021-12-23 23:05:19.915  INFO 17660 --- [           main] c.r.c.servicetests.UserServiceTest       : Started UserServiceTest in 0.365 seconds (JVM running for 43.077)
]]></system-out>
  </testcase>
  <testcase name="testAddAdmin_AddUserDTO_NoFirstNameInput_OtherFieldsValid_NegativeTest" classname="com.revature.caseclothes.servicetests.UserServiceTest" time="0.39">
    <system-out><![CDATA[2021-12-23 23:05:19.919  INFO 17660 --- [           main] j.LocalContainerEntityManagerFactoryBean : Closing JPA EntityManagerFactory for persistence unit 'default'
2021-12-23 23:05:19.919  INFO 17660 --- [           main] .SchemaDropperImpl$DelayedDropActionImpl : HHH000477: Starting delayed evictData of schema as part of SessionFactory shut-down'
2021-12-23 23:05:19.920  INFO 17660 --- [           main] com.zaxxer.hikari.HikariDataSource       : HikariPool-76 - Shutdown initiated...
2021-12-23 23:05:19.920  INFO 17660 --- [           main] com.zaxxer.hikari.HikariDataSource       : HikariPool-76 - Shutdown completed.

  .   ____          _            __ _ _
 /\\ / ___'_ __ _ _(_)_ __  __ _ \ \ \ \
( ( )\___ | '_ | '_| | '_ \/ _` | \ \ \ \
 \\/  ___)| |_)| | | | | || (_| |  ) ) ) )
  '  |____| .__|_| |_|_| |_\__, | / / / /
 =========|_|==============|___/=/_/_/_/
 :: Spring Boot ::                (v2.6.1)

2021-12-23 23:05:19.931  INFO 17660 --- [           main] c.r.c.servicetests.UserServiceTest       : Starting UserServiceTest using Java 1.8.0_301 on MSI-Jymm with PID 17660 (started by jymmm in D:\Curriculum-211018-Jymm\project-2-Team-Not-Found\case-clothes)
2021-12-23 23:05:19.932  INFO 17660 --- [           main] c.r.c.servicetests.UserServiceTest       : The following profiles are active: UserService-test
2021-12-23 23:05:20.005  INFO 17660 --- [           main] .s.d.r.c.RepositoryConfigurationDelegate : Bootstrapping Spring Data JPA repositories in DEFAULT mode.
2021-12-23 23:05:20.007  INFO 17660 --- [           main] .s.d.r.c.RepositoryConfigurationDelegate : Finished Spring Data repository scanning in 1 ms. Found 0 JPA repository interfaces.
2021-12-23 23:05:20.062  INFO 17660 --- [           main] com.zaxxer.hikari.HikariDataSource       : HikariPool-77 - Starting...
2021-12-23 23:05:20.062  INFO 17660 --- [           main] com.zaxxer.hikari.HikariDataSource       : HikariPool-77 - Start completed.
2021-12-23 23:05:20.069  INFO 17660 --- [           main] o.hibernate.jpa.internal.util.LogHelper  : HHH000204: Processing PersistenceUnitInfo [name: default]
2021-12-23 23:05:20.072  INFO 17660 --- [           main] org.hibernate.dialect.Dialect            : HHH000400: Using dialect: org.hibernate.dialect.H2Dialect
2021-12-23 23:05:20.104  INFO 17660 --- [           main] o.h.e.t.j.p.i.JtaPlatformInitiator       : HHH000490: Using JtaPlatform implementation: [org.hibernate.engine.transaction.jta.platform.internal.NoJtaPlatform]
2021-12-23 23:05:20.105  INFO 17660 --- [           main] j.LocalContainerEntityManagerFactoryBean : Initialized JPA EntityManagerFactory for persistence unit 'default'
2021-12-23 23:05:20.164  WARN 17660 --- [           main] JpaBaseConfiguration$JpaWebConfiguration : spring.jpa.open-in-view is enabled by default. Therefore, database queries may be performed during view rendering. Explicitly configure spring.jpa.open-in-view to disable this warning
2021-12-23 23:05:20.305  INFO 17660 --- [           main] c.r.c.servicetests.UserServiceTest       : Started UserServiceTest in 0.384 seconds (JVM running for 43.467)
]]></system-out>
  </testcase>
  <testcase name="testAddAdmin_AddUserDTO_NoPhoneNumberInput_OtherFieldsValid_NegativeTest" classname="com.revature.caseclothes.servicetests.UserServiceTest" time="0.43">
    <system-out><![CDATA[2021-12-23 23:05:20.310  INFO 17660 --- [           main] j.LocalContainerEntityManagerFactoryBean : Closing JPA EntityManagerFactory for persistence unit 'default'
2021-12-23 23:05:20.310  INFO 17660 --- [           main] .SchemaDropperImpl$DelayedDropActionImpl : HHH000477: Starting delayed evictData of schema as part of SessionFactory shut-down'
2021-12-23 23:05:20.310  INFO 17660 --- [           main] com.zaxxer.hikari.HikariDataSource       : HikariPool-77 - Shutdown initiated...
2021-12-23 23:05:20.311  INFO 17660 --- [           main] com.zaxxer.hikari.HikariDataSource       : HikariPool-77 - Shutdown completed.

  .   ____          _            __ _ _
 /\\ / ___'_ __ _ _(_)_ __  __ _ \ \ \ \
( ( )\___ | '_ | '_| | '_ \/ _` | \ \ \ \
 \\/  ___)| |_)| | | | | || (_| |  ) ) ) )
  '  |____| .__|_| |_|_| |_\__, | / / / /
 =========|_|==============|___/=/_/_/_/
 :: Spring Boot ::                (v2.6.1)

2021-12-23 23:05:20.321  INFO 17660 --- [           main] c.r.c.servicetests.UserServiceTest       : Starting UserServiceTest using Java 1.8.0_301 on MSI-Jymm with PID 17660 (started by jymmm in D:\Curriculum-211018-Jymm\project-2-Team-Not-Found\case-clothes)
2021-12-23 23:05:20.321  INFO 17660 --- [           main] c.r.c.servicetests.UserServiceTest       : The following profiles are active: UserService-test
2021-12-23 23:05:20.393  INFO 17660 --- [           main] .s.d.r.c.RepositoryConfigurationDelegate : Bootstrapping Spring Data JPA repositories in DEFAULT mode.
2021-12-23 23:05:20.395  INFO 17660 --- [           main] .s.d.r.c.RepositoryConfigurationDelegate : Finished Spring Data repository scanning in 1 ms. Found 0 JPA repository interfaces.
2021-12-23 23:05:20.447  INFO 17660 --- [           main] com.zaxxer.hikari.HikariDataSource       : HikariPool-78 - Starting...
2021-12-23 23:05:20.447  INFO 17660 --- [           main] com.zaxxer.hikari.HikariDataSource       : HikariPool-78 - Start completed.
2021-12-23 23:05:20.454  INFO 17660 --- [           main] o.hibernate.jpa.internal.util.LogHelper  : HHH000204: Processing PersistenceUnitInfo [name: default]
2021-12-23 23:05:20.457  INFO 17660 --- [           main] org.hibernate.dialect.Dialect            : HHH000400: Using dialect: org.hibernate.dialect.H2Dialect
2021-12-23 23:05:20.490  INFO 17660 --- [           main] o.h.e.t.j.p.i.JtaPlatformInitiator       : HHH000490: Using JtaPlatform implementation: [org.hibernate.engine.transaction.jta.platform.internal.NoJtaPlatform]
2021-12-23 23:05:20.490  INFO 17660 --- [           main] j.LocalContainerEntityManagerFactoryBean : Initialized JPA EntityManagerFactory for persistence unit 'default'
2021-12-23 23:05:20.559  WARN 17660 --- [           main] JpaBaseConfiguration$JpaWebConfiguration : spring.jpa.open-in-view is enabled by default. Therefore, database queries may be performed during view rendering. Explicitly configure spring.jpa.open-in-view to disable this warning
2021-12-23 23:05:20.736  INFO 17660 --- [           main] c.r.c.servicetests.UserServiceTest       : Started UserServiceTest in 0.424 seconds (JVM running for 43.899)
]]></system-out>
  </testcase>
  <testcase name="testUpdateUser_NoLastNameInput_OtherFieldsValid_NegativeTest" classname="com.revature.caseclothes.servicetests.UserServiceTest" time="0.393">
    <system-out><![CDATA[2021-12-23 23:05:20.740  INFO 17660 --- [           main] j.LocalContainerEntityManagerFactoryBean : Closing JPA EntityManagerFactory for persistence unit 'default'
2021-12-23 23:05:20.740  INFO 17660 --- [           main] .SchemaDropperImpl$DelayedDropActionImpl : HHH000477: Starting delayed evictData of schema as part of SessionFactory shut-down'
2021-12-23 23:05:20.741  INFO 17660 --- [           main] com.zaxxer.hikari.HikariDataSource       : HikariPool-78 - Shutdown initiated...
2021-12-23 23:05:20.742  INFO 17660 --- [           main] com.zaxxer.hikari.HikariDataSource       : HikariPool-78 - Shutdown completed.

  .   ____          _            __ _ _
 /\\ / ___'_ __ _ _(_)_ __  __ _ \ \ \ \
( ( )\___ | '_ | '_| | '_ \/ _` | \ \ \ \
 \\/  ___)| |_)| | | | | || (_| |  ) ) ) )
  '  |____| .__|_| |_|_| |_\__, | / / / /
 =========|_|==============|___/=/_/_/_/
 :: Spring Boot ::                (v2.6.1)

2021-12-23 23:05:20.753  INFO 17660 --- [           main] c.r.c.servicetests.UserServiceTest       : Starting UserServiceTest using Java 1.8.0_301 on MSI-Jymm with PID 17660 (started by jymmm in D:\Curriculum-211018-Jymm\project-2-Team-Not-Found\case-clothes)
2021-12-23 23:05:20.753  INFO 17660 --- [           main] c.r.c.servicetests.UserServiceTest       : The following profiles are active: UserService-test
2021-12-23 23:05:20.824  INFO 17660 --- [           main] .s.d.r.c.RepositoryConfigurationDelegate : Bootstrapping Spring Data JPA repositories in DEFAULT mode.
2021-12-23 23:05:20.826  INFO 17660 --- [           main] .s.d.r.c.RepositoryConfigurationDelegate : Finished Spring Data repository scanning in 1 ms. Found 0 JPA repository interfaces.
2021-12-23 23:05:20.874  INFO 17660 --- [           main] com.zaxxer.hikari.HikariDataSource       : HikariPool-79 - Starting...
2021-12-23 23:05:20.875  INFO 17660 --- [           main] com.zaxxer.hikari.HikariDataSource       : HikariPool-79 - Start completed.
2021-12-23 23:05:20.881  INFO 17660 --- [           main] o.hibernate.jpa.internal.util.LogHelper  : HHH000204: Processing PersistenceUnitInfo [name: default]
2021-12-23 23:05:20.883  INFO 17660 --- [           main] org.hibernate.dialect.Dialect            : HHH000400: Using dialect: org.hibernate.dialect.H2Dialect
2021-12-23 23:05:20.910  INFO 17660 --- [           main] o.h.e.t.j.p.i.JtaPlatformInitiator       : HHH000490: Using JtaPlatform implementation: [org.hibernate.engine.transaction.jta.platform.internal.NoJtaPlatform]
2021-12-23 23:05:20.910  INFO 17660 --- [           main] j.LocalContainerEntityManagerFactoryBean : Initialized JPA EntityManagerFactory for persistence unit 'default'
2021-12-23 23:05:20.979  WARN 17660 --- [           main] JpaBaseConfiguration$JpaWebConfiguration : spring.jpa.open-in-view is enabled by default. Therefore, database queries may be performed during view rendering. Explicitly configure spring.jpa.open-in-view to disable this warning
2021-12-23 23:05:21.130  INFO 17660 --- [           main] c.r.c.servicetests.UserServiceTest       : Started UserServiceTest in 0.387 seconds (JVM running for 44.293)
]]></system-out>
  </testcase>
  <testcase name="testLogin_admin" classname="com.revature.caseclothes.servicetests.UserServiceTest" time="0.381">
    <system-out><![CDATA[2021-12-23 23:05:21.135  INFO 17660 --- [           main] j.LocalContainerEntityManagerFactoryBean : Closing JPA EntityManagerFactory for persistence unit 'default'
2021-12-23 23:05:21.135  INFO 17660 --- [           main] .SchemaDropperImpl$DelayedDropActionImpl : HHH000477: Starting delayed evictData of schema as part of SessionFactory shut-down'
2021-12-23 23:05:21.136  INFO 17660 --- [           main] com.zaxxer.hikari.HikariDataSource       : HikariPool-79 - Shutdown initiated...
2021-12-23 23:05:21.136  INFO 17660 --- [           main] com.zaxxer.hikari.HikariDataSource       : HikariPool-79 - Shutdown completed.

  .   ____          _            __ _ _
 /\\ / ___'_ __ _ _(_)_ __  __ _ \ \ \ \
( ( )\___ | '_ | '_| | '_ \/ _` | \ \ \ \
 \\/  ___)| |_)| | | | | || (_| |  ) ) ) )
  '  |____| .__|_| |_|_| |_\__, | / / / /
 =========|_|==============|___/=/_/_/_/
 :: Spring Boot ::                (v2.6.1)

2021-12-23 23:05:21.147  INFO 17660 --- [           main] c.r.c.servicetests.UserServiceTest       : Starting UserServiceTest using Java 1.8.0_301 on MSI-Jymm with PID 17660 (started by jymmm in D:\Curriculum-211018-Jymm\project-2-Team-Not-Found\case-clothes)
2021-12-23 23:05:21.147  INFO 17660 --- [           main] c.r.c.servicetests.UserServiceTest       : The following profiles are active: UserService-test
2021-12-23 23:05:21.219  INFO 17660 --- [           main] .s.d.r.c.RepositoryConfigurationDelegate : Bootstrapping Spring Data JPA repositories in DEFAULT mode.
2021-12-23 23:05:21.221  INFO 17660 --- [           main] .s.d.r.c.RepositoryConfigurationDelegate : Finished Spring Data repository scanning in 1 ms. Found 0 JPA repository interfaces.
2021-12-23 23:05:21.274  INFO 17660 --- [           main] com.zaxxer.hikari.HikariDataSource       : HikariPool-80 - Starting...
2021-12-23 23:05:21.274  INFO 17660 --- [           main] com.zaxxer.hikari.HikariDataSource       : HikariPool-80 - Start completed.
2021-12-23 23:05:21.281  INFO 17660 --- [           main] o.hibernate.jpa.internal.util.LogHelper  : HHH000204: Processing PersistenceUnitInfo [name: default]
2021-12-23 23:05:21.283  INFO 17660 --- [           main] org.hibernate.dialect.Dialect            : HHH000400: Using dialect: org.hibernate.dialect.H2Dialect
2021-12-23 23:05:21.311  INFO 17660 --- [           main] o.h.e.t.j.p.i.JtaPlatformInitiator       : HHH000490: Using JtaPlatform implementation: [org.hibernate.engine.transaction.jta.platform.internal.NoJtaPlatform]
2021-12-23 23:05:21.311  INFO 17660 --- [           main] j.LocalContainerEntityManagerFactoryBean : Initialized JPA EntityManagerFactory for persistence unit 'default'
2021-12-23 23:05:21.369  WARN 17660 --- [           main] JpaBaseConfiguration$JpaWebConfiguration : spring.jpa.open-in-view is enabled by default. Therefore, database queries may be performed during view rendering. Explicitly configure spring.jpa.open-in-view to disable this warning
2021-12-23 23:05:21.512  INFO 17660 --- [           main] c.r.c.servicetests.UserServiceTest       : Started UserServiceTest in 0.374 seconds (JVM running for 44.674)
]]></system-out>
  </testcase>
  <testcase name="testAddAdmin_AddUserDTO_NoEmailInput_OtherFieldsValid_NegativeTest" classname="com.revature.caseclothes.servicetests.UserServiceTest" time="0.372">
    <system-out><![CDATA[2021-12-23 23:05:21.516  INFO 17660 --- [           main] j.LocalContainerEntityManagerFactoryBean : Closing JPA EntityManagerFactory for persistence unit 'default'
2021-12-23 23:05:21.516  INFO 17660 --- [           main] .SchemaDropperImpl$DelayedDropActionImpl : HHH000477: Starting delayed evictData of schema as part of SessionFactory shut-down'
2021-12-23 23:05:21.517  INFO 17660 --- [           main] com.zaxxer.hikari.HikariDataSource       : HikariPool-80 - Shutdown initiated...
2021-12-23 23:05:21.518  INFO 17660 --- [           main] com.zaxxer.hikari.HikariDataSource       : HikariPool-80 - Shutdown completed.

  .   ____          _            __ _ _
 /\\ / ___'_ __ _ _(_)_ __  __ _ \ \ \ \
( ( )\___ | '_ | '_| | '_ \/ _` | \ \ \ \
 \\/  ___)| |_)| | | | | || (_| |  ) ) ) )
  '  |____| .__|_| |_|_| |_\__, | / / / /
 =========|_|==============|___/=/_/_/_/
 :: Spring Boot ::                (v2.6.1)

2021-12-23 23:05:21.529  INFO 17660 --- [           main] c.r.c.servicetests.UserServiceTest       : Starting UserServiceTest using Java 1.8.0_301 on MSI-Jymm with PID 17660 (started by jymmm in D:\Curriculum-211018-Jymm\project-2-Team-Not-Found\case-clothes)
2021-12-23 23:05:21.529  INFO 17660 --- [           main] c.r.c.servicetests.UserServiceTest       : The following profiles are active: UserService-test
2021-12-23 23:05:21.603  INFO 17660 --- [           main] .s.d.r.c.RepositoryConfigurationDelegate : Bootstrapping Spring Data JPA repositories in DEFAULT mode.
2021-12-23 23:05:21.605  INFO 17660 --- [           main] .s.d.r.c.RepositoryConfigurationDelegate : Finished Spring Data repository scanning in 1 ms. Found 0 JPA repository interfaces.
2021-12-23 23:05:21.657  INFO 17660 --- [           main] com.zaxxer.hikari.HikariDataSource       : HikariPool-81 - Starting...
2021-12-23 23:05:21.657  INFO 17660 --- [           main] com.zaxxer.hikari.HikariDataSource       : HikariPool-81 - Start completed.
2021-12-23 23:05:21.663  INFO 17660 --- [           main] o.hibernate.jpa.internal.util.LogHelper  : HHH000204: Processing PersistenceUnitInfo [name: default]
2021-12-23 23:05:21.666  INFO 17660 --- [           main] org.hibernate.dialect.Dialect            : HHH000400: Using dialect: org.hibernate.dialect.H2Dialect
2021-12-23 23:05:21.694  INFO 17660 --- [           main] o.h.e.t.j.p.i.JtaPlatformInitiator       : HHH000490: Using JtaPlatform implementation: [org.hibernate.engine.transaction.jta.platform.internal.NoJtaPlatform]
2021-12-23 23:05:21.694  INFO 17660 --- [           main] j.LocalContainerEntityManagerFactoryBean : Initialized JPA EntityManagerFactory for persistence unit 'default'
2021-12-23 23:05:21.750  WARN 17660 --- [           main] JpaBaseConfiguration$JpaWebConfiguration : spring.jpa.open-in-view is enabled by default. Therefore, database queries may be performed during view rendering. Explicitly configure spring.jpa.open-in-view to disable this warning
2021-12-23 23:05:21.886  INFO 17660 --- [           main] c.r.c.servicetests.UserServiceTest       : Started UserServiceTest in 0.367 seconds (JVM running for 45.048)
]]></system-out>
  </testcase>
  <testcase name="testGetUserByUsername_positive" classname="com.revature.caseclothes.servicetests.UserServiceTest" time="0.371">
    <system-out><![CDATA[2021-12-23 23:05:21.889  INFO 17660 --- [           main] j.LocalContainerEntityManagerFactoryBean : Closing JPA EntityManagerFactory for persistence unit 'default'
2021-12-23 23:05:21.889  INFO 17660 --- [           main] .SchemaDropperImpl$DelayedDropActionImpl : HHH000477: Starting delayed evictData of schema as part of SessionFactory shut-down'
2021-12-23 23:05:21.890  INFO 17660 --- [           main] com.zaxxer.hikari.HikariDataSource       : HikariPool-81 - Shutdown initiated...
2021-12-23 23:05:21.891  INFO 17660 --- [           main] com.zaxxer.hikari.HikariDataSource       : HikariPool-81 - Shutdown completed.

  .   ____          _            __ _ _
 /\\ / ___'_ __ _ _(_)_ __  __ _ \ \ \ \
( ( )\___ | '_ | '_| | '_ \/ _` | \ \ \ \
 \\/  ___)| |_)| | | | | || (_| |  ) ) ) )
  '  |____| .__|_| |_|_| |_\__, | / / / /
 =========|_|==============|___/=/_/_/_/
 :: Spring Boot ::                (v2.6.1)

2021-12-23 23:05:21.902  INFO 17660 --- [           main] c.r.c.servicetests.UserServiceTest       : Starting UserServiceTest using Java 1.8.0_301 on MSI-Jymm with PID 17660 (started by jymmm in D:\Curriculum-211018-Jymm\project-2-Team-Not-Found\case-clothes)
2021-12-23 23:05:21.902  INFO 17660 --- [           main] c.r.c.servicetests.UserServiceTest       : The following profiles are active: UserService-test
2021-12-23 23:05:21.973  INFO 17660 --- [           main] .s.d.r.c.RepositoryConfigurationDelegate : Bootstrapping Spring Data JPA repositories in DEFAULT mode.
2021-12-23 23:05:21.975  INFO 17660 --- [           main] .s.d.r.c.RepositoryConfigurationDelegate : Finished Spring Data repository scanning in 1 ms. Found 0 JPA repository interfaces.
2021-12-23 23:05:22.022  INFO 17660 --- [           main] com.zaxxer.hikari.HikariDataSource       : HikariPool-82 - Starting...
2021-12-23 23:05:22.022  INFO 17660 --- [           main] com.zaxxer.hikari.HikariDataSource       : HikariPool-82 - Start completed.
2021-12-23 23:05:22.029  INFO 17660 --- [           main] o.hibernate.jpa.internal.util.LogHelper  : HHH000204: Processing PersistenceUnitInfo [name: default]
2021-12-23 23:05:22.031  INFO 17660 --- [           main] org.hibernate.dialect.Dialect            : HHH000400: Using dialect: org.hibernate.dialect.H2Dialect
2021-12-23 23:05:22.056  INFO 17660 --- [           main] o.h.e.t.j.p.i.JtaPlatformInitiator       : HHH000490: Using JtaPlatform implementation: [org.hibernate.engine.transaction.jta.platform.internal.NoJtaPlatform]
2021-12-23 23:05:22.057  INFO 17660 --- [           main] j.LocalContainerEntityManagerFactoryBean : Initialized JPA EntityManagerFactory for persistence unit 'default'
2021-12-23 23:05:22.106  WARN 17660 --- [           main] JpaBaseConfiguration$JpaWebConfiguration : spring.jpa.open-in-view is enabled by default. Therefore, database queries may be performed during view rendering. Explicitly configure spring.jpa.open-in-view to disable this warning
2021-12-23 23:05:22.256  INFO 17660 --- [           main] c.r.c.servicetests.UserServiceTest       : Started UserServiceTest in 0.364 seconds (JVM running for 45.418)
]]></system-out>
  </testcase>
  <testcase name="testAddCustomer_PositiveTest" classname="com.revature.caseclothes.servicetests.UserServiceTest" time="0.387">
    <system-out><![CDATA[2021-12-23 23:05:22.262  INFO 17660 --- [           main] j.LocalContainerEntityManagerFactoryBean : Closing JPA EntityManagerFactory for persistence unit 'default'
2021-12-23 23:05:22.262  INFO 17660 --- [           main] .SchemaDropperImpl$DelayedDropActionImpl : HHH000477: Starting delayed evictData of schema as part of SessionFactory shut-down'
2021-12-23 23:05:22.263  INFO 17660 --- [           main] com.zaxxer.hikari.HikariDataSource       : HikariPool-82 - Shutdown initiated...
2021-12-23 23:05:22.263  INFO 17660 --- [           main] com.zaxxer.hikari.HikariDataSource       : HikariPool-82 - Shutdown completed.

  .   ____          _            __ _ _
 /\\ / ___'_ __ _ _(_)_ __  __ _ \ \ \ \
( ( )\___ | '_ | '_| | '_ \/ _` | \ \ \ \
 \\/  ___)| |_)| | | | | || (_| |  ) ) ) )
  '  |____| .__|_| |_|_| |_\__, | / / / /
 =========|_|==============|___/=/_/_/_/
 :: Spring Boot ::                (v2.6.1)

2021-12-23 23:05:22.275  INFO 17660 --- [           main] c.r.c.servicetests.UserServiceTest       : Starting UserServiceTest using Java 1.8.0_301 on MSI-Jymm with PID 17660 (started by jymmm in D:\Curriculum-211018-Jymm\project-2-Team-Not-Found\case-clothes)
2021-12-23 23:05:22.275  INFO 17660 --- [           main] c.r.c.servicetests.UserServiceTest       : The following profiles are active: UserService-test
2021-12-23 23:05:22.351  INFO 17660 --- [           main] .s.d.r.c.RepositoryConfigurationDelegate : Bootstrapping Spring Data JPA repositories in DEFAULT mode.
2021-12-23 23:05:22.353  INFO 17660 --- [           main] .s.d.r.c.RepositoryConfigurationDelegate : Finished Spring Data repository scanning in 1 ms. Found 0 JPA repository interfaces.
2021-12-23 23:05:22.411  INFO 17660 --- [           main] com.zaxxer.hikari.HikariDataSource       : HikariPool-83 - Starting...
2021-12-23 23:05:22.412  INFO 17660 --- [           main] com.zaxxer.hikari.HikariDataSource       : HikariPool-83 - Start completed.
2021-12-23 23:05:22.419  INFO 17660 --- [           main] o.hibernate.jpa.internal.util.LogHelper  : HHH000204: Processing PersistenceUnitInfo [name: default]
2021-12-23 23:05:22.421  INFO 17660 --- [           main] org.hibernate.dialect.Dialect            : HHH000400: Using dialect: org.hibernate.dialect.H2Dialect
2021-12-23 23:05:22.446  INFO 17660 --- [           main] o.h.e.t.j.p.i.JtaPlatformInitiator       : HHH000490: Using JtaPlatform implementation: [org.hibernate.engine.transaction.jta.platform.internal.NoJtaPlatform]
2021-12-23 23:05:22.446  INFO 17660 --- [           main] j.LocalContainerEntityManagerFactoryBean : Initialized JPA EntityManagerFactory for persistence unit 'default'
2021-12-23 23:05:22.498  WARN 17660 --- [           main] JpaBaseConfiguration$JpaWebConfiguration : spring.jpa.open-in-view is enabled by default. Therefore, database queries may be performed during view rendering. Explicitly configure spring.jpa.open-in-view to disable this warning
2021-12-23 23:05:22.644  INFO 17660 --- [           main] c.r.c.servicetests.UserServiceTest       : Started UserServiceTest in 0.379 seconds (JVM running for 45.806)
]]></system-out>
  </testcase>
  <testcase name="testGetUserByUserName_UserIsNull_NegativeTest" classname="com.revature.caseclothes.servicetests.UserServiceTest" time="0.414">
    <system-out><![CDATA[2021-12-23 23:05:22.649  INFO 17660 --- [           main] j.LocalContainerEntityManagerFactoryBean : Closing JPA EntityManagerFactory for persistence unit 'default'
2021-12-23 23:05:22.649  INFO 17660 --- [           main] .SchemaDropperImpl$DelayedDropActionImpl : HHH000477: Starting delayed evictData of schema as part of SessionFactory shut-down'
2021-12-23 23:05:22.650  INFO 17660 --- [           main] com.zaxxer.hikari.HikariDataSource       : HikariPool-83 - Shutdown initiated...
2021-12-23 23:05:22.651  INFO 17660 --- [           main] com.zaxxer.hikari.HikariDataSource       : HikariPool-83 - Shutdown completed.

  .   ____          _            __ _ _
 /\\ / ___'_ __ _ _(_)_ __  __ _ \ \ \ \
( ( )\___ | '_ | '_| | '_ \/ _` | \ \ \ \
 \\/  ___)| |_)| | | | | || (_| |  ) ) ) )
  '  |____| .__|_| |_|_| |_\__, | / / / /
 =========|_|==============|___/=/_/_/_/
 :: Spring Boot ::                (v2.6.1)

2021-12-23 23:05:22.663  INFO 17660 --- [           main] c.r.c.servicetests.UserServiceTest       : Starting UserServiceTest using Java 1.8.0_301 on MSI-Jymm with PID 17660 (started by jymmm in D:\Curriculum-211018-Jymm\project-2-Team-Not-Found\case-clothes)
2021-12-23 23:05:22.663  INFO 17660 --- [           main] c.r.c.servicetests.UserServiceTest       : The following profiles are active: UserService-test
2021-12-23 23:05:22.737  INFO 17660 --- [           main] .s.d.r.c.RepositoryConfigurationDelegate : Bootstrapping Spring Data JPA repositories in DEFAULT mode.
2021-12-23 23:05:22.739  INFO 17660 --- [           main] .s.d.r.c.RepositoryConfigurationDelegate : Finished Spring Data repository scanning in 1 ms. Found 0 JPA repository interfaces.
2021-12-23 23:05:22.787  INFO 17660 --- [           main] com.zaxxer.hikari.HikariDataSource       : HikariPool-84 - Starting...
2021-12-23 23:05:22.788  INFO 17660 --- [           main] com.zaxxer.hikari.HikariDataSource       : HikariPool-84 - Start completed.
2021-12-23 23:05:22.794  INFO 17660 --- [           main] o.hibernate.jpa.internal.util.LogHelper  : HHH000204: Processing PersistenceUnitInfo [name: default]
2021-12-23 23:05:22.796  INFO 17660 --- [           main] org.hibernate.dialect.Dialect            : HHH000400: Using dialect: org.hibernate.dialect.H2Dialect
2021-12-23 23:05:22.821  INFO 17660 --- [           main] o.h.e.t.j.p.i.JtaPlatformInitiator       : HHH000490: Using JtaPlatform implementation: [org.hibernate.engine.transaction.jta.platform.internal.NoJtaPlatform]
2021-12-23 23:05:22.821  INFO 17660 --- [           main] j.LocalContainerEntityManagerFactoryBean : Initialized JPA EntityManagerFactory for persistence unit 'default'
2021-12-23 23:05:22.873  WARN 17660 --- [           main] JpaBaseConfiguration$JpaWebConfiguration : spring.jpa.open-in-view is enabled by default. Therefore, database queries may be performed during view rendering. Explicitly configure spring.jpa.open-in-view to disable this warning
2021-12-23 23:05:23.060  INFO 17660 --- [           main] c.r.c.servicetests.UserServiceTest       : Started UserServiceTest in 0.407 seconds (JVM running for 46.222)
]]></system-out>
  </testcase>
  <testcase name="testAddCustomer_NoEmailInput_OtherFieldsValid_NegativeTest" classname="com.revature.caseclothes.servicetests.UserServiceTest" time="0.389">
    <system-out><![CDATA[2021-12-23 23:05:23.064  INFO 17660 --- [           main] j.LocalContainerEntityManagerFactoryBean : Closing JPA EntityManagerFactory for persistence unit 'default'
2021-12-23 23:05:23.064  INFO 17660 --- [           main] .SchemaDropperImpl$DelayedDropActionImpl : HHH000477: Starting delayed evictData of schema as part of SessionFactory shut-down'
2021-12-23 23:05:23.065  INFO 17660 --- [           main] com.zaxxer.hikari.HikariDataSource       : HikariPool-84 - Shutdown initiated...
2021-12-23 23:05:23.065  INFO 17660 --- [           main] com.zaxxer.hikari.HikariDataSource       : HikariPool-84 - Shutdown completed.

  .   ____          _            __ _ _
 /\\ / ___'_ __ _ _(_)_ __  __ _ \ \ \ \
( ( )\___ | '_ | '_| | '_ \/ _` | \ \ \ \
 \\/  ___)| |_)| | | | | || (_| |  ) ) ) )
  '  |____| .__|_| |_|_| |_\__, | / / / /
 =========|_|==============|___/=/_/_/_/
 :: Spring Boot ::                (v2.6.1)

2021-12-23 23:05:23.077  INFO 17660 --- [           main] c.r.c.servicetests.UserServiceTest       : Starting UserServiceTest using Java 1.8.0_301 on MSI-Jymm with PID 17660 (started by jymmm in D:\Curriculum-211018-Jymm\project-2-Team-Not-Found\case-clothes)
2021-12-23 23:05:23.077  INFO 17660 --- [           main] c.r.c.servicetests.UserServiceTest       : The following profiles are active: UserService-test
2021-12-23 23:05:23.160  INFO 17660 --- [           main] .s.d.r.c.RepositoryConfigurationDelegate : Bootstrapping Spring Data JPA repositories in DEFAULT mode.
2021-12-23 23:05:23.162  INFO 17660 --- [           main] .s.d.r.c.RepositoryConfigurationDelegate : Finished Spring Data repository scanning in 1 ms. Found 0 JPA repository interfaces.
2021-12-23 23:05:23.216  INFO 17660 --- [           main] com.zaxxer.hikari.HikariDataSource       : HikariPool-85 - Starting...
2021-12-23 23:05:23.217  INFO 17660 --- [           main] com.zaxxer.hikari.HikariDataSource       : HikariPool-85 - Start completed.
2021-12-23 23:05:23.223  INFO 17660 --- [           main] o.hibernate.jpa.internal.util.LogHelper  : HHH000204: Processing PersistenceUnitInfo [name: default]
2021-12-23 23:05:23.226  INFO 17660 --- [           main] org.hibernate.dialect.Dialect            : HHH000400: Using dialect: org.hibernate.dialect.H2Dialect
2021-12-23 23:05:23.255  INFO 17660 --- [           main] o.h.e.t.j.p.i.JtaPlatformInitiator       : HHH000490: Using JtaPlatform implementation: [org.hibernate.engine.transaction.jta.platform.internal.NoJtaPlatform]
2021-12-23 23:05:23.255  INFO 17660 --- [           main] j.LocalContainerEntityManagerFactoryBean : Initialized JPA EntityManagerFactory for persistence unit 'default'
2021-12-23 23:05:23.306  WARN 17660 --- [           main] JpaBaseConfiguration$JpaWebConfiguration : spring.jpa.open-in-view is enabled by default. Therefore, database queries may be performed during view rendering. Explicitly configure spring.jpa.open-in-view to disable this warning
2021-12-23 23:05:23.449  INFO 17660 --- [           main] c.r.c.servicetests.UserServiceTest       : Started UserServiceTest in 0.382 seconds (JVM running for 46.611)
]]></system-out>
  </testcase>
  <testcase name="testDeleteUserByID_customer" classname="com.revature.caseclothes.servicetests.UserServiceTest" time="0.425">
    <system-out><![CDATA[2021-12-23 23:05:23.454  INFO 17660 --- [           main] j.LocalContainerEntityManagerFactoryBean : Closing JPA EntityManagerFactory for persistence unit 'default'
2021-12-23 23:05:23.455  INFO 17660 --- [           main] .SchemaDropperImpl$DelayedDropActionImpl : HHH000477: Starting delayed evictData of schema as part of SessionFactory shut-down'
2021-12-23 23:05:23.456  INFO 17660 --- [           main] com.zaxxer.hikari.HikariDataSource       : HikariPool-85 - Shutdown initiated...
2021-12-23 23:05:23.456  INFO 17660 --- [           main] com.zaxxer.hikari.HikariDataSource       : HikariPool-85 - Shutdown completed.

  .   ____          _            __ _ _
 /\\ / ___'_ __ _ _(_)_ __  __ _ \ \ \ \
( ( )\___ | '_ | '_| | '_ \/ _` | \ \ \ \
 \\/  ___)| |_)| | | | | || (_| |  ) ) ) )
  '  |____| .__|_| |_|_| |_\__, | / / / /
 =========|_|==============|___/=/_/_/_/
 :: Spring Boot ::                (v2.6.1)

2021-12-23 23:05:23.469  INFO 17660 --- [           main] c.r.c.servicetests.UserServiceTest       : Starting UserServiceTest using Java 1.8.0_301 on MSI-Jymm with PID 17660 (started by jymmm in D:\Curriculum-211018-Jymm\project-2-Team-Not-Found\case-clothes)
2021-12-23 23:05:23.469  INFO 17660 --- [           main] c.r.c.servicetests.UserServiceTest       : The following profiles are active: UserService-test
2021-12-23 23:05:23.557  INFO 17660 --- [           main] .s.d.r.c.RepositoryConfigurationDelegate : Bootstrapping Spring Data JPA repositories in DEFAULT mode.
2021-12-23 23:05:23.560  INFO 17660 --- [           main] .s.d.r.c.RepositoryConfigurationDelegate : Finished Spring Data repository scanning in 2 ms. Found 0 JPA repository interfaces.
2021-12-23 23:05:23.624  INFO 17660 --- [           main] com.zaxxer.hikari.HikariDataSource       : HikariPool-86 - Starting...
2021-12-23 23:05:23.625  INFO 17660 --- [           main] com.zaxxer.hikari.HikariDataSource       : HikariPool-86 - Start completed.
2021-12-23 23:05:23.633  INFO 17660 --- [           main] o.hibernate.jpa.internal.util.LogHelper  : HHH000204: Processing PersistenceUnitInfo [name: default]
2021-12-23 23:05:23.636  INFO 17660 --- [           main] org.hibernate.dialect.Dialect            : HHH000400: Using dialect: org.hibernate.dialect.H2Dialect
2021-12-23 23:05:23.671  INFO 17660 --- [           main] o.h.e.t.j.p.i.JtaPlatformInitiator       : HHH000490: Using JtaPlatform implementation: [org.hibernate.engine.transaction.jta.platform.internal.NoJtaPlatform]
2021-12-23 23:05:23.671  INFO 17660 --- [           main] j.LocalContainerEntityManagerFactoryBean : Initialized JPA EntityManagerFactory for persistence unit 'default'
2021-12-23 23:05:23.732  WARN 17660 --- [           main] JpaBaseConfiguration$JpaWebConfiguration : spring.jpa.open-in-view is enabled by default. Therefore, database queries may be performed during view rendering. Explicitly configure spring.jpa.open-in-view to disable this warning
2021-12-23 23:05:23.876  INFO 17660 --- [           main] c.r.c.servicetests.UserServiceTest       : Started UserServiceTest in 0.417 seconds (JVM running for 47.037)
]]></system-out>
  </testcase>
  <testcase name="testGetUserByUsername_negative" classname="com.revature.caseclothes.servicetests.UserServiceTest" time="0.402">
    <system-out><![CDATA[2021-12-23 23:05:23.879  INFO 17660 --- [           main] j.LocalContainerEntityManagerFactoryBean : Closing JPA EntityManagerFactory for persistence unit 'default'
2021-12-23 23:05:23.880  INFO 17660 --- [           main] .SchemaDropperImpl$DelayedDropActionImpl : HHH000477: Starting delayed evictData of schema as part of SessionFactory shut-down'
2021-12-23 23:05:23.880  INFO 17660 --- [           main] com.zaxxer.hikari.HikariDataSource       : HikariPool-86 - Shutdown initiated...
2021-12-23 23:05:23.881  INFO 17660 --- [           main] com.zaxxer.hikari.HikariDataSource       : HikariPool-86 - Shutdown completed.

  .   ____          _            __ _ _
 /\\ / ___'_ __ _ _(_)_ __  __ _ \ \ \ \
( ( )\___ | '_ | '_| | '_ \/ _` | \ \ \ \
 \\/  ___)| |_)| | | | | || (_| |  ) ) ) )
  '  |____| .__|_| |_|_| |_\__, | / / / /
 =========|_|==============|___/=/_/_/_/
 :: Spring Boot ::                (v2.6.1)

2021-12-23 23:05:23.892  INFO 17660 --- [           main] c.r.c.servicetests.UserServiceTest       : Starting UserServiceTest using Java 1.8.0_301 on MSI-Jymm with PID 17660 (started by jymmm in D:\Curriculum-211018-Jymm\project-2-Team-Not-Found\case-clothes)
2021-12-23 23:05:23.892  INFO 17660 --- [           main] c.r.c.servicetests.UserServiceTest       : The following profiles are active: UserService-test
2021-12-23 23:05:23.962  INFO 17660 --- [           main] .s.d.r.c.RepositoryConfigurationDelegate : Bootstrapping Spring Data JPA repositories in DEFAULT mode.
2021-12-23 23:05:23.965  INFO 17660 --- [           main] .s.d.r.c.RepositoryConfigurationDelegate : Finished Spring Data repository scanning in 1 ms. Found 0 JPA repository interfaces.
2021-12-23 23:05:24.017  INFO 17660 --- [           main] com.zaxxer.hikari.HikariDataSource       : HikariPool-87 - Starting...
2021-12-23 23:05:24.017  INFO 17660 --- [           main] com.zaxxer.hikari.HikariDataSource       : HikariPool-87 - Start completed.
2021-12-23 23:05:24.024  INFO 17660 --- [           main] o.hibernate.jpa.internal.util.LogHelper  : HHH000204: Processing PersistenceUnitInfo [name: default]
2021-12-23 23:05:24.027  INFO 17660 --- [           main] org.hibernate.dialect.Dialect            : HHH000400: Using dialect: org.hibernate.dialect.H2Dialect
2021-12-23 23:05:24.053  INFO 17660 --- [           main] o.h.e.t.j.p.i.JtaPlatformInitiator       : HHH000490: Using JtaPlatform implementation: [org.hibernate.engine.transaction.jta.platform.internal.NoJtaPlatform]
2021-12-23 23:05:24.054  INFO 17660 --- [           main] j.LocalContainerEntityManagerFactoryBean : Initialized JPA EntityManagerFactory for persistence unit 'default'
2021-12-23 23:05:24.130  WARN 17660 --- [           main] JpaBaseConfiguration$JpaWebConfiguration : spring.jpa.open-in-view is enabled by default. Therefore, database queries may be performed during view rendering. Explicitly configure spring.jpa.open-in-view to disable this warning
2021-12-23 23:05:24.278  INFO 17660 --- [           main] c.r.c.servicetests.UserServiceTest       : Started UserServiceTest in 0.396 seconds (JVM running for 47.439)
]]></system-out>
  </testcase>
  <testcase name="testAddAdmin_negative" classname="com.revature.caseclothes.servicetests.UserServiceTest" time="0.404">
    <system-out><![CDATA[2021-12-23 23:05:24.282  INFO 17660 --- [           main] j.LocalContainerEntityManagerFactoryBean : Closing JPA EntityManagerFactory for persistence unit 'default'
2021-12-23 23:05:24.282  INFO 17660 --- [           main] .SchemaDropperImpl$DelayedDropActionImpl : HHH000477: Starting delayed evictData of schema as part of SessionFactory shut-down'
2021-12-23 23:05:24.283  INFO 17660 --- [           main] com.zaxxer.hikari.HikariDataSource       : HikariPool-87 - Shutdown initiated...
2021-12-23 23:05:24.284  INFO 17660 --- [           main] com.zaxxer.hikari.HikariDataSource       : HikariPool-87 - Shutdown completed.

  .   ____          _            __ _ _
 /\\ / ___'_ __ _ _(_)_ __  __ _ \ \ \ \
( ( )\___ | '_ | '_| | '_ \/ _` | \ \ \ \
 \\/  ___)| |_)| | | | | || (_| |  ) ) ) )
  '  |____| .__|_| |_|_| |_\__, | / / / /
 =========|_|==============|___/=/_/_/_/
 :: Spring Boot ::                (v2.6.1)

2021-12-23 23:05:24.296  INFO 17660 --- [           main] c.r.c.servicetests.UserServiceTest       : Starting UserServiceTest using Java 1.8.0_301 on MSI-Jymm with PID 17660 (started by jymmm in D:\Curriculum-211018-Jymm\project-2-Team-Not-Found\case-clothes)
2021-12-23 23:05:24.296  INFO 17660 --- [           main] c.r.c.servicetests.UserServiceTest       : The following profiles are active: UserService-test
2021-12-23 23:05:24.378  INFO 17660 --- [           main] .s.d.r.c.RepositoryConfigurationDelegate : Bootstrapping Spring Data JPA repositories in DEFAULT mode.
2021-12-23 23:05:24.379  INFO 17660 --- [           main] .s.d.r.c.RepositoryConfigurationDelegate : Finished Spring Data repository scanning in 1 ms. Found 0 JPA repository interfaces.
2021-12-23 23:05:24.434  INFO 17660 --- [           main] com.zaxxer.hikari.HikariDataSource       : HikariPool-88 - Starting...
2021-12-23 23:05:24.434  INFO 17660 --- [           main] com.zaxxer.hikari.HikariDataSource       : HikariPool-88 - Start completed.
2021-12-23 23:05:24.441  INFO 17660 --- [           main] o.hibernate.jpa.internal.util.LogHelper  : HHH000204: Processing PersistenceUnitInfo [name: default]
2021-12-23 23:05:24.444  INFO 17660 --- [           main] org.hibernate.dialect.Dialect            : HHH000400: Using dialect: org.hibernate.dialect.H2Dialect
2021-12-23 23:05:24.471  INFO 17660 --- [           main] o.h.e.t.j.p.i.JtaPlatformInitiator       : HHH000490: Using JtaPlatform implementation: [org.hibernate.engine.transaction.jta.platform.internal.NoJtaPlatform]
2021-12-23 23:05:24.471  INFO 17660 --- [           main] j.LocalContainerEntityManagerFactoryBean : Initialized JPA EntityManagerFactory for persistence unit 'default'
2021-12-23 23:05:24.525  WARN 17660 --- [           main] JpaBaseConfiguration$JpaWebConfiguration : spring.jpa.open-in-view is enabled by default. Therefore, database queries may be performed during view rendering. Explicitly configure spring.jpa.open-in-view to disable this warning
2021-12-23 23:05:24.682  INFO 17660 --- [           main] c.r.c.servicetests.UserServiceTest       : Started UserServiceTest in 0.396 seconds (JVM running for 47.843)
]]></system-out>
  </testcase>
  <testcase name="testUpdateUser_NoEmailInput_OtherFieldsValid_NegativeTest" classname="com.revature.caseclothes.servicetests.UserServiceTest" time="0.364">
    <system-out><![CDATA[2021-12-23 23:05:24.686  INFO 17660 --- [           main] j.LocalContainerEntityManagerFactoryBean : Closing JPA EntityManagerFactory for persistence unit 'default'
2021-12-23 23:05:24.687  INFO 17660 --- [           main] .SchemaDropperImpl$DelayedDropActionImpl : HHH000477: Starting delayed evictData of schema as part of SessionFactory shut-down'
2021-12-23 23:05:24.688  INFO 17660 --- [           main] com.zaxxer.hikari.HikariDataSource       : HikariPool-88 - Shutdown initiated...
2021-12-23 23:05:24.688  INFO 17660 --- [           main] com.zaxxer.hikari.HikariDataSource       : HikariPool-88 - Shutdown completed.

  .   ____          _            __ _ _
 /\\ / ___'_ __ _ _(_)_ __  __ _ \ \ \ \
( ( )\___ | '_ | '_| | '_ \/ _` | \ \ \ \
 \\/  ___)| |_)| | | | | || (_| |  ) ) ) )
  '  |____| .__|_| |_|_| |_\__, | / / / /
 =========|_|==============|___/=/_/_/_/
 :: Spring Boot ::                (v2.6.1)

2021-12-23 23:05:24.699  INFO 17660 --- [           main] c.r.c.servicetests.UserServiceTest       : Starting UserServiceTest using Java 1.8.0_301 on MSI-Jymm with PID 17660 (started by jymmm in D:\Curriculum-211018-Jymm\project-2-Team-Not-Found\case-clothes)
2021-12-23 23:05:24.699  INFO 17660 --- [           main] c.r.c.servicetests.UserServiceTest       : The following profiles are active: UserService-test
2021-12-23 23:05:24.770  INFO 17660 --- [           main] .s.d.r.c.RepositoryConfigurationDelegate : Bootstrapping Spring Data JPA repositories in DEFAULT mode.
2021-12-23 23:05:24.772  INFO 17660 --- [           main] .s.d.r.c.RepositoryConfigurationDelegate : Finished Spring Data repository scanning in 1 ms. Found 0 JPA repository interfaces.
2021-12-23 23:05:24.822  INFO 17660 --- [           main] com.zaxxer.hikari.HikariDataSource       : HikariPool-89 - Starting...
2021-12-23 23:05:24.822  INFO 17660 --- [           main] com.zaxxer.hikari.HikariDataSource       : HikariPool-89 - Start completed.
2021-12-23 23:05:24.828  INFO 17660 --- [           main] o.hibernate.jpa.internal.util.LogHelper  : HHH000204: Processing PersistenceUnitInfo [name: default]
2021-12-23 23:05:24.830  INFO 17660 --- [           main] org.hibernate.dialect.Dialect            : HHH000400: Using dialect: org.hibernate.dialect.H2Dialect
2021-12-23 23:05:24.856  INFO 17660 --- [           main] o.h.e.t.j.p.i.JtaPlatformInitiator       : HHH000490: Using JtaPlatform implementation: [org.hibernate.engine.transaction.jta.platform.internal.NoJtaPlatform]
2021-12-23 23:05:24.856  INFO 17660 --- [           main] j.LocalContainerEntityManagerFactoryBean : Initialized JPA EntityManagerFactory for persistence unit 'default'
2021-12-23 23:05:24.905  WARN 17660 --- [           main] JpaBaseConfiguration$JpaWebConfiguration : spring.jpa.open-in-view is enabled by default. Therefore, database queries may be performed during view rendering. Explicitly configure spring.jpa.open-in-view to disable this warning
2021-12-23 23:05:25.047  INFO 17660 --- [           main] c.r.c.servicetests.UserServiceTest       : Started UserServiceTest in 0.358 seconds (JVM running for 48.209)
]]></system-out>
  </testcase>
  <testcase name="testDeleteUserByID_negative" classname="com.revature.caseclothes.servicetests.UserServiceTest" time="0.406">
    <system-out><![CDATA[2021-12-23 23:05:25.050  INFO 17660 --- [           main] j.LocalContainerEntityManagerFactoryBean : Closing JPA EntityManagerFactory for persistence unit 'default'
2021-12-23 23:05:25.051  INFO 17660 --- [           main] .SchemaDropperImpl$DelayedDropActionImpl : HHH000477: Starting delayed evictData of schema as part of SessionFactory shut-down'
2021-12-23 23:05:25.051  INFO 17660 --- [           main] com.zaxxer.hikari.HikariDataSource       : HikariPool-89 - Shutdown initiated...
2021-12-23 23:05:25.052  INFO 17660 --- [           main] com.zaxxer.hikari.HikariDataSource       : HikariPool-89 - Shutdown completed.

  .   ____          _            __ _ _
 /\\ / ___'_ __ _ _(_)_ __  __ _ \ \ \ \
( ( )\___ | '_ | '_| | '_ \/ _` | \ \ \ \
 \\/  ___)| |_)| | | | | || (_| |  ) ) ) )
  '  |____| .__|_| |_|_| |_\__, | / / / /
 =========|_|==============|___/=/_/_/_/
 :: Spring Boot ::                (v2.6.1)

2021-12-23 23:05:25.062  INFO 17660 --- [           main] c.r.c.servicetests.UserServiceTest       : Starting UserServiceTest using Java 1.8.0_301 on MSI-Jymm with PID 17660 (started by jymmm in D:\Curriculum-211018-Jymm\project-2-Team-Not-Found\case-clothes)
2021-12-23 23:05:25.062  INFO 17660 --- [           main] c.r.c.servicetests.UserServiceTest       : The following profiles are active: UserService-test
2021-12-23 23:05:25.133  INFO 17660 --- [           main] .s.d.r.c.RepositoryConfigurationDelegate : Bootstrapping Spring Data JPA repositories in DEFAULT mode.
2021-12-23 23:05:25.134  INFO 17660 --- [           main] .s.d.r.c.RepositoryConfigurationDelegate : Finished Spring Data repository scanning in 1 ms. Found 0 JPA repository interfaces.
2021-12-23 23:05:25.183  INFO 17660 --- [           main] com.zaxxer.hikari.HikariDataSource       : HikariPool-90 - Starting...
2021-12-23 23:05:25.183  INFO 17660 --- [           main] com.zaxxer.hikari.HikariDataSource       : HikariPool-90 - Start completed.
2021-12-23 23:05:25.190  INFO 17660 --- [           main] o.hibernate.jpa.internal.util.LogHelper  : HHH000204: Processing PersistenceUnitInfo [name: default]
2021-12-23 23:05:25.193  INFO 17660 --- [           main] org.hibernate.dialect.Dialect            : HHH000400: Using dialect: org.hibernate.dialect.H2Dialect
2021-12-23 23:05:25.224  INFO 17660 --- [           main] o.h.e.t.j.p.i.JtaPlatformInitiator       : HHH000490: Using JtaPlatform implementation: [org.hibernate.engine.transaction.jta.platform.internal.NoJtaPlatform]
2021-12-23 23:05:25.225  INFO 17660 --- [           main] j.LocalContainerEntityManagerFactoryBean : Initialized JPA EntityManagerFactory for persistence unit 'default'
2021-12-23 23:05:25.293  WARN 17660 --- [           main] JpaBaseConfiguration$JpaWebConfiguration : spring.jpa.open-in-view is enabled by default. Therefore, database queries may be performed during view rendering. Explicitly configure spring.jpa.open-in-view to disable this warning
2021-12-23 23:05:25.453  INFO 17660 --- [           main] c.r.c.servicetests.UserServiceTest       : Started UserServiceTest in 0.399 seconds (JVM running for 48.615)
]]></system-out>
  </testcase>
  <testcase name="testUpdateUser_NoAddressInput_OtherFieldsValid_NegativeTest" classname="com.revature.caseclothes.servicetests.UserServiceTest" time="0.41">
    <system-out><![CDATA[2021-12-23 23:05:25.458  INFO 17660 --- [           main] j.LocalContainerEntityManagerFactoryBean : Closing JPA EntityManagerFactory for persistence unit 'default'
2021-12-23 23:05:25.458  INFO 17660 --- [           main] .SchemaDropperImpl$DelayedDropActionImpl : HHH000477: Starting delayed evictData of schema as part of SessionFactory shut-down'
2021-12-23 23:05:25.459  INFO 17660 --- [           main] com.zaxxer.hikari.HikariDataSource       : HikariPool-90 - Shutdown initiated...
2021-12-23 23:05:25.459  INFO 17660 --- [           main] com.zaxxer.hikari.HikariDataSource       : HikariPool-90 - Shutdown completed.

  .   ____          _            __ _ _
 /\\ / ___'_ __ _ _(_)_ __  __ _ \ \ \ \
( ( )\___ | '_ | '_| | '_ \/ _` | \ \ \ \
 \\/  ___)| |_)| | | | | || (_| |  ) ) ) )
  '  |____| .__|_| |_|_| |_\__, | / / / /
 =========|_|==============|___/=/_/_/_/
 :: Spring Boot ::                (v2.6.1)

2021-12-23 23:05:25.470  INFO 17660 --- [           main] c.r.c.servicetests.UserServiceTest       : Starting UserServiceTest using Java 1.8.0_301 on MSI-Jymm with PID 17660 (started by jymmm in D:\Curriculum-211018-Jymm\project-2-Team-Not-Found\case-clothes)
2021-12-23 23:05:25.470  INFO 17660 --- [           main] c.r.c.servicetests.UserServiceTest       : The following profiles are active: UserService-test
2021-12-23 23:05:25.547  INFO 17660 --- [           main] .s.d.r.c.RepositoryConfigurationDelegate : Bootstrapping Spring Data JPA repositories in DEFAULT mode.
2021-12-23 23:05:25.549  INFO 17660 --- [           main] .s.d.r.c.RepositoryConfigurationDelegate : Finished Spring Data repository scanning in 1 ms. Found 0 JPA repository interfaces.
2021-12-23 23:05:25.607  INFO 17660 --- [           main] com.zaxxer.hikari.HikariDataSource       : HikariPool-91 - Starting...
2021-12-23 23:05:25.607  INFO 17660 --- [           main] com.zaxxer.hikari.HikariDataSource       : HikariPool-91 - Start completed.
2021-12-23 23:05:25.615  INFO 17660 --- [           main] o.hibernate.jpa.internal.util.LogHelper  : HHH000204: Processing PersistenceUnitInfo [name: default]
2021-12-23 23:05:25.617  INFO 17660 --- [           main] org.hibernate.dialect.Dialect            : HHH000400: Using dialect: org.hibernate.dialect.H2Dialect
2021-12-23 23:05:25.642  INFO 17660 --- [           main] o.h.e.t.j.p.i.JtaPlatformInitiator       : HHH000490: Using JtaPlatform implementation: [org.hibernate.engine.transaction.jta.platform.internal.NoJtaPlatform]
2021-12-23 23:05:25.643  INFO 17660 --- [           main] j.LocalContainerEntityManagerFactoryBean : Initialized JPA EntityManagerFactory for persistence unit 'default'
2021-12-23 23:05:25.695  WARN 17660 --- [           main] JpaBaseConfiguration$JpaWebConfiguration : spring.jpa.open-in-view is enabled by default. Therefore, database queries may be performed during view rendering. Explicitly configure spring.jpa.open-in-view to disable this warning
2021-12-23 23:05:25.864  INFO 17660 --- [           main] c.r.c.servicetests.UserServiceTest       : Started UserServiceTest in 0.403 seconds (JVM running for 49.026)
]]></system-out>
  </testcase>
  <testcase name="testAddCustomer_NoLastNameInput_OtherFieldsValid_NegativeTest" classname="com.revature.caseclothes.servicetests.UserServiceTest" time="0.382">
    <system-out><![CDATA[2021-12-23 23:05:25.868  INFO 17660 --- [           main] j.LocalContainerEntityManagerFactoryBean : Closing JPA EntityManagerFactory for persistence unit 'default'
2021-12-23 23:05:25.868  INFO 17660 --- [           main] .SchemaDropperImpl$DelayedDropActionImpl : HHH000477: Starting delayed evictData of schema as part of SessionFactory shut-down'
2021-12-23 23:05:25.868  INFO 17660 --- [           main] com.zaxxer.hikari.HikariDataSource       : HikariPool-91 - Shutdown initiated...
2021-12-23 23:05:25.869  INFO 17660 --- [           main] com.zaxxer.hikari.HikariDataSource       : HikariPool-91 - Shutdown completed.

  .   ____          _            __ _ _
 /\\ / ___'_ __ _ _(_)_ __  __ _ \ \ \ \
( ( )\___ | '_ | '_| | '_ \/ _` | \ \ \ \
 \\/  ___)| |_)| | | | | || (_| |  ) ) ) )
  '  |____| .__|_| |_|_| |_\__, | / / / /
 =========|_|==============|___/=/_/_/_/
 :: Spring Boot ::                (v2.6.1)

2021-12-23 23:05:25.879  INFO 17660 --- [           main] c.r.c.servicetests.UserServiceTest       : Starting UserServiceTest using Java 1.8.0_301 on MSI-Jymm with PID 17660 (started by jymmm in D:\Curriculum-211018-Jymm\project-2-Team-Not-Found\case-clothes)
2021-12-23 23:05:25.879  INFO 17660 --- [           main] c.r.c.servicetests.UserServiceTest       : The following profiles are active: UserService-test
2021-12-23 23:05:25.947  INFO 17660 --- [           main] .s.d.r.c.RepositoryConfigurationDelegate : Bootstrapping Spring Data JPA repositories in DEFAULT mode.
2021-12-23 23:05:25.949  INFO 17660 --- [           main] .s.d.r.c.RepositoryConfigurationDelegate : Finished Spring Data repository scanning in 1 ms. Found 0 JPA repository interfaces.
2021-12-23 23:05:25.997  INFO 17660 --- [           main] com.zaxxer.hikari.HikariDataSource       : HikariPool-92 - Starting...
2021-12-23 23:05:25.997  INFO 17660 --- [           main] com.zaxxer.hikari.HikariDataSource       : HikariPool-92 - Start completed.
2021-12-23 23:05:26.004  INFO 17660 --- [           main] o.hibernate.jpa.internal.util.LogHelper  : HHH000204: Processing PersistenceUnitInfo [name: default]
2021-12-23 23:05:26.006  INFO 17660 --- [           main] org.hibernate.dialect.Dialect            : HHH000400: Using dialect: org.hibernate.dialect.H2Dialect
2021-12-23 23:05:26.033  INFO 17660 --- [           main] o.h.e.t.j.p.i.JtaPlatformInitiator       : HHH000490: Using JtaPlatform implementation: [org.hibernate.engine.transaction.jta.platform.internal.NoJtaPlatform]
2021-12-23 23:05:26.033  INFO 17660 --- [           main] j.LocalContainerEntityManagerFactoryBean : Initialized JPA EntityManagerFactory for persistence unit 'default'
2021-12-23 23:05:26.092  WARN 17660 --- [           main] JpaBaseConfiguration$JpaWebConfiguration : spring.jpa.open-in-view is enabled by default. Therefore, database queries may be performed during view rendering. Explicitly configure spring.jpa.open-in-view to disable this warning
2021-12-23 23:05:26.246  INFO 17660 --- [           main] c.r.c.servicetests.UserServiceTest       : Started UserServiceTest in 0.376 seconds (JVM running for 49.407)
]]></system-out>
  </testcase>
</testsuite>