<?xml version="1.0" encoding="UTF-8"?>
<<<<<<< HEAD
<testsuite xmlns:xsi="http://www.w3.org/2001/XMLSchema-instance" xsi:noNamespaceSchemaLocation="https://maven.apache.org/surefire/maven-surefire-plugin/xsd/surefire-test-report-3.0.xsd" version="3.0" name="com.revature.caseclothes.daounittests.ProductDaoTest" time="7.94" tests="11" errors="0" skipped="0" failures="0">
=======
<testsuite xmlns:xsi="http://www.w3.org/2001/XMLSchema-instance" xsi:noNamespaceSchemaLocation="https://maven.apache.org/surefire/maven-surefire-plugin/xsd/surefire-test-report-3.0.xsd" version="3.0" name="com.revature.caseclothes.daounittests.ProductDaoTest" time="7.479" tests="11" errors="0" skipped="0" failures="0">
>>>>>>> jymm-branch
  <properties>
    <property name="sun.desktop" value="windows"/>
    <property name="awt.toolkit" value="sun.awt.windows.WToolkit"/>
    <property name="file.encoding.pkg" value="sun.io"/>
    <property name="java.specification.version" value="1.8"/>
    <property name="sun.cpu.isalist" value="amd64"/>
    <property name="sun.jnu.encoding" value="Cp1252"/>
    <property name="java.class.path" value="D:\Curriculum-211018-Jymm\project-2-Team-Not-Found\case-clothes\target\test-classes;D:\Curriculum-211018-Jymm\project-2-Team-Not-Found\case-clothes\target\classes;C:\Users\jymmm\.m2\repository\org\springframework\boot\spring-boot-starter-data-jpa\2.6.1\spring-boot-starter-data-jpa-2.6.1.jar;C:\Users\jymmm\.m2\repository\org\springframework\boot\spring-boot-starter-aop\2.6.1\spring-boot-starter-aop-2.6.1.jar;C:\Users\jymmm\.m2\repository\org\springframework\spring-aop\5.3.13\spring-aop-5.3.13.jar;C:\Users\jymmm\.m2\repository\org\aspectj\aspectjweaver\1.9.7\aspectjweaver-1.9.7.jar;C:\Users\jymmm\.m2\repository\org\springframework\boot\spring-boot-starter-jdbc\2.6.1\spring-boot-starter-jdbc-2.6.1.jar;C:\Users\jymmm\.m2\repository\com\zaxxer\HikariCP\4.0.3\HikariCP-4.0.3.jar;C:\Users\jymmm\.m2\repository\org\springframework\spring-jdbc\5.3.13\spring-jdbc-5.3.13.jar;C:\Users\jymmm\.m2\repository\jakarta\transaction\jakarta.transaction-api\1.3.3\jakarta.transaction-api-1.3.3.jar;C:\Users\jymmm\.m2\repository\jakarta\persistence\jakarta.persistence-api\2.2.3\jakarta.persistence-api-2.2.3.jar;C:\Users\jymmm\.m2\repository\org\hibernate\hibernate-core\5.6.1.Final\hibernate-core-5.6.1.Final.jar;C:\Users\jymmm\.m2\repository\org\jboss\logging\jboss-logging\3.4.2.Final\jboss-logging-3.4.2.Final.jar;C:\Users\jymmm\.m2\repository\antlr\antlr\2.7.7\antlr-2.7.7.jar;C:\Users\jymmm\.m2\repository\org\jboss\jandex\2.2.3.Final\jandex-2.2.3.Final.jar;C:\Users\jymmm\.m2\repository\com\fasterxml\classmate\1.5.1\classmate-1.5.1.jar;C:\Users\jymmm\.m2\repository\org\hibernate\common\hibernate-commons-annotations\5.1.2.Final\hibernate-commons-annotations-5.1.2.Final.jar;C:\Users\jymmm\.m2\repository\org\glassfish\jaxb\jaxb-runtime\2.3.5\jaxb-runtime-2.3.5.jar;C:\Users\jymmm\.m2\repository\org\glassfish\jaxb\txw2\2.3.5\txw2-2.3.5.jar;C:\Users\jymmm\.m2\repository\com\sun\istack\istack-commons-runtime\3.0.12\istack-commons-runtime-3.0.12.jar;C:\Users\jymmm\.m2\repository\com\sun\activation\jakarta.activation\1.2.2\jakarta.activation-1.2.2.jar;C:\Users\jymmm\.m2\repository\org\springframework\data\spring-data-jpa\2.6.0\spring-data-jpa-2.6.0.jar;C:\Users\jymmm\.m2\repository\org\springframework\data\spring-data-commons\2.6.0\spring-data-commons-2.6.0.jar;C:\Users\jymmm\.m2\repository\org\springframework\spring-orm\5.3.13\spring-orm-5.3.13.jar;C:\Users\jymmm\.m2\repository\org\springframework\spring-context\5.3.13\spring-context-5.3.13.jar;C:\Users\jymmm\.m2\repository\org\springframework\spring-tx\5.3.13\spring-tx-5.3.13.jar;C:\Users\jymmm\.m2\repository\org\springframework\spring-beans\5.3.13\spring-beans-5.3.13.jar;C:\Users\jymmm\.m2\repository\org\slf4j\slf4j-api\1.7.32\slf4j-api-1.7.32.jar;C:\Users\jymmm\.m2\repository\org\springframework\spring-aspects\5.3.13\spring-aspects-5.3.13.jar;C:\Users\jymmm\.m2\repository\org\springframework\boot\spring-boot-starter-web\2.6.1\spring-boot-starter-web-2.6.1.jar;C:\Users\jymmm\.m2\repository\org\springframework\boot\spring-boot-starter\2.6.1\spring-boot-starter-2.6.1.jar;C:\Users\jymmm\.m2\repository\org\springframework\boot\spring-boot\2.6.1\spring-boot-2.6.1.jar;C:\Users\jymmm\.m2\repository\org\springframework\boot\spring-boot-autoconfigure\2.6.1\spring-boot-autoconfigure-2.6.1.jar;C:\Users\jymmm\.m2\repository\org\springframework\boot\spring-boot-starter-logging\2.6.1\spring-boot-starter-logging-2.6.1.jar;C:\Users\jymmm\.m2\repository\ch\qos\logback\logback-classic\1.2.7\logback-classic-1.2.7.jar;C:\Users\jymmm\.m2\repository\ch\qos\logback\logback-core\1.2.7\logback-core-1.2.7.jar;C:\Users\jymmm\.m2\repository\org\apache\logging\log4j\log4j-to-slf4j\2.14.1\log4j-to-slf4j-2.14.1.jar;C:\Users\jymmm\.m2\repository\org\apache\logging\log4j\log4j-api\2.14.1\log4j-api-2.14.1.jar;C:\Users\jymmm\.m2\repository\org\slf4j\jul-to-slf4j\1.7.32\jul-to-slf4j-1.7.32.jar;C:\Users\jymmm\.m2\repository\jakarta\annotation\jakarta.annotation-api\1.3.5\jakarta.annotation-api-1.3.5.jar;C:\Users\jymmm\.m2\repository\org\yaml\snakeyaml\1.29\snakeyaml-1.29.jar;C:\Users\jymmm\.m2\repository\org\springframework\boot\spring-boot-starter-json\2.6.1\spring-boot-starter-json-2.6.1.jar;C:\Users\jymmm\.m2\repository\com\fasterxml\jackson\core\jackson-databind\2.13.0\jackson-databind-2.13.0.jar;C:\Users\jymmm\.m2\repository\com\fasterxml\jackson\core\jackson-annotations\2.13.0\jackson-annotations-2.13.0.jar;C:\Users\jymmm\.m2\repository\com\fasterxml\jackson\core\jackson-core\2.13.0\jackson-core-2.13.0.jar;C:\Users\jymmm\.m2\repository\com\fasterxml\jackson\datatype\jackson-datatype-jdk8\2.13.0\jackson-datatype-jdk8-2.13.0.jar;C:\Users\jymmm\.m2\repository\com\fasterxml\jackson\datatype\jackson-datatype-jsr310\2.13.0\jackson-datatype-jsr310-2.13.0.jar;C:\Users\jymmm\.m2\repository\com\fasterxml\jackson\module\jackson-module-parameter-names\2.13.0\jackson-module-parameter-names-2.13.0.jar;C:\Users\jymmm\.m2\repository\org\springframework\boot\spring-boot-starter-tomcat\2.6.1\spring-boot-starter-tomcat-2.6.1.jar;C:\Users\jymmm\.m2\repository\org\apache\tomcat\embed\tomcat-embed-core\9.0.55\tomcat-embed-core-9.0.55.jar;C:\Users\jymmm\.m2\repository\org\apache\tomcat\embed\tomcat-embed-el\9.0.55\tomcat-embed-el-9.0.55.jar;C:\Users\jymmm\.m2\repository\org\apache\tomcat\embed\tomcat-embed-websocket\9.0.55\tomcat-embed-websocket-9.0.55.jar;C:\Users\jymmm\.m2\repository\org\springframework\spring-web\5.3.13\spring-web-5.3.13.jar;C:\Users\jymmm\.m2\repository\org\springframework\spring-webmvc\5.3.13\spring-webmvc-5.3.13.jar;C:\Users\jymmm\.m2\repository\org\springframework\spring-expression\5.3.13\spring-expression-5.3.13.jar;C:\Users\jymmm\.m2\repository\org\postgresql\postgresql\42.3.1\postgresql-42.3.1.jar;C:\Users\jymmm\.m2\repository\org\checkerframework\checker-qual\3.5.0\checker-qual-3.5.0.jar;C:\Users\jymmm\.m2\repository\org\springframework\boot\spring-boot-starter-test\2.6.1\spring-boot-starter-test-2.6.1.jar;C:\Users\jymmm\.m2\repository\org\springframework\boot\spring-boot-test\2.6.1\spring-boot-test-2.6.1.jar;C:\Users\jymmm\.m2\repository\org\springframework\boot\spring-boot-test-autoconfigure\2.6.1\spring-boot-test-autoconfigure-2.6.1.jar;C:\Users\jymmm\.m2\repository\com\jayway\jsonpath\json-path\2.6.0\json-path-2.6.0.jar;C:\Users\jymmm\.m2\repository\net\minidev\json-smart\2.4.7\json-smart-2.4.7.jar;C:\Users\jymmm\.m2\repository\net\minidev\accessors-smart\2.4.7\accessors-smart-2.4.7.jar;C:\Users\jymmm\.m2\repository\org\ow2\asm\asm\9.1\asm-9.1.jar;C:\Users\jymmm\.m2\repository\jakarta\xml\bind\jakarta.xml.bind-api\2.3.3\jakarta.xml.bind-api-2.3.3.jar;C:\Users\jymmm\.m2\repository\jakarta\activation\jakarta.activation-api\1.2.2\jakarta.activation-api-1.2.2.jar;C:\Users\jymmm\.m2\repository\org\assertj\assertj-core\3.21.0\assertj-core-3.21.0.jar;C:\Users\jymmm\.m2\repository\org\hamcrest\hamcrest\2.2\hamcrest-2.2.jar;C:\Users\jymmm\.m2\repository\org\junit\jupiter\junit-jupiter\5.8.1\junit-jupiter-5.8.1.jar;C:\Users\jymmm\.m2\repository\org\junit\jupiter\junit-jupiter-params\5.8.1\junit-jupiter-params-5.8.1.jar;C:\Users\jymmm\.m2\repository\org\junit\jupiter\junit-jupiter-engine\5.8.1\junit-jupiter-engine-5.8.1.jar;C:\Users\jymmm\.m2\repository\org\junit\platform\junit-platform-engine\1.8.1\junit-platform-engine-1.8.1.jar;C:\Users\jymmm\.m2\repository\org\mockito\mockito-junit-jupiter\4.0.0\mockito-junit-jupiter-4.0.0.jar;C:\Users\jymmm\.m2\repository\org\skyscreamer\jsonassert\1.5.0\jsonassert-1.5.0.jar;C:\Users\jymmm\.m2\repository\com\vaadin\external\google\android-json\0.0.20131108.vaadin1\android-json-0.0.20131108.vaadin1.jar;C:\Users\jymmm\.m2\repository\org\springframework\spring-core\5.3.13\spring-core-5.3.13.jar;C:\Users\jymmm\.m2\repository\org\springframework\spring-jcl\5.3.13\spring-jcl-5.3.13.jar;C:\Users\jymmm\.m2\repository\org\springframework\spring-test\5.3.13\spring-test-5.3.13.jar;C:\Users\jymmm\.m2\repository\org\xmlunit\xmlunit-core\2.8.3\xmlunit-core-2.8.3.jar;C:\Users\jymmm\.m2\repository\com\h2database\h2\1.4.200\h2-1.4.200.jar;C:\Users\jymmm\.m2\repository\org\mockito\mockito-core\4.0.0\mockito-core-4.0.0.jar;C:\Users\jymmm\.m2\repository\net\bytebuddy\byte-buddy\1.11.22\byte-buddy-1.11.22.jar;C:\Users\jymmm\.m2\repository\net\bytebuddy\byte-buddy-agent\1.11.22\byte-buddy-agent-1.11.22.jar;C:\Users\jymmm\.m2\repository\org\objenesis\objenesis\3.2\objenesis-3.2.jar;C:\Users\jymmm\.m2\repository\org\junit\jupiter\junit-jupiter-api\5.8.1\junit-jupiter-api-5.8.1.jar;C:\Users\jymmm\.m2\repository\org\opentest4j\opentest4j\1.2.0\opentest4j-1.2.0.jar;C:\Users\jymmm\.m2\repository\org\junit\platform\junit-platform-commons\1.8.1\junit-platform-commons-1.8.1.jar;C:\Users\jymmm\.m2\repository\org\apiguardian\apiguardian-api\1.1.2\apiguardian-api-1.1.2.jar;"/>
    <property name="java.vm.vendor" value="Oracle Corporation"/>
    <property name="sun.arch.data.model" value="64"/>
    <property name="user.variant" value=""/>
    <property name="java.vendor.url" value="http://java.oracle.com/"/>
    <property name="user.timezone" value="America/Chicago"/>
    <property name="java.vm.specification.version" value="1.8"/>
    <property name="os.name" value="Windows 10"/>
    <property name="user.country" value="US"/>
    <property name="sun.java.launcher" value="SUN_STANDARD"/>
    <property name="sun.boot.library.path" value="C:\Program Files\Java\jdk1.8.0_301\jre\bin"/>
<<<<<<< HEAD
    <property name="sun.java.command" value="C:\Users\jymmm\AppData\Local\Temp\surefire7263829263104662707\surefirebooter519055271898154857.jar C:\Users\jymmm\AppData\Local\Temp\surefire7263829263104662707 2021-12-23T20-17-30_207-jvmRun1 surefire521831478449129945tmp surefire_01304352271932803851tmp"/>
=======
    <property name="sun.java.command" value="C:\Users\jymmm\AppData\Local\Temp\surefire3812005287590722219\surefirebooter7910625600815658530.jar C:\Users\jymmm\AppData\Local\Temp\surefire3812005287590722219 2021-12-23T20-01-50_271-jvmRun1 surefire7915179394338975038tmp surefire_04718001974990271092tmp"/>
>>>>>>> jymm-branch
    <property name="surefire.test.class.path" value="D:\Curriculum-211018-Jymm\project-2-Team-Not-Found\case-clothes\target\test-classes;D:\Curriculum-211018-Jymm\project-2-Team-Not-Found\case-clothes\target\classes;C:\Users\jymmm\.m2\repository\org\springframework\boot\spring-boot-starter-data-jpa\2.6.1\spring-boot-starter-data-jpa-2.6.1.jar;C:\Users\jymmm\.m2\repository\org\springframework\boot\spring-boot-starter-aop\2.6.1\spring-boot-starter-aop-2.6.1.jar;C:\Users\jymmm\.m2\repository\org\springframework\spring-aop\5.3.13\spring-aop-5.3.13.jar;C:\Users\jymmm\.m2\repository\org\aspectj\aspectjweaver\1.9.7\aspectjweaver-1.9.7.jar;C:\Users\jymmm\.m2\repository\org\springframework\boot\spring-boot-starter-jdbc\2.6.1\spring-boot-starter-jdbc-2.6.1.jar;C:\Users\jymmm\.m2\repository\com\zaxxer\HikariCP\4.0.3\HikariCP-4.0.3.jar;C:\Users\jymmm\.m2\repository\org\springframework\spring-jdbc\5.3.13\spring-jdbc-5.3.13.jar;C:\Users\jymmm\.m2\repository\jakarta\transaction\jakarta.transaction-api\1.3.3\jakarta.transaction-api-1.3.3.jar;C:\Users\jymmm\.m2\repository\jakarta\persistence\jakarta.persistence-api\2.2.3\jakarta.persistence-api-2.2.3.jar;C:\Users\jymmm\.m2\repository\org\hibernate\hibernate-core\5.6.1.Final\hibernate-core-5.6.1.Final.jar;C:\Users\jymmm\.m2\repository\org\jboss\logging\jboss-logging\3.4.2.Final\jboss-logging-3.4.2.Final.jar;C:\Users\jymmm\.m2\repository\antlr\antlr\2.7.7\antlr-2.7.7.jar;C:\Users\jymmm\.m2\repository\org\jboss\jandex\2.2.3.Final\jandex-2.2.3.Final.jar;C:\Users\jymmm\.m2\repository\com\fasterxml\classmate\1.5.1\classmate-1.5.1.jar;C:\Users\jymmm\.m2\repository\org\hibernate\common\hibernate-commons-annotations\5.1.2.Final\hibernate-commons-annotations-5.1.2.Final.jar;C:\Users\jymmm\.m2\repository\org\glassfish\jaxb\jaxb-runtime\2.3.5\jaxb-runtime-2.3.5.jar;C:\Users\jymmm\.m2\repository\org\glassfish\jaxb\txw2\2.3.5\txw2-2.3.5.jar;C:\Users\jymmm\.m2\repository\com\sun\istack\istack-commons-runtime\3.0.12\istack-commons-runtime-3.0.12.jar;C:\Users\jymmm\.m2\repository\com\sun\activation\jakarta.activation\1.2.2\jakarta.activation-1.2.2.jar;C:\Users\jymmm\.m2\repository\org\springframework\data\spring-data-jpa\2.6.0\spring-data-jpa-2.6.0.jar;C:\Users\jymmm\.m2\repository\org\springframework\data\spring-data-commons\2.6.0\spring-data-commons-2.6.0.jar;C:\Users\jymmm\.m2\repository\org\springframework\spring-orm\5.3.13\spring-orm-5.3.13.jar;C:\Users\jymmm\.m2\repository\org\springframework\spring-context\5.3.13\spring-context-5.3.13.jar;C:\Users\jymmm\.m2\repository\org\springframework\spring-tx\5.3.13\spring-tx-5.3.13.jar;C:\Users\jymmm\.m2\repository\org\springframework\spring-beans\5.3.13\spring-beans-5.3.13.jar;C:\Users\jymmm\.m2\repository\org\slf4j\slf4j-api\1.7.32\slf4j-api-1.7.32.jar;C:\Users\jymmm\.m2\repository\org\springframework\spring-aspects\5.3.13\spring-aspects-5.3.13.jar;C:\Users\jymmm\.m2\repository\org\springframework\boot\spring-boot-starter-web\2.6.1\spring-boot-starter-web-2.6.1.jar;C:\Users\jymmm\.m2\repository\org\springframework\boot\spring-boot-starter\2.6.1\spring-boot-starter-2.6.1.jar;C:\Users\jymmm\.m2\repository\org\springframework\boot\spring-boot\2.6.1\spring-boot-2.6.1.jar;C:\Users\jymmm\.m2\repository\org\springframework\boot\spring-boot-autoconfigure\2.6.1\spring-boot-autoconfigure-2.6.1.jar;C:\Users\jymmm\.m2\repository\org\springframework\boot\spring-boot-starter-logging\2.6.1\spring-boot-starter-logging-2.6.1.jar;C:\Users\jymmm\.m2\repository\ch\qos\logback\logback-classic\1.2.7\logback-classic-1.2.7.jar;C:\Users\jymmm\.m2\repository\ch\qos\logback\logback-core\1.2.7\logback-core-1.2.7.jar;C:\Users\jymmm\.m2\repository\org\apache\logging\log4j\log4j-to-slf4j\2.14.1\log4j-to-slf4j-2.14.1.jar;C:\Users\jymmm\.m2\repository\org\apache\logging\log4j\log4j-api\2.14.1\log4j-api-2.14.1.jar;C:\Users\jymmm\.m2\repository\org\slf4j\jul-to-slf4j\1.7.32\jul-to-slf4j-1.7.32.jar;C:\Users\jymmm\.m2\repository\jakarta\annotation\jakarta.annotation-api\1.3.5\jakarta.annotation-api-1.3.5.jar;C:\Users\jymmm\.m2\repository\org\yaml\snakeyaml\1.29\snakeyaml-1.29.jar;C:\Users\jymmm\.m2\repository\org\springframework\boot\spring-boot-starter-json\2.6.1\spring-boot-starter-json-2.6.1.jar;C:\Users\jymmm\.m2\repository\com\fasterxml\jackson\core\jackson-databind\2.13.0\jackson-databind-2.13.0.jar;C:\Users\jymmm\.m2\repository\com\fasterxml\jackson\core\jackson-annotations\2.13.0\jackson-annotations-2.13.0.jar;C:\Users\jymmm\.m2\repository\com\fasterxml\jackson\core\jackson-core\2.13.0\jackson-core-2.13.0.jar;C:\Users\jymmm\.m2\repository\com\fasterxml\jackson\datatype\jackson-datatype-jdk8\2.13.0\jackson-datatype-jdk8-2.13.0.jar;C:\Users\jymmm\.m2\repository\com\fasterxml\jackson\datatype\jackson-datatype-jsr310\2.13.0\jackson-datatype-jsr310-2.13.0.jar;C:\Users\jymmm\.m2\repository\com\fasterxml\jackson\module\jackson-module-parameter-names\2.13.0\jackson-module-parameter-names-2.13.0.jar;C:\Users\jymmm\.m2\repository\org\springframework\boot\spring-boot-starter-tomcat\2.6.1\spring-boot-starter-tomcat-2.6.1.jar;C:\Users\jymmm\.m2\repository\org\apache\tomcat\embed\tomcat-embed-core\9.0.55\tomcat-embed-core-9.0.55.jar;C:\Users\jymmm\.m2\repository\org\apache\tomcat\embed\tomcat-embed-el\9.0.55\tomcat-embed-el-9.0.55.jar;C:\Users\jymmm\.m2\repository\org\apache\tomcat\embed\tomcat-embed-websocket\9.0.55\tomcat-embed-websocket-9.0.55.jar;C:\Users\jymmm\.m2\repository\org\springframework\spring-web\5.3.13\spring-web-5.3.13.jar;C:\Users\jymmm\.m2\repository\org\springframework\spring-webmvc\5.3.13\spring-webmvc-5.3.13.jar;C:\Users\jymmm\.m2\repository\org\springframework\spring-expression\5.3.13\spring-expression-5.3.13.jar;C:\Users\jymmm\.m2\repository\org\postgresql\postgresql\42.3.1\postgresql-42.3.1.jar;C:\Users\jymmm\.m2\repository\org\checkerframework\checker-qual\3.5.0\checker-qual-3.5.0.jar;C:\Users\jymmm\.m2\repository\org\springframework\boot\spring-boot-starter-test\2.6.1\spring-boot-starter-test-2.6.1.jar;C:\Users\jymmm\.m2\repository\org\springframework\boot\spring-boot-test\2.6.1\spring-boot-test-2.6.1.jar;C:\Users\jymmm\.m2\repository\org\springframework\boot\spring-boot-test-autoconfigure\2.6.1\spring-boot-test-autoconfigure-2.6.1.jar;C:\Users\jymmm\.m2\repository\com\jayway\jsonpath\json-path\2.6.0\json-path-2.6.0.jar;C:\Users\jymmm\.m2\repository\net\minidev\json-smart\2.4.7\json-smart-2.4.7.jar;C:\Users\jymmm\.m2\repository\net\minidev\accessors-smart\2.4.7\accessors-smart-2.4.7.jar;C:\Users\jymmm\.m2\repository\org\ow2\asm\asm\9.1\asm-9.1.jar;C:\Users\jymmm\.m2\repository\jakarta\xml\bind\jakarta.xml.bind-api\2.3.3\jakarta.xml.bind-api-2.3.3.jar;C:\Users\jymmm\.m2\repository\jakarta\activation\jakarta.activation-api\1.2.2\jakarta.activation-api-1.2.2.jar;C:\Users\jymmm\.m2\repository\org\assertj\assertj-core\3.21.0\assertj-core-3.21.0.jar;C:\Users\jymmm\.m2\repository\org\hamcrest\hamcrest\2.2\hamcrest-2.2.jar;C:\Users\jymmm\.m2\repository\org\junit\jupiter\junit-jupiter\5.8.1\junit-jupiter-5.8.1.jar;C:\Users\jymmm\.m2\repository\org\junit\jupiter\junit-jupiter-params\5.8.1\junit-jupiter-params-5.8.1.jar;C:\Users\jymmm\.m2\repository\org\junit\jupiter\junit-jupiter-engine\5.8.1\junit-jupiter-engine-5.8.1.jar;C:\Users\jymmm\.m2\repository\org\junit\platform\junit-platform-engine\1.8.1\junit-platform-engine-1.8.1.jar;C:\Users\jymmm\.m2\repository\org\mockito\mockito-junit-jupiter\4.0.0\mockito-junit-jupiter-4.0.0.jar;C:\Users\jymmm\.m2\repository\org\skyscreamer\jsonassert\1.5.0\jsonassert-1.5.0.jar;C:\Users\jymmm\.m2\repository\com\vaadin\external\google\android-json\0.0.20131108.vaadin1\android-json-0.0.20131108.vaadin1.jar;C:\Users\jymmm\.m2\repository\org\springframework\spring-core\5.3.13\spring-core-5.3.13.jar;C:\Users\jymmm\.m2\repository\org\springframework\spring-jcl\5.3.13\spring-jcl-5.3.13.jar;C:\Users\jymmm\.m2\repository\org\springframework\spring-test\5.3.13\spring-test-5.3.13.jar;C:\Users\jymmm\.m2\repository\org\xmlunit\xmlunit-core\2.8.3\xmlunit-core-2.8.3.jar;C:\Users\jymmm\.m2\repository\com\h2database\h2\1.4.200\h2-1.4.200.jar;C:\Users\jymmm\.m2\repository\org\mockito\mockito-core\4.0.0\mockito-core-4.0.0.jar;C:\Users\jymmm\.m2\repository\net\bytebuddy\byte-buddy\1.11.22\byte-buddy-1.11.22.jar;C:\Users\jymmm\.m2\repository\net\bytebuddy\byte-buddy-agent\1.11.22\byte-buddy-agent-1.11.22.jar;C:\Users\jymmm\.m2\repository\org\objenesis\objenesis\3.2\objenesis-3.2.jar;C:\Users\jymmm\.m2\repository\org\junit\jupiter\junit-jupiter-api\5.8.1\junit-jupiter-api-5.8.1.jar;C:\Users\jymmm\.m2\repository\org\opentest4j\opentest4j\1.2.0\opentest4j-1.2.0.jar;C:\Users\jymmm\.m2\repository\org\junit\platform\junit-platform-commons\1.8.1\junit-platform-commons-1.8.1.jar;C:\Users\jymmm\.m2\repository\org\apiguardian\apiguardian-api\1.1.2\apiguardian-api-1.1.2.jar;"/>
    <property name="sun.cpu.endian" value="little"/>
    <property name="user.home" value="C:\Users\jymmm"/>
    <property name="user.language" value="en"/>
    <property name="java.specification.vendor" value="Oracle Corporation"/>
    <property name="java.home" value="C:\Program Files\Java\jdk1.8.0_301\jre"/>
    <property name="basedir" value="D:\Curriculum-211018-Jymm\project-2-Team-Not-Found\case-clothes"/>
    <property name="file.separator" value="\"/>
    <property name="line.separator" value="&#10;"/>
    <property name="java.vm.specification.vendor" value="Oracle Corporation"/>
    <property name="java.specification.name" value="Java Platform API Specification"/>
    <property name="FILE_LOG_CHARSET" value="windows-1252"/>
    <property name="java.awt.graphicsenv" value="sun.awt.Win32GraphicsEnvironment"/>
    <property name="java.awt.headless" value="true"/>
<<<<<<< HEAD
    <property name="surefire.real.class.path" value="C:\Users\jymmm\AppData\Local\Temp\surefire7263829263104662707\surefirebooter519055271898154857.jar;C:\\Users\\jymmm\\.m2\\repository\\org\\jacoco\\org.jacoco.agent\\0.8.7\\org.jacoco.agent-0.8.7-runtime.jar"/>
=======
    <property name="surefire.real.class.path" value="C:\Users\jymmm\AppData\Local\Temp\surefire3812005287590722219\surefirebooter7910625600815658530.jar;C:\\Users\\jymmm\\.m2\\repository\\org\\jacoco\\org.jacoco.agent\\0.8.7\\org.jacoco.agent-0.8.7-runtime.jar"/>
>>>>>>> jymm-branch
    <property name="sun.boot.class.path" value="C:\Program Files\Java\jdk1.8.0_301\jre\lib\resources.jar;C:\Program Files\Java\jdk1.8.0_301\jre\lib\rt.jar;C:\Program Files\Java\jdk1.8.0_301\jre\lib\sunrsasign.jar;C:\Program Files\Java\jdk1.8.0_301\jre\lib\jsse.jar;C:\Program Files\Java\jdk1.8.0_301\jre\lib\jce.jar;C:\Program Files\Java\jdk1.8.0_301\jre\lib\charsets.jar;C:\Program Files\Java\jdk1.8.0_301\jre\lib\jfr.jar;C:\Program Files\Java\jdk1.8.0_301\jre\classes"/>
    <property name="user.script" value=""/>
    <property name="sun.management.compiler" value="HotSpot 64-Bit Tiered Compilers"/>
    <property name="java.runtime.version" value="1.8.0_301-b09"/>
    <property name="user.name" value="jymmm"/>
    <property name="path.separator" value=";"/>
    <property name="os.version" value="10.0"/>
    <property name="java.endorsed.dirs" value="C:\Program Files\Java\jdk1.8.0_301\jre\lib\endorsed"/>
    <property name="java.runtime.name" value="Java(TM) SE Runtime Environment"/>
    <property name="file.encoding" value="Cp1252"/>
    <property name="spring.beaninfo.ignore" value="true"/>
    <property name="java.vm.name" value="Java HotSpot(TM) 64-Bit Server VM"/>
    <property name="localRepository" value="C:\Users\jymmm\.m2\repository"/>
    <property name="java.vendor.url.bug" value="http://bugreport.sun.com/bugreport/"/>
    <property name="java.io.tmpdir" value="C:\Users\jymmm\AppData\Local\Temp\"/>
    <property name="com.zaxxer.hikari.pool_number" value="13"/>
    <property name="java.version" value="1.8.0_301"/>
    <property name="user.dir" value="D:\Curriculum-211018-Jymm\project-2-Team-Not-Found\case-clothes"/>
    <property name="os.arch" value="amd64"/>
    <property name="java.vm.specification.name" value="Java Virtual Machine Specification"/>
<<<<<<< HEAD
    <property name="PID" value="21152"/>
=======
    <property name="PID" value="12632"/>
>>>>>>> jymm-branch
    <property name="java.awt.printerjob" value="sun.awt.windows.WPrinterJob"/>
    <property name="sun.os.patch.level" value=""/>
    <property name="CONSOLE_LOG_CHARSET" value="windows-1252"/>
    <property name="java.library.path" value="C:\Program Files\Java\jdk1.8.0_301\jre\bin;C:\WINDOWS\Sun\Java\bin;C:\WINDOWS\system32;C:\WINDOWS;C:\Users\jymmm\bin;C:\Program Files\Git\mingw64\bin;C:\Program Files\Git\usr\local\bin;C:\Program Files\Git\usr\bin;C:\Program Files\Git\usr\bin;C:\Program Files\Git\mingw64\bin;C:\Program Files\Git\usr\bin;C:\Users\jymmm\bin;C:\Python310\Scripts;C:\Python310;C:\Program Files\Eclipse Foundation\jdk-16.0.2.7-hotspot\bin;C:\Program Files (x86)\Common Files\Oracle\Java\javapath;C:\ProgramData\Oracle\Java\javapath;C:\Program Files (x86)\Intel\Intel(R) Management Engine Components\iCLS;C:\Program Files\Intel\Intel(R) Management Engine Components\iCLS;C:\Windows\system32;C:\Windows;C:\Windows\System32\Wbem;C:\Windows\System32\WindowsPowerShell\v1.0;C:\Windows\System32\OpenSSH;C:\Program Files (x86)\Intel\Intel(R) Management Engine Components\DAL;C:\Program Files\Intel\Intel(R) Management Engine Components\DAL;C:\Program Files (x86)\Intel\Intel(R) Management Engine Components\IPT;C:\Program Files\Intel\Intel(R) Management Engine Components\IPT;C:\Program Files (x86)\NVIDIA Corporation\PhysX\Common;C:\Program Files\NVIDIA Corporation\NVIDIA NvDLISR;C:\Program Files\dotnet;C:\Program Files\Microsoft SQL Server\130\Tools\Binn;C:\WINDOWS\system32;C:\WINDOWS;C:\WINDOWS\System32\Wbem;C:\WINDOWS\System32\WindowsPowerShell\v1.0;C:\WINDOWS\System32\OpenSSH;C:\Program Files\Common Files\Autodesk Shared;C:\Program Files (x86)\Autodesk\Backburner;C:\WINDOWS\system32;C:\WINDOWS;C:\WINDOWS\System32\Wbem;C:\WINDOWS\System32\WindowsPowerShell\v1.0;C:\WINDOWS\System32\OpenSSH;C:\Program Files\Git\cmd;C:\Program Files\Java\jdk1.8.0_301\bin;C:\Maven\apache-maven-3.8.2\bin;C:\Program Files\nodejs;C:\ProgramData\chocolatey\bin;C:\Users\jymmm\scoop\apps\maven\current\bin;C:\Users\jymmm\scoop\shims;C:\Users\jymmm\AppData\Local\Microsoft\WindowsApps;C:\Users\jymmm\AppData\Local\Programs\Microsoft VS Code\bin;C:\Users\jymmm\AppData\Local\GitHubDesktop\bin;C:\Users\jymmm\AppData\Roaming\npm;C:\Program Files\Git\usr\bin\vendor_perl;C:\Program Files\Git\usr\bin\core_perl;."/>
    <property name="java.vm.info" value="mixed mode"/>
    <property name="java.vendor" value="Oracle Corporation"/>
    <property name="java.vm.version" value="25.301-b09"/>
    <property name="java.ext.dirs" value="C:\Program Files\Java\jdk1.8.0_301\jre\lib\ext;C:\WINDOWS\Sun\Java\lib\ext"/>
    <property name="sun.io.unicode.encoding" value="UnicodeLittle"/>
    <property name="java.class.version" value="52.0"/>
  </properties>
<<<<<<< HEAD
  <testcase name="getAllProductsByName_positive" classname="com.revature.caseclothes.daounittests.ProductDaoTest" time="1.034">
    <system-out><![CDATA[2021-12-23 20:17:38.521  INFO 21152 --- [           main] .b.t.c.SpringBootTestContextBootstrapper : Neither @ContextConfiguration nor @ContextHierarchy found for test class [com.revature.caseclothes.daounittests.ProductDaoTest], using SpringBootContextLoader
2021-12-23 20:17:38.522  INFO 21152 --- [           main] o.s.t.c.support.AbstractContextLoader    : Could not detect default resource locations for test class [com.revature.caseclothes.daounittests.ProductDaoTest]: no resource found for suffixes {-context.xml, Context.groovy}.
2021-12-23 20:17:38.522  INFO 21152 --- [           main] t.c.s.AnnotationConfigContextLoaderUtils : Could not detect default configuration classes for test class [com.revature.caseclothes.daounittests.ProductDaoTest]: ProductDaoTest does not declare any static, non-private, non-final, nested classes annotated with @Configuration.
2021-12-23 20:17:38.529  INFO 21152 --- [           main] .b.t.c.SpringBootTestContextBootstrapper : Found @SpringBootConfiguration com.revature.caseclothes.CaseClothesApplication for test class com.revature.caseclothes.daounittests.ProductDaoTest
2021-12-23 20:17:38.531  INFO 21152 --- [           main] .b.t.c.SpringBootTestContextBootstrapper : Loaded default TestExecutionListener class names from location [META-INF/spring.factories]: [org.springframework.boot.test.mock.mockito.MockitoTestExecutionListener, org.springframework.boot.test.mock.mockito.ResetMocksTestExecutionListener, org.springframework.boot.test.autoconfigure.restdocs.RestDocsTestExecutionListener, org.springframework.boot.test.autoconfigure.web.client.MockRestServiceServerResetTestExecutionListener, org.springframework.boot.test.autoconfigure.web.servlet.MockMvcPrintOnlyOnFailureTestExecutionListener, org.springframework.boot.test.autoconfigure.web.servlet.WebDriverTestExecutionListener, org.springframework.boot.test.autoconfigure.webservices.client.MockWebServiceServerTestExecutionListener, org.springframework.test.context.web.ServletTestExecutionListener, org.springframework.test.context.support.DirtiesContextBeforeModesTestExecutionListener, org.springframework.test.context.event.ApplicationEventsTestExecutionListener, org.springframework.test.context.support.DependencyInjectionTestExecutionListener, org.springframework.test.context.support.DirtiesContextTestExecutionListener, org.springframework.test.context.transaction.TransactionalTestExecutionListener, org.springframework.test.context.jdbc.SqlScriptsTestExecutionListener, org.springframework.test.context.event.EventPublishingTestExecutionListener]
2021-12-23 20:17:38.531  INFO 21152 --- [           main] .b.t.c.SpringBootTestContextBootstrapper : Using TestExecutionListeners: [org.springframework.test.context.web.ServletTestExecutionListener@402a0031, org.springframework.test.context.support.DirtiesContextBeforeModesTestExecutionListener@4c6ca19, org.springframework.test.context.event.ApplicationEventsTestExecutionListener@579bcf8d, org.springframework.boot.test.mock.mockito.MockitoTestExecutionListener@363b66c5, org.springframework.boot.test.autoconfigure.SpringBootDependencyInjectionTestExecutionListener@2600d3bb, org.springframework.test.context.support.DirtiesContextTestExecutionListener@14245360, org.springframework.test.context.transaction.TransactionalTestExecutionListener@1d4a11ce, org.springframework.test.context.jdbc.SqlScriptsTestExecutionListener@702a41ec, org.springframework.test.context.event.EventPublishingTestExecutionListener@5017c959, org.springframework.boot.test.mock.mockito.ResetMocksTestExecutionListener@669e2f68, org.springframework.boot.test.autoconfigure.restdocs.RestDocsTestExecutionListener@2b978614, org.springframework.boot.test.autoconfigure.web.client.MockRestServiceServerResetTestExecutionListener@91097ab, org.springframework.boot.test.autoconfigure.web.servlet.MockMvcPrintOnlyOnFailureTestExecutionListener@67a3cad1, org.springframework.boot.test.autoconfigure.web.servlet.WebDriverTestExecutionListener@70d15c22, org.springframework.boot.test.autoconfigure.webservices.client.MockWebServiceServerTestExecutionListener@6761d30a]
2021-12-23 20:17:38.536  INFO 21152 --- [           main] j.LocalContainerEntityManagerFactoryBean : Closing JPA EntityManagerFactory for persistence unit 'default'
2021-12-23 20:17:38.537  INFO 21152 --- [           main] .SchemaDropperImpl$DelayedDropActionImpl : HHH000477: Starting delayed evictData of schema as part of SessionFactory shut-down'
2021-12-23 20:17:38.543  INFO 21152 --- [           main] com.zaxxer.hikari.HikariDataSource       : HikariPool-2 - Shutdown initiated...
2021-12-23 20:17:38.546  INFO 21152 --- [           main] com.zaxxer.hikari.HikariDataSource       : HikariPool-2 - Shutdown completed.
=======
  <testcase name="getAllProductsByName_positive" classname="com.revature.caseclothes.daounittests.ProductDaoTest" time="1.152">
    <system-out><![CDATA[2021-12-23 20:01:58.081  INFO 12632 --- [           main] .b.t.c.SpringBootTestContextBootstrapper : Neither @ContextConfiguration nor @ContextHierarchy found for test class [com.revature.caseclothes.daounittests.ProductDaoTest], using SpringBootContextLoader
2021-12-23 20:01:58.082  INFO 12632 --- [           main] o.s.t.c.support.AbstractContextLoader    : Could not detect default resource locations for test class [com.revature.caseclothes.daounittests.ProductDaoTest]: no resource found for suffixes {-context.xml, Context.groovy}.
2021-12-23 20:01:58.082  INFO 12632 --- [           main] t.c.s.AnnotationConfigContextLoaderUtils : Could not detect default configuration classes for test class [com.revature.caseclothes.daounittests.ProductDaoTest]: ProductDaoTest does not declare any static, non-private, non-final, nested classes annotated with @Configuration.
2021-12-23 20:01:58.089  INFO 12632 --- [           main] .b.t.c.SpringBootTestContextBootstrapper : Found @SpringBootConfiguration com.revature.caseclothes.CaseClothesApplication for test class com.revature.caseclothes.daounittests.ProductDaoTest
2021-12-23 20:01:58.091  INFO 12632 --- [           main] .b.t.c.SpringBootTestContextBootstrapper : Loaded default TestExecutionListener class names from location [META-INF/spring.factories]: [org.springframework.boot.test.mock.mockito.MockitoTestExecutionListener, org.springframework.boot.test.mock.mockito.ResetMocksTestExecutionListener, org.springframework.boot.test.autoconfigure.restdocs.RestDocsTestExecutionListener, org.springframework.boot.test.autoconfigure.web.client.MockRestServiceServerResetTestExecutionListener, org.springframework.boot.test.autoconfigure.web.servlet.MockMvcPrintOnlyOnFailureTestExecutionListener, org.springframework.boot.test.autoconfigure.web.servlet.WebDriverTestExecutionListener, org.springframework.boot.test.autoconfigure.webservices.client.MockWebServiceServerTestExecutionListener, org.springframework.test.context.web.ServletTestExecutionListener, org.springframework.test.context.support.DirtiesContextBeforeModesTestExecutionListener, org.springframework.test.context.event.ApplicationEventsTestExecutionListener, org.springframework.test.context.support.DependencyInjectionTestExecutionListener, org.springframework.test.context.support.DirtiesContextTestExecutionListener, org.springframework.test.context.transaction.TransactionalTestExecutionListener, org.springframework.test.context.jdbc.SqlScriptsTestExecutionListener, org.springframework.test.context.event.EventPublishingTestExecutionListener]
2021-12-23 20:01:58.092  INFO 12632 --- [           main] .b.t.c.SpringBootTestContextBootstrapper : Using TestExecutionListeners: [org.springframework.test.context.web.ServletTestExecutionListener@384b5315, org.springframework.test.context.support.DirtiesContextBeforeModesTestExecutionListener@48eb3f37, org.springframework.test.context.event.ApplicationEventsTestExecutionListener@218f5717, org.springframework.boot.test.mock.mockito.MockitoTestExecutionListener@3af49395, org.springframework.boot.test.autoconfigure.SpringBootDependencyInjectionTestExecutionListener@5845ac25, org.springframework.test.context.support.DirtiesContextTestExecutionListener@4946229d, org.springframework.test.context.transaction.TransactionalTestExecutionListener@12aae34d, org.springframework.test.context.jdbc.SqlScriptsTestExecutionListener@cdcb2b6, org.springframework.test.context.event.EventPublishingTestExecutionListener@790d138c, org.springframework.boot.test.mock.mockito.ResetMocksTestExecutionListener@1a794fa, org.springframework.boot.test.autoconfigure.restdocs.RestDocsTestExecutionListener@4452af08, org.springframework.boot.test.autoconfigure.web.client.MockRestServiceServerResetTestExecutionListener@2df2ec36, org.springframework.boot.test.autoconfigure.web.servlet.MockMvcPrintOnlyOnFailureTestExecutionListener@3cf21b77, org.springframework.boot.test.autoconfigure.web.servlet.WebDriverTestExecutionListener@1cf5857, org.springframework.boot.test.autoconfigure.webservices.client.MockWebServiceServerTestExecutionListener@50349d89]
2021-12-23 20:01:58.099  INFO 12632 --- [           main] j.LocalContainerEntityManagerFactoryBean : Closing JPA EntityManagerFactory for persistence unit 'default'
2021-12-23 20:01:58.100  INFO 12632 --- [           main] .SchemaDropperImpl$DelayedDropActionImpl : HHH000477: Starting delayed evictData of schema as part of SessionFactory shut-down'
2021-12-23 20:01:58.112  INFO 12632 --- [           main] com.zaxxer.hikari.HikariDataSource       : HikariPool-2 - Shutdown initiated...
2021-12-23 20:01:58.116  INFO 12632 --- [           main] com.zaxxer.hikari.HikariDataSource       : HikariPool-2 - Shutdown completed.
>>>>>>> jymm-branch

  .   ____          _            __ _ _
 /\\ / ___'_ __ _ _(_)_ __  __ _ \ \ \ \
( ( )\___ | '_ | '_| | '_ \/ _` | \ \ \ \
 \\/  ___)| |_)| | | | | || (_| |  ) ) ) )
  '  |____| .__|_| |_|_| |_\__, | / / / /
 =========|_|==============|___/=/_/_/_/
 :: Spring Boot ::                (v2.6.1)

<<<<<<< HEAD
2021-12-23 20:17:38.568  INFO 21152 --- [           main] c.r.c.daounittests.ProductDaoTest        : Starting ProductDaoTest using Java 1.8.0_301 on MSI-Jymm with PID 21152 (started by jymmm in D:\Curriculum-211018-Jymm\project-2-Team-Not-Found\case-clothes)
2021-12-23 20:17:38.568  INFO 21152 --- [           main] c.r.c.daounittests.ProductDaoTest        : No active profile set, falling back to default profiles: default
2021-12-23 20:17:38.711  INFO 21152 --- [           main] .s.d.r.c.RepositoryConfigurationDelegate : Bootstrapping Spring Data JPA repositories in DEFAULT mode.
2021-12-23 20:17:38.713  INFO 21152 --- [           main] .s.d.r.c.RepositoryConfigurationDelegate : Finished Spring Data repository scanning in 2 ms. Found 0 JPA repository interfaces.
2021-12-23 20:17:38.813  INFO 21152 --- [           main] com.zaxxer.hikari.HikariDataSource       : HikariPool-3 - Starting...
2021-12-23 20:17:38.814  INFO 21152 --- [           main] com.zaxxer.hikari.HikariDataSource       : HikariPool-3 - Start completed.
2021-12-23 20:17:38.824  INFO 21152 --- [           main] o.hibernate.jpa.internal.util.LogHelper  : HHH000204: Processing PersistenceUnitInfo [name: default]
2021-12-23 20:17:38.827  INFO 21152 --- [           main] org.hibernate.dialect.Dialect            : HHH000400: Using dialect: org.hibernate.dialect.H2Dialect
2021-12-23 20:17:38.920  INFO 21152 --- [           main] o.h.e.t.j.p.i.JtaPlatformInitiator       : HHH000490: Using JtaPlatform implementation: [org.hibernate.engine.transaction.jta.platform.internal.NoJtaPlatform]
2021-12-23 20:17:38.920  INFO 21152 --- [           main] j.LocalContainerEntityManagerFactoryBean : Initialized JPA EntityManagerFactory for persistence unit 'default'
2021-12-23 20:17:39.021  WARN 21152 --- [           main] JpaBaseConfiguration$JpaWebConfiguration : spring.jpa.open-in-view is enabled by default. Therefore, database queries may be performed during view rendering. Explicitly configure spring.jpa.open-in-view to disable this warning
2021-12-23 20:17:39.278  INFO 21152 --- [           main] c.r.c.daounittests.ProductDaoTest        : Started ProductDaoTest in 0.73 seconds (JVM running for 8.512)
2021-12-23 20:17:39.291  INFO 21152 --- [           main] o.s.t.c.transaction.TransactionContext   : Began transaction (1) for test context [DefaultTestContext@2f7539be testClass = ProductDaoTest, testInstance = com.revature.caseclothes.daounittests.ProductDaoTest@3c68c406, testMethod = getAllProductsByName_positive@ProductDaoTest, testException = [null], mergedContextConfiguration = [WebMergedContextConfiguration@33850b6b testClass = ProductDaoTest, locations = '{}', classes = '{class com.revature.caseclothes.CaseClothesApplication}', contextInitializerClasses = '[]', activeProfiles = '{}', propertySourceLocations = '{}', propertySourceProperties = '{org.springframework.boot.test.context.SpringBootTestContextBootstrapper=true}', contextCustomizers = set[org.springframework.boot.test.context.filter.ExcludeFilterContextCustomizer@5fcd1c5f, org.springframework.boot.test.json.DuplicateJsonObjectContextCustomizerFactory$DuplicateJsonObjectContextCustomizer@484149eb, org.springframework.boot.test.mock.mockito.MockitoContextCustomizer@0, org.springframework.boot.test.web.client.TestRestTemplateContextCustomizer@32f1fafe, org.springframework.boot.test.autoconfigure.actuate.metrics.MetricsExportContextCustomizerFactory$DisableMetricExportContextCustomizer@66bf40e5, org.springframework.boot.test.autoconfigure.properties.PropertyMappingContextCustomizer@0, org.springframework.boot.test.autoconfigure.web.servlet.WebDriverContextCustomizerFactory$Customizer@60743cdb, org.springframework.boot.test.context.SpringBootTestArgs@1, org.springframework.boot.test.context.SpringBootTestWebEnvironment@ed3068a], resourceBasePath = 'src/main/webapp', contextLoader = 'org.springframework.boot.test.context.SpringBootContextLoader', parent = [null]], attributes = map['org.springframework.test.context.web.ServletTestExecutionListener.activateListener' -> true, 'org.springframework.test.context.web.ServletTestExecutionListener.populatedRequestContextHolder' -> true, 'org.springframework.test.context.web.ServletTestExecutionListener.resetRequestContextHolder' -> true, 'org.springframework.test.context.event.ApplicationEventsTestExecutionListener.recordApplicationEvents' -> false]]; transaction manager [org.springframework.orm.jpa.JpaTransactionManager@3c46b586]; rollback [true]
2021-12-23 20:17:39.569  INFO 21152 --- [           main] o.s.t.c.transaction.TransactionContext   : Rolled back transaction for test: [DefaultTestContext@2f7539be testClass = ProductDaoTest, testInstance = com.revature.caseclothes.daounittests.ProductDaoTest@3c68c406, testMethod = getAllProductsByName_positive@ProductDaoTest, testException = [null], mergedContextConfiguration = [WebMergedContextConfiguration@33850b6b testClass = ProductDaoTest, locations = '{}', classes = '{class com.revature.caseclothes.CaseClothesApplication}', contextInitializerClasses = '[]', activeProfiles = '{}', propertySourceLocations = '{}', propertySourceProperties = '{org.springframework.boot.test.context.SpringBootTestContextBootstrapper=true}', contextCustomizers = set[org.springframework.boot.test.context.filter.ExcludeFilterContextCustomizer@5fcd1c5f, org.springframework.boot.test.json.DuplicateJsonObjectContextCustomizerFactory$DuplicateJsonObjectContextCustomizer@484149eb, org.springframework.boot.test.mock.mockito.MockitoContextCustomizer@0, org.springframework.boot.test.web.client.TestRestTemplateContextCustomizer@32f1fafe, org.springframework.boot.test.autoconfigure.actuate.metrics.MetricsExportContextCustomizerFactory$DisableMetricExportContextCustomizer@66bf40e5, org.springframework.boot.test.autoconfigure.properties.PropertyMappingContextCustomizer@0, org.springframework.boot.test.autoconfigure.web.servlet.WebDriverContextCustomizerFactory$Customizer@60743cdb, org.springframework.boot.test.context.SpringBootTestArgs@1, org.springframework.boot.test.context.SpringBootTestWebEnvironment@ed3068a], resourceBasePath = 'src/main/webapp', contextLoader = 'org.springframework.boot.test.context.SpringBootContextLoader', parent = [null]], attributes = map['org.springframework.test.context.web.ServletTestExecutionListener.activateListener' -> true, 'org.springframework.test.context.web.ServletTestExecutionListener.populatedRequestContextHolder' -> true, 'org.springframework.test.context.web.ServletTestExecutionListener.resetRequestContextHolder' -> true, 'org.springframework.test.context.event.ApplicationEventsTestExecutionListener.recordApplicationEvents' -> false]]
]]></system-out>
  </testcase>
  <testcase name="getProductById_positive" classname="com.revature.caseclothes.daounittests.ProductDaoTest" time="0.742">
    <system-out><![CDATA[2021-12-23 20:17:39.572  INFO 21152 --- [           main] j.LocalContainerEntityManagerFactoryBean : Closing JPA EntityManagerFactory for persistence unit 'default'
2021-12-23 20:17:39.573  INFO 21152 --- [           main] .SchemaDropperImpl$DelayedDropActionImpl : HHH000477: Starting delayed evictData of schema as part of SessionFactory shut-down'
2021-12-23 20:17:39.580  INFO 21152 --- [           main] com.zaxxer.hikari.HikariDataSource       : HikariPool-3 - Shutdown initiated...
2021-12-23 20:17:39.585  INFO 21152 --- [           main] com.zaxxer.hikari.HikariDataSource       : HikariPool-3 - Shutdown completed.
=======
2021-12-23 20:01:58.152  INFO 12632 --- [           main] c.r.c.daounittests.ProductDaoTest        : Starting ProductDaoTest using Java 1.8.0_301 on MSI-Jymm with PID 12632 (started by jymmm in D:\Curriculum-211018-Jymm\project-2-Team-Not-Found\case-clothes)
2021-12-23 20:01:58.152  INFO 12632 --- [           main] c.r.c.daounittests.ProductDaoTest        : No active profile set, falling back to default profiles: default
2021-12-23 20:01:58.356  INFO 12632 --- [           main] .s.d.r.c.RepositoryConfigurationDelegate : Bootstrapping Spring Data JPA repositories in DEFAULT mode.
2021-12-23 20:01:58.359  INFO 12632 --- [           main] .s.d.r.c.RepositoryConfigurationDelegate : Finished Spring Data repository scanning in 2 ms. Found 0 JPA repository interfaces.
2021-12-23 20:01:58.456  INFO 12632 --- [           main] com.zaxxer.hikari.HikariDataSource       : HikariPool-3 - Starting...
2021-12-23 20:01:58.456  INFO 12632 --- [           main] com.zaxxer.hikari.HikariDataSource       : HikariPool-3 - Start completed.
2021-12-23 20:01:58.466  INFO 12632 --- [           main] o.hibernate.jpa.internal.util.LogHelper  : HHH000204: Processing PersistenceUnitInfo [name: default]
2021-12-23 20:01:58.470  INFO 12632 --- [           main] org.hibernate.dialect.Dialect            : HHH000400: Using dialect: org.hibernate.dialect.H2Dialect
2021-12-23 20:01:58.560  INFO 12632 --- [           main] o.h.e.t.j.p.i.JtaPlatformInitiator       : HHH000490: Using JtaPlatform implementation: [org.hibernate.engine.transaction.jta.platform.internal.NoJtaPlatform]
2021-12-23 20:01:58.560  INFO 12632 --- [           main] j.LocalContainerEntityManagerFactoryBean : Initialized JPA EntityManagerFactory for persistence unit 'default'
2021-12-23 20:01:58.667  WARN 12632 --- [           main] JpaBaseConfiguration$JpaWebConfiguration : spring.jpa.open-in-view is enabled by default. Therefore, database queries may be performed during view rendering. Explicitly configure spring.jpa.open-in-view to disable this warning
2021-12-23 20:01:58.965  INFO 12632 --- [           main] c.r.c.daounittests.ProductDaoTest        : Started ProductDaoTest in 0.846 seconds (JVM running for 8.165)
2021-12-23 20:01:58.976  INFO 12632 --- [           main] o.s.t.c.transaction.TransactionContext   : Began transaction (1) for test context [DefaultTestContext@2cb96bf0 testClass = ProductDaoTest, testInstance = com.revature.caseclothes.daounittests.ProductDaoTest@3f546a3c, testMethod = getAllProductsByName_positive@ProductDaoTest, testException = [null], mergedContextConfiguration = [WebMergedContextConfiguration@6c086907 testClass = ProductDaoTest, locations = '{}', classes = '{class com.revature.caseclothes.CaseClothesApplication}', contextInitializerClasses = '[]', activeProfiles = '{}', propertySourceLocations = '{}', propertySourceProperties = '{org.springframework.boot.test.context.SpringBootTestContextBootstrapper=true}', contextCustomizers = set[org.springframework.boot.test.context.filter.ExcludeFilterContextCustomizer@4cc7d00d, org.springframework.boot.test.json.DuplicateJsonObjectContextCustomizerFactory$DuplicateJsonObjectContextCustomizer@609319c3, org.springframework.boot.test.mock.mockito.MockitoContextCustomizer@0, org.springframework.boot.test.web.client.TestRestTemplateContextCustomizer@56b8aaf1, org.springframework.boot.test.autoconfigure.actuate.metrics.MetricsExportContextCustomizerFactory$DisableMetricExportContextCustomizer@1e3ff233, org.springframework.boot.test.autoconfigure.properties.PropertyMappingContextCustomizer@0, org.springframework.boot.test.autoconfigure.web.servlet.WebDriverContextCustomizerFactory$Customizer@715a70e9, org.springframework.boot.test.context.SpringBootTestArgs@1, org.springframework.boot.test.context.SpringBootTestWebEnvironment@ed3068a], resourceBasePath = 'src/main/webapp', contextLoader = 'org.springframework.boot.test.context.SpringBootContextLoader', parent = [null]], attributes = map['org.springframework.test.context.web.ServletTestExecutionListener.activateListener' -> true, 'org.springframework.test.context.web.ServletTestExecutionListener.populatedRequestContextHolder' -> true, 'org.springframework.test.context.web.ServletTestExecutionListener.resetRequestContextHolder' -> true, 'org.springframework.test.context.event.ApplicationEventsTestExecutionListener.recordApplicationEvents' -> false]]; transaction manager [org.springframework.orm.jpa.JpaTransactionManager@874864d]; rollback [true]
2021-12-23 20:01:59.249  INFO 12632 --- [           main] o.s.t.c.transaction.TransactionContext   : Rolled back transaction for test: [DefaultTestContext@2cb96bf0 testClass = ProductDaoTest, testInstance = com.revature.caseclothes.daounittests.ProductDaoTest@3f546a3c, testMethod = getAllProductsByName_positive@ProductDaoTest, testException = [null], mergedContextConfiguration = [WebMergedContextConfiguration@6c086907 testClass = ProductDaoTest, locations = '{}', classes = '{class com.revature.caseclothes.CaseClothesApplication}', contextInitializerClasses = '[]', activeProfiles = '{}', propertySourceLocations = '{}', propertySourceProperties = '{org.springframework.boot.test.context.SpringBootTestContextBootstrapper=true}', contextCustomizers = set[org.springframework.boot.test.context.filter.ExcludeFilterContextCustomizer@4cc7d00d, org.springframework.boot.test.json.DuplicateJsonObjectContextCustomizerFactory$DuplicateJsonObjectContextCustomizer@609319c3, org.springframework.boot.test.mock.mockito.MockitoContextCustomizer@0, org.springframework.boot.test.web.client.TestRestTemplateContextCustomizer@56b8aaf1, org.springframework.boot.test.autoconfigure.actuate.metrics.MetricsExportContextCustomizerFactory$DisableMetricExportContextCustomizer@1e3ff233, org.springframework.boot.test.autoconfigure.properties.PropertyMappingContextCustomizer@0, org.springframework.boot.test.autoconfigure.web.servlet.WebDriverContextCustomizerFactory$Customizer@715a70e9, org.springframework.boot.test.context.SpringBootTestArgs@1, org.springframework.boot.test.context.SpringBootTestWebEnvironment@ed3068a], resourceBasePath = 'src/main/webapp', contextLoader = 'org.springframework.boot.test.context.SpringBootContextLoader', parent = [null]], attributes = map['org.springframework.test.context.web.ServletTestExecutionListener.activateListener' -> true, 'org.springframework.test.context.web.ServletTestExecutionListener.populatedRequestContextHolder' -> true, 'org.springframework.test.context.web.ServletTestExecutionListener.resetRequestContextHolder' -> true, 'org.springframework.test.context.event.ApplicationEventsTestExecutionListener.recordApplicationEvents' -> false]]
]]></system-out>
  </testcase>
  <testcase name="getProductById_positive" classname="com.revature.caseclothes.daounittests.ProductDaoTest" time="0.64">
    <system-out><![CDATA[2021-12-23 20:01:59.252  INFO 12632 --- [           main] j.LocalContainerEntityManagerFactoryBean : Closing JPA EntityManagerFactory for persistence unit 'default'
2021-12-23 20:01:59.253  INFO 12632 --- [           main] .SchemaDropperImpl$DelayedDropActionImpl : HHH000477: Starting delayed evictData of schema as part of SessionFactory shut-down'
2021-12-23 20:01:59.259  INFO 12632 --- [           main] com.zaxxer.hikari.HikariDataSource       : HikariPool-3 - Shutdown initiated...
2021-12-23 20:01:59.262  INFO 12632 --- [           main] com.zaxxer.hikari.HikariDataSource       : HikariPool-3 - Shutdown completed.
>>>>>>> jymm-branch

  .   ____          _            __ _ _
 /\\ / ___'_ __ _ _(_)_ __  __ _ \ \ \ \
( ( )\___ | '_ | '_| | '_ \/ _` | \ \ \ \
 \\/  ___)| |_)| | | | | || (_| |  ) ) ) )
  '  |____| .__|_| |_|_| |_\__, | / / / /
 =========|_|==============|___/=/_/_/_/
 :: Spring Boot ::                (v2.6.1)

<<<<<<< HEAD
2021-12-23 20:17:39.609  INFO 21152 --- [           main] c.r.c.daounittests.ProductDaoTest        : Starting ProductDaoTest using Java 1.8.0_301 on MSI-Jymm with PID 21152 (started by jymmm in D:\Curriculum-211018-Jymm\project-2-Team-Not-Found\case-clothes)
2021-12-23 20:17:39.610  INFO 21152 --- [           main] c.r.c.daounittests.ProductDaoTest        : No active profile set, falling back to default profiles: default
2021-12-23 20:17:39.734  INFO 21152 --- [           main] .s.d.r.c.RepositoryConfigurationDelegate : Bootstrapping Spring Data JPA repositories in DEFAULT mode.
2021-12-23 20:17:39.740  INFO 21152 --- [           main] .s.d.r.c.RepositoryConfigurationDelegate : Finished Spring Data repository scanning in 4 ms. Found 0 JPA repository interfaces.
2021-12-23 20:17:39.919  INFO 21152 --- [           main] com.zaxxer.hikari.HikariDataSource       : HikariPool-4 - Starting...
2021-12-23 20:17:39.920  INFO 21152 --- [           main] com.zaxxer.hikari.HikariDataSource       : HikariPool-4 - Start completed.
2021-12-23 20:17:39.930  INFO 21152 --- [           main] o.hibernate.jpa.internal.util.LogHelper  : HHH000204: Processing PersistenceUnitInfo [name: default]
2021-12-23 20:17:39.933  INFO 21152 --- [           main] org.hibernate.dialect.Dialect            : HHH000400: Using dialect: org.hibernate.dialect.H2Dialect
2021-12-23 20:17:40.010  INFO 21152 --- [           main] o.h.e.t.j.p.i.JtaPlatformInitiator       : HHH000490: Using JtaPlatform implementation: [org.hibernate.engine.transaction.jta.platform.internal.NoJtaPlatform]
2021-12-23 20:17:40.010  INFO 21152 --- [           main] j.LocalContainerEntityManagerFactoryBean : Initialized JPA EntityManagerFactory for persistence unit 'default'
2021-12-23 20:17:40.091  WARN 21152 --- [           main] JpaBaseConfiguration$JpaWebConfiguration : spring.jpa.open-in-view is enabled by default. Therefore, database queries may be performed during view rendering. Explicitly configure spring.jpa.open-in-view to disable this warning
2021-12-23 20:17:40.290  INFO 21152 --- [           main] c.r.c.daounittests.ProductDaoTest        : Started ProductDaoTest in 0.703 seconds (JVM running for 9.524)
2021-12-23 20:17:40.299  INFO 21152 --- [           main] o.s.t.c.transaction.TransactionContext   : Began transaction (1) for test context [DefaultTestContext@2f7539be testClass = ProductDaoTest, testInstance = com.revature.caseclothes.daounittests.ProductDaoTest@e9c8d49, testMethod = getProductById_positive@ProductDaoTest, testException = [null], mergedContextConfiguration = [WebMergedContextConfiguration@33850b6b testClass = ProductDaoTest, locations = '{}', classes = '{class com.revature.caseclothes.CaseClothesApplication}', contextInitializerClasses = '[]', activeProfiles = '{}', propertySourceLocations = '{}', propertySourceProperties = '{org.springframework.boot.test.context.SpringBootTestContextBootstrapper=true}', contextCustomizers = set[org.springframework.boot.test.context.filter.ExcludeFilterContextCustomizer@5fcd1c5f, org.springframework.boot.test.json.DuplicateJsonObjectContextCustomizerFactory$DuplicateJsonObjectContextCustomizer@484149eb, org.springframework.boot.test.mock.mockito.MockitoContextCustomizer@0, org.springframework.boot.test.web.client.TestRestTemplateContextCustomizer@32f1fafe, org.springframework.boot.test.autoconfigure.actuate.metrics.MetricsExportContextCustomizerFactory$DisableMetricExportContextCustomizer@66bf40e5, org.springframework.boot.test.autoconfigure.properties.PropertyMappingContextCustomizer@0, org.springframework.boot.test.autoconfigure.web.servlet.WebDriverContextCustomizerFactory$Customizer@60743cdb, org.springframework.boot.test.context.SpringBootTestArgs@1, org.springframework.boot.test.context.SpringBootTestWebEnvironment@ed3068a], resourceBasePath = 'src/main/webapp', contextLoader = 'org.springframework.boot.test.context.SpringBootContextLoader', parent = [null]], attributes = map['org.springframework.test.context.web.ServletTestExecutionListener.activateListener' -> true, 'org.springframework.test.context.web.ServletTestExecutionListener.populatedRequestContextHolder' -> true, 'org.springframework.test.context.web.ServletTestExecutionListener.resetRequestContextHolder' -> true, 'org.springframework.test.context.event.ApplicationEventsTestExecutionListener.recordApplicationEvents' -> false]]; transaction manager [org.springframework.orm.jpa.JpaTransactionManager@7d5d4e54]; rollback [true]
2021-12-23 20:17:40.313  INFO 21152 --- [           main] o.s.t.c.transaction.TransactionContext   : Rolled back transaction for test: [DefaultTestContext@2f7539be testClass = ProductDaoTest, testInstance = com.revature.caseclothes.daounittests.ProductDaoTest@e9c8d49, testMethod = getProductById_positive@ProductDaoTest, testException = [null], mergedContextConfiguration = [WebMergedContextConfiguration@33850b6b testClass = ProductDaoTest, locations = '{}', classes = '{class com.revature.caseclothes.CaseClothesApplication}', contextInitializerClasses = '[]', activeProfiles = '{}', propertySourceLocations = '{}', propertySourceProperties = '{org.springframework.boot.test.context.SpringBootTestContextBootstrapper=true}', contextCustomizers = set[org.springframework.boot.test.context.filter.ExcludeFilterContextCustomizer@5fcd1c5f, org.springframework.boot.test.json.DuplicateJsonObjectContextCustomizerFactory$DuplicateJsonObjectContextCustomizer@484149eb, org.springframework.boot.test.mock.mockito.MockitoContextCustomizer@0, org.springframework.boot.test.web.client.TestRestTemplateContextCustomizer@32f1fafe, org.springframework.boot.test.autoconfigure.actuate.metrics.MetricsExportContextCustomizerFactory$DisableMetricExportContextCustomizer@66bf40e5, org.springframework.boot.test.autoconfigure.properties.PropertyMappingContextCustomizer@0, org.springframework.boot.test.autoconfigure.web.servlet.WebDriverContextCustomizerFactory$Customizer@60743cdb, org.springframework.boot.test.context.SpringBootTestArgs@1, org.springframework.boot.test.context.SpringBootTestWebEnvironment@ed3068a], resourceBasePath = 'src/main/webapp', contextLoader = 'org.springframework.boot.test.context.SpringBootContextLoader', parent = [null]], attributes = map['org.springframework.test.context.web.ServletTestExecutionListener.activateListener' -> true, 'org.springframework.test.context.web.ServletTestExecutionListener.populatedRequestContextHolder' -> true, 'org.springframework.test.context.web.ServletTestExecutionListener.resetRequestContextHolder' -> true, 'org.springframework.test.context.event.ApplicationEventsTestExecutionListener.recordApplicationEvents' -> false]]
]]></system-out>
  </testcase>
  <testcase name="updateProduct_positive" classname="com.revature.caseclothes.daounittests.ProductDaoTest" time="0.701">
    <system-out><![CDATA[2021-12-23 20:17:40.316  INFO 21152 --- [           main] j.LocalContainerEntityManagerFactoryBean : Closing JPA EntityManagerFactory for persistence unit 'default'
2021-12-23 20:17:40.316  INFO 21152 --- [           main] .SchemaDropperImpl$DelayedDropActionImpl : HHH000477: Starting delayed evictData of schema as part of SessionFactory shut-down'
2021-12-23 20:17:40.322  INFO 21152 --- [           main] com.zaxxer.hikari.HikariDataSource       : HikariPool-4 - Shutdown initiated...
2021-12-23 20:17:40.325  INFO 21152 --- [           main] com.zaxxer.hikari.HikariDataSource       : HikariPool-4 - Shutdown completed.
=======
2021-12-23 20:01:59.283  INFO 12632 --- [           main] c.r.c.daounittests.ProductDaoTest        : Starting ProductDaoTest using Java 1.8.0_301 on MSI-Jymm with PID 12632 (started by jymmm in D:\Curriculum-211018-Jymm\project-2-Team-Not-Found\case-clothes)
2021-12-23 20:01:59.283  INFO 12632 --- [           main] c.r.c.daounittests.ProductDaoTest        : No active profile set, falling back to default profiles: default
2021-12-23 20:01:59.408  INFO 12632 --- [           main] .s.d.r.c.RepositoryConfigurationDelegate : Bootstrapping Spring Data JPA repositories in DEFAULT mode.
2021-12-23 20:01:59.411  INFO 12632 --- [           main] .s.d.r.c.RepositoryConfigurationDelegate : Finished Spring Data repository scanning in 2 ms. Found 0 JPA repository interfaces.
2021-12-23 20:01:59.505  INFO 12632 --- [           main] com.zaxxer.hikari.HikariDataSource       : HikariPool-4 - Starting...
2021-12-23 20:01:59.506  INFO 12632 --- [           main] com.zaxxer.hikari.HikariDataSource       : HikariPool-4 - Start completed.
2021-12-23 20:01:59.516  INFO 12632 --- [           main] o.hibernate.jpa.internal.util.LogHelper  : HHH000204: Processing PersistenceUnitInfo [name: default]
2021-12-23 20:01:59.519  INFO 12632 --- [           main] org.hibernate.dialect.Dialect            : HHH000400: Using dialect: org.hibernate.dialect.H2Dialect
2021-12-23 20:01:59.604  INFO 12632 --- [           main] o.h.e.t.j.p.i.JtaPlatformInitiator       : HHH000490: Using JtaPlatform implementation: [org.hibernate.engine.transaction.jta.platform.internal.NoJtaPlatform]
2021-12-23 20:01:59.605  INFO 12632 --- [           main] j.LocalContainerEntityManagerFactoryBean : Initialized JPA EntityManagerFactory for persistence unit 'default'
2021-12-23 20:01:59.677  WARN 12632 --- [           main] JpaBaseConfiguration$JpaWebConfiguration : spring.jpa.open-in-view is enabled by default. Therefore, database queries may be performed during view rendering. Explicitly configure spring.jpa.open-in-view to disable this warning
2021-12-23 20:01:59.871  INFO 12632 --- [           main] c.r.c.daounittests.ProductDaoTest        : Started ProductDaoTest in 0.606 seconds (JVM running for 9.07)
2021-12-23 20:01:59.879  INFO 12632 --- [           main] o.s.t.c.transaction.TransactionContext   : Began transaction (1) for test context [DefaultTestContext@2cb96bf0 testClass = ProductDaoTest, testInstance = com.revature.caseclothes.daounittests.ProductDaoTest@550fbcc5, testMethod = getProductById_positive@ProductDaoTest, testException = [null], mergedContextConfiguration = [WebMergedContextConfiguration@6c086907 testClass = ProductDaoTest, locations = '{}', classes = '{class com.revature.caseclothes.CaseClothesApplication}', contextInitializerClasses = '[]', activeProfiles = '{}', propertySourceLocations = '{}', propertySourceProperties = '{org.springframework.boot.test.context.SpringBootTestContextBootstrapper=true}', contextCustomizers = set[org.springframework.boot.test.context.filter.ExcludeFilterContextCustomizer@4cc7d00d, org.springframework.boot.test.json.DuplicateJsonObjectContextCustomizerFactory$DuplicateJsonObjectContextCustomizer@609319c3, org.springframework.boot.test.mock.mockito.MockitoContextCustomizer@0, org.springframework.boot.test.web.client.TestRestTemplateContextCustomizer@56b8aaf1, org.springframework.boot.test.autoconfigure.actuate.metrics.MetricsExportContextCustomizerFactory$DisableMetricExportContextCustomizer@1e3ff233, org.springframework.boot.test.autoconfigure.properties.PropertyMappingContextCustomizer@0, org.springframework.boot.test.autoconfigure.web.servlet.WebDriverContextCustomizerFactory$Customizer@715a70e9, org.springframework.boot.test.context.SpringBootTestArgs@1, org.springframework.boot.test.context.SpringBootTestWebEnvironment@ed3068a], resourceBasePath = 'src/main/webapp', contextLoader = 'org.springframework.boot.test.context.SpringBootContextLoader', parent = [null]], attributes = map['org.springframework.test.context.web.ServletTestExecutionListener.activateListener' -> true, 'org.springframework.test.context.web.ServletTestExecutionListener.populatedRequestContextHolder' -> true, 'org.springframework.test.context.web.ServletTestExecutionListener.resetRequestContextHolder' -> true, 'org.springframework.test.context.event.ApplicationEventsTestExecutionListener.recordApplicationEvents' -> false]]; transaction manager [org.springframework.orm.jpa.JpaTransactionManager@44331b72]; rollback [true]
2021-12-23 20:01:59.891  INFO 12632 --- [           main] o.s.t.c.transaction.TransactionContext   : Rolled back transaction for test: [DefaultTestContext@2cb96bf0 testClass = ProductDaoTest, testInstance = com.revature.caseclothes.daounittests.ProductDaoTest@550fbcc5, testMethod = getProductById_positive@ProductDaoTest, testException = [null], mergedContextConfiguration = [WebMergedContextConfiguration@6c086907 testClass = ProductDaoTest, locations = '{}', classes = '{class com.revature.caseclothes.CaseClothesApplication}', contextInitializerClasses = '[]', activeProfiles = '{}', propertySourceLocations = '{}', propertySourceProperties = '{org.springframework.boot.test.context.SpringBootTestContextBootstrapper=true}', contextCustomizers = set[org.springframework.boot.test.context.filter.ExcludeFilterContextCustomizer@4cc7d00d, org.springframework.boot.test.json.DuplicateJsonObjectContextCustomizerFactory$DuplicateJsonObjectContextCustomizer@609319c3, org.springframework.boot.test.mock.mockito.MockitoContextCustomizer@0, org.springframework.boot.test.web.client.TestRestTemplateContextCustomizer@56b8aaf1, org.springframework.boot.test.autoconfigure.actuate.metrics.MetricsExportContextCustomizerFactory$DisableMetricExportContextCustomizer@1e3ff233, org.springframework.boot.test.autoconfigure.properties.PropertyMappingContextCustomizer@0, org.springframework.boot.test.autoconfigure.web.servlet.WebDriverContextCustomizerFactory$Customizer@715a70e9, org.springframework.boot.test.context.SpringBootTestArgs@1, org.springframework.boot.test.context.SpringBootTestWebEnvironment@ed3068a], resourceBasePath = 'src/main/webapp', contextLoader = 'org.springframework.boot.test.context.SpringBootContextLoader', parent = [null]], attributes = map['org.springframework.test.context.web.ServletTestExecutionListener.activateListener' -> true, 'org.springframework.test.context.web.ServletTestExecutionListener.populatedRequestContextHolder' -> true, 'org.springframework.test.context.web.ServletTestExecutionListener.resetRequestContextHolder' -> true, 'org.springframework.test.context.event.ApplicationEventsTestExecutionListener.recordApplicationEvents' -> false]]
]]></system-out>
  </testcase>
  <testcase name="updateProduct_positive" classname="com.revature.caseclothes.daounittests.ProductDaoTest" time="0.655">
    <system-out><![CDATA[2021-12-23 20:01:59.893  INFO 12632 --- [           main] j.LocalContainerEntityManagerFactoryBean : Closing JPA EntityManagerFactory for persistence unit 'default'
2021-12-23 20:01:59.893  INFO 12632 --- [           main] .SchemaDropperImpl$DelayedDropActionImpl : HHH000477: Starting delayed evictData of schema as part of SessionFactory shut-down'
2021-12-23 20:01:59.898  INFO 12632 --- [           main] com.zaxxer.hikari.HikariDataSource       : HikariPool-4 - Shutdown initiated...
2021-12-23 20:01:59.900  INFO 12632 --- [           main] com.zaxxer.hikari.HikariDataSource       : HikariPool-4 - Shutdown completed.
>>>>>>> jymm-branch

  .   ____          _            __ _ _
 /\\ / ___'_ __ _ _(_)_ __  __ _ \ \ \ \
( ( )\___ | '_ | '_| | '_ \/ _` | \ \ \ \
 \\/  ___)| |_)| | | | | || (_| |  ) ) ) )
  '  |____| .__|_| |_|_| |_\__, | / / / /
 =========|_|==============|___/=/_/_/_/
 :: Spring Boot ::                (v2.6.1)

<<<<<<< HEAD
2021-12-23 20:17:40.343  INFO 21152 --- [           main] c.r.c.daounittests.ProductDaoTest        : Starting ProductDaoTest using Java 1.8.0_301 on MSI-Jymm with PID 21152 (started by jymmm in D:\Curriculum-211018-Jymm\project-2-Team-Not-Found\case-clothes)
2021-12-23 20:17:40.343  INFO 21152 --- [           main] c.r.c.daounittests.ProductDaoTest        : No active profile set, falling back to default profiles: default
2021-12-23 20:17:40.493  INFO 21152 --- [           main] .s.d.r.c.RepositoryConfigurationDelegate : Bootstrapping Spring Data JPA repositories in DEFAULT mode.
2021-12-23 20:17:40.495  INFO 21152 --- [           main] .s.d.r.c.RepositoryConfigurationDelegate : Finished Spring Data repository scanning in 2 ms. Found 0 JPA repository interfaces.
2021-12-23 20:17:40.601  INFO 21152 --- [           main] com.zaxxer.hikari.HikariDataSource       : HikariPool-5 - Starting...
2021-12-23 20:17:40.602  INFO 21152 --- [           main] com.zaxxer.hikari.HikariDataSource       : HikariPool-5 - Start completed.
2021-12-23 20:17:40.617  INFO 21152 --- [           main] o.hibernate.jpa.internal.util.LogHelper  : HHH000204: Processing PersistenceUnitInfo [name: default]
2021-12-23 20:17:40.622  INFO 21152 --- [           main] org.hibernate.dialect.Dialect            : HHH000400: Using dialect: org.hibernate.dialect.H2Dialect
2021-12-23 20:17:40.697  INFO 21152 --- [           main] o.h.e.t.j.p.i.JtaPlatformInitiator       : HHH000490: Using JtaPlatform implementation: [org.hibernate.engine.transaction.jta.platform.internal.NoJtaPlatform]
2021-12-23 20:17:40.698  INFO 21152 --- [           main] j.LocalContainerEntityManagerFactoryBean : Initialized JPA EntityManagerFactory for persistence unit 'default'
2021-12-23 20:17:40.774  WARN 21152 --- [           main] JpaBaseConfiguration$JpaWebConfiguration : spring.jpa.open-in-view is enabled by default. Therefore, database queries may be performed during view rendering. Explicitly configure spring.jpa.open-in-view to disable this warning
2021-12-23 20:17:40.996  INFO 21152 --- [           main] c.r.c.daounittests.ProductDaoTest        : Started ProductDaoTest in 0.669 seconds (JVM running for 10.23)
2021-12-23 20:17:41.005  INFO 21152 --- [           main] o.s.t.c.transaction.TransactionContext   : Began transaction (1) for test context [DefaultTestContext@2f7539be testClass = ProductDaoTest, testInstance = com.revature.caseclothes.daounittests.ProductDaoTest@38154c71, testMethod = updateProduct_positive@ProductDaoTest, testException = [null], mergedContextConfiguration = [WebMergedContextConfiguration@33850b6b testClass = ProductDaoTest, locations = '{}', classes = '{class com.revature.caseclothes.CaseClothesApplication}', contextInitializerClasses = '[]', activeProfiles = '{}', propertySourceLocations = '{}', propertySourceProperties = '{org.springframework.boot.test.context.SpringBootTestContextBootstrapper=true}', contextCustomizers = set[org.springframework.boot.test.context.filter.ExcludeFilterContextCustomizer@5fcd1c5f, org.springframework.boot.test.json.DuplicateJsonObjectContextCustomizerFactory$DuplicateJsonObjectContextCustomizer@484149eb, org.springframework.boot.test.mock.mockito.MockitoContextCustomizer@0, org.springframework.boot.test.web.client.TestRestTemplateContextCustomizer@32f1fafe, org.springframework.boot.test.autoconfigure.actuate.metrics.MetricsExportContextCustomizerFactory$DisableMetricExportContextCustomizer@66bf40e5, org.springframework.boot.test.autoconfigure.properties.PropertyMappingContextCustomizer@0, org.springframework.boot.test.autoconfigure.web.servlet.WebDriverContextCustomizerFactory$Customizer@60743cdb, org.springframework.boot.test.context.SpringBootTestArgs@1, org.springframework.boot.test.context.SpringBootTestWebEnvironment@ed3068a], resourceBasePath = 'src/main/webapp', contextLoader = 'org.springframework.boot.test.context.SpringBootContextLoader', parent = [null]], attributes = map['org.springframework.test.context.web.ServletTestExecutionListener.activateListener' -> true, 'org.springframework.test.context.web.ServletTestExecutionListener.populatedRequestContextHolder' -> true, 'org.springframework.test.context.web.ServletTestExecutionListener.resetRequestContextHolder' -> true, 'org.springframework.test.context.event.ApplicationEventsTestExecutionListener.recordApplicationEvents' -> false]]; transaction manager [org.springframework.orm.jpa.JpaTransactionManager@35862af2]; rollback [true]
2021-12-23 20:17:41.015  INFO 21152 --- [           main] o.s.t.c.transaction.TransactionContext   : Rolled back transaction for test: [DefaultTestContext@2f7539be testClass = ProductDaoTest, testInstance = com.revature.caseclothes.daounittests.ProductDaoTest@38154c71, testMethod = updateProduct_positive@ProductDaoTest, testException = [null], mergedContextConfiguration = [WebMergedContextConfiguration@33850b6b testClass = ProductDaoTest, locations = '{}', classes = '{class com.revature.caseclothes.CaseClothesApplication}', contextInitializerClasses = '[]', activeProfiles = '{}', propertySourceLocations = '{}', propertySourceProperties = '{org.springframework.boot.test.context.SpringBootTestContextBootstrapper=true}', contextCustomizers = set[org.springframework.boot.test.context.filter.ExcludeFilterContextCustomizer@5fcd1c5f, org.springframework.boot.test.json.DuplicateJsonObjectContextCustomizerFactory$DuplicateJsonObjectContextCustomizer@484149eb, org.springframework.boot.test.mock.mockito.MockitoContextCustomizer@0, org.springframework.boot.test.web.client.TestRestTemplateContextCustomizer@32f1fafe, org.springframework.boot.test.autoconfigure.actuate.metrics.MetricsExportContextCustomizerFactory$DisableMetricExportContextCustomizer@66bf40e5, org.springframework.boot.test.autoconfigure.properties.PropertyMappingContextCustomizer@0, org.springframework.boot.test.autoconfigure.web.servlet.WebDriverContextCustomizerFactory$Customizer@60743cdb, org.springframework.boot.test.context.SpringBootTestArgs@1, org.springframework.boot.test.context.SpringBootTestWebEnvironment@ed3068a], resourceBasePath = 'src/main/webapp', contextLoader = 'org.springframework.boot.test.context.SpringBootContextLoader', parent = [null]], attributes = map['org.springframework.test.context.web.ServletTestExecutionListener.activateListener' -> true, 'org.springframework.test.context.web.ServletTestExecutionListener.populatedRequestContextHolder' -> true, 'org.springframework.test.context.web.ServletTestExecutionListener.resetRequestContextHolder' -> true, 'org.springframework.test.context.event.ApplicationEventsTestExecutionListener.recordApplicationEvents' -> false]]
]]></system-out>
  </testcase>
  <testcase name="testSelectCartById" classname="com.revature.caseclothes.daounittests.ProductDaoTest" time="0.806">
    <system-out><![CDATA[2021-12-23 20:17:41.017  INFO 21152 --- [           main] j.LocalContainerEntityManagerFactoryBean : Closing JPA EntityManagerFactory for persistence unit 'default'
2021-12-23 20:17:41.017  INFO 21152 --- [           main] .SchemaDropperImpl$DelayedDropActionImpl : HHH000477: Starting delayed evictData of schema as part of SessionFactory shut-down'
2021-12-23 20:17:41.021  INFO 21152 --- [           main] com.zaxxer.hikari.HikariDataSource       : HikariPool-5 - Shutdown initiated...
2021-12-23 20:17:41.023  INFO 21152 --- [           main] com.zaxxer.hikari.HikariDataSource       : HikariPool-5 - Shutdown completed.
=======
2021-12-23 20:01:59.917  INFO 12632 --- [           main] c.r.c.daounittests.ProductDaoTest        : Starting ProductDaoTest using Java 1.8.0_301 on MSI-Jymm with PID 12632 (started by jymmm in D:\Curriculum-211018-Jymm\project-2-Team-Not-Found\case-clothes)
2021-12-23 20:01:59.917  INFO 12632 --- [           main] c.r.c.daounittests.ProductDaoTest        : No active profile set, falling back to default profiles: default
2021-12-23 20:02:00.019  INFO 12632 --- [           main] .s.d.r.c.RepositoryConfigurationDelegate : Bootstrapping Spring Data JPA repositories in DEFAULT mode.
2021-12-23 20:02:00.022  INFO 12632 --- [           main] .s.d.r.c.RepositoryConfigurationDelegate : Finished Spring Data repository scanning in 2 ms. Found 0 JPA repository interfaces.
2021-12-23 20:02:00.123  INFO 12632 --- [           main] com.zaxxer.hikari.HikariDataSource       : HikariPool-5 - Starting...
2021-12-23 20:02:00.124  INFO 12632 --- [           main] com.zaxxer.hikari.HikariDataSource       : HikariPool-5 - Start completed.
2021-12-23 20:02:00.133  INFO 12632 --- [           main] o.hibernate.jpa.internal.util.LogHelper  : HHH000204: Processing PersistenceUnitInfo [name: default]
2021-12-23 20:02:00.137  INFO 12632 --- [           main] org.hibernate.dialect.Dialect            : HHH000400: Using dialect: org.hibernate.dialect.H2Dialect
2021-12-23 20:02:00.212  INFO 12632 --- [           main] o.h.e.t.j.p.i.JtaPlatformInitiator       : HHH000490: Using JtaPlatform implementation: [org.hibernate.engine.transaction.jta.platform.internal.NoJtaPlatform]
2021-12-23 20:02:00.213  INFO 12632 --- [           main] j.LocalContainerEntityManagerFactoryBean : Initialized JPA EntityManagerFactory for persistence unit 'default'
2021-12-23 20:02:00.294  WARN 12632 --- [           main] JpaBaseConfiguration$JpaWebConfiguration : spring.jpa.open-in-view is enabled by default. Therefore, database queries may be performed during view rendering. Explicitly configure spring.jpa.open-in-view to disable this warning
2021-12-23 20:02:00.523  INFO 12632 --- [           main] c.r.c.daounittests.ProductDaoTest        : Started ProductDaoTest in 0.62 seconds (JVM running for 9.722)
2021-12-23 20:02:00.532  INFO 12632 --- [           main] o.s.t.c.transaction.TransactionContext   : Began transaction (1) for test context [DefaultTestContext@2cb96bf0 testClass = ProductDaoTest, testInstance = com.revature.caseclothes.daounittests.ProductDaoTest@1011370, testMethod = updateProduct_positive@ProductDaoTest, testException = [null], mergedContextConfiguration = [WebMergedContextConfiguration@6c086907 testClass = ProductDaoTest, locations = '{}', classes = '{class com.revature.caseclothes.CaseClothesApplication}', contextInitializerClasses = '[]', activeProfiles = '{}', propertySourceLocations = '{}', propertySourceProperties = '{org.springframework.boot.test.context.SpringBootTestContextBootstrapper=true}', contextCustomizers = set[org.springframework.boot.test.context.filter.ExcludeFilterContextCustomizer@4cc7d00d, org.springframework.boot.test.json.DuplicateJsonObjectContextCustomizerFactory$DuplicateJsonObjectContextCustomizer@609319c3, org.springframework.boot.test.mock.mockito.MockitoContextCustomizer@0, org.springframework.boot.test.web.client.TestRestTemplateContextCustomizer@56b8aaf1, org.springframework.boot.test.autoconfigure.actuate.metrics.MetricsExportContextCustomizerFactory$DisableMetricExportContextCustomizer@1e3ff233, org.springframework.boot.test.autoconfigure.properties.PropertyMappingContextCustomizer@0, org.springframework.boot.test.autoconfigure.web.servlet.WebDriverContextCustomizerFactory$Customizer@715a70e9, org.springframework.boot.test.context.SpringBootTestArgs@1, org.springframework.boot.test.context.SpringBootTestWebEnvironment@ed3068a], resourceBasePath = 'src/main/webapp', contextLoader = 'org.springframework.boot.test.context.SpringBootContextLoader', parent = [null]], attributes = map['org.springframework.test.context.web.ServletTestExecutionListener.activateListener' -> true, 'org.springframework.test.context.web.ServletTestExecutionListener.populatedRequestContextHolder' -> true, 'org.springframework.test.context.web.ServletTestExecutionListener.resetRequestContextHolder' -> true, 'org.springframework.test.context.event.ApplicationEventsTestExecutionListener.recordApplicationEvents' -> false]]; transaction manager [org.springframework.orm.jpa.JpaTransactionManager@101b20ea]; rollback [true]
2021-12-23 20:02:00.546  INFO 12632 --- [           main] o.s.t.c.transaction.TransactionContext   : Rolled back transaction for test: [DefaultTestContext@2cb96bf0 testClass = ProductDaoTest, testInstance = com.revature.caseclothes.daounittests.ProductDaoTest@1011370, testMethod = updateProduct_positive@ProductDaoTest, testException = [null], mergedContextConfiguration = [WebMergedContextConfiguration@6c086907 testClass = ProductDaoTest, locations = '{}', classes = '{class com.revature.caseclothes.CaseClothesApplication}', contextInitializerClasses = '[]', activeProfiles = '{}', propertySourceLocations = '{}', propertySourceProperties = '{org.springframework.boot.test.context.SpringBootTestContextBootstrapper=true}', contextCustomizers = set[org.springframework.boot.test.context.filter.ExcludeFilterContextCustomizer@4cc7d00d, org.springframework.boot.test.json.DuplicateJsonObjectContextCustomizerFactory$DuplicateJsonObjectContextCustomizer@609319c3, org.springframework.boot.test.mock.mockito.MockitoContextCustomizer@0, org.springframework.boot.test.web.client.TestRestTemplateContextCustomizer@56b8aaf1, org.springframework.boot.test.autoconfigure.actuate.metrics.MetricsExportContextCustomizerFactory$DisableMetricExportContextCustomizer@1e3ff233, org.springframework.boot.test.autoconfigure.properties.PropertyMappingContextCustomizer@0, org.springframework.boot.test.autoconfigure.web.servlet.WebDriverContextCustomizerFactory$Customizer@715a70e9, org.springframework.boot.test.context.SpringBootTestArgs@1, org.springframework.boot.test.context.SpringBootTestWebEnvironment@ed3068a], resourceBasePath = 'src/main/webapp', contextLoader = 'org.springframework.boot.test.context.SpringBootContextLoader', parent = [null]], attributes = map['org.springframework.test.context.web.ServletTestExecutionListener.activateListener' -> true, 'org.springframework.test.context.web.ServletTestExecutionListener.populatedRequestContextHolder' -> true, 'org.springframework.test.context.web.ServletTestExecutionListener.resetRequestContextHolder' -> true, 'org.springframework.test.context.event.ApplicationEventsTestExecutionListener.recordApplicationEvents' -> false]]
]]></system-out>
  </testcase>
  <testcase name="testSelectCartById" classname="com.revature.caseclothes.daounittests.ProductDaoTest" time="0.665">
    <system-out><![CDATA[2021-12-23 20:02:00.549  INFO 12632 --- [           main] j.LocalContainerEntityManagerFactoryBean : Closing JPA EntityManagerFactory for persistence unit 'default'
2021-12-23 20:02:00.549  INFO 12632 --- [           main] .SchemaDropperImpl$DelayedDropActionImpl : HHH000477: Starting delayed evictData of schema as part of SessionFactory shut-down'
2021-12-23 20:02:00.553  INFO 12632 --- [           main] com.zaxxer.hikari.HikariDataSource       : HikariPool-5 - Shutdown initiated...
2021-12-23 20:02:00.554  INFO 12632 --- [           main] com.zaxxer.hikari.HikariDataSource       : HikariPool-5 - Shutdown completed.
>>>>>>> jymm-branch

  .   ____          _            __ _ _
 /\\ / ___'_ __ _ _(_)_ __  __ _ \ \ \ \
( ( )\___ | '_ | '_| | '_ \/ _` | \ \ \ \
 \\/  ___)| |_)| | | | | || (_| |  ) ) ) )
  '  |____| .__|_| |_|_| |_\__, | / / / /
 =========|_|==============|___/=/_/_/_/
 :: Spring Boot ::                (v2.6.1)

<<<<<<< HEAD
2021-12-23 20:17:41.040  INFO 21152 --- [           main] c.r.c.daounittests.ProductDaoTest        : Starting ProductDaoTest using Java 1.8.0_301 on MSI-Jymm with PID 21152 (started by jymmm in D:\Curriculum-211018-Jymm\project-2-Team-Not-Found\case-clothes)
2021-12-23 20:17:41.040  INFO 21152 --- [           main] c.r.c.daounittests.ProductDaoTest        : No active profile set, falling back to default profiles: default
2021-12-23 20:17:41.213  INFO 21152 --- [           main] .s.d.r.c.RepositoryConfigurationDelegate : Bootstrapping Spring Data JPA repositories in DEFAULT mode.
2021-12-23 20:17:41.216  INFO 21152 --- [           main] .s.d.r.c.RepositoryConfigurationDelegate : Finished Spring Data repository scanning in 2 ms. Found 0 JPA repository interfaces.
2021-12-23 20:17:41.322  INFO 21152 --- [           main] com.zaxxer.hikari.HikariDataSource       : HikariPool-6 - Starting...
2021-12-23 20:17:41.323  INFO 21152 --- [           main] com.zaxxer.hikari.HikariDataSource       : HikariPool-6 - Start completed.
2021-12-23 20:17:41.332  INFO 21152 --- [           main] o.hibernate.jpa.internal.util.LogHelper  : HHH000204: Processing PersistenceUnitInfo [name: default]
2021-12-23 20:17:41.335  INFO 21152 --- [           main] org.hibernate.dialect.Dialect            : HHH000400: Using dialect: org.hibernate.dialect.H2Dialect
2021-12-23 20:17:41.398  INFO 21152 --- [           main] o.h.e.t.j.p.i.JtaPlatformInitiator       : HHH000490: Using JtaPlatform implementation: [org.hibernate.engine.transaction.jta.platform.internal.NoJtaPlatform]
2021-12-23 20:17:41.399  INFO 21152 --- [           main] j.LocalContainerEntityManagerFactoryBean : Initialized JPA EntityManagerFactory for persistence unit 'default'
2021-12-23 20:17:41.477  WARN 21152 --- [           main] JpaBaseConfiguration$JpaWebConfiguration : spring.jpa.open-in-view is enabled by default. Therefore, database queries may be performed during view rendering. Explicitly configure spring.jpa.open-in-view to disable this warning
2021-12-23 20:17:41.778  INFO 21152 --- [           main] c.r.c.daounittests.ProductDaoTest        : Started ProductDaoTest in 0.752 seconds (JVM running for 11.011)
2021-12-23 20:17:41.788  INFO 21152 --- [           main] o.s.t.c.transaction.TransactionContext   : Began transaction (1) for test context [DefaultTestContext@2f7539be testClass = ProductDaoTest, testInstance = com.revature.caseclothes.daounittests.ProductDaoTest@332ef94, testMethod = testSelectCartById@ProductDaoTest, testException = [null], mergedContextConfiguration = [WebMergedContextConfiguration@33850b6b testClass = ProductDaoTest, locations = '{}', classes = '{class com.revature.caseclothes.CaseClothesApplication}', contextInitializerClasses = '[]', activeProfiles = '{}', propertySourceLocations = '{}', propertySourceProperties = '{org.springframework.boot.test.context.SpringBootTestContextBootstrapper=true}', contextCustomizers = set[org.springframework.boot.test.context.filter.ExcludeFilterContextCustomizer@5fcd1c5f, org.springframework.boot.test.json.DuplicateJsonObjectContextCustomizerFactory$DuplicateJsonObjectContextCustomizer@484149eb, org.springframework.boot.test.mock.mockito.MockitoContextCustomizer@0, org.springframework.boot.test.web.client.TestRestTemplateContextCustomizer@32f1fafe, org.springframework.boot.test.autoconfigure.actuate.metrics.MetricsExportContextCustomizerFactory$DisableMetricExportContextCustomizer@66bf40e5, org.springframework.boot.test.autoconfigure.properties.PropertyMappingContextCustomizer@0, org.springframework.boot.test.autoconfigure.web.servlet.WebDriverContextCustomizerFactory$Customizer@60743cdb, org.springframework.boot.test.context.SpringBootTestArgs@1, org.springframework.boot.test.context.SpringBootTestWebEnvironment@ed3068a], resourceBasePath = 'src/main/webapp', contextLoader = 'org.springframework.boot.test.context.SpringBootContextLoader', parent = [null]], attributes = map['org.springframework.test.context.web.ServletTestExecutionListener.activateListener' -> true, 'org.springframework.test.context.web.ServletTestExecutionListener.populatedRequestContextHolder' -> true, 'org.springframework.test.context.web.ServletTestExecutionListener.resetRequestContextHolder' -> true, 'org.springframework.test.context.event.ApplicationEventsTestExecutionListener.recordApplicationEvents' -> false]]; transaction manager [org.springframework.orm.jpa.JpaTransactionManager@64e95e60]; rollback [true]
2021-12-23 20:17:41.821  INFO 21152 --- [           main] o.s.t.c.transaction.TransactionContext   : Rolled back transaction for test: [DefaultTestContext@2f7539be testClass = ProductDaoTest, testInstance = com.revature.caseclothes.daounittests.ProductDaoTest@332ef94, testMethod = testSelectCartById@ProductDaoTest, testException = [null], mergedContextConfiguration = [WebMergedContextConfiguration@33850b6b testClass = ProductDaoTest, locations = '{}', classes = '{class com.revature.caseclothes.CaseClothesApplication}', contextInitializerClasses = '[]', activeProfiles = '{}', propertySourceLocations = '{}', propertySourceProperties = '{org.springframework.boot.test.context.SpringBootTestContextBootstrapper=true}', contextCustomizers = set[org.springframework.boot.test.context.filter.ExcludeFilterContextCustomizer@5fcd1c5f, org.springframework.boot.test.json.DuplicateJsonObjectContextCustomizerFactory$DuplicateJsonObjectContextCustomizer@484149eb, org.springframework.boot.test.mock.mockito.MockitoContextCustomizer@0, org.springframework.boot.test.web.client.TestRestTemplateContextCustomizer@32f1fafe, org.springframework.boot.test.autoconfigure.actuate.metrics.MetricsExportContextCustomizerFactory$DisableMetricExportContextCustomizer@66bf40e5, org.springframework.boot.test.autoconfigure.properties.PropertyMappingContextCustomizer@0, org.springframework.boot.test.autoconfigure.web.servlet.WebDriverContextCustomizerFactory$Customizer@60743cdb, org.springframework.boot.test.context.SpringBootTestArgs@1, org.springframework.boot.test.context.SpringBootTestWebEnvironment@ed3068a], resourceBasePath = 'src/main/webapp', contextLoader = 'org.springframework.boot.test.context.SpringBootContextLoader', parent = [null]], attributes = map['org.springframework.test.context.web.ServletTestExecutionListener.activateListener' -> true, 'org.springframework.test.context.web.ServletTestExecutionListener.populatedRequestContextHolder' -> true, 'org.springframework.test.context.web.ServletTestExecutionListener.resetRequestContextHolder' -> true, 'org.springframework.test.context.event.ApplicationEventsTestExecutionListener.recordApplicationEvents' -> false]]
]]></system-out>
  </testcase>
  <testcase name="testInsertProducts_positive" classname="com.revature.caseclothes.daounittests.ProductDaoTest" time="0.706">
    <system-out><![CDATA[2021-12-23 20:17:41.825  INFO 21152 --- [           main] j.LocalContainerEntityManagerFactoryBean : Closing JPA EntityManagerFactory for persistence unit 'default'
2021-12-23 20:17:41.825  INFO 21152 --- [           main] .SchemaDropperImpl$DelayedDropActionImpl : HHH000477: Starting delayed evictData of schema as part of SessionFactory shut-down'
2021-12-23 20:17:41.829  INFO 21152 --- [           main] com.zaxxer.hikari.HikariDataSource       : HikariPool-6 - Shutdown initiated...
2021-12-23 20:17:41.830  INFO 21152 --- [           main] com.zaxxer.hikari.HikariDataSource       : HikariPool-6 - Shutdown completed.
=======
2021-12-23 20:02:00.572  INFO 12632 --- [           main] c.r.c.daounittests.ProductDaoTest        : Starting ProductDaoTest using Java 1.8.0_301 on MSI-Jymm with PID 12632 (started by jymmm in D:\Curriculum-211018-Jymm\project-2-Team-Not-Found\case-clothes)
2021-12-23 20:02:00.572  INFO 12632 --- [           main] c.r.c.daounittests.ProductDaoTest        : No active profile set, falling back to default profiles: default
2021-12-23 20:02:00.684  INFO 12632 --- [           main] .s.d.r.c.RepositoryConfigurationDelegate : Bootstrapping Spring Data JPA repositories in DEFAULT mode.
2021-12-23 20:02:00.687  INFO 12632 --- [           main] .s.d.r.c.RepositoryConfigurationDelegate : Finished Spring Data repository scanning in 2 ms. Found 0 JPA repository interfaces.
2021-12-23 20:02:00.772  INFO 12632 --- [           main] com.zaxxer.hikari.HikariDataSource       : HikariPool-6 - Starting...
2021-12-23 20:02:00.773  INFO 12632 --- [           main] com.zaxxer.hikari.HikariDataSource       : HikariPool-6 - Start completed.
2021-12-23 20:02:00.784  INFO 12632 --- [           main] o.hibernate.jpa.internal.util.LogHelper  : HHH000204: Processing PersistenceUnitInfo [name: default]
2021-12-23 20:02:00.789  INFO 12632 --- [           main] org.hibernate.dialect.Dialect            : HHH000400: Using dialect: org.hibernate.dialect.H2Dialect
2021-12-23 20:02:00.862  INFO 12632 --- [           main] o.h.e.t.j.p.i.JtaPlatformInitiator       : HHH000490: Using JtaPlatform implementation: [org.hibernate.engine.transaction.jta.platform.internal.NoJtaPlatform]
2021-12-23 20:02:00.862  INFO 12632 --- [           main] j.LocalContainerEntityManagerFactoryBean : Initialized JPA EntityManagerFactory for persistence unit 'default'
2021-12-23 20:02:00.942  WARN 12632 --- [           main] JpaBaseConfiguration$JpaWebConfiguration : spring.jpa.open-in-view is enabled by default. Therefore, database queries may be performed during view rendering. Explicitly configure spring.jpa.open-in-view to disable this warning
2021-12-23 20:02:01.175  INFO 12632 --- [           main] c.r.c.daounittests.ProductDaoTest        : Started ProductDaoTest in 0.617 seconds (JVM running for 10.374)
2021-12-23 20:02:01.184  INFO 12632 --- [           main] o.s.t.c.transaction.TransactionContext   : Began transaction (1) for test context [DefaultTestContext@2cb96bf0 testClass = ProductDaoTest, testInstance = com.revature.caseclothes.daounittests.ProductDaoTest@592a8804, testMethod = testSelectCartById@ProductDaoTest, testException = [null], mergedContextConfiguration = [WebMergedContextConfiguration@6c086907 testClass = ProductDaoTest, locations = '{}', classes = '{class com.revature.caseclothes.CaseClothesApplication}', contextInitializerClasses = '[]', activeProfiles = '{}', propertySourceLocations = '{}', propertySourceProperties = '{org.springframework.boot.test.context.SpringBootTestContextBootstrapper=true}', contextCustomizers = set[org.springframework.boot.test.context.filter.ExcludeFilterContextCustomizer@4cc7d00d, org.springframework.boot.test.json.DuplicateJsonObjectContextCustomizerFactory$DuplicateJsonObjectContextCustomizer@609319c3, org.springframework.boot.test.mock.mockito.MockitoContextCustomizer@0, org.springframework.boot.test.web.client.TestRestTemplateContextCustomizer@56b8aaf1, org.springframework.boot.test.autoconfigure.actuate.metrics.MetricsExportContextCustomizerFactory$DisableMetricExportContextCustomizer@1e3ff233, org.springframework.boot.test.autoconfigure.properties.PropertyMappingContextCustomizer@0, org.springframework.boot.test.autoconfigure.web.servlet.WebDriverContextCustomizerFactory$Customizer@715a70e9, org.springframework.boot.test.context.SpringBootTestArgs@1, org.springframework.boot.test.context.SpringBootTestWebEnvironment@ed3068a], resourceBasePath = 'src/main/webapp', contextLoader = 'org.springframework.boot.test.context.SpringBootContextLoader', parent = [null]], attributes = map['org.springframework.test.context.web.ServletTestExecutionListener.activateListener' -> true, 'org.springframework.test.context.web.ServletTestExecutionListener.populatedRequestContextHolder' -> true, 'org.springframework.test.context.web.ServletTestExecutionListener.resetRequestContextHolder' -> true, 'org.springframework.test.context.event.ApplicationEventsTestExecutionListener.recordApplicationEvents' -> false]]; transaction manager [org.springframework.orm.jpa.JpaTransactionManager@1d69d123]; rollback [true]
2021-12-23 20:02:01.212  INFO 12632 --- [           main] o.s.t.c.transaction.TransactionContext   : Rolled back transaction for test: [DefaultTestContext@2cb96bf0 testClass = ProductDaoTest, testInstance = com.revature.caseclothes.daounittests.ProductDaoTest@592a8804, testMethod = testSelectCartById@ProductDaoTest, testException = [null], mergedContextConfiguration = [WebMergedContextConfiguration@6c086907 testClass = ProductDaoTest, locations = '{}', classes = '{class com.revature.caseclothes.CaseClothesApplication}', contextInitializerClasses = '[]', activeProfiles = '{}', propertySourceLocations = '{}', propertySourceProperties = '{org.springframework.boot.test.context.SpringBootTestContextBootstrapper=true}', contextCustomizers = set[org.springframework.boot.test.context.filter.ExcludeFilterContextCustomizer@4cc7d00d, org.springframework.boot.test.json.DuplicateJsonObjectContextCustomizerFactory$DuplicateJsonObjectContextCustomizer@609319c3, org.springframework.boot.test.mock.mockito.MockitoContextCustomizer@0, org.springframework.boot.test.web.client.TestRestTemplateContextCustomizer@56b8aaf1, org.springframework.boot.test.autoconfigure.actuate.metrics.MetricsExportContextCustomizerFactory$DisableMetricExportContextCustomizer@1e3ff233, org.springframework.boot.test.autoconfigure.properties.PropertyMappingContextCustomizer@0, org.springframework.boot.test.autoconfigure.web.servlet.WebDriverContextCustomizerFactory$Customizer@715a70e9, org.springframework.boot.test.context.SpringBootTestArgs@1, org.springframework.boot.test.context.SpringBootTestWebEnvironment@ed3068a], resourceBasePath = 'src/main/webapp', contextLoader = 'org.springframework.boot.test.context.SpringBootContextLoader', parent = [null]], attributes = map['org.springframework.test.context.web.ServletTestExecutionListener.activateListener' -> true, 'org.springframework.test.context.web.ServletTestExecutionListener.populatedRequestContextHolder' -> true, 'org.springframework.test.context.web.ServletTestExecutionListener.resetRequestContextHolder' -> true, 'org.springframework.test.context.event.ApplicationEventsTestExecutionListener.recordApplicationEvents' -> false]]
]]></system-out>
  </testcase>
  <testcase name="testInsertProducts_positive" classname="com.revature.caseclothes.daounittests.ProductDaoTest" time="0.624">
    <system-out><![CDATA[2021-12-23 20:02:01.215  INFO 12632 --- [           main] j.LocalContainerEntityManagerFactoryBean : Closing JPA EntityManagerFactory for persistence unit 'default'
2021-12-23 20:02:01.216  INFO 12632 --- [           main] .SchemaDropperImpl$DelayedDropActionImpl : HHH000477: Starting delayed evictData of schema as part of SessionFactory shut-down'
2021-12-23 20:02:01.219  INFO 12632 --- [           main] com.zaxxer.hikari.HikariDataSource       : HikariPool-6 - Shutdown initiated...
2021-12-23 20:02:01.221  INFO 12632 --- [           main] com.zaxxer.hikari.HikariDataSource       : HikariPool-6 - Shutdown completed.
>>>>>>> jymm-branch

  .   ____          _            __ _ _
 /\\ / ___'_ __ _ _(_)_ __  __ _ \ \ \ \
( ( )\___ | '_ | '_| | '_ \/ _` | \ \ \ \
 \\/  ___)| |_)| | | | | || (_| |  ) ) ) )
  '  |____| .__|_| |_|_| |_\__, | / / / /
 =========|_|==============|___/=/_/_/_/
 :: Spring Boot ::                (v2.6.1)

<<<<<<< HEAD
2021-12-23 20:17:41.851  INFO 21152 --- [           main] c.r.c.daounittests.ProductDaoTest        : Starting ProductDaoTest using Java 1.8.0_301 on MSI-Jymm with PID 21152 (started by jymmm in D:\Curriculum-211018-Jymm\project-2-Team-Not-Found\case-clothes)
2021-12-23 20:17:41.852  INFO 21152 --- [           main] c.r.c.daounittests.ProductDaoTest        : No active profile set, falling back to default profiles: default
2021-12-23 20:17:41.981  INFO 21152 --- [           main] .s.d.r.c.RepositoryConfigurationDelegate : Bootstrapping Spring Data JPA repositories in DEFAULT mode.
2021-12-23 20:17:41.984  INFO 21152 --- [           main] .s.d.r.c.RepositoryConfigurationDelegate : Finished Spring Data repository scanning in 2 ms. Found 0 JPA repository interfaces.
2021-12-23 20:17:42.061  INFO 21152 --- [           main] com.zaxxer.hikari.HikariDataSource       : HikariPool-7 - Starting...
2021-12-23 20:17:42.062  INFO 21152 --- [           main] com.zaxxer.hikari.HikariDataSource       : HikariPool-7 - Start completed.
2021-12-23 20:17:42.071  INFO 21152 --- [           main] o.hibernate.jpa.internal.util.LogHelper  : HHH000204: Processing PersistenceUnitInfo [name: default]
2021-12-23 20:17:42.075  INFO 21152 --- [           main] org.hibernate.dialect.Dialect            : HHH000400: Using dialect: org.hibernate.dialect.H2Dialect
2021-12-23 20:17:42.138  INFO 21152 --- [           main] o.h.e.t.j.p.i.JtaPlatformInitiator       : HHH000490: Using JtaPlatform implementation: [org.hibernate.engine.transaction.jta.platform.internal.NoJtaPlatform]
2021-12-23 20:17:42.139  INFO 21152 --- [           main] j.LocalContainerEntityManagerFactoryBean : Initialized JPA EntityManagerFactory for persistence unit 'default'
2021-12-23 20:17:42.218  WARN 21152 --- [           main] JpaBaseConfiguration$JpaWebConfiguration : spring.jpa.open-in-view is enabled by default. Therefore, database queries may be performed during view rendering. Explicitly configure spring.jpa.open-in-view to disable this warning
2021-12-23 20:17:42.510  INFO 21152 --- [           main] c.r.c.daounittests.ProductDaoTest        : Started ProductDaoTest in 0.678 seconds (JVM running for 11.743)
2021-12-23 20:17:42.520  INFO 21152 --- [           main] o.s.t.c.transaction.TransactionContext   : Began transaction (1) for test context [DefaultTestContext@2f7539be testClass = ProductDaoTest, testInstance = com.revature.caseclothes.daounittests.ProductDaoTest@2662f235, testMethod = testInsertProducts_positive@ProductDaoTest, testException = [null], mergedContextConfiguration = [WebMergedContextConfiguration@33850b6b testClass = ProductDaoTest, locations = '{}', classes = '{class com.revature.caseclothes.CaseClothesApplication}', contextInitializerClasses = '[]', activeProfiles = '{}', propertySourceLocations = '{}', propertySourceProperties = '{org.springframework.boot.test.context.SpringBootTestContextBootstrapper=true}', contextCustomizers = set[org.springframework.boot.test.context.filter.ExcludeFilterContextCustomizer@5fcd1c5f, org.springframework.boot.test.json.DuplicateJsonObjectContextCustomizerFactory$DuplicateJsonObjectContextCustomizer@484149eb, org.springframework.boot.test.mock.mockito.MockitoContextCustomizer@0, org.springframework.boot.test.web.client.TestRestTemplateContextCustomizer@32f1fafe, org.springframework.boot.test.autoconfigure.actuate.metrics.MetricsExportContextCustomizerFactory$DisableMetricExportContextCustomizer@66bf40e5, org.springframework.boot.test.autoconfigure.properties.PropertyMappingContextCustomizer@0, org.springframework.boot.test.autoconfigure.web.servlet.WebDriverContextCustomizerFactory$Customizer@60743cdb, org.springframework.boot.test.context.SpringBootTestArgs@1, org.springframework.boot.test.context.SpringBootTestWebEnvironment@ed3068a], resourceBasePath = 'src/main/webapp', contextLoader = 'org.springframework.boot.test.context.SpringBootContextLoader', parent = [null]], attributes = map['org.springframework.test.context.web.ServletTestExecutionListener.activateListener' -> true, 'org.springframework.test.context.web.ServletTestExecutionListener.populatedRequestContextHolder' -> true, 'org.springframework.test.context.web.ServletTestExecutionListener.resetRequestContextHolder' -> true, 'org.springframework.test.context.event.ApplicationEventsTestExecutionListener.recordApplicationEvents' -> false]]; transaction manager [org.springframework.orm.jpa.JpaTransactionManager@75975165]; rollback [true]
2021-12-23 20:17:42.528  INFO 21152 --- [           main] o.s.t.c.transaction.TransactionContext   : Rolled back transaction for test: [DefaultTestContext@2f7539be testClass = ProductDaoTest, testInstance = com.revature.caseclothes.daounittests.ProductDaoTest@2662f235, testMethod = testInsertProducts_positive@ProductDaoTest, testException = [null], mergedContextConfiguration = [WebMergedContextConfiguration@33850b6b testClass = ProductDaoTest, locations = '{}', classes = '{class com.revature.caseclothes.CaseClothesApplication}', contextInitializerClasses = '[]', activeProfiles = '{}', propertySourceLocations = '{}', propertySourceProperties = '{org.springframework.boot.test.context.SpringBootTestContextBootstrapper=true}', contextCustomizers = set[org.springframework.boot.test.context.filter.ExcludeFilterContextCustomizer@5fcd1c5f, org.springframework.boot.test.json.DuplicateJsonObjectContextCustomizerFactory$DuplicateJsonObjectContextCustomizer@484149eb, org.springframework.boot.test.mock.mockito.MockitoContextCustomizer@0, org.springframework.boot.test.web.client.TestRestTemplateContextCustomizer@32f1fafe, org.springframework.boot.test.autoconfigure.actuate.metrics.MetricsExportContextCustomizerFactory$DisableMetricExportContextCustomizer@66bf40e5, org.springframework.boot.test.autoconfigure.properties.PropertyMappingContextCustomizer@0, org.springframework.boot.test.autoconfigure.web.servlet.WebDriverContextCustomizerFactory$Customizer@60743cdb, org.springframework.boot.test.context.SpringBootTestArgs@1, org.springframework.boot.test.context.SpringBootTestWebEnvironment@ed3068a], resourceBasePath = 'src/main/webapp', contextLoader = 'org.springframework.boot.test.context.SpringBootContextLoader', parent = [null]], attributes = map['org.springframework.test.context.web.ServletTestExecutionListener.activateListener' -> true, 'org.springframework.test.context.web.ServletTestExecutionListener.populatedRequestContextHolder' -> true, 'org.springframework.test.context.web.ServletTestExecutionListener.resetRequestContextHolder' -> true, 'org.springframework.test.context.event.ApplicationEventsTestExecutionListener.recordApplicationEvents' -> false]]
]]></system-out>
  </testcase>
  <testcase name="getAllProductsByName_nameDoesNotExists" classname="com.revature.caseclothes.daounittests.ProductDaoTest" time="0.696">
    <system-out><![CDATA[2021-12-23 20:17:42.531  INFO 21152 --- [           main] j.LocalContainerEntityManagerFactoryBean : Closing JPA EntityManagerFactory for persistence unit 'default'
2021-12-23 20:17:42.531  INFO 21152 --- [           main] .SchemaDropperImpl$DelayedDropActionImpl : HHH000477: Starting delayed evictData of schema as part of SessionFactory shut-down'
2021-12-23 20:17:42.534  INFO 21152 --- [           main] com.zaxxer.hikari.HikariDataSource       : HikariPool-7 - Shutdown initiated...
2021-12-23 20:17:42.544  INFO 21152 --- [           main] com.zaxxer.hikari.HikariDataSource       : HikariPool-7 - Shutdown completed.
=======
2021-12-23 20:02:01.241  INFO 12632 --- [           main] c.r.c.daounittests.ProductDaoTest        : Starting ProductDaoTest using Java 1.8.0_301 on MSI-Jymm with PID 12632 (started by jymmm in D:\Curriculum-211018-Jymm\project-2-Team-Not-Found\case-clothes)
2021-12-23 20:02:01.241  INFO 12632 --- [           main] c.r.c.daounittests.ProductDaoTest        : No active profile set, falling back to default profiles: default
2021-12-23 20:02:01.368  INFO 12632 --- [           main] .s.d.r.c.RepositoryConfigurationDelegate : Bootstrapping Spring Data JPA repositories in DEFAULT mode.
2021-12-23 20:02:01.370  INFO 12632 --- [           main] .s.d.r.c.RepositoryConfigurationDelegate : Finished Spring Data repository scanning in 2 ms. Found 0 JPA repository interfaces.
2021-12-23 20:02:01.465  INFO 12632 --- [           main] com.zaxxer.hikari.HikariDataSource       : HikariPool-7 - Starting...
2021-12-23 20:02:01.466  INFO 12632 --- [           main] com.zaxxer.hikari.HikariDataSource       : HikariPool-7 - Start completed.
2021-12-23 20:02:01.475  INFO 12632 --- [           main] o.hibernate.jpa.internal.util.LogHelper  : HHH000204: Processing PersistenceUnitInfo [name: default]
2021-12-23 20:02:01.479  INFO 12632 --- [           main] org.hibernate.dialect.Dialect            : HHH000400: Using dialect: org.hibernate.dialect.H2Dialect
2021-12-23 20:02:01.540  INFO 12632 --- [           main] o.h.e.t.j.p.i.JtaPlatformInitiator       : HHH000490: Using JtaPlatform implementation: [org.hibernate.engine.transaction.jta.platform.internal.NoJtaPlatform]
2021-12-23 20:02:01.540  INFO 12632 --- [           main] j.LocalContainerEntityManagerFactoryBean : Initialized JPA EntityManagerFactory for persistence unit 'default'
2021-12-23 20:02:01.620  WARN 12632 --- [           main] JpaBaseConfiguration$JpaWebConfiguration : spring.jpa.open-in-view is enabled by default. Therefore, database queries may be performed during view rendering. Explicitly configure spring.jpa.open-in-view to disable this warning
2021-12-23 20:02:01.822  INFO 12632 --- [           main] c.r.c.daounittests.ProductDaoTest        : Started ProductDaoTest in 0.598 seconds (JVM running for 11.021)
2021-12-23 20:02:01.831  INFO 12632 --- [           main] o.s.t.c.transaction.TransactionContext   : Began transaction (1) for test context [DefaultTestContext@2cb96bf0 testClass = ProductDaoTest, testInstance = com.revature.caseclothes.daounittests.ProductDaoTest@610a8f3, testMethod = testInsertProducts_positive@ProductDaoTest, testException = [null], mergedContextConfiguration = [WebMergedContextConfiguration@6c086907 testClass = ProductDaoTest, locations = '{}', classes = '{class com.revature.caseclothes.CaseClothesApplication}', contextInitializerClasses = '[]', activeProfiles = '{}', propertySourceLocations = '{}', propertySourceProperties = '{org.springframework.boot.test.context.SpringBootTestContextBootstrapper=true}', contextCustomizers = set[org.springframework.boot.test.context.filter.ExcludeFilterContextCustomizer@4cc7d00d, org.springframework.boot.test.json.DuplicateJsonObjectContextCustomizerFactory$DuplicateJsonObjectContextCustomizer@609319c3, org.springframework.boot.test.mock.mockito.MockitoContextCustomizer@0, org.springframework.boot.test.web.client.TestRestTemplateContextCustomizer@56b8aaf1, org.springframework.boot.test.autoconfigure.actuate.metrics.MetricsExportContextCustomizerFactory$DisableMetricExportContextCustomizer@1e3ff233, org.springframework.boot.test.autoconfigure.properties.PropertyMappingContextCustomizer@0, org.springframework.boot.test.autoconfigure.web.servlet.WebDriverContextCustomizerFactory$Customizer@715a70e9, org.springframework.boot.test.context.SpringBootTestArgs@1, org.springframework.boot.test.context.SpringBootTestWebEnvironment@ed3068a], resourceBasePath = 'src/main/webapp', contextLoader = 'org.springframework.boot.test.context.SpringBootContextLoader', parent = [null]], attributes = map['org.springframework.test.context.web.ServletTestExecutionListener.activateListener' -> true, 'org.springframework.test.context.web.ServletTestExecutionListener.populatedRequestContextHolder' -> true, 'org.springframework.test.context.web.ServletTestExecutionListener.resetRequestContextHolder' -> true, 'org.springframework.test.context.event.ApplicationEventsTestExecutionListener.recordApplicationEvents' -> false]]; transaction manager [org.springframework.orm.jpa.JpaTransactionManager@6cbe7d45]; rollback [true]
2021-12-23 20:02:01.838  INFO 12632 --- [           main] o.s.t.c.transaction.TransactionContext   : Rolled back transaction for test: [DefaultTestContext@2cb96bf0 testClass = ProductDaoTest, testInstance = com.revature.caseclothes.daounittests.ProductDaoTest@610a8f3, testMethod = testInsertProducts_positive@ProductDaoTest, testException = [null], mergedContextConfiguration = [WebMergedContextConfiguration@6c086907 testClass = ProductDaoTest, locations = '{}', classes = '{class com.revature.caseclothes.CaseClothesApplication}', contextInitializerClasses = '[]', activeProfiles = '{}', propertySourceLocations = '{}', propertySourceProperties = '{org.springframework.boot.test.context.SpringBootTestContextBootstrapper=true}', contextCustomizers = set[org.springframework.boot.test.context.filter.ExcludeFilterContextCustomizer@4cc7d00d, org.springframework.boot.test.json.DuplicateJsonObjectContextCustomizerFactory$DuplicateJsonObjectContextCustomizer@609319c3, org.springframework.boot.test.mock.mockito.MockitoContextCustomizer@0, org.springframework.boot.test.web.client.TestRestTemplateContextCustomizer@56b8aaf1, org.springframework.boot.test.autoconfigure.actuate.metrics.MetricsExportContextCustomizerFactory$DisableMetricExportContextCustomizer@1e3ff233, org.springframework.boot.test.autoconfigure.properties.PropertyMappingContextCustomizer@0, org.springframework.boot.test.autoconfigure.web.servlet.WebDriverContextCustomizerFactory$Customizer@715a70e9, org.springframework.boot.test.context.SpringBootTestArgs@1, org.springframework.boot.test.context.SpringBootTestWebEnvironment@ed3068a], resourceBasePath = 'src/main/webapp', contextLoader = 'org.springframework.boot.test.context.SpringBootContextLoader', parent = [null]], attributes = map['org.springframework.test.context.web.ServletTestExecutionListener.activateListener' -> true, 'org.springframework.test.context.web.ServletTestExecutionListener.populatedRequestContextHolder' -> true, 'org.springframework.test.context.web.ServletTestExecutionListener.resetRequestContextHolder' -> true, 'org.springframework.test.context.event.ApplicationEventsTestExecutionListener.recordApplicationEvents' -> false]]
]]></system-out>
  </testcase>
  <testcase name="getAllProductsByName_nameDoesNotExists" classname="com.revature.caseclothes.daounittests.ProductDaoTest" time="0.621">
    <system-out><![CDATA[2021-12-23 20:02:01.840  INFO 12632 --- [           main] j.LocalContainerEntityManagerFactoryBean : Closing JPA EntityManagerFactory for persistence unit 'default'
2021-12-23 20:02:01.840  INFO 12632 --- [           main] .SchemaDropperImpl$DelayedDropActionImpl : HHH000477: Starting delayed evictData of schema as part of SessionFactory shut-down'
2021-12-23 20:02:01.842  INFO 12632 --- [           main] com.zaxxer.hikari.HikariDataSource       : HikariPool-7 - Shutdown initiated...
2021-12-23 20:02:01.844  INFO 12632 --- [           main] com.zaxxer.hikari.HikariDataSource       : HikariPool-7 - Shutdown completed.
>>>>>>> jymm-branch

  .   ____          _            __ _ _
 /\\ / ___'_ __ _ _(_)_ __  __ _ \ \ \ \
( ( )\___ | '_ | '_| | '_ \/ _` | \ \ \ \
 \\/  ___)| |_)| | | | | || (_| |  ) ) ) )
  '  |____| .__|_| |_|_| |_\__, | / / / /
 =========|_|==============|___/=/_/_/_/
 :: Spring Boot ::                (v2.6.1)

<<<<<<< HEAD
2021-12-23 20:17:42.562  INFO 21152 --- [           main] c.r.c.daounittests.ProductDaoTest        : Starting ProductDaoTest using Java 1.8.0_301 on MSI-Jymm with PID 21152 (started by jymmm in D:\Curriculum-211018-Jymm\project-2-Team-Not-Found\case-clothes)
2021-12-23 20:17:42.562  INFO 21152 --- [           main] c.r.c.daounittests.ProductDaoTest        : No active profile set, falling back to default profiles: default
2021-12-23 20:17:42.689  INFO 21152 --- [           main] .s.d.r.c.RepositoryConfigurationDelegate : Bootstrapping Spring Data JPA repositories in DEFAULT mode.
2021-12-23 20:17:42.692  INFO 21152 --- [           main] .s.d.r.c.RepositoryConfigurationDelegate : Finished Spring Data repository scanning in 2 ms. Found 0 JPA repository interfaces.
2021-12-23 20:17:42.779  INFO 21152 --- [           main] com.zaxxer.hikari.HikariDataSource       : HikariPool-8 - Starting...
2021-12-23 20:17:42.780  INFO 21152 --- [           main] com.zaxxer.hikari.HikariDataSource       : HikariPool-8 - Start completed.
2021-12-23 20:17:42.790  INFO 21152 --- [           main] o.hibernate.jpa.internal.util.LogHelper  : HHH000204: Processing PersistenceUnitInfo [name: default]
2021-12-23 20:17:42.793  INFO 21152 --- [           main] org.hibernate.dialect.Dialect            : HHH000400: Using dialect: org.hibernate.dialect.H2Dialect
2021-12-23 20:17:42.859  INFO 21152 --- [           main] o.h.e.t.j.p.i.JtaPlatformInitiator       : HHH000490: Using JtaPlatform implementation: [org.hibernate.engine.transaction.jta.platform.internal.NoJtaPlatform]
2021-12-23 20:17:42.860  INFO 21152 --- [           main] j.LocalContainerEntityManagerFactoryBean : Initialized JPA EntityManagerFactory for persistence unit 'default'
2021-12-23 20:17:42.951  WARN 21152 --- [           main] JpaBaseConfiguration$JpaWebConfiguration : spring.jpa.open-in-view is enabled by default. Therefore, database queries may be performed during view rendering. Explicitly configure spring.jpa.open-in-view to disable this warning
2021-12-23 20:17:43.208  INFO 21152 --- [           main] c.r.c.daounittests.ProductDaoTest        : Started ProductDaoTest in 0.661 seconds (JVM running for 12.441)
2021-12-23 20:17:43.217  INFO 21152 --- [           main] o.s.t.c.transaction.TransactionContext   : Began transaction (1) for test context [DefaultTestContext@2f7539be testClass = ProductDaoTest, testInstance = com.revature.caseclothes.daounittests.ProductDaoTest@4c15ac10, testMethod = getAllProductsByName_nameDoesNotExists@ProductDaoTest, testException = [null], mergedContextConfiguration = [WebMergedContextConfiguration@33850b6b testClass = ProductDaoTest, locations = '{}', classes = '{class com.revature.caseclothes.CaseClothesApplication}', contextInitializerClasses = '[]', activeProfiles = '{}', propertySourceLocations = '{}', propertySourceProperties = '{org.springframework.boot.test.context.SpringBootTestContextBootstrapper=true}', contextCustomizers = set[org.springframework.boot.test.context.filter.ExcludeFilterContextCustomizer@5fcd1c5f, org.springframework.boot.test.json.DuplicateJsonObjectContextCustomizerFactory$DuplicateJsonObjectContextCustomizer@484149eb, org.springframework.boot.test.mock.mockito.MockitoContextCustomizer@0, org.springframework.boot.test.web.client.TestRestTemplateContextCustomizer@32f1fafe, org.springframework.boot.test.autoconfigure.actuate.metrics.MetricsExportContextCustomizerFactory$DisableMetricExportContextCustomizer@66bf40e5, org.springframework.boot.test.autoconfigure.properties.PropertyMappingContextCustomizer@0, org.springframework.boot.test.autoconfigure.web.servlet.WebDriverContextCustomizerFactory$Customizer@60743cdb, org.springframework.boot.test.context.SpringBootTestArgs@1, org.springframework.boot.test.context.SpringBootTestWebEnvironment@ed3068a], resourceBasePath = 'src/main/webapp', contextLoader = 'org.springframework.boot.test.context.SpringBootContextLoader', parent = [null]], attributes = map['org.springframework.test.context.web.ServletTestExecutionListener.activateListener' -> true, 'org.springframework.test.context.web.ServletTestExecutionListener.populatedRequestContextHolder' -> true, 'org.springframework.test.context.web.ServletTestExecutionListener.resetRequestContextHolder' -> true, 'org.springframework.test.context.event.ApplicationEventsTestExecutionListener.recordApplicationEvents' -> false]]; transaction manager [org.springframework.orm.jpa.JpaTransactionManager@4d7cbc8a]; rollback [true]
2021-12-23 20:17:43.225  INFO 21152 --- [           main] o.s.t.c.transaction.TransactionContext   : Rolled back transaction for test: [DefaultTestContext@2f7539be testClass = ProductDaoTest, testInstance = com.revature.caseclothes.daounittests.ProductDaoTest@4c15ac10, testMethod = getAllProductsByName_nameDoesNotExists@ProductDaoTest, testException = [null], mergedContextConfiguration = [WebMergedContextConfiguration@33850b6b testClass = ProductDaoTest, locations = '{}', classes = '{class com.revature.caseclothes.CaseClothesApplication}', contextInitializerClasses = '[]', activeProfiles = '{}', propertySourceLocations = '{}', propertySourceProperties = '{org.springframework.boot.test.context.SpringBootTestContextBootstrapper=true}', contextCustomizers = set[org.springframework.boot.test.context.filter.ExcludeFilterContextCustomizer@5fcd1c5f, org.springframework.boot.test.json.DuplicateJsonObjectContextCustomizerFactory$DuplicateJsonObjectContextCustomizer@484149eb, org.springframework.boot.test.mock.mockito.MockitoContextCustomizer@0, org.springframework.boot.test.web.client.TestRestTemplateContextCustomizer@32f1fafe, org.springframework.boot.test.autoconfigure.actuate.metrics.MetricsExportContextCustomizerFactory$DisableMetricExportContextCustomizer@66bf40e5, org.springframework.boot.test.autoconfigure.properties.PropertyMappingContextCustomizer@0, org.springframework.boot.test.autoconfigure.web.servlet.WebDriverContextCustomizerFactory$Customizer@60743cdb, org.springframework.boot.test.context.SpringBootTestArgs@1, org.springframework.boot.test.context.SpringBootTestWebEnvironment@ed3068a], resourceBasePath = 'src/main/webapp', contextLoader = 'org.springframework.boot.test.context.SpringBootContextLoader', parent = [null]], attributes = map['org.springframework.test.context.web.ServletTestExecutionListener.activateListener' -> true, 'org.springframework.test.context.web.ServletTestExecutionListener.populatedRequestContextHolder' -> true, 'org.springframework.test.context.web.ServletTestExecutionListener.resetRequestContextHolder' -> true, 'org.springframework.test.context.event.ApplicationEventsTestExecutionListener.recordApplicationEvents' -> false]]
]]></system-out>
  </testcase>
  <testcase name="testUpdateProductsInTheCart" classname="com.revature.caseclothes.daounittests.ProductDaoTest" time="0.658">
    <system-out><![CDATA[2021-12-23 20:17:43.228  INFO 21152 --- [           main] j.LocalContainerEntityManagerFactoryBean : Closing JPA EntityManagerFactory for persistence unit 'default'
2021-12-23 20:17:43.228  INFO 21152 --- [           main] .SchemaDropperImpl$DelayedDropActionImpl : HHH000477: Starting delayed evictData of schema as part of SessionFactory shut-down'
2021-12-23 20:17:43.231  INFO 21152 --- [           main] com.zaxxer.hikari.HikariDataSource       : HikariPool-8 - Shutdown initiated...
2021-12-23 20:17:43.232  INFO 21152 --- [           main] com.zaxxer.hikari.HikariDataSource       : HikariPool-8 - Shutdown completed.
=======
2021-12-23 20:02:01.861  INFO 12632 --- [           main] c.r.c.daounittests.ProductDaoTest        : Starting ProductDaoTest using Java 1.8.0_301 on MSI-Jymm with PID 12632 (started by jymmm in D:\Curriculum-211018-Jymm\project-2-Team-Not-Found\case-clothes)
2021-12-23 20:02:01.861  INFO 12632 --- [           main] c.r.c.daounittests.ProductDaoTest        : No active profile set, falling back to default profiles: default
2021-12-23 20:02:01.994  INFO 12632 --- [           main] .s.d.r.c.RepositoryConfigurationDelegate : Bootstrapping Spring Data JPA repositories in DEFAULT mode.
2021-12-23 20:02:01.998  INFO 12632 --- [           main] .s.d.r.c.RepositoryConfigurationDelegate : Finished Spring Data repository scanning in 3 ms. Found 0 JPA repository interfaces.
2021-12-23 20:02:02.082  INFO 12632 --- [           main] com.zaxxer.hikari.HikariDataSource       : HikariPool-8 - Starting...
2021-12-23 20:02:02.082  INFO 12632 --- [           main] com.zaxxer.hikari.HikariDataSource       : HikariPool-8 - Start completed.
2021-12-23 20:02:02.091  INFO 12632 --- [           main] o.hibernate.jpa.internal.util.LogHelper  : HHH000204: Processing PersistenceUnitInfo [name: default]
2021-12-23 20:02:02.093  INFO 12632 --- [           main] org.hibernate.dialect.Dialect            : HHH000400: Using dialect: org.hibernate.dialect.H2Dialect
2021-12-23 20:02:02.154  INFO 12632 --- [           main] o.h.e.t.j.p.i.JtaPlatformInitiator       : HHH000490: Using JtaPlatform implementation: [org.hibernate.engine.transaction.jta.platform.internal.NoJtaPlatform]
2021-12-23 20:02:02.154  INFO 12632 --- [           main] j.LocalContainerEntityManagerFactoryBean : Initialized JPA EntityManagerFactory for persistence unit 'default'
2021-12-23 20:02:02.221  WARN 12632 --- [           main] JpaBaseConfiguration$JpaWebConfiguration : spring.jpa.open-in-view is enabled by default. Therefore, database queries may be performed during view rendering. Explicitly configure spring.jpa.open-in-view to disable this warning
2021-12-23 20:02:02.442  INFO 12632 --- [           main] c.r.c.daounittests.ProductDaoTest        : Started ProductDaoTest in 0.597 seconds (JVM running for 11.642)
2021-12-23 20:02:02.452  INFO 12632 --- [           main] o.s.t.c.transaction.TransactionContext   : Began transaction (1) for test context [DefaultTestContext@2cb96bf0 testClass = ProductDaoTest, testInstance = com.revature.caseclothes.daounittests.ProductDaoTest@4cbb5f3b, testMethod = getAllProductsByName_nameDoesNotExists@ProductDaoTest, testException = [null], mergedContextConfiguration = [WebMergedContextConfiguration@6c086907 testClass = ProductDaoTest, locations = '{}', classes = '{class com.revature.caseclothes.CaseClothesApplication}', contextInitializerClasses = '[]', activeProfiles = '{}', propertySourceLocations = '{}', propertySourceProperties = '{org.springframework.boot.test.context.SpringBootTestContextBootstrapper=true}', contextCustomizers = set[org.springframework.boot.test.context.filter.ExcludeFilterContextCustomizer@4cc7d00d, org.springframework.boot.test.json.DuplicateJsonObjectContextCustomizerFactory$DuplicateJsonObjectContextCustomizer@609319c3, org.springframework.boot.test.mock.mockito.MockitoContextCustomizer@0, org.springframework.boot.test.web.client.TestRestTemplateContextCustomizer@56b8aaf1, org.springframework.boot.test.autoconfigure.actuate.metrics.MetricsExportContextCustomizerFactory$DisableMetricExportContextCustomizer@1e3ff233, org.springframework.boot.test.autoconfigure.properties.PropertyMappingContextCustomizer@0, org.springframework.boot.test.autoconfigure.web.servlet.WebDriverContextCustomizerFactory$Customizer@715a70e9, org.springframework.boot.test.context.SpringBootTestArgs@1, org.springframework.boot.test.context.SpringBootTestWebEnvironment@ed3068a], resourceBasePath = 'src/main/webapp', contextLoader = 'org.springframework.boot.test.context.SpringBootContextLoader', parent = [null]], attributes = map['org.springframework.test.context.web.ServletTestExecutionListener.activateListener' -> true, 'org.springframework.test.context.web.ServletTestExecutionListener.populatedRequestContextHolder' -> true, 'org.springframework.test.context.web.ServletTestExecutionListener.resetRequestContextHolder' -> true, 'org.springframework.test.context.event.ApplicationEventsTestExecutionListener.recordApplicationEvents' -> false]]; transaction manager [org.springframework.orm.jpa.JpaTransactionManager@1898a6c3]; rollback [true]
2021-12-23 20:02:02.460  INFO 12632 --- [           main] o.s.t.c.transaction.TransactionContext   : Rolled back transaction for test: [DefaultTestContext@2cb96bf0 testClass = ProductDaoTest, testInstance = com.revature.caseclothes.daounittests.ProductDaoTest@4cbb5f3b, testMethod = getAllProductsByName_nameDoesNotExists@ProductDaoTest, testException = [null], mergedContextConfiguration = [WebMergedContextConfiguration@6c086907 testClass = ProductDaoTest, locations = '{}', classes = '{class com.revature.caseclothes.CaseClothesApplication}', contextInitializerClasses = '[]', activeProfiles = '{}', propertySourceLocations = '{}', propertySourceProperties = '{org.springframework.boot.test.context.SpringBootTestContextBootstrapper=true}', contextCustomizers = set[org.springframework.boot.test.context.filter.ExcludeFilterContextCustomizer@4cc7d00d, org.springframework.boot.test.json.DuplicateJsonObjectContextCustomizerFactory$DuplicateJsonObjectContextCustomizer@609319c3, org.springframework.boot.test.mock.mockito.MockitoContextCustomizer@0, org.springframework.boot.test.web.client.TestRestTemplateContextCustomizer@56b8aaf1, org.springframework.boot.test.autoconfigure.actuate.metrics.MetricsExportContextCustomizerFactory$DisableMetricExportContextCustomizer@1e3ff233, org.springframework.boot.test.autoconfigure.properties.PropertyMappingContextCustomizer@0, org.springframework.boot.test.autoconfigure.web.servlet.WebDriverContextCustomizerFactory$Customizer@715a70e9, org.springframework.boot.test.context.SpringBootTestArgs@1, org.springframework.boot.test.context.SpringBootTestWebEnvironment@ed3068a], resourceBasePath = 'src/main/webapp', contextLoader = 'org.springframework.boot.test.context.SpringBootContextLoader', parent = [null]], attributes = map['org.springframework.test.context.web.ServletTestExecutionListener.activateListener' -> true, 'org.springframework.test.context.web.ServletTestExecutionListener.populatedRequestContextHolder' -> true, 'org.springframework.test.context.web.ServletTestExecutionListener.resetRequestContextHolder' -> true, 'org.springframework.test.context.event.ApplicationEventsTestExecutionListener.recordApplicationEvents' -> false]]
]]></system-out>
  </testcase>
  <testcase name="testUpdateProductsInTheCart" classname="com.revature.caseclothes.daounittests.ProductDaoTest" time="0.619">
    <system-out><![CDATA[2021-12-23 20:02:02.463  INFO 12632 --- [           main] j.LocalContainerEntityManagerFactoryBean : Closing JPA EntityManagerFactory for persistence unit 'default'
2021-12-23 20:02:02.463  INFO 12632 --- [           main] .SchemaDropperImpl$DelayedDropActionImpl : HHH000477: Starting delayed evictData of schema as part of SessionFactory shut-down'
2021-12-23 20:02:02.466  INFO 12632 --- [           main] com.zaxxer.hikari.HikariDataSource       : HikariPool-8 - Shutdown initiated...
2021-12-23 20:02:02.468  INFO 12632 --- [           main] com.zaxxer.hikari.HikariDataSource       : HikariPool-8 - Shutdown completed.
>>>>>>> jymm-branch

  .   ____          _            __ _ _
 /\\ / ___'_ __ _ _(_)_ __  __ _ \ \ \ \
( ( )\___ | '_ | '_| | '_ \/ _` | \ \ \ \
 \\/  ___)| |_)| | | | | || (_| |  ) ) ) )
  '  |____| .__|_| |_|_| |_\__, | / / / /
 =========|_|==============|___/=/_/_/_/
 :: Spring Boot ::                (v2.6.1)

<<<<<<< HEAD
2021-12-23 20:17:43.250  INFO 21152 --- [           main] c.r.c.daounittests.ProductDaoTest        : Starting ProductDaoTest using Java 1.8.0_301 on MSI-Jymm with PID 21152 (started by jymmm in D:\Curriculum-211018-Jymm\project-2-Team-Not-Found\case-clothes)
2021-12-23 20:17:43.250  INFO 21152 --- [           main] c.r.c.daounittests.ProductDaoTest        : No active profile set, falling back to default profiles: default
2021-12-23 20:17:43.365  INFO 21152 --- [           main] .s.d.r.c.RepositoryConfigurationDelegate : Bootstrapping Spring Data JPA repositories in DEFAULT mode.
2021-12-23 20:17:43.368  INFO 21152 --- [           main] .s.d.r.c.RepositoryConfigurationDelegate : Finished Spring Data repository scanning in 2 ms. Found 0 JPA repository interfaces.
2021-12-23 20:17:43.463  INFO 21152 --- [           main] com.zaxxer.hikari.HikariDataSource       : HikariPool-9 - Starting...
2021-12-23 20:17:43.464  INFO 21152 --- [           main] com.zaxxer.hikari.HikariDataSource       : HikariPool-9 - Start completed.
2021-12-23 20:17:43.473  INFO 21152 --- [           main] o.hibernate.jpa.internal.util.LogHelper  : HHH000204: Processing PersistenceUnitInfo [name: default]
2021-12-23 20:17:43.476  INFO 21152 --- [           main] org.hibernate.dialect.Dialect            : HHH000400: Using dialect: org.hibernate.dialect.H2Dialect
2021-12-23 20:17:43.542  INFO 21152 --- [           main] o.h.e.t.j.p.i.JtaPlatformInitiator       : HHH000490: Using JtaPlatform implementation: [org.hibernate.engine.transaction.jta.platform.internal.NoJtaPlatform]
2021-12-23 20:17:43.542  INFO 21152 --- [           main] j.LocalContainerEntityManagerFactoryBean : Initialized JPA EntityManagerFactory for persistence unit 'default'
2021-12-23 20:17:43.624  WARN 21152 --- [           main] JpaBaseConfiguration$JpaWebConfiguration : spring.jpa.open-in-view is enabled by default. Therefore, database queries may be performed during view rendering. Explicitly configure spring.jpa.open-in-view to disable this warning
2021-12-23 20:17:43.862  INFO 21152 --- [           main] c.r.c.daounittests.ProductDaoTest        : Started ProductDaoTest in 0.627 seconds (JVM running for 13.096)
2021-12-23 20:17:43.872  INFO 21152 --- [           main] o.s.t.c.transaction.TransactionContext   : Began transaction (1) for test context [DefaultTestContext@2f7539be testClass = ProductDaoTest, testInstance = com.revature.caseclothes.daounittests.ProductDaoTest@eff270c, testMethod = testUpdateProductsInTheCart@ProductDaoTest, testException = [null], mergedContextConfiguration = [WebMergedContextConfiguration@33850b6b testClass = ProductDaoTest, locations = '{}', classes = '{class com.revature.caseclothes.CaseClothesApplication}', contextInitializerClasses = '[]', activeProfiles = '{}', propertySourceLocations = '{}', propertySourceProperties = '{org.springframework.boot.test.context.SpringBootTestContextBootstrapper=true}', contextCustomizers = set[org.springframework.boot.test.context.filter.ExcludeFilterContextCustomizer@5fcd1c5f, org.springframework.boot.test.json.DuplicateJsonObjectContextCustomizerFactory$DuplicateJsonObjectContextCustomizer@484149eb, org.springframework.boot.test.mock.mockito.MockitoContextCustomizer@0, org.springframework.boot.test.web.client.TestRestTemplateContextCustomizer@32f1fafe, org.springframework.boot.test.autoconfigure.actuate.metrics.MetricsExportContextCustomizerFactory$DisableMetricExportContextCustomizer@66bf40e5, org.springframework.boot.test.autoconfigure.properties.PropertyMappingContextCustomizer@0, org.springframework.boot.test.autoconfigure.web.servlet.WebDriverContextCustomizerFactory$Customizer@60743cdb, org.springframework.boot.test.context.SpringBootTestArgs@1, org.springframework.boot.test.context.SpringBootTestWebEnvironment@ed3068a], resourceBasePath = 'src/main/webapp', contextLoader = 'org.springframework.boot.test.context.SpringBootContextLoader', parent = [null]], attributes = map['org.springframework.test.context.web.ServletTestExecutionListener.activateListener' -> true, 'org.springframework.test.context.web.ServletTestExecutionListener.populatedRequestContextHolder' -> true, 'org.springframework.test.context.web.ServletTestExecutionListener.resetRequestContextHolder' -> true, 'org.springframework.test.context.event.ApplicationEventsTestExecutionListener.recordApplicationEvents' -> false]]; transaction manager [org.springframework.orm.jpa.JpaTransactionManager@53ed838b]; rollback [true]
2021-12-23 20:17:43.885  INFO 21152 --- [           main] o.s.t.c.transaction.TransactionContext   : Rolled back transaction for test: [DefaultTestContext@2f7539be testClass = ProductDaoTest, testInstance = com.revature.caseclothes.daounittests.ProductDaoTest@eff270c, testMethod = testUpdateProductsInTheCart@ProductDaoTest, testException = [null], mergedContextConfiguration = [WebMergedContextConfiguration@33850b6b testClass = ProductDaoTest, locations = '{}', classes = '{class com.revature.caseclothes.CaseClothesApplication}', contextInitializerClasses = '[]', activeProfiles = '{}', propertySourceLocations = '{}', propertySourceProperties = '{org.springframework.boot.test.context.SpringBootTestContextBootstrapper=true}', contextCustomizers = set[org.springframework.boot.test.context.filter.ExcludeFilterContextCustomizer@5fcd1c5f, org.springframework.boot.test.json.DuplicateJsonObjectContextCustomizerFactory$DuplicateJsonObjectContextCustomizer@484149eb, org.springframework.boot.test.mock.mockito.MockitoContextCustomizer@0, org.springframework.boot.test.web.client.TestRestTemplateContextCustomizer@32f1fafe, org.springframework.boot.test.autoconfigure.actuate.metrics.MetricsExportContextCustomizerFactory$DisableMetricExportContextCustomizer@66bf40e5, org.springframework.boot.test.autoconfigure.properties.PropertyMappingContextCustomizer@0, org.springframework.boot.test.autoconfigure.web.servlet.WebDriverContextCustomizerFactory$Customizer@60743cdb, org.springframework.boot.test.context.SpringBootTestArgs@1, org.springframework.boot.test.context.SpringBootTestWebEnvironment@ed3068a], resourceBasePath = 'src/main/webapp', contextLoader = 'org.springframework.boot.test.context.SpringBootContextLoader', parent = [null]], attributes = map['org.springframework.test.context.web.ServletTestExecutionListener.activateListener' -> true, 'org.springframework.test.context.web.ServletTestExecutionListener.populatedRequestContextHolder' -> true, 'org.springframework.test.context.web.ServletTestExecutionListener.resetRequestContextHolder' -> true, 'org.springframework.test.context.event.ApplicationEventsTestExecutionListener.recordApplicationEvents' -> false]]
]]></system-out>
  </testcase>
  <testcase name="testDeleteAProductInTheCart" classname="com.revature.caseclothes.daounittests.ProductDaoTest" time="0.622">
    <system-out><![CDATA[2021-12-23 20:17:43.888  INFO 21152 --- [           main] j.LocalContainerEntityManagerFactoryBean : Closing JPA EntityManagerFactory for persistence unit 'default'
2021-12-23 20:17:43.889  INFO 21152 --- [           main] .SchemaDropperImpl$DelayedDropActionImpl : HHH000477: Starting delayed evictData of schema as part of SessionFactory shut-down'
2021-12-23 20:17:43.892  INFO 21152 --- [           main] com.zaxxer.hikari.HikariDataSource       : HikariPool-9 - Shutdown initiated...
2021-12-23 20:17:43.894  INFO 21152 --- [           main] com.zaxxer.hikari.HikariDataSource       : HikariPool-9 - Shutdown completed.
=======
2021-12-23 20:02:02.494  INFO 12632 --- [           main] c.r.c.daounittests.ProductDaoTest        : Starting ProductDaoTest using Java 1.8.0_301 on MSI-Jymm with PID 12632 (started by jymmm in D:\Curriculum-211018-Jymm\project-2-Team-Not-Found\case-clothes)
2021-12-23 20:02:02.495  INFO 12632 --- [           main] c.r.c.daounittests.ProductDaoTest        : No active profile set, falling back to default profiles: default
2021-12-23 20:02:02.621  INFO 12632 --- [           main] .s.d.r.c.RepositoryConfigurationDelegate : Bootstrapping Spring Data JPA repositories in DEFAULT mode.
2021-12-23 20:02:02.624  INFO 12632 --- [           main] .s.d.r.c.RepositoryConfigurationDelegate : Finished Spring Data repository scanning in 2 ms. Found 0 JPA repository interfaces.
2021-12-23 20:02:02.708  INFO 12632 --- [           main] com.zaxxer.hikari.HikariDataSource       : HikariPool-9 - Starting...
2021-12-23 20:02:02.708  INFO 12632 --- [           main] com.zaxxer.hikari.HikariDataSource       : HikariPool-9 - Start completed.
2021-12-23 20:02:02.717  INFO 12632 --- [           main] o.hibernate.jpa.internal.util.LogHelper  : HHH000204: Processing PersistenceUnitInfo [name: default]
2021-12-23 20:02:02.722  INFO 12632 --- [           main] org.hibernate.dialect.Dialect            : HHH000400: Using dialect: org.hibernate.dialect.H2Dialect
2021-12-23 20:02:02.783  INFO 12632 --- [           main] o.h.e.t.j.p.i.JtaPlatformInitiator       : HHH000490: Using JtaPlatform implementation: [org.hibernate.engine.transaction.jta.platform.internal.NoJtaPlatform]
2021-12-23 20:02:02.783  INFO 12632 --- [           main] j.LocalContainerEntityManagerFactoryBean : Initialized JPA EntityManagerFactory for persistence unit 'default'
2021-12-23 20:02:02.859  WARN 12632 --- [           main] JpaBaseConfiguration$JpaWebConfiguration : spring.jpa.open-in-view is enabled by default. Therefore, database queries may be performed during view rendering. Explicitly configure spring.jpa.open-in-view to disable this warning
2021-12-23 20:02:03.063  INFO 12632 --- [           main] c.r.c.daounittests.ProductDaoTest        : Started ProductDaoTest in 0.593 seconds (JVM running for 12.263)
2021-12-23 20:02:03.072  INFO 12632 --- [           main] o.s.t.c.transaction.TransactionContext   : Began transaction (1) for test context [DefaultTestContext@2cb96bf0 testClass = ProductDaoTest, testInstance = com.revature.caseclothes.daounittests.ProductDaoTest@6e6df318, testMethod = testUpdateProductsInTheCart@ProductDaoTest, testException = [null], mergedContextConfiguration = [WebMergedContextConfiguration@6c086907 testClass = ProductDaoTest, locations = '{}', classes = '{class com.revature.caseclothes.CaseClothesApplication}', contextInitializerClasses = '[]', activeProfiles = '{}', propertySourceLocations = '{}', propertySourceProperties = '{org.springframework.boot.test.context.SpringBootTestContextBootstrapper=true}', contextCustomizers = set[org.springframework.boot.test.context.filter.ExcludeFilterContextCustomizer@4cc7d00d, org.springframework.boot.test.json.DuplicateJsonObjectContextCustomizerFactory$DuplicateJsonObjectContextCustomizer@609319c3, org.springframework.boot.test.mock.mockito.MockitoContextCustomizer@0, org.springframework.boot.test.web.client.TestRestTemplateContextCustomizer@56b8aaf1, org.springframework.boot.test.autoconfigure.actuate.metrics.MetricsExportContextCustomizerFactory$DisableMetricExportContextCustomizer@1e3ff233, org.springframework.boot.test.autoconfigure.properties.PropertyMappingContextCustomizer@0, org.springframework.boot.test.autoconfigure.web.servlet.WebDriverContextCustomizerFactory$Customizer@715a70e9, org.springframework.boot.test.context.SpringBootTestArgs@1, org.springframework.boot.test.context.SpringBootTestWebEnvironment@ed3068a], resourceBasePath = 'src/main/webapp', contextLoader = 'org.springframework.boot.test.context.SpringBootContextLoader', parent = [null]], attributes = map['org.springframework.test.context.web.ServletTestExecutionListener.activateListener' -> true, 'org.springframework.test.context.web.ServletTestExecutionListener.populatedRequestContextHolder' -> true, 'org.springframework.test.context.web.ServletTestExecutionListener.resetRequestContextHolder' -> true, 'org.springframework.test.context.event.ApplicationEventsTestExecutionListener.recordApplicationEvents' -> false]]; transaction manager [org.springframework.orm.jpa.JpaTransactionManager@944000a]; rollback [true]
2021-12-23 20:02:03.081  INFO 12632 --- [           main] o.s.t.c.transaction.TransactionContext   : Rolled back transaction for test: [DefaultTestContext@2cb96bf0 testClass = ProductDaoTest, testInstance = com.revature.caseclothes.daounittests.ProductDaoTest@6e6df318, testMethod = testUpdateProductsInTheCart@ProductDaoTest, testException = [null], mergedContextConfiguration = [WebMergedContextConfiguration@6c086907 testClass = ProductDaoTest, locations = '{}', classes = '{class com.revature.caseclothes.CaseClothesApplication}', contextInitializerClasses = '[]', activeProfiles = '{}', propertySourceLocations = '{}', propertySourceProperties = '{org.springframework.boot.test.context.SpringBootTestContextBootstrapper=true}', contextCustomizers = set[org.springframework.boot.test.context.filter.ExcludeFilterContextCustomizer@4cc7d00d, org.springframework.boot.test.json.DuplicateJsonObjectContextCustomizerFactory$DuplicateJsonObjectContextCustomizer@609319c3, org.springframework.boot.test.mock.mockito.MockitoContextCustomizer@0, org.springframework.boot.test.web.client.TestRestTemplateContextCustomizer@56b8aaf1, org.springframework.boot.test.autoconfigure.actuate.metrics.MetricsExportContextCustomizerFactory$DisableMetricExportContextCustomizer@1e3ff233, org.springframework.boot.test.autoconfigure.properties.PropertyMappingContextCustomizer@0, org.springframework.boot.test.autoconfigure.web.servlet.WebDriverContextCustomizerFactory$Customizer@715a70e9, org.springframework.boot.test.context.SpringBootTestArgs@1, org.springframework.boot.test.context.SpringBootTestWebEnvironment@ed3068a], resourceBasePath = 'src/main/webapp', contextLoader = 'org.springframework.boot.test.context.SpringBootContextLoader', parent = [null]], attributes = map['org.springframework.test.context.web.ServletTestExecutionListener.activateListener' -> true, 'org.springframework.test.context.web.ServletTestExecutionListener.populatedRequestContextHolder' -> true, 'org.springframework.test.context.web.ServletTestExecutionListener.resetRequestContextHolder' -> true, 'org.springframework.test.context.event.ApplicationEventsTestExecutionListener.recordApplicationEvents' -> false]]
]]></system-out>
  </testcase>
  <testcase name="testDeleteAProductInTheCart" classname="com.revature.caseclothes.daounittests.ProductDaoTest" time="0.604">
    <system-out><![CDATA[2021-12-23 20:02:03.084  INFO 12632 --- [           main] j.LocalContainerEntityManagerFactoryBean : Closing JPA EntityManagerFactory for persistence unit 'default'
2021-12-23 20:02:03.084  INFO 12632 --- [           main] .SchemaDropperImpl$DelayedDropActionImpl : HHH000477: Starting delayed evictData of schema as part of SessionFactory shut-down'
2021-12-23 20:02:03.088  INFO 12632 --- [           main] com.zaxxer.hikari.HikariDataSource       : HikariPool-9 - Shutdown initiated...
2021-12-23 20:02:03.090  INFO 12632 --- [           main] com.zaxxer.hikari.HikariDataSource       : HikariPool-9 - Shutdown completed.
>>>>>>> jymm-branch

  .   ____          _            __ _ _
 /\\ / ___'_ __ _ _(_)_ __  __ _ \ \ \ \
( ( )\___ | '_ | '_| | '_ \/ _` | \ \ \ \
 \\/  ___)| |_)| | | | | || (_| |  ) ) ) )
  '  |____| .__|_| |_|_| |_\__, | / / / /
 =========|_|==============|___/=/_/_/_/
 :: Spring Boot ::                (v2.6.1)

<<<<<<< HEAD
2021-12-23 20:17:43.915  INFO 21152 --- [           main] c.r.c.daounittests.ProductDaoTest        : Starting ProductDaoTest using Java 1.8.0_301 on MSI-Jymm with PID 21152 (started by jymmm in D:\Curriculum-211018-Jymm\project-2-Team-Not-Found\case-clothes)
2021-12-23 20:17:43.915  INFO 21152 --- [           main] c.r.c.daounittests.ProductDaoTest        : No active profile set, falling back to default profiles: default
2021-12-23 20:17:44.030  INFO 21152 --- [           main] .s.d.r.c.RepositoryConfigurationDelegate : Bootstrapping Spring Data JPA repositories in DEFAULT mode.
2021-12-23 20:17:44.033  INFO 21152 --- [           main] .s.d.r.c.RepositoryConfigurationDelegate : Finished Spring Data repository scanning in 3 ms. Found 0 JPA repository interfaces.
2021-12-23 20:17:44.125  INFO 21152 --- [           main] com.zaxxer.hikari.HikariDataSource       : HikariPool-10 - Starting...
2021-12-23 20:17:44.126  INFO 21152 --- [           main] com.zaxxer.hikari.HikariDataSource       : HikariPool-10 - Start completed.
2021-12-23 20:17:44.137  INFO 21152 --- [           main] o.hibernate.jpa.internal.util.LogHelper  : HHH000204: Processing PersistenceUnitInfo [name: default]
2021-12-23 20:17:44.141  INFO 21152 --- [           main] org.hibernate.dialect.Dialect            : HHH000400: Using dialect: org.hibernate.dialect.H2Dialect
2021-12-23 20:17:44.208  INFO 21152 --- [           main] o.h.e.t.j.p.i.JtaPlatformInitiator       : HHH000490: Using JtaPlatform implementation: [org.hibernate.engine.transaction.jta.platform.internal.NoJtaPlatform]
2021-12-23 20:17:44.209  INFO 21152 --- [           main] j.LocalContainerEntityManagerFactoryBean : Initialized JPA EntityManagerFactory for persistence unit 'default'
2021-12-23 20:17:44.296  WARN 21152 --- [           main] JpaBaseConfiguration$JpaWebConfiguration : spring.jpa.open-in-view is enabled by default. Therefore, database queries may be performed during view rendering. Explicitly configure spring.jpa.open-in-view to disable this warning
2021-12-23 20:17:44.488  INFO 21152 --- [           main] c.r.c.daounittests.ProductDaoTest        : Started ProductDaoTest in 0.592 seconds (JVM running for 13.722)
2021-12-23 20:17:44.497  INFO 21152 --- [           main] o.s.t.c.transaction.TransactionContext   : Began transaction (1) for test context [DefaultTestContext@2f7539be testClass = ProductDaoTest, testInstance = com.revature.caseclothes.daounittests.ProductDaoTest@113c614f, testMethod = testDeleteAProductInTheCart@ProductDaoTest, testException = [null], mergedContextConfiguration = [WebMergedContextConfiguration@33850b6b testClass = ProductDaoTest, locations = '{}', classes = '{class com.revature.caseclothes.CaseClothesApplication}', contextInitializerClasses = '[]', activeProfiles = '{}', propertySourceLocations = '{}', propertySourceProperties = '{org.springframework.boot.test.context.SpringBootTestContextBootstrapper=true}', contextCustomizers = set[org.springframework.boot.test.context.filter.ExcludeFilterContextCustomizer@5fcd1c5f, org.springframework.boot.test.json.DuplicateJsonObjectContextCustomizerFactory$DuplicateJsonObjectContextCustomizer@484149eb, org.springframework.boot.test.mock.mockito.MockitoContextCustomizer@0, org.springframework.boot.test.web.client.TestRestTemplateContextCustomizer@32f1fafe, org.springframework.boot.test.autoconfigure.actuate.metrics.MetricsExportContextCustomizerFactory$DisableMetricExportContextCustomizer@66bf40e5, org.springframework.boot.test.autoconfigure.properties.PropertyMappingContextCustomizer@0, org.springframework.boot.test.autoconfigure.web.servlet.WebDriverContextCustomizerFactory$Customizer@60743cdb, org.springframework.boot.test.context.SpringBootTestArgs@1, org.springframework.boot.test.context.SpringBootTestWebEnvironment@ed3068a], resourceBasePath = 'src/main/webapp', contextLoader = 'org.springframework.boot.test.context.SpringBootContextLoader', parent = [null]], attributes = map['org.springframework.test.context.web.ServletTestExecutionListener.activateListener' -> true, 'org.springframework.test.context.web.ServletTestExecutionListener.populatedRequestContextHolder' -> true, 'org.springframework.test.context.web.ServletTestExecutionListener.resetRequestContextHolder' -> true, 'org.springframework.test.context.event.ApplicationEventsTestExecutionListener.recordApplicationEvents' -> false]]; transaction manager [org.springframework.orm.jpa.JpaTransactionManager@10a9d30b]; rollback [true]
Carts [cartId=1, user=null, quantities=[Quantities [quantityId=1, product=Products [id=1, name=tshirt, description=Your perfect pack for everyday, price=109.95, categories=Category [categoryId=1, category=Men's Clothing], imageURL= , totalQuantity=100], quantity=4], Quantities [quantityId=2, product=Products [id=1, name=tshirt, description=Your perfect pack for everyday, price=109.95, categories=Category [categoryId=1, category=Men's Clothing], imageURL= , totalQuantity=100], quantity=7], Quantities [quantityId=3, product=Products [id=1, name=tshirt, description=Your perfect pack for everyday, price=109.95, categories=Category [categoryId=1, category=Men's Clothing], imageURL= , totalQuantity=100], quantity=10]]]
2021-12-23 20:17:44.509  INFO 21152 --- [           main] o.s.t.c.transaction.TransactionContext   : Rolled back transaction for test: [DefaultTestContext@2f7539be testClass = ProductDaoTest, testInstance = com.revature.caseclothes.daounittests.ProductDaoTest@113c614f, testMethod = testDeleteAProductInTheCart@ProductDaoTest, testException = [null], mergedContextConfiguration = [WebMergedContextConfiguration@33850b6b testClass = ProductDaoTest, locations = '{}', classes = '{class com.revature.caseclothes.CaseClothesApplication}', contextInitializerClasses = '[]', activeProfiles = '{}', propertySourceLocations = '{}', propertySourceProperties = '{org.springframework.boot.test.context.SpringBootTestContextBootstrapper=true}', contextCustomizers = set[org.springframework.boot.test.context.filter.ExcludeFilterContextCustomizer@5fcd1c5f, org.springframework.boot.test.json.DuplicateJsonObjectContextCustomizerFactory$DuplicateJsonObjectContextCustomizer@484149eb, org.springframework.boot.test.mock.mockito.MockitoContextCustomizer@0, org.springframework.boot.test.web.client.TestRestTemplateContextCustomizer@32f1fafe, org.springframework.boot.test.autoconfigure.actuate.metrics.MetricsExportContextCustomizerFactory$DisableMetricExportContextCustomizer@66bf40e5, org.springframework.boot.test.autoconfigure.properties.PropertyMappingContextCustomizer@0, org.springframework.boot.test.autoconfigure.web.servlet.WebDriverContextCustomizerFactory$Customizer@60743cdb, org.springframework.boot.test.context.SpringBootTestArgs@1, org.springframework.boot.test.context.SpringBootTestWebEnvironment@ed3068a], resourceBasePath = 'src/main/webapp', contextLoader = 'org.springframework.boot.test.context.SpringBootContextLoader', parent = [null]], attributes = map['org.springframework.test.context.web.ServletTestExecutionListener.activateListener' -> true, 'org.springframework.test.context.web.ServletTestExecutionListener.populatedRequestContextHolder' -> true, 'org.springframework.test.context.web.ServletTestExecutionListener.resetRequestContextHolder' -> true, 'org.springframework.test.context.event.ApplicationEventsTestExecutionListener.recordApplicationEvents' -> false]]
]]></system-out>
  </testcase>
  <testcase name="testGetAllProducts_positive" classname="com.revature.caseclothes.daounittests.ProductDaoTest" time="0.575">
    <system-out><![CDATA[2021-12-23 20:17:44.511  INFO 21152 --- [           main] j.LocalContainerEntityManagerFactoryBean : Closing JPA EntityManagerFactory for persistence unit 'default'
2021-12-23 20:17:44.512  INFO 21152 --- [           main] .SchemaDropperImpl$DelayedDropActionImpl : HHH000477: Starting delayed evictData of schema as part of SessionFactory shut-down'
2021-12-23 20:17:44.515  INFO 21152 --- [           main] com.zaxxer.hikari.HikariDataSource       : HikariPool-10 - Shutdown initiated...
2021-12-23 20:17:44.516  INFO 21152 --- [           main] com.zaxxer.hikari.HikariDataSource       : HikariPool-10 - Shutdown completed.
=======
2021-12-23 20:02:03.106  INFO 12632 --- [           main] c.r.c.daounittests.ProductDaoTest        : Starting ProductDaoTest using Java 1.8.0_301 on MSI-Jymm with PID 12632 (started by jymmm in D:\Curriculum-211018-Jymm\project-2-Team-Not-Found\case-clothes)
2021-12-23 20:02:03.107  INFO 12632 --- [           main] c.r.c.daounittests.ProductDaoTest        : No active profile set, falling back to default profiles: default
2021-12-23 20:02:03.214  INFO 12632 --- [           main] .s.d.r.c.RepositoryConfigurationDelegate : Bootstrapping Spring Data JPA repositories in DEFAULT mode.
2021-12-23 20:02:03.217  INFO 12632 --- [           main] .s.d.r.c.RepositoryConfigurationDelegate : Finished Spring Data repository scanning in 2 ms. Found 0 JPA repository interfaces.
2021-12-23 20:02:03.296  INFO 12632 --- [           main] com.zaxxer.hikari.HikariDataSource       : HikariPool-10 - Starting...
2021-12-23 20:02:03.297  INFO 12632 --- [           main] com.zaxxer.hikari.HikariDataSource       : HikariPool-10 - Start completed.
2021-12-23 20:02:03.305  INFO 12632 --- [           main] o.hibernate.jpa.internal.util.LogHelper  : HHH000204: Processing PersistenceUnitInfo [name: default]
2021-12-23 20:02:03.309  INFO 12632 --- [           main] org.hibernate.dialect.Dialect            : HHH000400: Using dialect: org.hibernate.dialect.H2Dialect
2021-12-23 20:02:03.370  INFO 12632 --- [           main] o.h.e.t.j.p.i.JtaPlatformInitiator       : HHH000490: Using JtaPlatform implementation: [org.hibernate.engine.transaction.jta.platform.internal.NoJtaPlatform]
2021-12-23 20:02:03.370  INFO 12632 --- [           main] j.LocalContainerEntityManagerFactoryBean : Initialized JPA EntityManagerFactory for persistence unit 'default'
2021-12-23 20:02:03.452  WARN 12632 --- [           main] JpaBaseConfiguration$JpaWebConfiguration : spring.jpa.open-in-view is enabled by default. Therefore, database queries may be performed during view rendering. Explicitly configure spring.jpa.open-in-view to disable this warning
2021-12-23 20:02:03.659  INFO 12632 --- [           main] c.r.c.daounittests.ProductDaoTest        : Started ProductDaoTest in 0.567 seconds (JVM running for 12.858)
2021-12-23 20:02:03.669  INFO 12632 --- [           main] o.s.t.c.transaction.TransactionContext   : Began transaction (1) for test context [DefaultTestContext@2cb96bf0 testClass = ProductDaoTest, testInstance = com.revature.caseclothes.daounittests.ProductDaoTest@6ef6f794, testMethod = testDeleteAProductInTheCart@ProductDaoTest, testException = [null], mergedContextConfiguration = [WebMergedContextConfiguration@6c086907 testClass = ProductDaoTest, locations = '{}', classes = '{class com.revature.caseclothes.CaseClothesApplication}', contextInitializerClasses = '[]', activeProfiles = '{}', propertySourceLocations = '{}', propertySourceProperties = '{org.springframework.boot.test.context.SpringBootTestContextBootstrapper=true}', contextCustomizers = set[org.springframework.boot.test.context.filter.ExcludeFilterContextCustomizer@4cc7d00d, org.springframework.boot.test.json.DuplicateJsonObjectContextCustomizerFactory$DuplicateJsonObjectContextCustomizer@609319c3, org.springframework.boot.test.mock.mockito.MockitoContextCustomizer@0, org.springframework.boot.test.web.client.TestRestTemplateContextCustomizer@56b8aaf1, org.springframework.boot.test.autoconfigure.actuate.metrics.MetricsExportContextCustomizerFactory$DisableMetricExportContextCustomizer@1e3ff233, org.springframework.boot.test.autoconfigure.properties.PropertyMappingContextCustomizer@0, org.springframework.boot.test.autoconfigure.web.servlet.WebDriverContextCustomizerFactory$Customizer@715a70e9, org.springframework.boot.test.context.SpringBootTestArgs@1, org.springframework.boot.test.context.SpringBootTestWebEnvironment@ed3068a], resourceBasePath = 'src/main/webapp', contextLoader = 'org.springframework.boot.test.context.SpringBootContextLoader', parent = [null]], attributes = map['org.springframework.test.context.web.ServletTestExecutionListener.activateListener' -> true, 'org.springframework.test.context.web.ServletTestExecutionListener.populatedRequestContextHolder' -> true, 'org.springframework.test.context.web.ServletTestExecutionListener.resetRequestContextHolder' -> true, 'org.springframework.test.context.event.ApplicationEventsTestExecutionListener.recordApplicationEvents' -> false]]; transaction manager [org.springframework.orm.jpa.JpaTransactionManager@4d51a695]; rollback [true]
Carts [cartId=1, user=null, quantities=[Quantities [quantityId=1, product=Products [id=1, name=tshirt, description=Your perfect pack for everyday, price=109.95, categories=Category [categoryId=1, category=Men's Clothing], imageURL= , totalQuantity=100], quantity=4], Quantities [quantityId=2, product=Products [id=1, name=tshirt, description=Your perfect pack for everyday, price=109.95, categories=Category [categoryId=1, category=Men's Clothing], imageURL= , totalQuantity=100], quantity=7], Quantities [quantityId=3, product=Products [id=1, name=tshirt, description=Your perfect pack for everyday, price=109.95, categories=Category [categoryId=1, category=Men's Clothing], imageURL= , totalQuantity=100], quantity=10]]]
2021-12-23 20:02:03.685  INFO 12632 --- [           main] o.s.t.c.transaction.TransactionContext   : Rolled back transaction for test: [DefaultTestContext@2cb96bf0 testClass = ProductDaoTest, testInstance = com.revature.caseclothes.daounittests.ProductDaoTest@6ef6f794, testMethod = testDeleteAProductInTheCart@ProductDaoTest, testException = [null], mergedContextConfiguration = [WebMergedContextConfiguration@6c086907 testClass = ProductDaoTest, locations = '{}', classes = '{class com.revature.caseclothes.CaseClothesApplication}', contextInitializerClasses = '[]', activeProfiles = '{}', propertySourceLocations = '{}', propertySourceProperties = '{org.springframework.boot.test.context.SpringBootTestContextBootstrapper=true}', contextCustomizers = set[org.springframework.boot.test.context.filter.ExcludeFilterContextCustomizer@4cc7d00d, org.springframework.boot.test.json.DuplicateJsonObjectContextCustomizerFactory$DuplicateJsonObjectContextCustomizer@609319c3, org.springframework.boot.test.mock.mockito.MockitoContextCustomizer@0, org.springframework.boot.test.web.client.TestRestTemplateContextCustomizer@56b8aaf1, org.springframework.boot.test.autoconfigure.actuate.metrics.MetricsExportContextCustomizerFactory$DisableMetricExportContextCustomizer@1e3ff233, org.springframework.boot.test.autoconfigure.properties.PropertyMappingContextCustomizer@0, org.springframework.boot.test.autoconfigure.web.servlet.WebDriverContextCustomizerFactory$Customizer@715a70e9, org.springframework.boot.test.context.SpringBootTestArgs@1, org.springframework.boot.test.context.SpringBootTestWebEnvironment@ed3068a], resourceBasePath = 'src/main/webapp', contextLoader = 'org.springframework.boot.test.context.SpringBootContextLoader', parent = [null]], attributes = map['org.springframework.test.context.web.ServletTestExecutionListener.activateListener' -> true, 'org.springframework.test.context.web.ServletTestExecutionListener.populatedRequestContextHolder' -> true, 'org.springframework.test.context.web.ServletTestExecutionListener.resetRequestContextHolder' -> true, 'org.springframework.test.context.event.ApplicationEventsTestExecutionListener.recordApplicationEvents' -> false]]
]]></system-out>
  </testcase>
  <testcase name="testGetAllProducts_positive" classname="com.revature.caseclothes.daounittests.ProductDaoTest" time="0.582">
    <system-out><![CDATA[2021-12-23 20:02:03.688  INFO 12632 --- [           main] j.LocalContainerEntityManagerFactoryBean : Closing JPA EntityManagerFactory for persistence unit 'default'
2021-12-23 20:02:03.688  INFO 12632 --- [           main] .SchemaDropperImpl$DelayedDropActionImpl : HHH000477: Starting delayed evictData of schema as part of SessionFactory shut-down'
2021-12-23 20:02:03.691  INFO 12632 --- [           main] com.zaxxer.hikari.HikariDataSource       : HikariPool-10 - Shutdown initiated...
2021-12-23 20:02:03.692  INFO 12632 --- [           main] com.zaxxer.hikari.HikariDataSource       : HikariPool-10 - Shutdown completed.
>>>>>>> jymm-branch

  .   ____          _            __ _ _
 /\\ / ___'_ __ _ _(_)_ __  __ _ \ \ \ \
( ( )\___ | '_ | '_| | '_ \/ _` | \ \ \ \
 \\/  ___)| |_)| | | | | || (_| |  ) ) ) )
  '  |____| .__|_| |_|_| |_\__, | / / / /
 =========|_|==============|___/=/_/_/_/
 :: Spring Boot ::                (v2.6.1)

<<<<<<< HEAD
2021-12-23 20:17:44.532  INFO 21152 --- [           main] c.r.c.daounittests.ProductDaoTest        : Starting ProductDaoTest using Java 1.8.0_301 on MSI-Jymm with PID 21152 (started by jymmm in D:\Curriculum-211018-Jymm\project-2-Team-Not-Found\case-clothes)
2021-12-23 20:17:44.533  INFO 21152 --- [           main] c.r.c.daounittests.ProductDaoTest        : No active profile set, falling back to default profiles: default
2021-12-23 20:17:44.634  INFO 21152 --- [           main] .s.d.r.c.RepositoryConfigurationDelegate : Bootstrapping Spring Data JPA repositories in DEFAULT mode.
2021-12-23 20:17:44.636  INFO 21152 --- [           main] .s.d.r.c.RepositoryConfigurationDelegate : Finished Spring Data repository scanning in 2 ms. Found 0 JPA repository interfaces.
2021-12-23 20:17:44.708  INFO 21152 --- [           main] com.zaxxer.hikari.HikariDataSource       : HikariPool-11 - Starting...
2021-12-23 20:17:44.709  INFO 21152 --- [           main] com.zaxxer.hikari.HikariDataSource       : HikariPool-11 - Start completed.
2021-12-23 20:17:44.718  INFO 21152 --- [           main] o.hibernate.jpa.internal.util.LogHelper  : HHH000204: Processing PersistenceUnitInfo [name: default]
2021-12-23 20:17:44.723  INFO 21152 --- [           main] org.hibernate.dialect.Dialect            : HHH000400: Using dialect: org.hibernate.dialect.H2Dialect
2021-12-23 20:17:44.775  INFO 21152 --- [           main] o.h.e.t.j.p.i.JtaPlatformInitiator       : HHH000490: Using JtaPlatform implementation: [org.hibernate.engine.transaction.jta.platform.internal.NoJtaPlatform]
2021-12-23 20:17:44.776  INFO 21152 --- [           main] j.LocalContainerEntityManagerFactoryBean : Initialized JPA EntityManagerFactory for persistence unit 'default'
2021-12-23 20:17:44.851  WARN 21152 --- [           main] JpaBaseConfiguration$JpaWebConfiguration : spring.jpa.open-in-view is enabled by default. Therefore, database queries may be performed during view rendering. Explicitly configure spring.jpa.open-in-view to disable this warning
2021-12-23 20:17:45.067  INFO 21152 --- [           main] c.r.c.daounittests.ProductDaoTest        : Started ProductDaoTest in 0.55 seconds (JVM running for 14.301)
2021-12-23 20:17:45.074  INFO 21152 --- [           main] o.s.t.c.transaction.TransactionContext   : Began transaction (1) for test context [DefaultTestContext@2f7539be testClass = ProductDaoTest, testInstance = com.revature.caseclothes.daounittests.ProductDaoTest@3b5ff28a, testMethod = testGetAllProducts_positive@ProductDaoTest, testException = [null], mergedContextConfiguration = [WebMergedContextConfiguration@33850b6b testClass = ProductDaoTest, locations = '{}', classes = '{class com.revature.caseclothes.CaseClothesApplication}', contextInitializerClasses = '[]', activeProfiles = '{}', propertySourceLocations = '{}', propertySourceProperties = '{org.springframework.boot.test.context.SpringBootTestContextBootstrapper=true}', contextCustomizers = set[org.springframework.boot.test.context.filter.ExcludeFilterContextCustomizer@5fcd1c5f, org.springframework.boot.test.json.DuplicateJsonObjectContextCustomizerFactory$DuplicateJsonObjectContextCustomizer@484149eb, org.springframework.boot.test.mock.mockito.MockitoContextCustomizer@0, org.springframework.boot.test.web.client.TestRestTemplateContextCustomizer@32f1fafe, org.springframework.boot.test.autoconfigure.actuate.metrics.MetricsExportContextCustomizerFactory$DisableMetricExportContextCustomizer@66bf40e5, org.springframework.boot.test.autoconfigure.properties.PropertyMappingContextCustomizer@0, org.springframework.boot.test.autoconfigure.web.servlet.WebDriverContextCustomizerFactory$Customizer@60743cdb, org.springframework.boot.test.context.SpringBootTestArgs@1, org.springframework.boot.test.context.SpringBootTestWebEnvironment@ed3068a], resourceBasePath = 'src/main/webapp', contextLoader = 'org.springframework.boot.test.context.SpringBootContextLoader', parent = [null]], attributes = map['org.springframework.test.context.web.ServletTestExecutionListener.activateListener' -> true, 'org.springframework.test.context.web.ServletTestExecutionListener.populatedRequestContextHolder' -> true, 'org.springframework.test.context.web.ServletTestExecutionListener.resetRequestContextHolder' -> true, 'org.springframework.test.context.event.ApplicationEventsTestExecutionListener.recordApplicationEvents' -> false]]; transaction manager [org.springframework.orm.jpa.JpaTransactionManager@729a7192]; rollback [true]
2021-12-23 20:17:45.084  INFO 21152 --- [           main] o.s.t.c.transaction.TransactionContext   : Rolled back transaction for test: [DefaultTestContext@2f7539be testClass = ProductDaoTest, testInstance = com.revature.caseclothes.daounittests.ProductDaoTest@3b5ff28a, testMethod = testGetAllProducts_positive@ProductDaoTest, testException = [null], mergedContextConfiguration = [WebMergedContextConfiguration@33850b6b testClass = ProductDaoTest, locations = '{}', classes = '{class com.revature.caseclothes.CaseClothesApplication}', contextInitializerClasses = '[]', activeProfiles = '{}', propertySourceLocations = '{}', propertySourceProperties = '{org.springframework.boot.test.context.SpringBootTestContextBootstrapper=true}', contextCustomizers = set[org.springframework.boot.test.context.filter.ExcludeFilterContextCustomizer@5fcd1c5f, org.springframework.boot.test.json.DuplicateJsonObjectContextCustomizerFactory$DuplicateJsonObjectContextCustomizer@484149eb, org.springframework.boot.test.mock.mockito.MockitoContextCustomizer@0, org.springframework.boot.test.web.client.TestRestTemplateContextCustomizer@32f1fafe, org.springframework.boot.test.autoconfigure.actuate.metrics.MetricsExportContextCustomizerFactory$DisableMetricExportContextCustomizer@66bf40e5, org.springframework.boot.test.autoconfigure.properties.PropertyMappingContextCustomizer@0, org.springframework.boot.test.autoconfigure.web.servlet.WebDriverContextCustomizerFactory$Customizer@60743cdb, org.springframework.boot.test.context.SpringBootTestArgs@1, org.springframework.boot.test.context.SpringBootTestWebEnvironment@ed3068a], resourceBasePath = 'src/main/webapp', contextLoader = 'org.springframework.boot.test.context.SpringBootContextLoader', parent = [null]], attributes = map['org.springframework.test.context.web.ServletTestExecutionListener.activateListener' -> true, 'org.springframework.test.context.web.ServletTestExecutionListener.populatedRequestContextHolder' -> true, 'org.springframework.test.context.web.ServletTestExecutionListener.resetRequestContextHolder' -> true, 'org.springframework.test.context.event.ApplicationEventsTestExecutionListener.recordApplicationEvents' -> false]]
]]></system-out>
  </testcase>
  <testcase name="testInsertToCart" classname="com.revature.caseclothes.daounittests.ProductDaoTest" time="0.6">
    <system-out><![CDATA[2021-12-23 20:17:45.087  INFO 21152 --- [           main] j.LocalContainerEntityManagerFactoryBean : Closing JPA EntityManagerFactory for persistence unit 'default'
2021-12-23 20:17:45.087  INFO 21152 --- [           main] .SchemaDropperImpl$DelayedDropActionImpl : HHH000477: Starting delayed evictData of schema as part of SessionFactory shut-down'
2021-12-23 20:17:45.089  INFO 21152 --- [           main] com.zaxxer.hikari.HikariDataSource       : HikariPool-11 - Shutdown initiated...
2021-12-23 20:17:45.090  INFO 21152 --- [           main] com.zaxxer.hikari.HikariDataSource       : HikariPool-11 - Shutdown completed.
=======
2021-12-23 20:02:03.709  INFO 12632 --- [           main] c.r.c.daounittests.ProductDaoTest        : Starting ProductDaoTest using Java 1.8.0_301 on MSI-Jymm with PID 12632 (started by jymmm in D:\Curriculum-211018-Jymm\project-2-Team-Not-Found\case-clothes)
2021-12-23 20:02:03.709  INFO 12632 --- [           main] c.r.c.daounittests.ProductDaoTest        : No active profile set, falling back to default profiles: default
2021-12-23 20:02:03.823  INFO 12632 --- [           main] .s.d.r.c.RepositoryConfigurationDelegate : Bootstrapping Spring Data JPA repositories in DEFAULT mode.
2021-12-23 20:02:03.826  INFO 12632 --- [           main] .s.d.r.c.RepositoryConfigurationDelegate : Finished Spring Data repository scanning in 2 ms. Found 0 JPA repository interfaces.
2021-12-23 20:02:03.892  INFO 12632 --- [           main] com.zaxxer.hikari.HikariDataSource       : HikariPool-11 - Starting...
2021-12-23 20:02:03.893  INFO 12632 --- [           main] com.zaxxer.hikari.HikariDataSource       : HikariPool-11 - Start completed.
2021-12-23 20:02:03.901  INFO 12632 --- [           main] o.hibernate.jpa.internal.util.LogHelper  : HHH000204: Processing PersistenceUnitInfo [name: default]
2021-12-23 20:02:03.904  INFO 12632 --- [           main] org.hibernate.dialect.Dialect            : HHH000400: Using dialect: org.hibernate.dialect.H2Dialect
2021-12-23 20:02:03.962  INFO 12632 --- [           main] o.h.e.t.j.p.i.JtaPlatformInitiator       : HHH000490: Using JtaPlatform implementation: [org.hibernate.engine.transaction.jta.platform.internal.NoJtaPlatform]
2021-12-23 20:02:03.963  INFO 12632 --- [           main] j.LocalContainerEntityManagerFactoryBean : Initialized JPA EntityManagerFactory for persistence unit 'default'
2021-12-23 20:02:04.042  WARN 12632 --- [           main] JpaBaseConfiguration$JpaWebConfiguration : spring.jpa.open-in-view is enabled by default. Therefore, database queries may be performed during view rendering. Explicitly configure spring.jpa.open-in-view to disable this warning
2021-12-23 20:02:04.249  INFO 12632 --- [           main] c.r.c.daounittests.ProductDaoTest        : Started ProductDaoTest in 0.555 seconds (JVM running for 13.449)
2021-12-23 20:02:04.259  INFO 12632 --- [           main] o.s.t.c.transaction.TransactionContext   : Began transaction (1) for test context [DefaultTestContext@2cb96bf0 testClass = ProductDaoTest, testInstance = com.revature.caseclothes.daounittests.ProductDaoTest@23aef6fe, testMethod = testGetAllProducts_positive@ProductDaoTest, testException = [null], mergedContextConfiguration = [WebMergedContextConfiguration@6c086907 testClass = ProductDaoTest, locations = '{}', classes = '{class com.revature.caseclothes.CaseClothesApplication}', contextInitializerClasses = '[]', activeProfiles = '{}', propertySourceLocations = '{}', propertySourceProperties = '{org.springframework.boot.test.context.SpringBootTestContextBootstrapper=true}', contextCustomizers = set[org.springframework.boot.test.context.filter.ExcludeFilterContextCustomizer@4cc7d00d, org.springframework.boot.test.json.DuplicateJsonObjectContextCustomizerFactory$DuplicateJsonObjectContextCustomizer@609319c3, org.springframework.boot.test.mock.mockito.MockitoContextCustomizer@0, org.springframework.boot.test.web.client.TestRestTemplateContextCustomizer@56b8aaf1, org.springframework.boot.test.autoconfigure.actuate.metrics.MetricsExportContextCustomizerFactory$DisableMetricExportContextCustomizer@1e3ff233, org.springframework.boot.test.autoconfigure.properties.PropertyMappingContextCustomizer@0, org.springframework.boot.test.autoconfigure.web.servlet.WebDriverContextCustomizerFactory$Customizer@715a70e9, org.springframework.boot.test.context.SpringBootTestArgs@1, org.springframework.boot.test.context.SpringBootTestWebEnvironment@ed3068a], resourceBasePath = 'src/main/webapp', contextLoader = 'org.springframework.boot.test.context.SpringBootContextLoader', parent = [null]], attributes = map['org.springframework.test.context.web.ServletTestExecutionListener.activateListener' -> true, 'org.springframework.test.context.web.ServletTestExecutionListener.populatedRequestContextHolder' -> true, 'org.springframework.test.context.web.ServletTestExecutionListener.resetRequestContextHolder' -> true, 'org.springframework.test.context.event.ApplicationEventsTestExecutionListener.recordApplicationEvents' -> false]]; transaction manager [org.springframework.orm.jpa.JpaTransactionManager@61d40fc3]; rollback [true]
2021-12-23 20:02:04.268  INFO 12632 --- [           main] o.s.t.c.transaction.TransactionContext   : Rolled back transaction for test: [DefaultTestContext@2cb96bf0 testClass = ProductDaoTest, testInstance = com.revature.caseclothes.daounittests.ProductDaoTest@23aef6fe, testMethod = testGetAllProducts_positive@ProductDaoTest, testException = [null], mergedContextConfiguration = [WebMergedContextConfiguration@6c086907 testClass = ProductDaoTest, locations = '{}', classes = '{class com.revature.caseclothes.CaseClothesApplication}', contextInitializerClasses = '[]', activeProfiles = '{}', propertySourceLocations = '{}', propertySourceProperties = '{org.springframework.boot.test.context.SpringBootTestContextBootstrapper=true}', contextCustomizers = set[org.springframework.boot.test.context.filter.ExcludeFilterContextCustomizer@4cc7d00d, org.springframework.boot.test.json.DuplicateJsonObjectContextCustomizerFactory$DuplicateJsonObjectContextCustomizer@609319c3, org.springframework.boot.test.mock.mockito.MockitoContextCustomizer@0, org.springframework.boot.test.web.client.TestRestTemplateContextCustomizer@56b8aaf1, org.springframework.boot.test.autoconfigure.actuate.metrics.MetricsExportContextCustomizerFactory$DisableMetricExportContextCustomizer@1e3ff233, org.springframework.boot.test.autoconfigure.properties.PropertyMappingContextCustomizer@0, org.springframework.boot.test.autoconfigure.web.servlet.WebDriverContextCustomizerFactory$Customizer@715a70e9, org.springframework.boot.test.context.SpringBootTestArgs@1, org.springframework.boot.test.context.SpringBootTestWebEnvironment@ed3068a], resourceBasePath = 'src/main/webapp', contextLoader = 'org.springframework.boot.test.context.SpringBootContextLoader', parent = [null]], attributes = map['org.springframework.test.context.web.ServletTestExecutionListener.activateListener' -> true, 'org.springframework.test.context.web.ServletTestExecutionListener.populatedRequestContextHolder' -> true, 'org.springframework.test.context.web.ServletTestExecutionListener.resetRequestContextHolder' -> true, 'org.springframework.test.context.event.ApplicationEventsTestExecutionListener.recordApplicationEvents' -> false]]
]]></system-out>
  </testcase>
  <testcase name="testInsertToCart" classname="com.revature.caseclothes.daounittests.ProductDaoTest" time="0.619">
    <system-out><![CDATA[2021-12-23 20:02:04.271  INFO 12632 --- [           main] j.LocalContainerEntityManagerFactoryBean : Closing JPA EntityManagerFactory for persistence unit 'default'
2021-12-23 20:02:04.271  INFO 12632 --- [           main] .SchemaDropperImpl$DelayedDropActionImpl : HHH000477: Starting delayed evictData of schema as part of SessionFactory shut-down'
2021-12-23 20:02:04.273  INFO 12632 --- [           main] com.zaxxer.hikari.HikariDataSource       : HikariPool-11 - Shutdown initiated...
2021-12-23 20:02:04.275  INFO 12632 --- [           main] com.zaxxer.hikari.HikariDataSource       : HikariPool-11 - Shutdown completed.
>>>>>>> jymm-branch

  .   ____          _            __ _ _
 /\\ / ___'_ __ _ _(_)_ __  __ _ \ \ \ \
( ( )\___ | '_ | '_| | '_ \/ _` | \ \ \ \
 \\/  ___)| |_)| | | | | || (_| |  ) ) ) )
  '  |____| .__|_| |_|_| |_\__, | / / / /
 =========|_|==============|___/=/_/_/_/
 :: Spring Boot ::                (v2.6.1)

<<<<<<< HEAD
2021-12-23 20:17:45.107  INFO 21152 --- [           main] c.r.c.daounittests.ProductDaoTest        : Starting ProductDaoTest using Java 1.8.0_301 on MSI-Jymm with PID 21152 (started by jymmm in D:\Curriculum-211018-Jymm\project-2-Team-Not-Found\case-clothes)
2021-12-23 20:17:45.107  INFO 21152 --- [           main] c.r.c.daounittests.ProductDaoTest        : No active profile set, falling back to default profiles: default
2021-12-23 20:17:45.212  INFO 21152 --- [           main] .s.d.r.c.RepositoryConfigurationDelegate : Bootstrapping Spring Data JPA repositories in DEFAULT mode.
2021-12-23 20:17:45.214  INFO 21152 --- [           main] .s.d.r.c.RepositoryConfigurationDelegate : Finished Spring Data repository scanning in 2 ms. Found 0 JPA repository interfaces.
2021-12-23 20:17:45.286  INFO 21152 --- [           main] com.zaxxer.hikari.HikariDataSource       : HikariPool-12 - Starting...
2021-12-23 20:17:45.287  INFO 21152 --- [           main] com.zaxxer.hikari.HikariDataSource       : HikariPool-12 - Start completed.
2021-12-23 20:17:45.295  INFO 21152 --- [           main] o.hibernate.jpa.internal.util.LogHelper  : HHH000204: Processing PersistenceUnitInfo [name: default]
2021-12-23 20:17:45.299  INFO 21152 --- [           main] org.hibernate.dialect.Dialect            : HHH000400: Using dialect: org.hibernate.dialect.H2Dialect
2021-12-23 20:17:45.362  INFO 21152 --- [           main] o.h.e.t.j.p.i.JtaPlatformInitiator       : HHH000490: Using JtaPlatform implementation: [org.hibernate.engine.transaction.jta.platform.internal.NoJtaPlatform]
2021-12-23 20:17:45.363  INFO 21152 --- [           main] j.LocalContainerEntityManagerFactoryBean : Initialized JPA EntityManagerFactory for persistence unit 'default'
2021-12-23 20:17:45.456  WARN 21152 --- [           main] JpaBaseConfiguration$JpaWebConfiguration : spring.jpa.open-in-view is enabled by default. Therefore, database queries may be performed during view rendering. Explicitly configure spring.jpa.open-in-view to disable this warning
2021-12-23 20:17:45.669  INFO 21152 --- [           main] c.r.c.daounittests.ProductDaoTest        : Started ProductDaoTest in 0.577 seconds (JVM running for 14.903)
2021-12-23 20:17:45.678  INFO 21152 --- [           main] o.s.t.c.transaction.TransactionContext   : Began transaction (1) for test context [DefaultTestContext@2f7539be testClass = ProductDaoTest, testInstance = com.revature.caseclothes.daounittests.ProductDaoTest@322f96c4, testMethod = testInsertToCart@ProductDaoTest, testException = [null], mergedContextConfiguration = [WebMergedContextConfiguration@33850b6b testClass = ProductDaoTest, locations = '{}', classes = '{class com.revature.caseclothes.CaseClothesApplication}', contextInitializerClasses = '[]', activeProfiles = '{}', propertySourceLocations = '{}', propertySourceProperties = '{org.springframework.boot.test.context.SpringBootTestContextBootstrapper=true}', contextCustomizers = set[org.springframework.boot.test.context.filter.ExcludeFilterContextCustomizer@5fcd1c5f, org.springframework.boot.test.json.DuplicateJsonObjectContextCustomizerFactory$DuplicateJsonObjectContextCustomizer@484149eb, org.springframework.boot.test.mock.mockito.MockitoContextCustomizer@0, org.springframework.boot.test.web.client.TestRestTemplateContextCustomizer@32f1fafe, org.springframework.boot.test.autoconfigure.actuate.metrics.MetricsExportContextCustomizerFactory$DisableMetricExportContextCustomizer@66bf40e5, org.springframework.boot.test.autoconfigure.properties.PropertyMappingContextCustomizer@0, org.springframework.boot.test.autoconfigure.web.servlet.WebDriverContextCustomizerFactory$Customizer@60743cdb, org.springframework.boot.test.context.SpringBootTestArgs@1, org.springframework.boot.test.context.SpringBootTestWebEnvironment@ed3068a], resourceBasePath = 'src/main/webapp', contextLoader = 'org.springframework.boot.test.context.SpringBootContextLoader', parent = [null]], attributes = map['org.springframework.test.context.web.ServletTestExecutionListener.activateListener' -> true, 'org.springframework.test.context.web.ServletTestExecutionListener.populatedRequestContextHolder' -> true, 'org.springframework.test.context.web.ServletTestExecutionListener.resetRequestContextHolder' -> true, 'org.springframework.test.context.event.ApplicationEventsTestExecutionListener.recordApplicationEvents' -> false]]; transaction manager [org.springframework.orm.jpa.JpaTransactionManager@6d6b5cb9]; rollback [true]
2021-12-23 20:17:45.685  INFO 21152 --- [           main] o.s.t.c.transaction.TransactionContext   : Rolled back transaction for test: [DefaultTestContext@2f7539be testClass = ProductDaoTest, testInstance = com.revature.caseclothes.daounittests.ProductDaoTest@322f96c4, testMethod = testInsertToCart@ProductDaoTest, testException = [null], mergedContextConfiguration = [WebMergedContextConfiguration@33850b6b testClass = ProductDaoTest, locations = '{}', classes = '{class com.revature.caseclothes.CaseClothesApplication}', contextInitializerClasses = '[]', activeProfiles = '{}', propertySourceLocations = '{}', propertySourceProperties = '{org.springframework.boot.test.context.SpringBootTestContextBootstrapper=true}', contextCustomizers = set[org.springframework.boot.test.context.filter.ExcludeFilterContextCustomizer@5fcd1c5f, org.springframework.boot.test.json.DuplicateJsonObjectContextCustomizerFactory$DuplicateJsonObjectContextCustomizer@484149eb, org.springframework.boot.test.mock.mockito.MockitoContextCustomizer@0, org.springframework.boot.test.web.client.TestRestTemplateContextCustomizer@32f1fafe, org.springframework.boot.test.autoconfigure.actuate.metrics.MetricsExportContextCustomizerFactory$DisableMetricExportContextCustomizer@66bf40e5, org.springframework.boot.test.autoconfigure.properties.PropertyMappingContextCustomizer@0, org.springframework.boot.test.autoconfigure.web.servlet.WebDriverContextCustomizerFactory$Customizer@60743cdb, org.springframework.boot.test.context.SpringBootTestArgs@1, org.springframework.boot.test.context.SpringBootTestWebEnvironment@ed3068a], resourceBasePath = 'src/main/webapp', contextLoader = 'org.springframework.boot.test.context.SpringBootContextLoader', parent = [null]], attributes = map['org.springframework.test.context.web.ServletTestExecutionListener.activateListener' -> true, 'org.springframework.test.context.web.ServletTestExecutionListener.populatedRequestContextHolder' -> true, 'org.springframework.test.context.web.ServletTestExecutionListener.resetRequestContextHolder' -> true, 'org.springframework.test.context.event.ApplicationEventsTestExecutionListener.recordApplicationEvents' -> false]]
]]></system-out>
  </testcase>
  <testcase name="deleteProductById_positive" classname="com.revature.caseclothes.daounittests.ProductDaoTest" time="0.772">
    <system-out><![CDATA[2021-12-23 20:17:45.688  INFO 21152 --- [           main] j.LocalContainerEntityManagerFactoryBean : Closing JPA EntityManagerFactory for persistence unit 'default'
2021-12-23 20:17:45.688  INFO 21152 --- [           main] .SchemaDropperImpl$DelayedDropActionImpl : HHH000477: Starting delayed evictData of schema as part of SessionFactory shut-down'
2021-12-23 20:17:45.691  INFO 21152 --- [           main] com.zaxxer.hikari.HikariDataSource       : HikariPool-12 - Shutdown initiated...
2021-12-23 20:17:45.692  INFO 21152 --- [           main] com.zaxxer.hikari.HikariDataSource       : HikariPool-12 - Shutdown completed.
=======
2021-12-23 20:02:04.290  INFO 12632 --- [           main] c.r.c.daounittests.ProductDaoTest        : Starting ProductDaoTest using Java 1.8.0_301 on MSI-Jymm with PID 12632 (started by jymmm in D:\Curriculum-211018-Jymm\project-2-Team-Not-Found\case-clothes)
2021-12-23 20:02:04.290  INFO 12632 --- [           main] c.r.c.daounittests.ProductDaoTest        : No active profile set, falling back to default profiles: default
2021-12-23 20:02:04.444  INFO 12632 --- [           main] .s.d.r.c.RepositoryConfigurationDelegate : Bootstrapping Spring Data JPA repositories in DEFAULT mode.
2021-12-23 20:02:04.446  INFO 12632 --- [           main] .s.d.r.c.RepositoryConfigurationDelegate : Finished Spring Data repository scanning in 2 ms. Found 0 JPA repository interfaces.
2021-12-23 20:02:04.538  INFO 12632 --- [           main] com.zaxxer.hikari.HikariDataSource       : HikariPool-12 - Starting...
2021-12-23 20:02:04.539  INFO 12632 --- [           main] com.zaxxer.hikari.HikariDataSource       : HikariPool-12 - Start completed.
2021-12-23 20:02:04.547  INFO 12632 --- [           main] o.hibernate.jpa.internal.util.LogHelper  : HHH000204: Processing PersistenceUnitInfo [name: default]
2021-12-23 20:02:04.550  INFO 12632 --- [           main] org.hibernate.dialect.Dialect            : HHH000400: Using dialect: org.hibernate.dialect.H2Dialect
2021-12-23 20:02:04.604  INFO 12632 --- [           main] o.h.e.t.j.p.i.JtaPlatformInitiator       : HHH000490: Using JtaPlatform implementation: [org.hibernate.engine.transaction.jta.platform.internal.NoJtaPlatform]
2021-12-23 20:02:04.605  INFO 12632 --- [           main] j.LocalContainerEntityManagerFactoryBean : Initialized JPA EntityManagerFactory for persistence unit 'default'
2021-12-23 20:02:04.676  WARN 12632 --- [           main] JpaBaseConfiguration$JpaWebConfiguration : spring.jpa.open-in-view is enabled by default. Therefore, database queries may be performed during view rendering. Explicitly configure spring.jpa.open-in-view to disable this warning
2021-12-23 20:02:04.874  INFO 12632 --- [           main] c.r.c.daounittests.ProductDaoTest        : Started ProductDaoTest in 0.597 seconds (JVM running for 14.073)
2021-12-23 20:02:04.881  INFO 12632 --- [           main] o.s.t.c.transaction.TransactionContext   : Began transaction (1) for test context [DefaultTestContext@2cb96bf0 testClass = ProductDaoTest, testInstance = com.revature.caseclothes.daounittests.ProductDaoTest@70d93d8e, testMethod = testInsertToCart@ProductDaoTest, testException = [null], mergedContextConfiguration = [WebMergedContextConfiguration@6c086907 testClass = ProductDaoTest, locations = '{}', classes = '{class com.revature.caseclothes.CaseClothesApplication}', contextInitializerClasses = '[]', activeProfiles = '{}', propertySourceLocations = '{}', propertySourceProperties = '{org.springframework.boot.test.context.SpringBootTestContextBootstrapper=true}', contextCustomizers = set[org.springframework.boot.test.context.filter.ExcludeFilterContextCustomizer@4cc7d00d, org.springframework.boot.test.json.DuplicateJsonObjectContextCustomizerFactory$DuplicateJsonObjectContextCustomizer@609319c3, org.springframework.boot.test.mock.mockito.MockitoContextCustomizer@0, org.springframework.boot.test.web.client.TestRestTemplateContextCustomizer@56b8aaf1, org.springframework.boot.test.autoconfigure.actuate.metrics.MetricsExportContextCustomizerFactory$DisableMetricExportContextCustomizer@1e3ff233, org.springframework.boot.test.autoconfigure.properties.PropertyMappingContextCustomizer@0, org.springframework.boot.test.autoconfigure.web.servlet.WebDriverContextCustomizerFactory$Customizer@715a70e9, org.springframework.boot.test.context.SpringBootTestArgs@1, org.springframework.boot.test.context.SpringBootTestWebEnvironment@ed3068a], resourceBasePath = 'src/main/webapp', contextLoader = 'org.springframework.boot.test.context.SpringBootContextLoader', parent = [null]], attributes = map['org.springframework.test.context.web.ServletTestExecutionListener.activateListener' -> true, 'org.springframework.test.context.web.ServletTestExecutionListener.populatedRequestContextHolder' -> true, 'org.springframework.test.context.web.ServletTestExecutionListener.resetRequestContextHolder' -> true, 'org.springframework.test.context.event.ApplicationEventsTestExecutionListener.recordApplicationEvents' -> false]]; transaction manager [org.springframework.orm.jpa.JpaTransactionManager@715fcd8e]; rollback [true]
2021-12-23 20:02:04.888  INFO 12632 --- [           main] o.s.t.c.transaction.TransactionContext   : Rolled back transaction for test: [DefaultTestContext@2cb96bf0 testClass = ProductDaoTest, testInstance = com.revature.caseclothes.daounittests.ProductDaoTest@70d93d8e, testMethod = testInsertToCart@ProductDaoTest, testException = [null], mergedContextConfiguration = [WebMergedContextConfiguration@6c086907 testClass = ProductDaoTest, locations = '{}', classes = '{class com.revature.caseclothes.CaseClothesApplication}', contextInitializerClasses = '[]', activeProfiles = '{}', propertySourceLocations = '{}', propertySourceProperties = '{org.springframework.boot.test.context.SpringBootTestContextBootstrapper=true}', contextCustomizers = set[org.springframework.boot.test.context.filter.ExcludeFilterContextCustomizer@4cc7d00d, org.springframework.boot.test.json.DuplicateJsonObjectContextCustomizerFactory$DuplicateJsonObjectContextCustomizer@609319c3, org.springframework.boot.test.mock.mockito.MockitoContextCustomizer@0, org.springframework.boot.test.web.client.TestRestTemplateContextCustomizer@56b8aaf1, org.springframework.boot.test.autoconfigure.actuate.metrics.MetricsExportContextCustomizerFactory$DisableMetricExportContextCustomizer@1e3ff233, org.springframework.boot.test.autoconfigure.properties.PropertyMappingContextCustomizer@0, org.springframework.boot.test.autoconfigure.web.servlet.WebDriverContextCustomizerFactory$Customizer@715a70e9, org.springframework.boot.test.context.SpringBootTestArgs@1, org.springframework.boot.test.context.SpringBootTestWebEnvironment@ed3068a], resourceBasePath = 'src/main/webapp', contextLoader = 'org.springframework.boot.test.context.SpringBootContextLoader', parent = [null]], attributes = map['org.springframework.test.context.web.ServletTestExecutionListener.activateListener' -> true, 'org.springframework.test.context.web.ServletTestExecutionListener.populatedRequestContextHolder' -> true, 'org.springframework.test.context.web.ServletTestExecutionListener.resetRequestContextHolder' -> true, 'org.springframework.test.context.event.ApplicationEventsTestExecutionListener.recordApplicationEvents' -> false]]
]]></system-out>
  </testcase>
  <testcase name="deleteProductById_positive" classname="com.revature.caseclothes.daounittests.ProductDaoTest" time="0.668">
    <system-out><![CDATA[2021-12-23 20:02:04.891  INFO 12632 --- [           main] j.LocalContainerEntityManagerFactoryBean : Closing JPA EntityManagerFactory for persistence unit 'default'
2021-12-23 20:02:04.891  INFO 12632 --- [           main] .SchemaDropperImpl$DelayedDropActionImpl : HHH000477: Starting delayed evictData of schema as part of SessionFactory shut-down'
2021-12-23 20:02:04.894  INFO 12632 --- [           main] com.zaxxer.hikari.HikariDataSource       : HikariPool-12 - Shutdown initiated...
2021-12-23 20:02:04.895  INFO 12632 --- [           main] com.zaxxer.hikari.HikariDataSource       : HikariPool-12 - Shutdown completed.
>>>>>>> jymm-branch

  .   ____          _            __ _ _
 /\\ / ___'_ __ _ _(_)_ __  __ _ \ \ \ \
( ( )\___ | '_ | '_| | '_ \/ _` | \ \ \ \
 \\/  ___)| |_)| | | | | || (_| |  ) ) ) )
  '  |____| .__|_| |_|_| |_\__, | / / / /
 =========|_|==============|___/=/_/_/_/
 :: Spring Boot ::                (v2.6.1)

<<<<<<< HEAD
2021-12-23 20:17:45.710  INFO 21152 --- [           main] c.r.c.daounittests.ProductDaoTest        : Starting ProductDaoTest using Java 1.8.0_301 on MSI-Jymm with PID 21152 (started by jymmm in D:\Curriculum-211018-Jymm\project-2-Team-Not-Found\case-clothes)
2021-12-23 20:17:45.710  INFO 21152 --- [           main] c.r.c.daounittests.ProductDaoTest        : No active profile set, falling back to default profiles: default
2021-12-23 20:17:45.826  INFO 21152 --- [           main] .s.d.r.c.RepositoryConfigurationDelegate : Bootstrapping Spring Data JPA repositories in DEFAULT mode.
2021-12-23 20:17:45.830  INFO 21152 --- [           main] .s.d.r.c.RepositoryConfigurationDelegate : Finished Spring Data repository scanning in 2 ms. Found 0 JPA repository interfaces.
2021-12-23 20:17:45.908  INFO 21152 --- [           main] com.zaxxer.hikari.HikariDataSource       : HikariPool-13 - Starting...
2021-12-23 20:17:45.909  INFO 21152 --- [           main] com.zaxxer.hikari.HikariDataSource       : HikariPool-13 - Start completed.
2021-12-23 20:17:45.920  INFO 21152 --- [           main] o.hibernate.jpa.internal.util.LogHelper  : HHH000204: Processing PersistenceUnitInfo [name: default]
2021-12-23 20:17:45.923  INFO 21152 --- [           main] org.hibernate.dialect.Dialect            : HHH000400: Using dialect: org.hibernate.dialect.H2Dialect
2021-12-23 20:17:45.980  INFO 21152 --- [           main] o.h.e.t.j.p.i.JtaPlatformInitiator       : HHH000490: Using JtaPlatform implementation: [org.hibernate.engine.transaction.jta.platform.internal.NoJtaPlatform]
2021-12-23 20:17:45.980  INFO 21152 --- [           main] j.LocalContainerEntityManagerFactoryBean : Initialized JPA EntityManagerFactory for persistence unit 'default'
2021-12-23 20:17:46.058  WARN 21152 --- [           main] JpaBaseConfiguration$JpaWebConfiguration : spring.jpa.open-in-view is enabled by default. Therefore, database queries may be performed during view rendering. Explicitly configure spring.jpa.open-in-view to disable this warning
2021-12-23 20:17:46.341  INFO 21152 --- [           main] c.r.c.daounittests.ProductDaoTest        : Started ProductDaoTest in 0.647 seconds (JVM running for 15.575)
2021-12-23 20:17:46.350  INFO 21152 --- [           main] o.s.t.c.transaction.TransactionContext   : Began transaction (1) for test context [DefaultTestContext@2f7539be testClass = ProductDaoTest, testInstance = com.revature.caseclothes.daounittests.ProductDaoTest@42987e67, testMethod = deleteProductById_positive@ProductDaoTest, testException = [null], mergedContextConfiguration = [WebMergedContextConfiguration@33850b6b testClass = ProductDaoTest, locations = '{}', classes = '{class com.revature.caseclothes.CaseClothesApplication}', contextInitializerClasses = '[]', activeProfiles = '{}', propertySourceLocations = '{}', propertySourceProperties = '{org.springframework.boot.test.context.SpringBootTestContextBootstrapper=true}', contextCustomizers = set[org.springframework.boot.test.context.filter.ExcludeFilterContextCustomizer@5fcd1c5f, org.springframework.boot.test.json.DuplicateJsonObjectContextCustomizerFactory$DuplicateJsonObjectContextCustomizer@484149eb, org.springframework.boot.test.mock.mockito.MockitoContextCustomizer@0, org.springframework.boot.test.web.client.TestRestTemplateContextCustomizer@32f1fafe, org.springframework.boot.test.autoconfigure.actuate.metrics.MetricsExportContextCustomizerFactory$DisableMetricExportContextCustomizer@66bf40e5, org.springframework.boot.test.autoconfigure.properties.PropertyMappingContextCustomizer@0, org.springframework.boot.test.autoconfigure.web.servlet.WebDriverContextCustomizerFactory$Customizer@60743cdb, org.springframework.boot.test.context.SpringBootTestArgs@1, org.springframework.boot.test.context.SpringBootTestWebEnvironment@ed3068a], resourceBasePath = 'src/main/webapp', contextLoader = 'org.springframework.boot.test.context.SpringBootContextLoader', parent = [null]], attributes = map['org.springframework.test.context.web.ServletTestExecutionListener.activateListener' -> true, 'org.springframework.test.context.web.ServletTestExecutionListener.populatedRequestContextHolder' -> true, 'org.springframework.test.context.web.ServletTestExecutionListener.resetRequestContextHolder' -> true, 'org.springframework.test.context.event.ApplicationEventsTestExecutionListener.recordApplicationEvents' -> false]]; transaction manager [org.springframework.orm.jpa.JpaTransactionManager@4214711a]; rollback [true]
2021-12-23 20:17:46.458  INFO 21152 --- [           main] o.s.t.c.transaction.TransactionContext   : Rolled back transaction for test: [DefaultTestContext@2f7539be testClass = ProductDaoTest, testInstance = com.revature.caseclothes.daounittests.ProductDaoTest@42987e67, testMethod = deleteProductById_positive@ProductDaoTest, testException = [null], mergedContextConfiguration = [WebMergedContextConfiguration@33850b6b testClass = ProductDaoTest, locations = '{}', classes = '{class com.revature.caseclothes.CaseClothesApplication}', contextInitializerClasses = '[]', activeProfiles = '{}', propertySourceLocations = '{}', propertySourceProperties = '{org.springframework.boot.test.context.SpringBootTestContextBootstrapper=true}', contextCustomizers = set[org.springframework.boot.test.context.filter.ExcludeFilterContextCustomizer@5fcd1c5f, org.springframework.boot.test.json.DuplicateJsonObjectContextCustomizerFactory$DuplicateJsonObjectContextCustomizer@484149eb, org.springframework.boot.test.mock.mockito.MockitoContextCustomizer@0, org.springframework.boot.test.web.client.TestRestTemplateContextCustomizer@32f1fafe, org.springframework.boot.test.autoconfigure.actuate.metrics.MetricsExportContextCustomizerFactory$DisableMetricExportContextCustomizer@66bf40e5, org.springframework.boot.test.autoconfigure.properties.PropertyMappingContextCustomizer@0, org.springframework.boot.test.autoconfigure.web.servlet.WebDriverContextCustomizerFactory$Customizer@60743cdb, org.springframework.boot.test.context.SpringBootTestArgs@1, org.springframework.boot.test.context.SpringBootTestWebEnvironment@ed3068a], resourceBasePath = 'src/main/webapp', contextLoader = 'org.springframework.boot.test.context.SpringBootContextLoader', parent = [null]], attributes = map['org.springframework.test.context.web.ServletTestExecutionListener.activateListener' -> true, 'org.springframework.test.context.web.ServletTestExecutionListener.populatedRequestContextHolder' -> true, 'org.springframework.test.context.web.ServletTestExecutionListener.resetRequestContextHolder' -> true, 'org.springframework.test.context.event.ApplicationEventsTestExecutionListener.recordApplicationEvents' -> false]]
=======
2021-12-23 20:02:04.910  INFO 12632 --- [           main] c.r.c.daounittests.ProductDaoTest        : Starting ProductDaoTest using Java 1.8.0_301 on MSI-Jymm with PID 12632 (started by jymmm in D:\Curriculum-211018-Jymm\project-2-Team-Not-Found\case-clothes)
2021-12-23 20:02:04.910  INFO 12632 --- [           main] c.r.c.daounittests.ProductDaoTest        : No active profile set, falling back to default profiles: default
2021-12-23 20:02:05.022  INFO 12632 --- [           main] .s.d.r.c.RepositoryConfigurationDelegate : Bootstrapping Spring Data JPA repositories in DEFAULT mode.
2021-12-23 20:02:05.026  INFO 12632 --- [           main] .s.d.r.c.RepositoryConfigurationDelegate : Finished Spring Data repository scanning in 3 ms. Found 0 JPA repository interfaces.
2021-12-23 20:02:05.120  INFO 12632 --- [           main] com.zaxxer.hikari.HikariDataSource       : HikariPool-13 - Starting...
2021-12-23 20:02:05.121  INFO 12632 --- [           main] com.zaxxer.hikari.HikariDataSource       : HikariPool-13 - Start completed.
2021-12-23 20:02:05.131  INFO 12632 --- [           main] o.hibernate.jpa.internal.util.LogHelper  : HHH000204: Processing PersistenceUnitInfo [name: default]
2021-12-23 20:02:05.135  INFO 12632 --- [           main] org.hibernate.dialect.Dialect            : HHH000400: Using dialect: org.hibernate.dialect.H2Dialect
2021-12-23 20:02:05.194  INFO 12632 --- [           main] o.h.e.t.j.p.i.JtaPlatformInitiator       : HHH000490: Using JtaPlatform implementation: [org.hibernate.engine.transaction.jta.platform.internal.NoJtaPlatform]
2021-12-23 20:02:05.194  INFO 12632 --- [           main] j.LocalContainerEntityManagerFactoryBean : Initialized JPA EntityManagerFactory for persistence unit 'default'
2021-12-23 20:02:05.273  WARN 12632 --- [           main] JpaBaseConfiguration$JpaWebConfiguration : spring.jpa.open-in-view is enabled by default. Therefore, database queries may be performed during view rendering. Explicitly configure spring.jpa.open-in-view to disable this warning
2021-12-23 20:02:05.476  INFO 12632 --- [           main] c.r.c.daounittests.ProductDaoTest        : Started ProductDaoTest in 0.579 seconds (JVM running for 14.675)
2021-12-23 20:02:05.485  INFO 12632 --- [           main] o.s.t.c.transaction.TransactionContext   : Began transaction (1) for test context [DefaultTestContext@2cb96bf0 testClass = ProductDaoTest, testInstance = com.revature.caseclothes.daounittests.ProductDaoTest@6b698020, testMethod = deleteProductById_positive@ProductDaoTest, testException = [null], mergedContextConfiguration = [WebMergedContextConfiguration@6c086907 testClass = ProductDaoTest, locations = '{}', classes = '{class com.revature.caseclothes.CaseClothesApplication}', contextInitializerClasses = '[]', activeProfiles = '{}', propertySourceLocations = '{}', propertySourceProperties = '{org.springframework.boot.test.context.SpringBootTestContextBootstrapper=true}', contextCustomizers = set[org.springframework.boot.test.context.filter.ExcludeFilterContextCustomizer@4cc7d00d, org.springframework.boot.test.json.DuplicateJsonObjectContextCustomizerFactory$DuplicateJsonObjectContextCustomizer@609319c3, org.springframework.boot.test.mock.mockito.MockitoContextCustomizer@0, org.springframework.boot.test.web.client.TestRestTemplateContextCustomizer@56b8aaf1, org.springframework.boot.test.autoconfigure.actuate.metrics.MetricsExportContextCustomizerFactory$DisableMetricExportContextCustomizer@1e3ff233, org.springframework.boot.test.autoconfigure.properties.PropertyMappingContextCustomizer@0, org.springframework.boot.test.autoconfigure.web.servlet.WebDriverContextCustomizerFactory$Customizer@715a70e9, org.springframework.boot.test.context.SpringBootTestArgs@1, org.springframework.boot.test.context.SpringBootTestWebEnvironment@ed3068a], resourceBasePath = 'src/main/webapp', contextLoader = 'org.springframework.boot.test.context.SpringBootContextLoader', parent = [null]], attributes = map['org.springframework.test.context.web.ServletTestExecutionListener.activateListener' -> true, 'org.springframework.test.context.web.ServletTestExecutionListener.populatedRequestContextHolder' -> true, 'org.springframework.test.context.web.ServletTestExecutionListener.resetRequestContextHolder' -> true, 'org.springframework.test.context.event.ApplicationEventsTestExecutionListener.recordApplicationEvents' -> false]]; transaction manager [org.springframework.orm.jpa.JpaTransactionManager@7404f9a]; rollback [true]
2021-12-23 20:02:05.558  INFO 12632 --- [           main] o.s.t.c.transaction.TransactionContext   : Rolled back transaction for test: [DefaultTestContext@2cb96bf0 testClass = ProductDaoTest, testInstance = com.revature.caseclothes.daounittests.ProductDaoTest@6b698020, testMethod = deleteProductById_positive@ProductDaoTest, testException = [null], mergedContextConfiguration = [WebMergedContextConfiguration@6c086907 testClass = ProductDaoTest, locations = '{}', classes = '{class com.revature.caseclothes.CaseClothesApplication}', contextInitializerClasses = '[]', activeProfiles = '{}', propertySourceLocations = '{}', propertySourceProperties = '{org.springframework.boot.test.context.SpringBootTestContextBootstrapper=true}', contextCustomizers = set[org.springframework.boot.test.context.filter.ExcludeFilterContextCustomizer@4cc7d00d, org.springframework.boot.test.json.DuplicateJsonObjectContextCustomizerFactory$DuplicateJsonObjectContextCustomizer@609319c3, org.springframework.boot.test.mock.mockito.MockitoContextCustomizer@0, org.springframework.boot.test.web.client.TestRestTemplateContextCustomizer@56b8aaf1, org.springframework.boot.test.autoconfigure.actuate.metrics.MetricsExportContextCustomizerFactory$DisableMetricExportContextCustomizer@1e3ff233, org.springframework.boot.test.autoconfigure.properties.PropertyMappingContextCustomizer@0, org.springframework.boot.test.autoconfigure.web.servlet.WebDriverContextCustomizerFactory$Customizer@715a70e9, org.springframework.boot.test.context.SpringBootTestArgs@1, org.springframework.boot.test.context.SpringBootTestWebEnvironment@ed3068a], resourceBasePath = 'src/main/webapp', contextLoader = 'org.springframework.boot.test.context.SpringBootContextLoader', parent = [null]], attributes = map['org.springframework.test.context.web.ServletTestExecutionListener.activateListener' -> true, 'org.springframework.test.context.web.ServletTestExecutionListener.populatedRequestContextHolder' -> true, 'org.springframework.test.context.web.ServletTestExecutionListener.resetRequestContextHolder' -> true, 'org.springframework.test.context.event.ApplicationEventsTestExecutionListener.recordApplicationEvents' -> false]]
>>>>>>> jymm-branch
]]></system-out>
  </testcase>
</testsuite>