<?xml version="1.0" encoding="UTF-8"?>
<testsuite xmlns:xsi="http://www.w3.org/2001/XMLSchema-instance" xsi:noNamespaceSchemaLocation="https://maven.apache.org/surefire/maven-surefire-plugin/xsd/surefire-test-report-3.0.xsd" version="3.0" name="com.revature.caseclothes.servicetests.UserServiceTest" time="16.124" tests="36" errors="0" skipped="0" failures="0">
  <properties>
    <property name="sun.desktop" value="windows"/>
    <property name="awt.toolkit" value="sun.awt.windows.WToolkit"/>
    <property name="file.encoding.pkg" value="sun.io"/>
    <property name="java.specification.version" value="1.8"/>
    <property name="sun.cpu.isalist" value="amd64"/>
    <property name="sun.jnu.encoding" value="Cp1252"/>
    <property name="java.class.path" value="D:\Curriculum-211018-Jymm\project-2-Team-Not-Found\case-clothes\target\test-classes;D:\Curriculum-211018-Jymm\project-2-Team-Not-Found\case-clothes\target\classes;C:\Users\jymmm\.m2\repository\org\springframework\boot\spring-boot-starter-data-jpa\2.6.1\spring-boot-starter-data-jpa-2.6.1.jar;C:\Users\jymmm\.m2\repository\org\springframework\boot\spring-boot-starter-aop\2.6.1\spring-boot-starter-aop-2.6.1.jar;C:\Users\jymmm\.m2\repository\org\springframework\spring-aop\5.3.13\spring-aop-5.3.13.jar;C:\Users\jymmm\.m2\repository\org\aspectj\aspectjweaver\1.9.7\aspectjweaver-1.9.7.jar;C:\Users\jymmm\.m2\repository\org\springframework\boot\spring-boot-starter-jdbc\2.6.1\spring-boot-starter-jdbc-2.6.1.jar;C:\Users\jymmm\.m2\repository\com\zaxxer\HikariCP\4.0.3\HikariCP-4.0.3.jar;C:\Users\jymmm\.m2\repository\org\springframework\spring-jdbc\5.3.13\spring-jdbc-5.3.13.jar;C:\Users\jymmm\.m2\repository\jakarta\transaction\jakarta.transaction-api\1.3.3\jakarta.transaction-api-1.3.3.jar;C:\Users\jymmm\.m2\repository\jakarta\persistence\jakarta.persistence-api\2.2.3\jakarta.persistence-api-2.2.3.jar;C:\Users\jymmm\.m2\repository\org\hibernate\hibernate-core\5.6.1.Final\hibernate-core-5.6.1.Final.jar;C:\Users\jymmm\.m2\repository\org\jboss\logging\jboss-logging\3.4.2.Final\jboss-logging-3.4.2.Final.jar;C:\Users\jymmm\.m2\repository\antlr\antlr\2.7.7\antlr-2.7.7.jar;C:\Users\jymmm\.m2\repository\org\jboss\jandex\2.2.3.Final\jandex-2.2.3.Final.jar;C:\Users\jymmm\.m2\repository\com\fasterxml\classmate\1.5.1\classmate-1.5.1.jar;C:\Users\jymmm\.m2\repository\org\hibernate\common\hibernate-commons-annotations\5.1.2.Final\hibernate-commons-annotations-5.1.2.Final.jar;C:\Users\jymmm\.m2\repository\org\glassfish\jaxb\jaxb-runtime\2.3.5\jaxb-runtime-2.3.5.jar;C:\Users\jymmm\.m2\repository\org\glassfish\jaxb\txw2\2.3.5\txw2-2.3.5.jar;C:\Users\jymmm\.m2\repository\com\sun\istack\istack-commons-runtime\3.0.12\istack-commons-runtime-3.0.12.jar;C:\Users\jymmm\.m2\repository\com\sun\activation\jakarta.activation\1.2.2\jakarta.activation-1.2.2.jar;C:\Users\jymmm\.m2\repository\org\springframework\data\spring-data-jpa\2.6.0\spring-data-jpa-2.6.0.jar;C:\Users\jymmm\.m2\repository\org\springframework\data\spring-data-commons\2.6.0\spring-data-commons-2.6.0.jar;C:\Users\jymmm\.m2\repository\org\springframework\spring-orm\5.3.13\spring-orm-5.3.13.jar;C:\Users\jymmm\.m2\repository\org\springframework\spring-context\5.3.13\spring-context-5.3.13.jar;C:\Users\jymmm\.m2\repository\org\springframework\spring-tx\5.3.13\spring-tx-5.3.13.jar;C:\Users\jymmm\.m2\repository\org\springframework\spring-beans\5.3.13\spring-beans-5.3.13.jar;C:\Users\jymmm\.m2\repository\org\slf4j\slf4j-api\1.7.32\slf4j-api-1.7.32.jar;C:\Users\jymmm\.m2\repository\org\springframework\spring-aspects\5.3.13\spring-aspects-5.3.13.jar;C:\Users\jymmm\.m2\repository\org\springframework\boot\spring-boot-starter-web\2.6.1\spring-boot-starter-web-2.6.1.jar;C:\Users\jymmm\.m2\repository\org\springframework\boot\spring-boot-starter\2.6.1\spring-boot-starter-2.6.1.jar;C:\Users\jymmm\.m2\repository\org\springframework\boot\spring-boot\2.6.1\spring-boot-2.6.1.jar;C:\Users\jymmm\.m2\repository\org\springframework\boot\spring-boot-autoconfigure\2.6.1\spring-boot-autoconfigure-2.6.1.jar;C:\Users\jymmm\.m2\repository\org\springframework\boot\spring-boot-starter-logging\2.6.1\spring-boot-starter-logging-2.6.1.jar;C:\Users\jymmm\.m2\repository\ch\qos\logback\logback-classic\1.2.7\logback-classic-1.2.7.jar;C:\Users\jymmm\.m2\repository\ch\qos\logback\logback-core\1.2.7\logback-core-1.2.7.jar;C:\Users\jymmm\.m2\repository\org\apache\logging\log4j\log4j-to-slf4j\2.14.1\log4j-to-slf4j-2.14.1.jar;C:\Users\jymmm\.m2\repository\org\apache\logging\log4j\log4j-api\2.14.1\log4j-api-2.14.1.jar;C:\Users\jymmm\.m2\repository\org\slf4j\jul-to-slf4j\1.7.32\jul-to-slf4j-1.7.32.jar;C:\Users\jymmm\.m2\repository\jakarta\annotation\jakarta.annotation-api\1.3.5\jakarta.annotation-api-1.3.5.jar;C:\Users\jymmm\.m2\repository\org\yaml\snakeyaml\1.29\snakeyaml-1.29.jar;C:\Users\jymmm\.m2\repository\org\springframework\boot\spring-boot-starter-json\2.6.1\spring-boot-starter-json-2.6.1.jar;C:\Users\jymmm\.m2\repository\com\fasterxml\jackson\core\jackson-databind\2.13.0\jackson-databind-2.13.0.jar;C:\Users\jymmm\.m2\repository\com\fasterxml\jackson\core\jackson-annotations\2.13.0\jackson-annotations-2.13.0.jar;C:\Users\jymmm\.m2\repository\com\fasterxml\jackson\core\jackson-core\2.13.0\jackson-core-2.13.0.jar;C:\Users\jymmm\.m2\repository\com\fasterxml\jackson\datatype\jackson-datatype-jdk8\2.13.0\jackson-datatype-jdk8-2.13.0.jar;C:\Users\jymmm\.m2\repository\com\fasterxml\jackson\datatype\jackson-datatype-jsr310\2.13.0\jackson-datatype-jsr310-2.13.0.jar;C:\Users\jymmm\.m2\repository\com\fasterxml\jackson\module\jackson-module-parameter-names\2.13.0\jackson-module-parameter-names-2.13.0.jar;C:\Users\jymmm\.m2\repository\org\springframework\boot\spring-boot-starter-tomcat\2.6.1\spring-boot-starter-tomcat-2.6.1.jar;C:\Users\jymmm\.m2\repository\org\apache\tomcat\embed\tomcat-embed-core\9.0.55\tomcat-embed-core-9.0.55.jar;C:\Users\jymmm\.m2\repository\org\apache\tomcat\embed\tomcat-embed-el\9.0.55\tomcat-embed-el-9.0.55.jar;C:\Users\jymmm\.m2\repository\org\apache\tomcat\embed\tomcat-embed-websocket\9.0.55\tomcat-embed-websocket-9.0.55.jar;C:\Users\jymmm\.m2\repository\org\springframework\spring-web\5.3.13\spring-web-5.3.13.jar;C:\Users\jymmm\.m2\repository\org\springframework\spring-webmvc\5.3.13\spring-webmvc-5.3.13.jar;C:\Users\jymmm\.m2\repository\org\springframework\spring-expression\5.3.13\spring-expression-5.3.13.jar;C:\Users\jymmm\.m2\repository\org\postgresql\postgresql\42.3.1\postgresql-42.3.1.jar;C:\Users\jymmm\.m2\repository\org\checkerframework\checker-qual\3.5.0\checker-qual-3.5.0.jar;C:\Users\jymmm\.m2\repository\org\springframework\boot\spring-boot-starter-test\2.6.1\spring-boot-starter-test-2.6.1.jar;C:\Users\jymmm\.m2\repository\org\springframework\boot\spring-boot-test\2.6.1\spring-boot-test-2.6.1.jar;C:\Users\jymmm\.m2\repository\org\springframework\boot\spring-boot-test-autoconfigure\2.6.1\spring-boot-test-autoconfigure-2.6.1.jar;C:\Users\jymmm\.m2\repository\com\jayway\jsonpath\json-path\2.6.0\json-path-2.6.0.jar;C:\Users\jymmm\.m2\repository\net\minidev\json-smart\2.4.7\json-smart-2.4.7.jar;C:\Users\jymmm\.m2\repository\net\minidev\accessors-smart\2.4.7\accessors-smart-2.4.7.jar;C:\Users\jymmm\.m2\repository\org\ow2\asm\asm\9.1\asm-9.1.jar;C:\Users\jymmm\.m2\repository\jakarta\xml\bind\jakarta.xml.bind-api\2.3.3\jakarta.xml.bind-api-2.3.3.jar;C:\Users\jymmm\.m2\repository\jakarta\activation\jakarta.activation-api\1.2.2\jakarta.activation-api-1.2.2.jar;C:\Users\jymmm\.m2\repository\org\assertj\assertj-core\3.21.0\assertj-core-3.21.0.jar;C:\Users\jymmm\.m2\repository\org\hamcrest\hamcrest\2.2\hamcrest-2.2.jar;C:\Users\jymmm\.m2\repository\org\junit\jupiter\junit-jupiter\5.8.1\junit-jupiter-5.8.1.jar;C:\Users\jymmm\.m2\repository\org\junit\jupiter\junit-jupiter-params\5.8.1\junit-jupiter-params-5.8.1.jar;C:\Users\jymmm\.m2\repository\org\junit\jupiter\junit-jupiter-engine\5.8.1\junit-jupiter-engine-5.8.1.jar;C:\Users\jymmm\.m2\repository\org\junit\platform\junit-platform-engine\1.8.1\junit-platform-engine-1.8.1.jar;C:\Users\jymmm\.m2\repository\org\mockito\mockito-junit-jupiter\4.0.0\mockito-junit-jupiter-4.0.0.jar;C:\Users\jymmm\.m2\repository\org\skyscreamer\jsonassert\1.5.0\jsonassert-1.5.0.jar;C:\Users\jymmm\.m2\repository\com\vaadin\external\google\android-json\0.0.20131108.vaadin1\android-json-0.0.20131108.vaadin1.jar;C:\Users\jymmm\.m2\repository\org\springframework\spring-core\5.3.13\spring-core-5.3.13.jar;C:\Users\jymmm\.m2\repository\org\springframework\spring-jcl\5.3.13\spring-jcl-5.3.13.jar;C:\Users\jymmm\.m2\repository\org\springframework\spring-test\5.3.13\spring-test-5.3.13.jar;C:\Users\jymmm\.m2\repository\org\xmlunit\xmlunit-core\2.8.3\xmlunit-core-2.8.3.jar;C:\Users\jymmm\.m2\repository\com\h2database\h2\1.4.200\h2-1.4.200.jar;C:\Users\jymmm\.m2\repository\org\mockito\mockito-core\4.0.0\mockito-core-4.0.0.jar;C:\Users\jymmm\.m2\repository\net\bytebuddy\byte-buddy\1.11.22\byte-buddy-1.11.22.jar;C:\Users\jymmm\.m2\repository\net\bytebuddy\byte-buddy-agent\1.11.22\byte-buddy-agent-1.11.22.jar;C:\Users\jymmm\.m2\repository\org\objenesis\objenesis\3.2\objenesis-3.2.jar;C:\Users\jymmm\.m2\repository\org\junit\jupiter\junit-jupiter-api\5.8.1\junit-jupiter-api-5.8.1.jar;C:\Users\jymmm\.m2\repository\org\opentest4j\opentest4j\1.2.0\opentest4j-1.2.0.jar;C:\Users\jymmm\.m2\repository\org\junit\platform\junit-platform-commons\1.8.1\junit-platform-commons-1.8.1.jar;C:\Users\jymmm\.m2\repository\org\apiguardian\apiguardian-api\1.1.2\apiguardian-api-1.1.2.jar;"/>
    <property name="java.vm.vendor" value="Oracle Corporation"/>
    <property name="sun.arch.data.model" value="64"/>
    <property name="user.variant" value=""/>
    <property name="java.vendor.url" value="http://java.oracle.com/"/>
    <property name="user.timezone" value="America/Chicago"/>
    <property name="java.vm.specification.version" value="1.8"/>
    <property name="os.name" value="Windows 10"/>
    <property name="user.country" value="US"/>
    <property name="sun.java.launcher" value="SUN_STANDARD"/>
    <property name="sun.boot.library.path" value="C:\Program Files\Java\jdk1.8.0_301\jre\bin"/>
    <property name="sun.java.command" value="C:\Users\jymmm\AppData\Local\Temp\surefire4156186592913384976\surefirebooter8747127603938711940.jar C:\Users\jymmm\AppData\Local\Temp\surefire4156186592913384976 2021-12-27T09-45-18_279-jvmRun1 surefire2116494099098798901tmp surefire_03141496809501376298tmp"/>
    <property name="surefire.test.class.path" value="D:\Curriculum-211018-Jymm\project-2-Team-Not-Found\case-clothes\target\test-classes;D:\Curriculum-211018-Jymm\project-2-Team-Not-Found\case-clothes\target\classes;C:\Users\jymmm\.m2\repository\org\springframework\boot\spring-boot-starter-data-jpa\2.6.1\spring-boot-starter-data-jpa-2.6.1.jar;C:\Users\jymmm\.m2\repository\org\springframework\boot\spring-boot-starter-aop\2.6.1\spring-boot-starter-aop-2.6.1.jar;C:\Users\jymmm\.m2\repository\org\springframework\spring-aop\5.3.13\spring-aop-5.3.13.jar;C:\Users\jymmm\.m2\repository\org\aspectj\aspectjweaver\1.9.7\aspectjweaver-1.9.7.jar;C:\Users\jymmm\.m2\repository\org\springframework\boot\spring-boot-starter-jdbc\2.6.1\spring-boot-starter-jdbc-2.6.1.jar;C:\Users\jymmm\.m2\repository\com\zaxxer\HikariCP\4.0.3\HikariCP-4.0.3.jar;C:\Users\jymmm\.m2\repository\org\springframework\spring-jdbc\5.3.13\spring-jdbc-5.3.13.jar;C:\Users\jymmm\.m2\repository\jakarta\transaction\jakarta.transaction-api\1.3.3\jakarta.transaction-api-1.3.3.jar;C:\Users\jymmm\.m2\repository\jakarta\persistence\jakarta.persistence-api\2.2.3\jakarta.persistence-api-2.2.3.jar;C:\Users\jymmm\.m2\repository\org\hibernate\hibernate-core\5.6.1.Final\hibernate-core-5.6.1.Final.jar;C:\Users\jymmm\.m2\repository\org\jboss\logging\jboss-logging\3.4.2.Final\jboss-logging-3.4.2.Final.jar;C:\Users\jymmm\.m2\repository\antlr\antlr\2.7.7\antlr-2.7.7.jar;C:\Users\jymmm\.m2\repository\org\jboss\jandex\2.2.3.Final\jandex-2.2.3.Final.jar;C:\Users\jymmm\.m2\repository\com\fasterxml\classmate\1.5.1\classmate-1.5.1.jar;C:\Users\jymmm\.m2\repository\org\hibernate\common\hibernate-commons-annotations\5.1.2.Final\hibernate-commons-annotations-5.1.2.Final.jar;C:\Users\jymmm\.m2\repository\org\glassfish\jaxb\jaxb-runtime\2.3.5\jaxb-runtime-2.3.5.jar;C:\Users\jymmm\.m2\repository\org\glassfish\jaxb\txw2\2.3.5\txw2-2.3.5.jar;C:\Users\jymmm\.m2\repository\com\sun\istack\istack-commons-runtime\3.0.12\istack-commons-runtime-3.0.12.jar;C:\Users\jymmm\.m2\repository\com\sun\activation\jakarta.activation\1.2.2\jakarta.activation-1.2.2.jar;C:\Users\jymmm\.m2\repository\org\springframework\data\spring-data-jpa\2.6.0\spring-data-jpa-2.6.0.jar;C:\Users\jymmm\.m2\repository\org\springframework\data\spring-data-commons\2.6.0\spring-data-commons-2.6.0.jar;C:\Users\jymmm\.m2\repository\org\springframework\spring-orm\5.3.13\spring-orm-5.3.13.jar;C:\Users\jymmm\.m2\repository\org\springframework\spring-context\5.3.13\spring-context-5.3.13.jar;C:\Users\jymmm\.m2\repository\org\springframework\spring-tx\5.3.13\spring-tx-5.3.13.jar;C:\Users\jymmm\.m2\repository\org\springframework\spring-beans\5.3.13\spring-beans-5.3.13.jar;C:\Users\jymmm\.m2\repository\org\slf4j\slf4j-api\1.7.32\slf4j-api-1.7.32.jar;C:\Users\jymmm\.m2\repository\org\springframework\spring-aspects\5.3.13\spring-aspects-5.3.13.jar;C:\Users\jymmm\.m2\repository\org\springframework\boot\spring-boot-starter-web\2.6.1\spring-boot-starter-web-2.6.1.jar;C:\Users\jymmm\.m2\repository\org\springframework\boot\spring-boot-starter\2.6.1\spring-boot-starter-2.6.1.jar;C:\Users\jymmm\.m2\repository\org\springframework\boot\spring-boot\2.6.1\spring-boot-2.6.1.jar;C:\Users\jymmm\.m2\repository\org\springframework\boot\spring-boot-autoconfigure\2.6.1\spring-boot-autoconfigure-2.6.1.jar;C:\Users\jymmm\.m2\repository\org\springframework\boot\spring-boot-starter-logging\2.6.1\spring-boot-starter-logging-2.6.1.jar;C:\Users\jymmm\.m2\repository\ch\qos\logback\logback-classic\1.2.7\logback-classic-1.2.7.jar;C:\Users\jymmm\.m2\repository\ch\qos\logback\logback-core\1.2.7\logback-core-1.2.7.jar;C:\Users\jymmm\.m2\repository\org\apache\logging\log4j\log4j-to-slf4j\2.14.1\log4j-to-slf4j-2.14.1.jar;C:\Users\jymmm\.m2\repository\org\apache\logging\log4j\log4j-api\2.14.1\log4j-api-2.14.1.jar;C:\Users\jymmm\.m2\repository\org\slf4j\jul-to-slf4j\1.7.32\jul-to-slf4j-1.7.32.jar;C:\Users\jymmm\.m2\repository\jakarta\annotation\jakarta.annotation-api\1.3.5\jakarta.annotation-api-1.3.5.jar;C:\Users\jymmm\.m2\repository\org\yaml\snakeyaml\1.29\snakeyaml-1.29.jar;C:\Users\jymmm\.m2\repository\org\springframework\boot\spring-boot-starter-json\2.6.1\spring-boot-starter-json-2.6.1.jar;C:\Users\jymmm\.m2\repository\com\fasterxml\jackson\core\jackson-databind\2.13.0\jackson-databind-2.13.0.jar;C:\Users\jymmm\.m2\repository\com\fasterxml\jackson\core\jackson-annotations\2.13.0\jackson-annotations-2.13.0.jar;C:\Users\jymmm\.m2\repository\com\fasterxml\jackson\core\jackson-core\2.13.0\jackson-core-2.13.0.jar;C:\Users\jymmm\.m2\repository\com\fasterxml\jackson\datatype\jackson-datatype-jdk8\2.13.0\jackson-datatype-jdk8-2.13.0.jar;C:\Users\jymmm\.m2\repository\com\fasterxml\jackson\datatype\jackson-datatype-jsr310\2.13.0\jackson-datatype-jsr310-2.13.0.jar;C:\Users\jymmm\.m2\repository\com\fasterxml\jackson\module\jackson-module-parameter-names\2.13.0\jackson-module-parameter-names-2.13.0.jar;C:\Users\jymmm\.m2\repository\org\springframework\boot\spring-boot-starter-tomcat\2.6.1\spring-boot-starter-tomcat-2.6.1.jar;C:\Users\jymmm\.m2\repository\org\apache\tomcat\embed\tomcat-embed-core\9.0.55\tomcat-embed-core-9.0.55.jar;C:\Users\jymmm\.m2\repository\org\apache\tomcat\embed\tomcat-embed-el\9.0.55\tomcat-embed-el-9.0.55.jar;C:\Users\jymmm\.m2\repository\org\apache\tomcat\embed\tomcat-embed-websocket\9.0.55\tomcat-embed-websocket-9.0.55.jar;C:\Users\jymmm\.m2\repository\org\springframework\spring-web\5.3.13\spring-web-5.3.13.jar;C:\Users\jymmm\.m2\repository\org\springframework\spring-webmvc\5.3.13\spring-webmvc-5.3.13.jar;C:\Users\jymmm\.m2\repository\org\springframework\spring-expression\5.3.13\spring-expression-5.3.13.jar;C:\Users\jymmm\.m2\repository\org\postgresql\postgresql\42.3.1\postgresql-42.3.1.jar;C:\Users\jymmm\.m2\repository\org\checkerframework\checker-qual\3.5.0\checker-qual-3.5.0.jar;C:\Users\jymmm\.m2\repository\org\springframework\boot\spring-boot-starter-test\2.6.1\spring-boot-starter-test-2.6.1.jar;C:\Users\jymmm\.m2\repository\org\springframework\boot\spring-boot-test\2.6.1\spring-boot-test-2.6.1.jar;C:\Users\jymmm\.m2\repository\org\springframework\boot\spring-boot-test-autoconfigure\2.6.1\spring-boot-test-autoconfigure-2.6.1.jar;C:\Users\jymmm\.m2\repository\com\jayway\jsonpath\json-path\2.6.0\json-path-2.6.0.jar;C:\Users\jymmm\.m2\repository\net\minidev\json-smart\2.4.7\json-smart-2.4.7.jar;C:\Users\jymmm\.m2\repository\net\minidev\accessors-smart\2.4.7\accessors-smart-2.4.7.jar;C:\Users\jymmm\.m2\repository\org\ow2\asm\asm\9.1\asm-9.1.jar;C:\Users\jymmm\.m2\repository\jakarta\xml\bind\jakarta.xml.bind-api\2.3.3\jakarta.xml.bind-api-2.3.3.jar;C:\Users\jymmm\.m2\repository\jakarta\activation\jakarta.activation-api\1.2.2\jakarta.activation-api-1.2.2.jar;C:\Users\jymmm\.m2\repository\org\assertj\assertj-core\3.21.0\assertj-core-3.21.0.jar;C:\Users\jymmm\.m2\repository\org\hamcrest\hamcrest\2.2\hamcrest-2.2.jar;C:\Users\jymmm\.m2\repository\org\junit\jupiter\junit-jupiter\5.8.1\junit-jupiter-5.8.1.jar;C:\Users\jymmm\.m2\repository\org\junit\jupiter\junit-jupiter-params\5.8.1\junit-jupiter-params-5.8.1.jar;C:\Users\jymmm\.m2\repository\org\junit\jupiter\junit-jupiter-engine\5.8.1\junit-jupiter-engine-5.8.1.jar;C:\Users\jymmm\.m2\repository\org\junit\platform\junit-platform-engine\1.8.1\junit-platform-engine-1.8.1.jar;C:\Users\jymmm\.m2\repository\org\mockito\mockito-junit-jupiter\4.0.0\mockito-junit-jupiter-4.0.0.jar;C:\Users\jymmm\.m2\repository\org\skyscreamer\jsonassert\1.5.0\jsonassert-1.5.0.jar;C:\Users\jymmm\.m2\repository\com\vaadin\external\google\android-json\0.0.20131108.vaadin1\android-json-0.0.20131108.vaadin1.jar;C:\Users\jymmm\.m2\repository\org\springframework\spring-core\5.3.13\spring-core-5.3.13.jar;C:\Users\jymmm\.m2\repository\org\springframework\spring-jcl\5.3.13\spring-jcl-5.3.13.jar;C:\Users\jymmm\.m2\repository\org\springframework\spring-test\5.3.13\spring-test-5.3.13.jar;C:\Users\jymmm\.m2\repository\org\xmlunit\xmlunit-core\2.8.3\xmlunit-core-2.8.3.jar;C:\Users\jymmm\.m2\repository\com\h2database\h2\1.4.200\h2-1.4.200.jar;C:\Users\jymmm\.m2\repository\org\mockito\mockito-core\4.0.0\mockito-core-4.0.0.jar;C:\Users\jymmm\.m2\repository\net\bytebuddy\byte-buddy\1.11.22\byte-buddy-1.11.22.jar;C:\Users\jymmm\.m2\repository\net\bytebuddy\byte-buddy-agent\1.11.22\byte-buddy-agent-1.11.22.jar;C:\Users\jymmm\.m2\repository\org\objenesis\objenesis\3.2\objenesis-3.2.jar;C:\Users\jymmm\.m2\repository\org\junit\jupiter\junit-jupiter-api\5.8.1\junit-jupiter-api-5.8.1.jar;C:\Users\jymmm\.m2\repository\org\opentest4j\opentest4j\1.2.0\opentest4j-1.2.0.jar;C:\Users\jymmm\.m2\repository\org\junit\platform\junit-platform-commons\1.8.1\junit-platform-commons-1.8.1.jar;C:\Users\jymmm\.m2\repository\org\apiguardian\apiguardian-api\1.1.2\apiguardian-api-1.1.2.jar;"/>
    <property name="sun.cpu.endian" value="little"/>
    <property name="user.home" value="C:\Users\jymmm"/>
    <property name="user.language" value="en"/>
    <property name="java.specification.vendor" value="Oracle Corporation"/>
    <property name="java.home" value="C:\Program Files\Java\jdk1.8.0_301\jre"/>
    <property name="basedir" value="D:\Curriculum-211018-Jymm\project-2-Team-Not-Found\case-clothes"/>
    <property name="file.separator" value="\"/>
    <property name="line.separator" value="&#10;"/>
    <property name="java.vm.specification.vendor" value="Oracle Corporation"/>
    <property name="java.specification.name" value="Java Platform API Specification"/>
    <property name="FILE_LOG_CHARSET" value="windows-1252"/>
    <property name="java.awt.graphicsenv" value="sun.awt.Win32GraphicsEnvironment"/>
    <property name="java.awt.headless" value="true"/>
    <property name="surefire.real.class.path" value="C:\Users\jymmm\AppData\Local\Temp\surefire4156186592913384976\surefirebooter8747127603938711940.jar;C:\\Users\\jymmm\\.m2\\repository\\org\\jacoco\\org.jacoco.agent\\0.8.7\\org.jacoco.agent-0.8.7-runtime.jar"/>
    <property name="sun.boot.class.path" value="C:\Program Files\Java\jdk1.8.0_301\jre\lib\resources.jar;C:\Program Files\Java\jdk1.8.0_301\jre\lib\rt.jar;C:\Program Files\Java\jdk1.8.0_301\jre\lib\sunrsasign.jar;C:\Program Files\Java\jdk1.8.0_301\jre\lib\jsse.jar;C:\Program Files\Java\jdk1.8.0_301\jre\lib\jce.jar;C:\Program Files\Java\jdk1.8.0_301\jre\lib\charsets.jar;C:\Program Files\Java\jdk1.8.0_301\jre\lib\jfr.jar;C:\Program Files\Java\jdk1.8.0_301\jre\classes"/>
    <property name="user.script" value=""/>
    <property name="sun.management.compiler" value="HotSpot 64-Bit Tiered Compilers"/>
    <property name="java.runtime.version" value="1.8.0_301-b09"/>
    <property name="user.name" value="jymmm"/>
    <property name="path.separator" value=";"/>
    <property name="os.version" value="10.0"/>
    <property name="java.endorsed.dirs" value="C:\Program Files\Java\jdk1.8.0_301\jre\lib\endorsed"/>
    <property name="java.runtime.name" value="Java(TM) SE Runtime Environment"/>
    <property name="file.encoding" value="Cp1252"/>
    <property name="spring.beaninfo.ignore" value="true"/>
    <property name="java.vm.name" value="Java HotSpot(TM) 64-Bit Server VM"/>
    <property name="localRepository" value="C:\Users\jymmm\.m2\repository"/>
    <property name="java.vendor.url.bug" value="http://bugreport.sun.com/bugreport/"/>
    <property name="java.io.tmpdir" value="C:\Users\jymmm\AppData\Local\Temp\"/>
    <property name="com.zaxxer.hikari.pool_number" value="92"/>
    <property name="java.version" value="1.8.0_301"/>
    <property name="user.dir" value="D:\Curriculum-211018-Jymm\project-2-Team-Not-Found\case-clothes"/>
    <property name="os.arch" value="amd64"/>
    <property name="java.vm.specification.name" value="Java Virtual Machine Specification"/>
    <property name="PID" value="18612"/>
    <property name="java.awt.printerjob" value="sun.awt.windows.WPrinterJob"/>
    <property name="sun.os.patch.level" value=""/>
    <property name="CONSOLE_LOG_CHARSET" value="windows-1252"/>
    <property name="java.library.path" value="C:\Program Files\Java\jdk1.8.0_301\jre\bin;C:\WINDOWS\Sun\Java\bin;C:\WINDOWS\system32;C:\WINDOWS;C:\Users\jymmm\bin;C:\Program Files\Git\mingw64\bin;C:\Program Files\Git\usr\local\bin;C:\Program Files\Git\usr\bin;C:\Program Files\Git\usr\bin;C:\Program Files\Git\mingw64\bin;C:\Program Files\Git\usr\bin;C:\Users\jymmm\bin;C:\Python310\Scripts;C:\Python310;C:\Program Files\Eclipse Foundation\jdk-16.0.2.7-hotspot\bin;C:\Program Files (x86)\Common Files\Oracle\Java\javapath;C:\ProgramData\Oracle\Java\javapath;C:\Program Files (x86)\Intel\Intel(R) Management Engine Components\iCLS;C:\Program Files\Intel\Intel(R) Management Engine Components\iCLS;C:\Windows\system32;C:\Windows;C:\Windows\System32\Wbem;C:\Windows\System32\WindowsPowerShell\v1.0;C:\Windows\System32\OpenSSH;C:\Program Files (x86)\Intel\Intel(R) Management Engine Components\DAL;C:\Program Files\Intel\Intel(R) Management Engine Components\DAL;C:\Program Files (x86)\Intel\Intel(R) Management Engine Components\IPT;C:\Program Files\Intel\Intel(R) Management Engine Components\IPT;C:\Program Files (x86)\NVIDIA Corporation\PhysX\Common;C:\Program Files\NVIDIA Corporation\NVIDIA NvDLISR;C:\Program Files\dotnet;C:\Program Files\Microsoft SQL Server\130\Tools\Binn;C:\WINDOWS\system32;C:\WINDOWS;C:\WINDOWS\System32\Wbem;C:\WINDOWS\System32\WindowsPowerShell\v1.0;C:\WINDOWS\System32\OpenSSH;C:\Program Files\Common Files\Autodesk Shared;C:\Program Files (x86)\Autodesk\Backburner;C:\WINDOWS\system32;C:\WINDOWS;C:\WINDOWS\System32\Wbem;C:\WINDOWS\System32\WindowsPowerShell\v1.0;C:\WINDOWS\System32\OpenSSH;C:\Program Files\Git\cmd;C:\Program Files\Java\jdk1.8.0_301\bin;C:\Maven\apache-maven-3.8.2\bin;C:\Program Files\nodejs;C:\ProgramData\chocolatey\bin;C:\Users\jymmm\scoop\apps\maven\current\bin;C:\Users\jymmm\scoop\shims;C:\Users\jymmm\AppData\Local\Microsoft\WindowsApps;C:\Users\jymmm\AppData\Local\Programs\Microsoft VS Code\bin;C:\Users\jymmm\AppData\Local\GitHubDesktop\bin;C:\Users\jymmm\AppData\Roaming\npm;C:\Program Files\Git\usr\bin\vendor_perl;C:\Program Files\Git\usr\bin\core_perl;."/>
    <property name="java.vm.info" value="mixed mode"/>
    <property name="java.vendor" value="Oracle Corporation"/>
    <property name="java.vm.version" value="25.301-b09"/>
    <property name="java.ext.dirs" value="C:\Program Files\Java\jdk1.8.0_301\jre\lib\ext;C:\WINDOWS\Sun\Java\lib\ext"/>
    <property name="sun.io.unicode.encoding" value="UnicodeLittle"/>
    <property name="java.class.version" value="52.0"/>
  </properties>
  <testcase name="testDeleteUserByID_admin" classname="com.revature.caseclothes.servicetests.UserServiceTest" time="0.469">
    <system-out><![CDATA[2021-12-27 09:46:02.036  INFO 18612 --- [           main] .b.t.c.SpringBootTestContextBootstrapper : Neither @ContextConfiguration nor @ContextHierarchy found for test class [com.revature.caseclothes.servicetests.UserServiceTest], using SpringBootContextLoader
2021-12-27 09:46:02.037  INFO 18612 --- [           main] o.s.t.c.support.AbstractContextLoader    : Could not detect default resource locations for test class [com.revature.caseclothes.servicetests.UserServiceTest]: no resource found for suffixes {-context.xml, Context.groovy}.
2021-12-27 09:46:02.037  INFO 18612 --- [           main] t.c.s.AnnotationConfigContextLoaderUtils : Could not detect default configuration classes for test class [com.revature.caseclothes.servicetests.UserServiceTest]: UserServiceTest does not declare any static, non-private, non-final, nested classes annotated with @Configuration.
2021-12-27 09:46:02.037  INFO 18612 --- [           main] .b.t.c.SpringBootTestContextBootstrapper : Found @SpringBootConfiguration com.revature.caseclothes.CaseClothesApplication for test class com.revature.caseclothes.servicetests.UserServiceTest
2021-12-27 09:46:02.038  INFO 18612 --- [           main] .b.t.c.SpringBootTestContextBootstrapper : Loaded default TestExecutionListener class names from location [META-INF/spring.factories]: [org.springframework.boot.test.mock.mockito.MockitoTestExecutionListener, org.springframework.boot.test.mock.mockito.ResetMocksTestExecutionListener, org.springframework.boot.test.autoconfigure.restdocs.RestDocsTestExecutionListener, org.springframework.boot.test.autoconfigure.web.client.MockRestServiceServerResetTestExecutionListener, org.springframework.boot.test.autoconfigure.web.servlet.MockMvcPrintOnlyOnFailureTestExecutionListener, org.springframework.boot.test.autoconfigure.web.servlet.WebDriverTestExecutionListener, org.springframework.boot.test.autoconfigure.webservices.client.MockWebServiceServerTestExecutionListener, org.springframework.test.context.web.ServletTestExecutionListener, org.springframework.test.context.support.DirtiesContextBeforeModesTestExecutionListener, org.springframework.test.context.event.ApplicationEventsTestExecutionListener, org.springframework.test.context.support.DependencyInjectionTestExecutionListener, org.springframework.test.context.support.DirtiesContextTestExecutionListener, org.springframework.test.context.transaction.TransactionalTestExecutionListener, org.springframework.test.context.jdbc.SqlScriptsTestExecutionListener, org.springframework.test.context.event.EventPublishingTestExecutionListener]
2021-12-27 09:46:02.038  INFO 18612 --- [           main] .b.t.c.SpringBootTestContextBootstrapper : Using TestExecutionListeners: [org.springframework.test.context.web.ServletTestExecutionListener@db8b012, org.springframework.test.context.support.DirtiesContextBeforeModesTestExecutionListener@49925b75, org.springframework.test.context.event.ApplicationEventsTestExecutionListener@22ca93f7, org.springframework.boot.test.mock.mockito.MockitoTestExecutionListener@fc7e56d, org.springframework.boot.test.autoconfigure.SpringBootDependencyInjectionTestExecutionListener@47b7eca7, org.springframework.test.context.support.DirtiesContextTestExecutionListener@1ca54ed7, org.springframework.test.context.transaction.TransactionalTestExecutionListener@6a86239f, org.springframework.test.context.jdbc.SqlScriptsTestExecutionListener@5ada5f2f, org.springframework.test.context.event.EventPublishingTestExecutionListener@22705207, org.springframework.boot.test.mock.mockito.ResetMocksTestExecutionListener@14157368, org.springframework.boot.test.autoconfigure.restdocs.RestDocsTestExecutionListener@4f5420ae, org.springframework.boot.test.autoconfigure.web.client.MockRestServiceServerResetTestExecutionListener@47ff2d4c, org.springframework.boot.test.autoconfigure.web.servlet.MockMvcPrintOnlyOnFailureTestExecutionListener@67bfbfde, org.springframework.boot.test.autoconfigure.web.servlet.WebDriverTestExecutionListener@580e0e72, org.springframework.boot.test.autoconfigure.webservices.client.MockWebServiceServerTestExecutionListener@36b1048d]

  .   ____          _            __ _ _
 /\\ / ___'_ __ _ _(_)_ __  __ _ \ \ \ \
( ( )\___ | '_ | '_| | '_ \/ _` | \ \ \ \
 \\/  ___)| |_)| | | | | || (_| |  ) ) ) )
  '  |____| .__|_| |_|_| |_\__, | / / / /
 =========|_|==============|___/=/_/_/_/
 :: Spring Boot ::                (v2.6.1)

2021-12-27 09:46:02.048  INFO 18612 --- [           main] c.r.c.servicetests.UserServiceTest       : Starting UserServiceTest using Java 1.8.0_301 on MSI-Jymm with PID 18612 (started by jymmm in D:\Curriculum-211018-Jymm\project-2-Team-Not-Found\case-clothes)
2021-12-27 09:46:02.048  INFO 18612 --- [           main] c.r.c.servicetests.UserServiceTest       : The following profiles are active: UserService-test
2021-12-27 09:46:02.149  INFO 18612 --- [           main] .s.d.r.c.RepositoryConfigurationDelegate : Bootstrapping Spring Data JPA repositories in DEFAULT mode.
2021-12-27 09:46:02.151  INFO 18612 --- [           main] .s.d.r.c.RepositoryConfigurationDelegate : Finished Spring Data repository scanning in 1 ms. Found 0 JPA repository interfaces.
2021-12-27 09:46:02.209  INFO 18612 --- [           main] com.zaxxer.hikari.HikariDataSource       : HikariPool-56 - Starting...
2021-12-27 09:46:02.210  INFO 18612 --- [           main] com.zaxxer.hikari.HikariDataSource       : HikariPool-56 - Start completed.
2021-12-27 09:46:02.217  INFO 18612 --- [           main] o.hibernate.jpa.internal.util.LogHelper  : HHH000204: Processing PersistenceUnitInfo [name: default]
2021-12-27 09:46:02.220  INFO 18612 --- [           main] org.hibernate.dialect.Dialect            : HHH000400: Using dialect: org.hibernate.dialect.H2Dialect
2021-12-27 09:46:02.257  INFO 18612 --- [           main] o.h.e.t.j.p.i.JtaPlatformInitiator       : HHH000490: Using JtaPlatform implementation: [org.hibernate.engine.transaction.jta.platform.internal.NoJtaPlatform]
2021-12-27 09:46:02.257  INFO 18612 --- [           main] j.LocalContainerEntityManagerFactoryBean : Initialized JPA EntityManagerFactory for persistence unit 'default'
2021-12-27 09:46:02.352  WARN 18612 --- [           main] JpaBaseConfiguration$JpaWebConfiguration : spring.jpa.open-in-view is enabled by default. Therefore, database queries may be performed during view rendering. Explicitly configure spring.jpa.open-in-view to disable this warning
2021-12-27 09:46:02.511  INFO 18612 --- [           main] c.r.c.servicetests.UserServiceTest       : Started UserServiceTest in 0.47 seconds (JVM running for 43.543)
2021-12-27 09:46:02.517  INFO 18612 --- [           main] j.LocalContainerEntityManagerFactoryBean : Closing JPA EntityManagerFactory for persistence unit 'default'
2021-12-27 09:46:02.517  INFO 18612 --- [           main] .SchemaDropperImpl$DelayedDropActionImpl : HHH000477: Starting delayed evictData of schema as part of SessionFactory shut-down'
2021-12-27 09:46:02.519  INFO 18612 --- [           main] com.zaxxer.hikari.HikariDataSource       : HikariPool-56 - Shutdown initiated...
2021-12-27 09:46:02.520  INFO 18612 --- [           main] com.zaxxer.hikari.HikariDataSource       : HikariPool-56 - Shutdown completed.

  .   ____          _            __ _ _
 /\\ / ___'_ __ _ _(_)_ __  __ _ \ \ \ \
( ( )\___ | '_ | '_| | '_ \/ _` | \ \ \ \
 \\/  ___)| |_)| | | | | || (_| |  ) ) ) )
  '  |____| .__|_| |_|_| |_\__, | / / / /
 =========|_|==============|___/=/_/_/_/
 :: Spring Boot ::                (v2.6.1)

2021-12-27 09:46:02.531  INFO 18612 --- [           main] c.r.c.servicetests.UserServiceTest       : Starting UserServiceTest using Java 1.8.0_301 on MSI-Jymm with PID 18612 (started by jymmm in D:\Curriculum-211018-Jymm\project-2-Team-Not-Found\case-clothes)
2021-12-27 09:46:02.531  INFO 18612 --- [           main] c.r.c.servicetests.UserServiceTest       : The following profiles are active: UserService-test
2021-12-27 09:46:02.619  INFO 18612 --- [           main] .s.d.r.c.RepositoryConfigurationDelegate : Bootstrapping Spring Data JPA repositories in DEFAULT mode.
2021-12-27 09:46:02.623  INFO 18612 --- [           main] .s.d.r.c.RepositoryConfigurationDelegate : Finished Spring Data repository scanning in 3 ms. Found 0 JPA repository interfaces.
2021-12-27 09:46:02.682  INFO 18612 --- [           main] com.zaxxer.hikari.HikariDataSource       : HikariPool-57 - Starting...
2021-12-27 09:46:02.684  INFO 18612 --- [           main] com.zaxxer.hikari.HikariDataSource       : HikariPool-57 - Start completed.
2021-12-27 09:46:02.693  INFO 18612 --- [           main] o.hibernate.jpa.internal.util.LogHelper  : HHH000204: Processing PersistenceUnitInfo [name: default]
2021-12-27 09:46:02.696  INFO 18612 --- [           main] org.hibernate.dialect.Dialect            : HHH000400: Using dialect: org.hibernate.dialect.H2Dialect
2021-12-27 09:46:02.738  INFO 18612 --- [           main] o.h.e.t.j.p.i.JtaPlatformInitiator       : HHH000490: Using JtaPlatform implementation: [org.hibernate.engine.transaction.jta.platform.internal.NoJtaPlatform]
2021-12-27 09:46:02.739  INFO 18612 --- [           main] j.LocalContainerEntityManagerFactoryBean : Initialized JPA EntityManagerFactory for persistence unit 'default'
2021-12-27 09:46:02.811  WARN 18612 --- [           main] JpaBaseConfiguration$JpaWebConfiguration : spring.jpa.open-in-view is enabled by default. Therefore, database queries may be performed during view rendering. Explicitly configure spring.jpa.open-in-view to disable this warning
2021-12-27 09:46:02.970  INFO 18612 --- [           main] c.r.c.servicetests.UserServiceTest       : Started UserServiceTest in 0.45 seconds (JVM running for 44.003)
]]></system-out>
  </testcase>
  <testcase name="testAddAdminPositive" classname="com.revature.caseclothes.servicetests.UserServiceTest" time="0.438">
    <system-out><![CDATA[2021-12-27 09:46:02.985  INFO 18612 --- [           main] j.LocalContainerEntityManagerFactoryBean : Closing JPA EntityManagerFactory for persistence unit 'default'
2021-12-27 09:46:02.986  INFO 18612 --- [           main] .SchemaDropperImpl$DelayedDropActionImpl : HHH000477: Starting delayed evictData of schema as part of SessionFactory shut-down'
2021-12-27 09:46:02.987  INFO 18612 --- [           main] com.zaxxer.hikari.HikariDataSource       : HikariPool-57 - Shutdown initiated...
2021-12-27 09:46:02.987  INFO 18612 --- [           main] com.zaxxer.hikari.HikariDataSource       : HikariPool-57 - Shutdown completed.

  .   ____          _            __ _ _
 /\\ / ___'_ __ _ _(_)_ __  __ _ \ \ \ \
( ( )\___ | '_ | '_| | '_ \/ _` | \ \ \ \
 \\/  ___)| |_)| | | | | || (_| |  ) ) ) )
  '  |____| .__|_| |_|_| |_\__, | / / / /
 =========|_|==============|___/=/_/_/_/
 :: Spring Boot ::                (v2.6.1)

2021-12-27 09:46:03.002  INFO 18612 --- [           main] c.r.c.servicetests.UserServiceTest       : Starting UserServiceTest using Java 1.8.0_301 on MSI-Jymm with PID 18612 (started by jymmm in D:\Curriculum-211018-Jymm\project-2-Team-Not-Found\case-clothes)
2021-12-27 09:46:03.002  INFO 18612 --- [           main] c.r.c.servicetests.UserServiceTest       : The following profiles are active: UserService-test
2021-12-27 09:46:03.088  INFO 18612 --- [           main] .s.d.r.c.RepositoryConfigurationDelegate : Bootstrapping Spring Data JPA repositories in DEFAULT mode.
2021-12-27 09:46:03.090  INFO 18612 --- [           main] .s.d.r.c.RepositoryConfigurationDelegate : Finished Spring Data repository scanning in 1 ms. Found 0 JPA repository interfaces.
2021-12-27 09:46:03.150  INFO 18612 --- [           main] com.zaxxer.hikari.HikariDataSource       : HikariPool-58 - Starting...
2021-12-27 09:46:03.150  INFO 18612 --- [           main] com.zaxxer.hikari.HikariDataSource       : HikariPool-58 - Start completed.
2021-12-27 09:46:03.159  INFO 18612 --- [           main] o.hibernate.jpa.internal.util.LogHelper  : HHH000204: Processing PersistenceUnitInfo [name: default]
2021-12-27 09:46:03.162  INFO 18612 --- [           main] org.hibernate.dialect.Dialect            : HHH000400: Using dialect: org.hibernate.dialect.H2Dialect
2021-12-27 09:46:03.193  INFO 18612 --- [           main] o.h.e.t.j.p.i.JtaPlatformInitiator       : HHH000490: Using JtaPlatform implementation: [org.hibernate.engine.transaction.jta.platform.internal.NoJtaPlatform]
2021-12-27 09:46:03.193  INFO 18612 --- [           main] j.LocalContainerEntityManagerFactoryBean : Initialized JPA EntityManagerFactory for persistence unit 'default'
2021-12-27 09:46:03.257  WARN 18612 --- [           main] JpaBaseConfiguration$JpaWebConfiguration : spring.jpa.open-in-view is enabled by default. Therefore, database queries may be performed during view rendering. Explicitly configure spring.jpa.open-in-view to disable this warning
2021-12-27 09:46:03.418  INFO 18612 --- [           main] c.r.c.servicetests.UserServiceTest       : Started UserServiceTest in 0.429 seconds (JVM running for 44.45)
]]></system-out>
  </testcase>
  <testcase name="testAddCustomer_NoUserameInput_OtherFieldsValid_NegativeTest" classname="com.revature.caseclothes.servicetests.UserServiceTest" time="0.463">
    <system-out><![CDATA[2021-12-27 09:46:03.425  INFO 18612 --- [           main] j.LocalContainerEntityManagerFactoryBean : Closing JPA EntityManagerFactory for persistence unit 'default'
2021-12-27 09:46:03.425  INFO 18612 --- [           main] .SchemaDropperImpl$DelayedDropActionImpl : HHH000477: Starting delayed evictData of schema as part of SessionFactory shut-down'
2021-12-27 09:46:03.427  INFO 18612 --- [           main] com.zaxxer.hikari.HikariDataSource       : HikariPool-58 - Shutdown initiated...
2021-12-27 09:46:03.428  INFO 18612 --- [           main] com.zaxxer.hikari.HikariDataSource       : HikariPool-58 - Shutdown completed.

  .   ____          _            __ _ _
 /\\ / ___'_ __ _ _(_)_ __  __ _ \ \ \ \
( ( )\___ | '_ | '_| | '_ \/ _` | \ \ \ \
 \\/  ___)| |_)| | | | | || (_| |  ) ) ) )
  '  |____| .__|_| |_|_| |_\__, | / / / /
 =========|_|==============|___/=/_/_/_/
 :: Spring Boot ::                (v2.6.1)

2021-12-27 09:46:03.441  INFO 18612 --- [           main] c.r.c.servicetests.UserServiceTest       : Starting UserServiceTest using Java 1.8.0_301 on MSI-Jymm with PID 18612 (started by jymmm in D:\Curriculum-211018-Jymm\project-2-Team-Not-Found\case-clothes)
2021-12-27 09:46:03.441  INFO 18612 --- [           main] c.r.c.servicetests.UserServiceTest       : The following profiles are active: UserService-test
2021-12-27 09:46:03.521  INFO 18612 --- [           main] .s.d.r.c.RepositoryConfigurationDelegate : Bootstrapping Spring Data JPA repositories in DEFAULT mode.
2021-12-27 09:46:03.522  INFO 18612 --- [           main] .s.d.r.c.RepositoryConfigurationDelegate : Finished Spring Data repository scanning in 1 ms. Found 0 JPA repository interfaces.
2021-12-27 09:46:03.578  INFO 18612 --- [           main] com.zaxxer.hikari.HikariDataSource       : HikariPool-59 - Starting...
2021-12-27 09:46:03.579  INFO 18612 --- [           main] com.zaxxer.hikari.HikariDataSource       : HikariPool-59 - Start completed.
2021-12-27 09:46:03.586  INFO 18612 --- [           main] o.hibernate.jpa.internal.util.LogHelper  : HHH000204: Processing PersistenceUnitInfo [name: default]
2021-12-27 09:46:03.591  INFO 18612 --- [           main] org.hibernate.dialect.Dialect            : HHH000400: Using dialect: org.hibernate.dialect.H2Dialect
2021-12-27 09:46:03.620  INFO 18612 --- [           main] o.h.e.t.j.p.i.JtaPlatformInitiator       : HHH000490: Using JtaPlatform implementation: [org.hibernate.engine.transaction.jta.platform.internal.NoJtaPlatform]
2021-12-27 09:46:03.621  INFO 18612 --- [           main] j.LocalContainerEntityManagerFactoryBean : Initialized JPA EntityManagerFactory for persistence unit 'default'
2021-12-27 09:46:03.687  WARN 18612 --- [           main] JpaBaseConfiguration$JpaWebConfiguration : spring.jpa.open-in-view is enabled by default. Therefore, database queries may be performed during view rendering. Explicitly configure spring.jpa.open-in-view to disable this warning
2021-12-27 09:46:03.884  INFO 18612 --- [           main] c.r.c.servicetests.UserServiceTest       : Started UserServiceTest in 0.454 seconds (JVM running for 44.916)
]]></system-out>
  </testcase>
  <testcase name="testAddAdminNegative" classname="com.revature.caseclothes.servicetests.UserServiceTest" time="0.444">
    <system-out><![CDATA[2021-12-27 09:46:03.888  INFO 18612 --- [           main] j.LocalContainerEntityManagerFactoryBean : Closing JPA EntityManagerFactory for persistence unit 'default'
2021-12-27 09:46:03.888  INFO 18612 --- [           main] .SchemaDropperImpl$DelayedDropActionImpl : HHH000477: Starting delayed evictData of schema as part of SessionFactory shut-down'
2021-12-27 09:46:03.889  INFO 18612 --- [           main] com.zaxxer.hikari.HikariDataSource       : HikariPool-59 - Shutdown initiated...
2021-12-27 09:46:03.890  INFO 18612 --- [           main] com.zaxxer.hikari.HikariDataSource       : HikariPool-59 - Shutdown completed.

  .   ____          _            __ _ _
 /\\ / ___'_ __ _ _(_)_ __  __ _ \ \ \ \
( ( )\___ | '_ | '_| | '_ \/ _` | \ \ \ \
 \\/  ___)| |_)| | | | | || (_| |  ) ) ) )
  '  |____| .__|_| |_|_| |_\__, | / / / /
 =========|_|==============|___/=/_/_/_/
 :: Spring Boot ::                (v2.6.1)

2021-12-27 09:46:03.902  INFO 18612 --- [           main] c.r.c.servicetests.UserServiceTest       : Starting UserServiceTest using Java 1.8.0_301 on MSI-Jymm with PID 18612 (started by jymmm in D:\Curriculum-211018-Jymm\project-2-Team-Not-Found\case-clothes)
2021-12-27 09:46:03.902  INFO 18612 --- [           main] c.r.c.servicetests.UserServiceTest       : The following profiles are active: UserService-test
2021-12-27 09:46:03.987  INFO 18612 --- [           main] .s.d.r.c.RepositoryConfigurationDelegate : Bootstrapping Spring Data JPA repositories in DEFAULT mode.
2021-12-27 09:46:03.990  INFO 18612 --- [           main] .s.d.r.c.RepositoryConfigurationDelegate : Finished Spring Data repository scanning in 1 ms. Found 0 JPA repository interfaces.
2021-12-27 09:46:04.051  INFO 18612 --- [           main] com.zaxxer.hikari.HikariDataSource       : HikariPool-60 - Starting...
2021-12-27 09:46:04.052  INFO 18612 --- [           main] com.zaxxer.hikari.HikariDataSource       : HikariPool-60 - Start completed.
2021-12-27 09:46:04.059  INFO 18612 --- [           main] o.hibernate.jpa.internal.util.LogHelper  : HHH000204: Processing PersistenceUnitInfo [name: default]
2021-12-27 09:46:04.061  INFO 18612 --- [           main] org.hibernate.dialect.Dialect            : HHH000400: Using dialect: org.hibernate.dialect.H2Dialect
2021-12-27 09:46:04.095  INFO 18612 --- [           main] o.h.e.t.j.p.i.JtaPlatformInitiator       : HHH000490: Using JtaPlatform implementation: [org.hibernate.engine.transaction.jta.platform.internal.NoJtaPlatform]
2021-12-27 09:46:04.095  INFO 18612 --- [           main] j.LocalContainerEntityManagerFactoryBean : Initialized JPA EntityManagerFactory for persistence unit 'default'
2021-12-27 09:46:04.166  WARN 18612 --- [           main] JpaBaseConfiguration$JpaWebConfiguration : spring.jpa.open-in-view is enabled by default. Therefore, database queries may be performed during view rendering. Explicitly configure spring.jpa.open-in-view to disable this warning
2021-12-27 09:46:04.329  INFO 18612 --- [           main] c.r.c.servicetests.UserServiceTest       : Started UserServiceTest in 0.437 seconds (JVM running for 45.361)
]]></system-out>
  </testcase>
  <testcase name="testLogin_customer" classname="com.revature.caseclothes.servicetests.UserServiceTest" time="0.422">
    <system-out><![CDATA[2021-12-27 09:46:04.333  INFO 18612 --- [           main] j.LocalContainerEntityManagerFactoryBean : Closing JPA EntityManagerFactory for persistence unit 'default'
2021-12-27 09:46:04.333  INFO 18612 --- [           main] .SchemaDropperImpl$DelayedDropActionImpl : HHH000477: Starting delayed evictData of schema as part of SessionFactory shut-down'
2021-12-27 09:46:04.334  INFO 18612 --- [           main] com.zaxxer.hikari.HikariDataSource       : HikariPool-60 - Shutdown initiated...
2021-12-27 09:46:04.334  INFO 18612 --- [           main] com.zaxxer.hikari.HikariDataSource       : HikariPool-60 - Shutdown completed.

  .   ____          _            __ _ _
 /\\ / ___'_ __ _ _(_)_ __  __ _ \ \ \ \
( ( )\___ | '_ | '_| | '_ \/ _` | \ \ \ \
 \\/  ___)| |_)| | | | | || (_| |  ) ) ) )
  '  |____| .__|_| |_|_| |_\__, | / / / /
 =========|_|==============|___/=/_/_/_/
 :: Spring Boot ::                (v2.6.1)

2021-12-27 09:46:04.346  INFO 18612 --- [           main] c.r.c.servicetests.UserServiceTest       : Starting UserServiceTest using Java 1.8.0_301 on MSI-Jymm with PID 18612 (started by jymmm in D:\Curriculum-211018-Jymm\project-2-Team-Not-Found\case-clothes)
2021-12-27 09:46:04.346  INFO 18612 --- [           main] c.r.c.servicetests.UserServiceTest       : The following profiles are active: UserService-test
2021-12-27 09:46:04.430  INFO 18612 --- [           main] .s.d.r.c.RepositoryConfigurationDelegate : Bootstrapping Spring Data JPA repositories in DEFAULT mode.
2021-12-27 09:46:04.432  INFO 18612 --- [           main] .s.d.r.c.RepositoryConfigurationDelegate : Finished Spring Data repository scanning in 1 ms. Found 0 JPA repository interfaces.
2021-12-27 09:46:04.487  INFO 18612 --- [           main] com.zaxxer.hikari.HikariDataSource       : HikariPool-61 - Starting...
2021-12-27 09:46:04.488  INFO 18612 --- [           main] com.zaxxer.hikari.HikariDataSource       : HikariPool-61 - Start completed.
2021-12-27 09:46:04.495  INFO 18612 --- [           main] o.hibernate.jpa.internal.util.LogHelper  : HHH000204: Processing PersistenceUnitInfo [name: default]
2021-12-27 09:46:04.498  INFO 18612 --- [           main] org.hibernate.dialect.Dialect            : HHH000400: Using dialect: org.hibernate.dialect.H2Dialect
2021-12-27 09:46:04.531  INFO 18612 --- [           main] o.h.e.t.j.p.i.JtaPlatformInitiator       : HHH000490: Using JtaPlatform implementation: [org.hibernate.engine.transaction.jta.platform.internal.NoJtaPlatform]
2021-12-27 09:46:04.531  INFO 18612 --- [           main] j.LocalContainerEntityManagerFactoryBean : Initialized JPA EntityManagerFactory for persistence unit 'default'
2021-12-27 09:46:04.596  WARN 18612 --- [           main] JpaBaseConfiguration$JpaWebConfiguration : spring.jpa.open-in-view is enabled by default. Therefore, database queries may be performed during view rendering. Explicitly configure spring.jpa.open-in-view to disable this warning
2021-12-27 09:46:04.750  INFO 18612 --- [           main] c.r.c.servicetests.UserServiceTest       : Started UserServiceTest in 0.414 seconds (JVM running for 45.782)
]]></system-out>
  </testcase>
  <testcase name="testAddAdmin_AddUserDTO_NoLastNameInput_OtherFieldsValid_NegativeTest" classname="com.revature.caseclothes.servicetests.UserServiceTest" time="0.468">
    <system-out><![CDATA[2021-12-27 09:46:04.755  INFO 18612 --- [           main] j.LocalContainerEntityManagerFactoryBean : Closing JPA EntityManagerFactory for persistence unit 'default'
2021-12-27 09:46:04.755  INFO 18612 --- [           main] .SchemaDropperImpl$DelayedDropActionImpl : HHH000477: Starting delayed evictData of schema as part of SessionFactory shut-down'
2021-12-27 09:46:04.756  INFO 18612 --- [           main] com.zaxxer.hikari.HikariDataSource       : HikariPool-61 - Shutdown initiated...
2021-12-27 09:46:04.757  INFO 18612 --- [           main] com.zaxxer.hikari.HikariDataSource       : HikariPool-61 - Shutdown completed.

  .   ____          _            __ _ _
 /\\ / ___'_ __ _ _(_)_ __  __ _ \ \ \ \
( ( )\___ | '_ | '_| | '_ \/ _` | \ \ \ \
 \\/  ___)| |_)| | | | | || (_| |  ) ) ) )
  '  |____| .__|_| |_|_| |_\__, | / / / /
 =========|_|==============|___/=/_/_/_/
 :: Spring Boot ::                (v2.6.1)

2021-12-27 09:46:04.770  INFO 18612 --- [           main] c.r.c.servicetests.UserServiceTest       : Starting UserServiceTest using Java 1.8.0_301 on MSI-Jymm with PID 18612 (started by jymmm in D:\Curriculum-211018-Jymm\project-2-Team-Not-Found\case-clothes)
2021-12-27 09:46:04.770  INFO 18612 --- [           main] c.r.c.servicetests.UserServiceTest       : The following profiles are active: UserService-test
2021-12-27 09:46:04.857  INFO 18612 --- [           main] .s.d.r.c.RepositoryConfigurationDelegate : Bootstrapping Spring Data JPA repositories in DEFAULT mode.
2021-12-27 09:46:04.858  INFO 18612 --- [           main] .s.d.r.c.RepositoryConfigurationDelegate : Finished Spring Data repository scanning in 1 ms. Found 0 JPA repository interfaces.
2021-12-27 09:46:04.916  INFO 18612 --- [           main] com.zaxxer.hikari.HikariDataSource       : HikariPool-62 - Starting...
2021-12-27 09:46:04.916  INFO 18612 --- [           main] com.zaxxer.hikari.HikariDataSource       : HikariPool-62 - Start completed.
2021-12-27 09:46:04.923  INFO 18612 --- [           main] o.hibernate.jpa.internal.util.LogHelper  : HHH000204: Processing PersistenceUnitInfo [name: default]
2021-12-27 09:46:04.925  INFO 18612 --- [           main] org.hibernate.dialect.Dialect            : HHH000400: Using dialect: org.hibernate.dialect.H2Dialect
2021-12-27 09:46:04.960  INFO 18612 --- [           main] o.h.e.t.j.p.i.JtaPlatformInitiator       : HHH000490: Using JtaPlatform implementation: [org.hibernate.engine.transaction.jta.platform.internal.NoJtaPlatform]
2021-12-27 09:46:04.960  INFO 18612 --- [           main] j.LocalContainerEntityManagerFactoryBean : Initialized JPA EntityManagerFactory for persistence unit 'default'
2021-12-27 09:46:05.019  WARN 18612 --- [           main] JpaBaseConfiguration$JpaWebConfiguration : spring.jpa.open-in-view is enabled by default. Therefore, database queries may be performed during view rendering. Explicitly configure spring.jpa.open-in-view to disable this warning
2021-12-27 09:46:05.220  INFO 18612 --- [           main] c.r.c.servicetests.UserServiceTest       : Started UserServiceTest in 0.461 seconds (JVM running for 46.251)
]]></system-out>
  </testcase>
  <testcase name="testAddCustomer_NoAddressInput_OtherFieldsValid_NegativeTest" classname="com.revature.caseclothes.servicetests.UserServiceTest" time="0.477">
    <system-out><![CDATA[2021-12-27 09:46:05.224  INFO 18612 --- [           main] j.LocalContainerEntityManagerFactoryBean : Closing JPA EntityManagerFactory for persistence unit 'default'
2021-12-27 09:46:05.224  INFO 18612 --- [           main] .SchemaDropperImpl$DelayedDropActionImpl : HHH000477: Starting delayed evictData of schema as part of SessionFactory shut-down'
2021-12-27 09:46:05.225  INFO 18612 --- [           main] com.zaxxer.hikari.HikariDataSource       : HikariPool-62 - Shutdown initiated...
2021-12-27 09:46:05.226  INFO 18612 --- [           main] com.zaxxer.hikari.HikariDataSource       : HikariPool-62 - Shutdown completed.

  .   ____          _            __ _ _
 /\\ / ___'_ __ _ _(_)_ __  __ _ \ \ \ \
( ( )\___ | '_ | '_| | '_ \/ _` | \ \ \ \
 \\/  ___)| |_)| | | | | || (_| |  ) ) ) )
  '  |____| .__|_| |_|_| |_\__, | / / / /
 =========|_|==============|___/=/_/_/_/
 :: Spring Boot ::                (v2.6.1)

2021-12-27 09:46:05.240  INFO 18612 --- [           main] c.r.c.servicetests.UserServiceTest       : Starting UserServiceTest using Java 1.8.0_301 on MSI-Jymm with PID 18612 (started by jymmm in D:\Curriculum-211018-Jymm\project-2-Team-Not-Found\case-clothes)
2021-12-27 09:46:05.240  INFO 18612 --- [           main] c.r.c.servicetests.UserServiceTest       : The following profiles are active: UserService-test
2021-12-27 09:46:05.330  INFO 18612 --- [           main] .s.d.r.c.RepositoryConfigurationDelegate : Bootstrapping Spring Data JPA repositories in DEFAULT mode.
2021-12-27 09:46:05.332  INFO 18612 --- [           main] .s.d.r.c.RepositoryConfigurationDelegate : Finished Spring Data repository scanning in 1 ms. Found 0 JPA repository interfaces.
2021-12-27 09:46:05.393  INFO 18612 --- [           main] com.zaxxer.hikari.HikariDataSource       : HikariPool-63 - Starting...
2021-12-27 09:46:05.393  INFO 18612 --- [           main] com.zaxxer.hikari.HikariDataSource       : HikariPool-63 - Start completed.
2021-12-27 09:46:05.401  INFO 18612 --- [           main] o.hibernate.jpa.internal.util.LogHelper  : HHH000204: Processing PersistenceUnitInfo [name: default]
2021-12-27 09:46:05.405  INFO 18612 --- [           main] org.hibernate.dialect.Dialect            : HHH000400: Using dialect: org.hibernate.dialect.H2Dialect
2021-12-27 09:46:05.441  INFO 18612 --- [           main] o.h.e.t.j.p.i.JtaPlatformInitiator       : HHH000490: Using JtaPlatform implementation: [org.hibernate.engine.transaction.jta.platform.internal.NoJtaPlatform]
2021-12-27 09:46:05.441  INFO 18612 --- [           main] j.LocalContainerEntityManagerFactoryBean : Initialized JPA EntityManagerFactory for persistence unit 'default'
2021-12-27 09:46:05.515  WARN 18612 --- [           main] JpaBaseConfiguration$JpaWebConfiguration : spring.jpa.open-in-view is enabled by default. Therefore, database queries may be performed during view rendering. Explicitly configure spring.jpa.open-in-view to disable this warning
2021-12-27 09:46:05.697  INFO 18612 --- [           main] c.r.c.servicetests.UserServiceTest       : Started UserServiceTest in 0.471 seconds (JVM running for 46.73)
]]></system-out>
  </testcase>
  <testcase name="testAddCustomer_NoFirstNameInput_OtherFieldsValid_NegativeTest" classname="com.revature.caseclothes.servicetests.UserServiceTest" time="0.455">
    <system-out><![CDATA[2021-12-27 09:46:05.701  INFO 18612 --- [           main] j.LocalContainerEntityManagerFactoryBean : Closing JPA EntityManagerFactory for persistence unit 'default'
2021-12-27 09:46:05.701  INFO 18612 --- [           main] .SchemaDropperImpl$DelayedDropActionImpl : HHH000477: Starting delayed evictData of schema as part of SessionFactory shut-down'
2021-12-27 09:46:05.702  INFO 18612 --- [           main] com.zaxxer.hikari.HikariDataSource       : HikariPool-63 - Shutdown initiated...
2021-12-27 09:46:05.703  INFO 18612 --- [           main] com.zaxxer.hikari.HikariDataSource       : HikariPool-63 - Shutdown completed.

  .   ____          _            __ _ _
 /\\ / ___'_ __ _ _(_)_ __  __ _ \ \ \ \
( ( )\___ | '_ | '_| | '_ \/ _` | \ \ \ \
 \\/  ___)| |_)| | | | | || (_| |  ) ) ) )
  '  |____| .__|_| |_|_| |_\__, | / / / /
 =========|_|==============|___/=/_/_/_/
 :: Spring Boot ::                (v2.6.1)

2021-12-27 09:46:05.721  INFO 18612 --- [           main] c.r.c.servicetests.UserServiceTest       : Starting UserServiceTest using Java 1.8.0_301 on MSI-Jymm with PID 18612 (started by jymmm in D:\Curriculum-211018-Jymm\project-2-Team-Not-Found\case-clothes)
2021-12-27 09:46:05.721  INFO 18612 --- [           main] c.r.c.servicetests.UserServiceTest       : The following profiles are active: UserService-test
2021-12-27 09:46:05.814  INFO 18612 --- [           main] .s.d.r.c.RepositoryConfigurationDelegate : Bootstrapping Spring Data JPA repositories in DEFAULT mode.
2021-12-27 09:46:05.816  INFO 18612 --- [           main] .s.d.r.c.RepositoryConfigurationDelegate : Finished Spring Data repository scanning in 1 ms. Found 0 JPA repository interfaces.
2021-12-27 09:46:05.876  INFO 18612 --- [           main] com.zaxxer.hikari.HikariDataSource       : HikariPool-64 - Starting...
2021-12-27 09:46:05.876  INFO 18612 --- [           main] com.zaxxer.hikari.HikariDataSource       : HikariPool-64 - Start completed.
2021-12-27 09:46:05.883  INFO 18612 --- [           main] o.hibernate.jpa.internal.util.LogHelper  : HHH000204: Processing PersistenceUnitInfo [name: default]
2021-12-27 09:46:05.886  INFO 18612 --- [           main] org.hibernate.dialect.Dialect            : HHH000400: Using dialect: org.hibernate.dialect.H2Dialect
2021-12-27 09:46:05.924  INFO 18612 --- [           main] o.h.e.t.j.p.i.JtaPlatformInitiator       : HHH000490: Using JtaPlatform implementation: [org.hibernate.engine.transaction.jta.platform.internal.NoJtaPlatform]
2021-12-27 09:46:05.924  INFO 18612 --- [           main] j.LocalContainerEntityManagerFactoryBean : Initialized JPA EntityManagerFactory for persistence unit 'default'
2021-12-27 09:46:05.992  WARN 18612 --- [           main] JpaBaseConfiguration$JpaWebConfiguration : spring.jpa.open-in-view is enabled by default. Therefore, database queries may be performed during view rendering. Explicitly configure spring.jpa.open-in-view to disable this warning
2021-12-27 09:46:06.151  INFO 18612 --- [           main] c.r.c.servicetests.UserServiceTest       : Started UserServiceTest in 0.447 seconds (JVM running for 47.184)
]]></system-out>
  </testcase>
  <testcase name="testGetUserByID_positive" classname="com.revature.caseclothes.servicetests.UserServiceTest" time="0.432">
    <system-out><![CDATA[2021-12-27 09:46:06.158  INFO 18612 --- [           main] j.LocalContainerEntityManagerFactoryBean : Closing JPA EntityManagerFactory for persistence unit 'default'
2021-12-27 09:46:06.159  INFO 18612 --- [           main] .SchemaDropperImpl$DelayedDropActionImpl : HHH000477: Starting delayed evictData of schema as part of SessionFactory shut-down'
2021-12-27 09:46:06.160  INFO 18612 --- [           main] com.zaxxer.hikari.HikariDataSource       : HikariPool-64 - Shutdown initiated...
2021-12-27 09:46:06.160  INFO 18612 --- [           main] com.zaxxer.hikari.HikariDataSource       : HikariPool-64 - Shutdown completed.

  .   ____          _            __ _ _
 /\\ / ___'_ __ _ _(_)_ __  __ _ \ \ \ \
( ( )\___ | '_ | '_| | '_ \/ _` | \ \ \ \
 \\/  ___)| |_)| | | | | || (_| |  ) ) ) )
  '  |____| .__|_| |_|_| |_\__, | / / / /
 =========|_|==============|___/=/_/_/_/
 :: Spring Boot ::                (v2.6.1)

2021-12-27 09:46:06.173  INFO 18612 --- [           main] c.r.c.servicetests.UserServiceTest       : Starting UserServiceTest using Java 1.8.0_301 on MSI-Jymm with PID 18612 (started by jymmm in D:\Curriculum-211018-Jymm\project-2-Team-Not-Found\case-clothes)
2021-12-27 09:46:06.173  INFO 18612 --- [           main] c.r.c.servicetests.UserServiceTest       : The following profiles are active: UserService-test
2021-12-27 09:46:06.256  INFO 18612 --- [           main] .s.d.r.c.RepositoryConfigurationDelegate : Bootstrapping Spring Data JPA repositories in DEFAULT mode.
2021-12-27 09:46:06.258  INFO 18612 --- [           main] .s.d.r.c.RepositoryConfigurationDelegate : Finished Spring Data repository scanning in 1 ms. Found 0 JPA repository interfaces.
2021-12-27 09:46:06.319  INFO 18612 --- [           main] com.zaxxer.hikari.HikariDataSource       : HikariPool-65 - Starting...
2021-12-27 09:46:06.319  INFO 18612 --- [           main] com.zaxxer.hikari.HikariDataSource       : HikariPool-65 - Start completed.
2021-12-27 09:46:06.326  INFO 18612 --- [           main] o.hibernate.jpa.internal.util.LogHelper  : HHH000204: Processing PersistenceUnitInfo [name: default]
2021-12-27 09:46:06.329  INFO 18612 --- [           main] org.hibernate.dialect.Dialect            : HHH000400: Using dialect: org.hibernate.dialect.H2Dialect
2021-12-27 09:46:06.360  INFO 18612 --- [           main] o.h.e.t.j.p.i.JtaPlatformInitiator       : HHH000490: Using JtaPlatform implementation: [org.hibernate.engine.transaction.jta.platform.internal.NoJtaPlatform]
2021-12-27 09:46:06.361  INFO 18612 --- [           main] j.LocalContainerEntityManagerFactoryBean : Initialized JPA EntityManagerFactory for persistence unit 'default'
2021-12-27 09:46:06.420  WARN 18612 --- [           main] JpaBaseConfiguration$JpaWebConfiguration : spring.jpa.open-in-view is enabled by default. Therefore, database queries may be performed during view rendering. Explicitly configure spring.jpa.open-in-view to disable this warning
2021-12-27 09:46:06.584  INFO 18612 --- [           main] c.r.c.servicetests.UserServiceTest       : Started UserServiceTest in 0.422 seconds (JVM running for 47.617)
]]></system-out>
  </testcase>
  <testcase name="testGetUserByID_UserIsNull_NegativeTest" classname="com.revature.caseclothes.servicetests.UserServiceTest" time="0.414">
    <system-out><![CDATA[2021-12-27 09:46:06.591  INFO 18612 --- [           main] j.LocalContainerEntityManagerFactoryBean : Closing JPA EntityManagerFactory for persistence unit 'default'
2021-12-27 09:46:06.591  INFO 18612 --- [           main] .SchemaDropperImpl$DelayedDropActionImpl : HHH000477: Starting delayed evictData of schema as part of SessionFactory shut-down'
2021-12-27 09:46:06.594  INFO 18612 --- [           main] com.zaxxer.hikari.HikariDataSource       : HikariPool-65 - Shutdown initiated...
2021-12-27 09:46:06.595  INFO 18612 --- [           main] com.zaxxer.hikari.HikariDataSource       : HikariPool-65 - Shutdown completed.

  .   ____          _            __ _ _
 /\\ / ___'_ __ _ _(_)_ __  __ _ \ \ \ \
( ( )\___ | '_ | '_| | '_ \/ _` | \ \ \ \
 \\/  ___)| |_)| | | | | || (_| |  ) ) ) )
  '  |____| .__|_| |_|_| |_\__, | / / / /
 =========|_|==============|___/=/_/_/_/
 :: Spring Boot ::                (v2.6.1)

2021-12-27 09:46:06.609  INFO 18612 --- [           main] c.r.c.servicetests.UserServiceTest       : Starting UserServiceTest using Java 1.8.0_301 on MSI-Jymm with PID 18612 (started by jymmm in D:\Curriculum-211018-Jymm\project-2-Team-Not-Found\case-clothes)
2021-12-27 09:46:06.609  INFO 18612 --- [           main] c.r.c.servicetests.UserServiceTest       : The following profiles are active: UserService-test
2021-12-27 09:46:06.689  INFO 18612 --- [           main] .s.d.r.c.RepositoryConfigurationDelegate : Bootstrapping Spring Data JPA repositories in DEFAULT mode.
2021-12-27 09:46:06.691  INFO 18612 --- [           main] .s.d.r.c.RepositoryConfigurationDelegate : Finished Spring Data repository scanning in 1 ms. Found 0 JPA repository interfaces.
2021-12-27 09:46:06.743  INFO 18612 --- [           main] com.zaxxer.hikari.HikariDataSource       : HikariPool-66 - Starting...
2021-12-27 09:46:06.743  INFO 18612 --- [           main] com.zaxxer.hikari.HikariDataSource       : HikariPool-66 - Start completed.
2021-12-27 09:46:06.751  INFO 18612 --- [           main] o.hibernate.jpa.internal.util.LogHelper  : HHH000204: Processing PersistenceUnitInfo [name: default]
2021-12-27 09:46:06.754  INFO 18612 --- [           main] org.hibernate.dialect.Dialect            : HHH000400: Using dialect: org.hibernate.dialect.H2Dialect
2021-12-27 09:46:06.782  INFO 18612 --- [           main] o.h.e.t.j.p.i.JtaPlatformInitiator       : HHH000490: Using JtaPlatform implementation: [org.hibernate.engine.transaction.jta.platform.internal.NoJtaPlatform]
2021-12-27 09:46:06.783  INFO 18612 --- [           main] j.LocalContainerEntityManagerFactoryBean : Initialized JPA EntityManagerFactory for persistence unit 'default'
2021-12-27 09:46:06.846  WARN 18612 --- [           main] JpaBaseConfiguration$JpaWebConfiguration : spring.jpa.open-in-view is enabled by default. Therefore, database queries may be performed during view rendering. Explicitly configure spring.jpa.open-in-view to disable this warning
2021-12-27 09:46:07.000  INFO 18612 --- [           main] c.r.c.servicetests.UserServiceTest       : Started UserServiceTest in 0.402 seconds (JVM running for 48.032)
]]></system-out>
  </testcase>
  <testcase name="testGetUserByID_negative" classname="com.revature.caseclothes.servicetests.UserServiceTest" time="0.434">
    <system-out><![CDATA[2021-12-27 09:46:07.005  INFO 18612 --- [           main] j.LocalContainerEntityManagerFactoryBean : Closing JPA EntityManagerFactory for persistence unit 'default'
2021-12-27 09:46:07.006  INFO 18612 --- [           main] .SchemaDropperImpl$DelayedDropActionImpl : HHH000477: Starting delayed evictData of schema as part of SessionFactory shut-down'
2021-12-27 09:46:07.007  INFO 18612 --- [           main] com.zaxxer.hikari.HikariDataSource       : HikariPool-66 - Shutdown initiated...
2021-12-27 09:46:07.007  INFO 18612 --- [           main] com.zaxxer.hikari.HikariDataSource       : HikariPool-66 - Shutdown completed.

  .   ____          _            __ _ _
 /\\ / ___'_ __ _ _(_)_ __  __ _ \ \ \ \
( ( )\___ | '_ | '_| | '_ \/ _` | \ \ \ \
 \\/  ___)| |_)| | | | | || (_| |  ) ) ) )
  '  |____| .__|_| |_|_| |_\__, | / / / /
 =========|_|==============|___/=/_/_/_/
 :: Spring Boot ::                (v2.6.1)

2021-12-27 09:46:07.020  INFO 18612 --- [           main] c.r.c.servicetests.UserServiceTest       : Starting UserServiceTest using Java 1.8.0_301 on MSI-Jymm with PID 18612 (started by jymmm in D:\Curriculum-211018-Jymm\project-2-Team-Not-Found\case-clothes)
2021-12-27 09:46:07.020  INFO 18612 --- [           main] c.r.c.servicetests.UserServiceTest       : The following profiles are active: UserService-test
2021-12-27 09:46:07.102  INFO 18612 --- [           main] .s.d.r.c.RepositoryConfigurationDelegate : Bootstrapping Spring Data JPA repositories in DEFAULT mode.
2021-12-27 09:46:07.104  INFO 18612 --- [           main] .s.d.r.c.RepositoryConfigurationDelegate : Finished Spring Data repository scanning in 1 ms. Found 0 JPA repository interfaces.
2021-12-27 09:46:07.160  INFO 18612 --- [           main] com.zaxxer.hikari.HikariDataSource       : HikariPool-67 - Starting...
2021-12-27 09:46:07.160  INFO 18612 --- [           main] com.zaxxer.hikari.HikariDataSource       : HikariPool-67 - Start completed.
2021-12-27 09:46:07.167  INFO 18612 --- [           main] o.hibernate.jpa.internal.util.LogHelper  : HHH000204: Processing PersistenceUnitInfo [name: default]
2021-12-27 09:46:07.170  INFO 18612 --- [           main] org.hibernate.dialect.Dialect            : HHH000400: Using dialect: org.hibernate.dialect.H2Dialect
2021-12-27 09:46:07.201  INFO 18612 --- [           main] o.h.e.t.j.p.i.JtaPlatformInitiator       : HHH000490: Using JtaPlatform implementation: [org.hibernate.engine.transaction.jta.platform.internal.NoJtaPlatform]
2021-12-27 09:46:07.201  INFO 18612 --- [           main] j.LocalContainerEntityManagerFactoryBean : Initialized JPA EntityManagerFactory for persistence unit 'default'
2021-12-27 09:46:07.260  WARN 18612 --- [           main] JpaBaseConfiguration$JpaWebConfiguration : spring.jpa.open-in-view is enabled by default. Therefore, database queries may be performed during view rendering. Explicitly configure spring.jpa.open-in-view to disable this warning
2021-12-27 09:46:07.436  INFO 18612 --- [           main] c.r.c.servicetests.UserServiceTest       : Started UserServiceTest in 0.426 seconds (JVM running for 48.468)
]]></system-out>
  </testcase>
  <testcase name="testAddCustomer_NoPhoneNumberInput_OtherFieldsValid_NegativeTest" classname="com.revature.caseclothes.servicetests.UserServiceTest" time="0.433">
    <system-out><![CDATA[2021-12-27 09:46:07.440  INFO 18612 --- [           main] j.LocalContainerEntityManagerFactoryBean : Closing JPA EntityManagerFactory for persistence unit 'default'
2021-12-27 09:46:07.440  INFO 18612 --- [           main] .SchemaDropperImpl$DelayedDropActionImpl : HHH000477: Starting delayed evictData of schema as part of SessionFactory shut-down'
2021-12-27 09:46:07.441  INFO 18612 --- [           main] com.zaxxer.hikari.HikariDataSource       : HikariPool-67 - Shutdown initiated...
2021-12-27 09:46:07.441  INFO 18612 --- [           main] com.zaxxer.hikari.HikariDataSource       : HikariPool-67 - Shutdown completed.

  .   ____          _            __ _ _
 /\\ / ___'_ __ _ _(_)_ __  __ _ \ \ \ \
( ( )\___ | '_ | '_| | '_ \/ _` | \ \ \ \
 \\/  ___)| |_)| | | | | || (_| |  ) ) ) )
  '  |____| .__|_| |_|_| |_\__, | / / / /
 =========|_|==============|___/=/_/_/_/
 :: Spring Boot ::                (v2.6.1)

2021-12-27 09:46:07.452  INFO 18612 --- [           main] c.r.c.servicetests.UserServiceTest       : Starting UserServiceTest using Java 1.8.0_301 on MSI-Jymm with PID 18612 (started by jymmm in D:\Curriculum-211018-Jymm\project-2-Team-Not-Found\case-clothes)
2021-12-27 09:46:07.452  INFO 18612 --- [           main] c.r.c.servicetests.UserServiceTest       : The following profiles are active: UserService-test
2021-12-27 09:46:07.530  INFO 18612 --- [           main] .s.d.r.c.RepositoryConfigurationDelegate : Bootstrapping Spring Data JPA repositories in DEFAULT mode.
2021-12-27 09:46:07.532  INFO 18612 --- [           main] .s.d.r.c.RepositoryConfigurationDelegate : Finished Spring Data repository scanning in 1 ms. Found 0 JPA repository interfaces.
2021-12-27 09:46:07.589  INFO 18612 --- [           main] com.zaxxer.hikari.HikariDataSource       : HikariPool-68 - Starting...
2021-12-27 09:46:07.590  INFO 18612 --- [           main] com.zaxxer.hikari.HikariDataSource       : HikariPool-68 - Start completed.
2021-12-27 09:46:07.597  INFO 18612 --- [           main] o.hibernate.jpa.internal.util.LogHelper  : HHH000204: Processing PersistenceUnitInfo [name: default]
2021-12-27 09:46:07.599  INFO 18612 --- [           main] org.hibernate.dialect.Dialect            : HHH000400: Using dialect: org.hibernate.dialect.H2Dialect
2021-12-27 09:46:07.631  INFO 18612 --- [           main] o.h.e.t.j.p.i.JtaPlatformInitiator       : HHH000490: Using JtaPlatform implementation: [org.hibernate.engine.transaction.jta.platform.internal.NoJtaPlatform]
2021-12-27 09:46:07.631  INFO 18612 --- [           main] j.LocalContainerEntityManagerFactoryBean : Initialized JPA EntityManagerFactory for persistence unit 'default'
2021-12-27 09:46:07.700  WARN 18612 --- [           main] JpaBaseConfiguration$JpaWebConfiguration : spring.jpa.open-in-view is enabled by default. Therefore, database queries may be performed during view rendering. Explicitly configure spring.jpa.open-in-view to disable this warning
2021-12-27 09:46:07.868  INFO 18612 --- [           main] c.r.c.servicetests.UserServiceTest       : Started UserServiceTest in 0.425 seconds (JVM running for 48.9)
]]></system-out>
  </testcase>
  <testcase name="testUpdateUser_PositiveTest" classname="com.revature.caseclothes.servicetests.UserServiceTest" time="0.42">
    <system-out><![CDATA[2021-12-27 09:46:07.873  INFO 18612 --- [           main] j.LocalContainerEntityManagerFactoryBean : Closing JPA EntityManagerFactory for persistence unit 'default'
2021-12-27 09:46:07.873  INFO 18612 --- [           main] .SchemaDropperImpl$DelayedDropActionImpl : HHH000477: Starting delayed evictData of schema as part of SessionFactory shut-down'
2021-12-27 09:46:07.874  INFO 18612 --- [           main] com.zaxxer.hikari.HikariDataSource       : HikariPool-68 - Shutdown initiated...
2021-12-27 09:46:07.875  INFO 18612 --- [           main] com.zaxxer.hikari.HikariDataSource       : HikariPool-68 - Shutdown completed.

  .   ____          _            __ _ _
 /\\ / ___'_ __ _ _(_)_ __  __ _ \ \ \ \
( ( )\___ | '_ | '_| | '_ \/ _` | \ \ \ \
 \\/  ___)| |_)| | | | | || (_| |  ) ) ) )
  '  |____| .__|_| |_|_| |_\__, | / / / /
 =========|_|==============|___/=/_/_/_/
 :: Spring Boot ::                (v2.6.1)

2021-12-27 09:46:07.889  INFO 18612 --- [           main] c.r.c.servicetests.UserServiceTest       : Starting UserServiceTest using Java 1.8.0_301 on MSI-Jymm with PID 18612 (started by jymmm in D:\Curriculum-211018-Jymm\project-2-Team-Not-Found\case-clothes)
2021-12-27 09:46:07.889  INFO 18612 --- [           main] c.r.c.servicetests.UserServiceTest       : The following profiles are active: UserService-test
2021-12-27 09:46:07.965  INFO 18612 --- [           main] .s.d.r.c.RepositoryConfigurationDelegate : Bootstrapping Spring Data JPA repositories in DEFAULT mode.
2021-12-27 09:46:07.966  INFO 18612 --- [           main] .s.d.r.c.RepositoryConfigurationDelegate : Finished Spring Data repository scanning in 1 ms. Found 0 JPA repository interfaces.
2021-12-27 09:46:08.023  INFO 18612 --- [           main] com.zaxxer.hikari.HikariDataSource       : HikariPool-69 - Starting...
2021-12-27 09:46:08.024  INFO 18612 --- [           main] com.zaxxer.hikari.HikariDataSource       : HikariPool-69 - Start completed.
2021-12-27 09:46:08.033  INFO 18612 --- [           main] o.hibernate.jpa.internal.util.LogHelper  : HHH000204: Processing PersistenceUnitInfo [name: default]
2021-12-27 09:46:08.035  INFO 18612 --- [           main] org.hibernate.dialect.Dialect            : HHH000400: Using dialect: org.hibernate.dialect.H2Dialect
2021-12-27 09:46:08.067  INFO 18612 --- [           main] o.h.e.t.j.p.i.JtaPlatformInitiator       : HHH000490: Using JtaPlatform implementation: [org.hibernate.engine.transaction.jta.platform.internal.NoJtaPlatform]
2021-12-27 09:46:08.067  INFO 18612 --- [           main] j.LocalContainerEntityManagerFactoryBean : Initialized JPA EntityManagerFactory for persistence unit 'default'
2021-12-27 09:46:08.130  WARN 18612 --- [           main] JpaBaseConfiguration$JpaWebConfiguration : spring.jpa.open-in-view is enabled by default. Therefore, database queries may be performed during view rendering. Explicitly configure spring.jpa.open-in-view to disable this warning
2021-12-27 09:46:08.287  INFO 18612 --- [           main] c.r.c.servicetests.UserServiceTest       : Started UserServiceTest in 0.41 seconds (JVM running for 49.319)
]]></system-out>
  </testcase>
  <testcase name="testAddAdmin_AddUserDTO_NoAddressInput_OtherFieldsValid_NegativeTest" classname="com.revature.caseclothes.servicetests.UserServiceTest" time="0.437">
    <system-out><![CDATA[2021-12-27 09:46:08.294  INFO 18612 --- [           main] j.LocalContainerEntityManagerFactoryBean : Closing JPA EntityManagerFactory for persistence unit 'default'
2021-12-27 09:46:08.294  INFO 18612 --- [           main] .SchemaDropperImpl$DelayedDropActionImpl : HHH000477: Starting delayed evictData of schema as part of SessionFactory shut-down'
2021-12-27 09:46:08.295  INFO 18612 --- [           main] com.zaxxer.hikari.HikariDataSource       : HikariPool-69 - Shutdown initiated...
2021-12-27 09:46:08.296  INFO 18612 --- [           main] com.zaxxer.hikari.HikariDataSource       : HikariPool-69 - Shutdown completed.

  .   ____          _            __ _ _
 /\\ / ___'_ __ _ _(_)_ __  __ _ \ \ \ \
( ( )\___ | '_ | '_| | '_ \/ _` | \ \ \ \
 \\/  ___)| |_)| | | | | || (_| |  ) ) ) )
  '  |____| .__|_| |_|_| |_\__, | / / / /
 =========|_|==============|___/=/_/_/_/
 :: Spring Boot ::                (v2.6.1)

2021-12-27 09:46:08.309  INFO 18612 --- [           main] c.r.c.servicetests.UserServiceTest       : Starting UserServiceTest using Java 1.8.0_301 on MSI-Jymm with PID 18612 (started by jymmm in D:\Curriculum-211018-Jymm\project-2-Team-Not-Found\case-clothes)
2021-12-27 09:46:08.309  INFO 18612 --- [           main] c.r.c.servicetests.UserServiceTest       : The following profiles are active: UserService-test
2021-12-27 09:46:08.391  INFO 18612 --- [           main] .s.d.r.c.RepositoryConfigurationDelegate : Bootstrapping Spring Data JPA repositories in DEFAULT mode.
2021-12-27 09:46:08.393  INFO 18612 --- [           main] .s.d.r.c.RepositoryConfigurationDelegate : Finished Spring Data repository scanning in 1 ms. Found 0 JPA repository interfaces.
2021-12-27 09:46:08.450  INFO 18612 --- [           main] com.zaxxer.hikari.HikariDataSource       : HikariPool-70 - Starting...
2021-12-27 09:46:08.450  INFO 18612 --- [           main] com.zaxxer.hikari.HikariDataSource       : HikariPool-70 - Start completed.
2021-12-27 09:46:08.457  INFO 18612 --- [           main] o.hibernate.jpa.internal.util.LogHelper  : HHH000204: Processing PersistenceUnitInfo [name: default]
2021-12-27 09:46:08.460  INFO 18612 --- [           main] org.hibernate.dialect.Dialect            : HHH000400: Using dialect: org.hibernate.dialect.H2Dialect
2021-12-27 09:46:08.493  INFO 18612 --- [           main] o.h.e.t.j.p.i.JtaPlatformInitiator       : HHH000490: Using JtaPlatform implementation: [org.hibernate.engine.transaction.jta.platform.internal.NoJtaPlatform]
2021-12-27 09:46:08.493  INFO 18612 --- [           main] j.LocalContainerEntityManagerFactoryBean : Initialized JPA EntityManagerFactory for persistence unit 'default'
2021-12-27 09:46:08.556  WARN 18612 --- [           main] JpaBaseConfiguration$JpaWebConfiguration : spring.jpa.open-in-view is enabled by default. Therefore, database queries may be performed during view rendering. Explicitly configure spring.jpa.open-in-view to disable this warning
2021-12-27 09:46:08.727  INFO 18612 --- [           main] c.r.c.servicetests.UserServiceTest       : Started UserServiceTest in 0.429 seconds (JVM running for 49.759)
]]></system-out>
  </testcase>
  <testcase name="testGetAllUsers_positive" classname="com.revature.caseclothes.servicetests.UserServiceTest" time="0.438">
    <system-out><![CDATA[2021-12-27 09:46:08.731  INFO 18612 --- [           main] j.LocalContainerEntityManagerFactoryBean : Closing JPA EntityManagerFactory for persistence unit 'default'
2021-12-27 09:46:08.731  INFO 18612 --- [           main] .SchemaDropperImpl$DelayedDropActionImpl : HHH000477: Starting delayed evictData of schema as part of SessionFactory shut-down'
2021-12-27 09:46:08.732  INFO 18612 --- [           main] com.zaxxer.hikari.HikariDataSource       : HikariPool-70 - Shutdown initiated...
2021-12-27 09:46:08.732  INFO 18612 --- [           main] com.zaxxer.hikari.HikariDataSource       : HikariPool-70 - Shutdown completed.

  .   ____          _            __ _ _
 /\\ / ___'_ __ _ _(_)_ __  __ _ \ \ \ \
( ( )\___ | '_ | '_| | '_ \/ _` | \ \ \ \
 \\/  ___)| |_)| | | | | || (_| |  ) ) ) )
  '  |____| .__|_| |_|_| |_\__, | / / / /
 =========|_|==============|___/=/_/_/_/
 :: Spring Boot ::                (v2.6.1)

2021-12-27 09:46:08.744  INFO 18612 --- [           main] c.r.c.servicetests.UserServiceTest       : Starting UserServiceTest using Java 1.8.0_301 on MSI-Jymm with PID 18612 (started by jymmm in D:\Curriculum-211018-Jymm\project-2-Team-Not-Found\case-clothes)
2021-12-27 09:46:08.745  INFO 18612 --- [           main] c.r.c.servicetests.UserServiceTest       : The following profiles are active: UserService-test
2021-12-27 09:46:08.820  INFO 18612 --- [           main] .s.d.r.c.RepositoryConfigurationDelegate : Bootstrapping Spring Data JPA repositories in DEFAULT mode.
2021-12-27 09:46:08.822  INFO 18612 --- [           main] .s.d.r.c.RepositoryConfigurationDelegate : Finished Spring Data repository scanning in 1 ms. Found 0 JPA repository interfaces.
2021-12-27 09:46:08.878  INFO 18612 --- [           main] com.zaxxer.hikari.HikariDataSource       : HikariPool-71 - Starting...
2021-12-27 09:46:08.878  INFO 18612 --- [           main] com.zaxxer.hikari.HikariDataSource       : HikariPool-71 - Start completed.
2021-12-27 09:46:08.886  INFO 18612 --- [           main] o.hibernate.jpa.internal.util.LogHelper  : HHH000204: Processing PersistenceUnitInfo [name: default]
2021-12-27 09:46:08.888  INFO 18612 --- [           main] org.hibernate.dialect.Dialect            : HHH000400: Using dialect: org.hibernate.dialect.H2Dialect
2021-12-27 09:46:08.916  INFO 18612 --- [           main] o.h.e.t.j.p.i.JtaPlatformInitiator       : HHH000490: Using JtaPlatform implementation: [org.hibernate.engine.transaction.jta.platform.internal.NoJtaPlatform]
2021-12-27 09:46:08.917  INFO 18612 --- [           main] j.LocalContainerEntityManagerFactoryBean : Initialized JPA EntityManagerFactory for persistence unit 'default'
2021-12-27 09:46:08.977  WARN 18612 --- [           main] JpaBaseConfiguration$JpaWebConfiguration : spring.jpa.open-in-view is enabled by default. Therefore, database queries may be performed during view rendering. Explicitly configure spring.jpa.open-in-view to disable this warning
2021-12-27 09:46:09.162  INFO 18612 --- [           main] c.r.c.servicetests.UserServiceTest       : Started UserServiceTest in 0.429 seconds (JVM running for 50.195)
]]></system-out>
  </testcase>
  <testcase name="testUpdateUser_NoPhoneNumberInput_OtherFieldsValid_NegativeTest" classname="com.revature.caseclothes.servicetests.UserServiceTest" time="0.421">
    <system-out><![CDATA[2021-12-27 09:46:09.170  INFO 18612 --- [           main] j.LocalContainerEntityManagerFactoryBean : Closing JPA EntityManagerFactory for persistence unit 'default'
2021-12-27 09:46:09.171  INFO 18612 --- [           main] .SchemaDropperImpl$DelayedDropActionImpl : HHH000477: Starting delayed evictData of schema as part of SessionFactory shut-down'
2021-12-27 09:46:09.172  INFO 18612 --- [           main] com.zaxxer.hikari.HikariDataSource       : HikariPool-71 - Shutdown initiated...
2021-12-27 09:46:09.172  INFO 18612 --- [           main] com.zaxxer.hikari.HikariDataSource       : HikariPool-71 - Shutdown completed.

  .   ____          _            __ _ _
 /\\ / ___'_ __ _ _(_)_ __  __ _ \ \ \ \
( ( )\___ | '_ | '_| | '_ \/ _` | \ \ \ \
 \\/  ___)| |_)| | | | | || (_| |  ) ) ) )
  '  |____| .__|_| |_|_| |_\__, | / / / /
 =========|_|==============|___/=/_/_/_/
 :: Spring Boot ::                (v2.6.1)

2021-12-27 09:46:09.187  INFO 18612 --- [           main] c.r.c.servicetests.UserServiceTest       : Starting UserServiceTest using Java 1.8.0_301 on MSI-Jymm with PID 18612 (started by jymmm in D:\Curriculum-211018-Jymm\project-2-Team-Not-Found\case-clothes)
2021-12-27 09:46:09.187  INFO 18612 --- [           main] c.r.c.servicetests.UserServiceTest       : The following profiles are active: UserService-test
2021-12-27 09:46:09.270  INFO 18612 --- [           main] .s.d.r.c.RepositoryConfigurationDelegate : Bootstrapping Spring Data JPA repositories in DEFAULT mode.
2021-12-27 09:46:09.272  INFO 18612 --- [           main] .s.d.r.c.RepositoryConfigurationDelegate : Finished Spring Data repository scanning in 1 ms. Found 0 JPA repository interfaces.
2021-12-27 09:46:09.327  INFO 18612 --- [           main] com.zaxxer.hikari.HikariDataSource       : HikariPool-72 - Starting...
2021-12-27 09:46:09.328  INFO 18612 --- [           main] com.zaxxer.hikari.HikariDataSource       : HikariPool-72 - Start completed.
2021-12-27 09:46:09.335  INFO 18612 --- [           main] o.hibernate.jpa.internal.util.LogHelper  : HHH000204: Processing PersistenceUnitInfo [name: default]
2021-12-27 09:46:09.338  INFO 18612 --- [           main] org.hibernate.dialect.Dialect            : HHH000400: Using dialect: org.hibernate.dialect.H2Dialect
2021-12-27 09:46:09.367  INFO 18612 --- [           main] o.h.e.t.j.p.i.JtaPlatformInitiator       : HHH000490: Using JtaPlatform implementation: [org.hibernate.engine.transaction.jta.platform.internal.NoJtaPlatform]
2021-12-27 09:46:09.367  INFO 18612 --- [           main] j.LocalContainerEntityManagerFactoryBean : Initialized JPA EntityManagerFactory for persistence unit 'default'
2021-12-27 09:46:09.429  WARN 18612 --- [           main] JpaBaseConfiguration$JpaWebConfiguration : spring.jpa.open-in-view is enabled by default. Therefore, database queries may be performed during view rendering. Explicitly configure spring.jpa.open-in-view to disable this warning
2021-12-27 09:46:09.586  INFO 18612 --- [           main] c.r.c.servicetests.UserServiceTest       : Started UserServiceTest in 0.412 seconds (JVM running for 50.618)
]]></system-out>
  </testcase>
  <testcase name="testGetAllUsers_negative" classname="com.revature.caseclothes.servicetests.UserServiceTest" time="0.415">
    <system-out><![CDATA[2021-12-27 09:46:09.593  INFO 18612 --- [           main] j.LocalContainerEntityManagerFactoryBean : Closing JPA EntityManagerFactory for persistence unit 'default'
2021-12-27 09:46:09.593  INFO 18612 --- [           main] .SchemaDropperImpl$DelayedDropActionImpl : HHH000477: Starting delayed evictData of schema as part of SessionFactory shut-down'
2021-12-27 09:46:09.594  INFO 18612 --- [           main] com.zaxxer.hikari.HikariDataSource       : HikariPool-72 - Shutdown initiated...
2021-12-27 09:46:09.595  INFO 18612 --- [           main] com.zaxxer.hikari.HikariDataSource       : HikariPool-72 - Shutdown completed.

  .   ____          _            __ _ _
 /\\ / ___'_ __ _ _(_)_ __  __ _ \ \ \ \
( ( )\___ | '_ | '_| | '_ \/ _` | \ \ \ \
 \\/  ___)| |_)| | | | | || (_| |  ) ) ) )
  '  |____| .__|_| |_|_| |_\__, | / / / /
 =========|_|==============|___/=/_/_/_/
 :: Spring Boot ::                (v2.6.1)

2021-12-27 09:46:09.607  INFO 18612 --- [           main] c.r.c.servicetests.UserServiceTest       : Starting UserServiceTest using Java 1.8.0_301 on MSI-Jymm with PID 18612 (started by jymmm in D:\Curriculum-211018-Jymm\project-2-Team-Not-Found\case-clothes)
2021-12-27 09:46:09.607  INFO 18612 --- [           main] c.r.c.servicetests.UserServiceTest       : The following profiles are active: UserService-test
2021-12-27 09:46:09.682  INFO 18612 --- [           main] .s.d.r.c.RepositoryConfigurationDelegate : Bootstrapping Spring Data JPA repositories in DEFAULT mode.
2021-12-27 09:46:09.684  INFO 18612 --- [           main] .s.d.r.c.RepositoryConfigurationDelegate : Finished Spring Data repository scanning in 1 ms. Found 0 JPA repository interfaces.
2021-12-27 09:46:09.738  INFO 18612 --- [           main] com.zaxxer.hikari.HikariDataSource       : HikariPool-73 - Starting...
2021-12-27 09:46:09.738  INFO 18612 --- [           main] com.zaxxer.hikari.HikariDataSource       : HikariPool-73 - Start completed.
2021-12-27 09:46:09.745  INFO 18612 --- [           main] o.hibernate.jpa.internal.util.LogHelper  : HHH000204: Processing PersistenceUnitInfo [name: default]
2021-12-27 09:46:09.749  INFO 18612 --- [           main] org.hibernate.dialect.Dialect            : HHH000400: Using dialect: org.hibernate.dialect.H2Dialect
2021-12-27 09:46:09.781  INFO 18612 --- [           main] o.h.e.t.j.p.i.JtaPlatformInitiator       : HHH000490: Using JtaPlatform implementation: [org.hibernate.engine.transaction.jta.platform.internal.NoJtaPlatform]
2021-12-27 09:46:09.782  INFO 18612 --- [           main] j.LocalContainerEntityManagerFactoryBean : Initialized JPA EntityManagerFactory for persistence unit 'default'
2021-12-27 09:46:09.848  WARN 18612 --- [           main] JpaBaseConfiguration$JpaWebConfiguration : spring.jpa.open-in-view is enabled by default. Therefore, database queries may be performed during view rendering. Explicitly configure spring.jpa.open-in-view to disable this warning
2021-12-27 09:46:10.003  INFO 18612 --- [           main] c.r.c.servicetests.UserServiceTest       : Started UserServiceTest in 0.407 seconds (JVM running for 51.036)
]]></system-out>
  </testcase>
  <testcase name="testUpdateUser_NoFirstNameInput_OtherFieldsValid_NegativeTest" classname="com.revature.caseclothes.servicetests.UserServiceTest" time="0.42">
    <system-out><![CDATA[2021-12-27 09:46:10.008  INFO 18612 --- [           main] j.LocalContainerEntityManagerFactoryBean : Closing JPA EntityManagerFactory for persistence unit 'default'
2021-12-27 09:46:10.008  INFO 18612 --- [           main] .SchemaDropperImpl$DelayedDropActionImpl : HHH000477: Starting delayed evictData of schema as part of SessionFactory shut-down'
2021-12-27 09:46:10.010  INFO 18612 --- [           main] com.zaxxer.hikari.HikariDataSource       : HikariPool-73 - Shutdown initiated...
2021-12-27 09:46:10.010  INFO 18612 --- [           main] com.zaxxer.hikari.HikariDataSource       : HikariPool-73 - Shutdown completed.

  .   ____          _            __ _ _
 /\\ / ___'_ __ _ _(_)_ __  __ _ \ \ \ \
( ( )\___ | '_ | '_| | '_ \/ _` | \ \ \ \
 \\/  ___)| |_)| | | | | || (_| |  ) ) ) )
  '  |____| .__|_| |_|_| |_\__, | / / / /
 =========|_|==============|___/=/_/_/_/
 :: Spring Boot ::                (v2.6.1)

2021-12-27 09:46:10.021  INFO 18612 --- [           main] c.r.c.servicetests.UserServiceTest       : Starting UserServiceTest using Java 1.8.0_301 on MSI-Jymm with PID 18612 (started by jymmm in D:\Curriculum-211018-Jymm\project-2-Team-Not-Found\case-clothes)
2021-12-27 09:46:10.021  INFO 18612 --- [           main] c.r.c.servicetests.UserServiceTest       : The following profiles are active: UserService-test
2021-12-27 09:46:10.098  INFO 18612 --- [           main] .s.d.r.c.RepositoryConfigurationDelegate : Bootstrapping Spring Data JPA repositories in DEFAULT mode.
2021-12-27 09:46:10.100  INFO 18612 --- [           main] .s.d.r.c.RepositoryConfigurationDelegate : Finished Spring Data repository scanning in 1 ms. Found 0 JPA repository interfaces.
2021-12-27 09:46:10.158  INFO 18612 --- [           main] com.zaxxer.hikari.HikariDataSource       : HikariPool-74 - Starting...
2021-12-27 09:46:10.158  INFO 18612 --- [           main] com.zaxxer.hikari.HikariDataSource       : HikariPool-74 - Start completed.
2021-12-27 09:46:10.165  INFO 18612 --- [           main] o.hibernate.jpa.internal.util.LogHelper  : HHH000204: Processing PersistenceUnitInfo [name: default]
2021-12-27 09:46:10.167  INFO 18612 --- [           main] org.hibernate.dialect.Dialect            : HHH000400: Using dialect: org.hibernate.dialect.H2Dialect
2021-12-27 09:46:10.203  INFO 18612 --- [           main] o.h.e.t.j.p.i.JtaPlatformInitiator       : HHH000490: Using JtaPlatform implementation: [org.hibernate.engine.transaction.jta.platform.internal.NoJtaPlatform]
2021-12-27 09:46:10.203  INFO 18612 --- [           main] j.LocalContainerEntityManagerFactoryBean : Initialized JPA EntityManagerFactory for persistence unit 'default'
2021-12-27 09:46:10.263  WARN 18612 --- [           main] JpaBaseConfiguration$JpaWebConfiguration : spring.jpa.open-in-view is enabled by default. Therefore, database queries may be performed during view rendering. Explicitly configure spring.jpa.open-in-view to disable this warning
2021-12-27 09:46:10.422  INFO 18612 --- [           main] c.r.c.servicetests.UserServiceTest       : Started UserServiceTest in 0.41 seconds (JVM running for 51.454)
]]></system-out>
  </testcase>
  <testcase name="testAddCustomer_NoPasswordInput_OtherFieldsValid_NegativeTest" classname="com.revature.caseclothes.servicetests.UserServiceTest" time="0.437">
    <system-out><![CDATA[2021-12-27 09:46:10.428  INFO 18612 --- [           main] j.LocalContainerEntityManagerFactoryBean : Closing JPA EntityManagerFactory for persistence unit 'default'
2021-12-27 09:46:10.428  INFO 18612 --- [           main] .SchemaDropperImpl$DelayedDropActionImpl : HHH000477: Starting delayed evictData of schema as part of SessionFactory shut-down'
2021-12-27 09:46:10.429  INFO 18612 --- [           main] com.zaxxer.hikari.HikariDataSource       : HikariPool-74 - Shutdown initiated...
2021-12-27 09:46:10.429  INFO 18612 --- [           main] com.zaxxer.hikari.HikariDataSource       : HikariPool-74 - Shutdown completed.

  .   ____          _            __ _ _
 /\\ / ___'_ __ _ _(_)_ __  __ _ \ \ \ \
( ( )\___ | '_ | '_| | '_ \/ _` | \ \ \ \
 \\/  ___)| |_)| | | | | || (_| |  ) ) ) )
  '  |____| .__|_| |_|_| |_\__, | / / / /
 =========|_|==============|___/=/_/_/_/
 :: Spring Boot ::                (v2.6.1)

2021-12-27 09:46:10.441  INFO 18612 --- [           main] c.r.c.servicetests.UserServiceTest       : Starting UserServiceTest using Java 1.8.0_301 on MSI-Jymm with PID 18612 (started by jymmm in D:\Curriculum-211018-Jymm\project-2-Team-Not-Found\case-clothes)
2021-12-27 09:46:10.441  INFO 18612 --- [           main] c.r.c.servicetests.UserServiceTest       : The following profiles are active: UserService-test
2021-12-27 09:46:10.519  INFO 18612 --- [           main] .s.d.r.c.RepositoryConfigurationDelegate : Bootstrapping Spring Data JPA repositories in DEFAULT mode.
2021-12-27 09:46:10.521  INFO 18612 --- [           main] .s.d.r.c.RepositoryConfigurationDelegate : Finished Spring Data repository scanning in 2 ms. Found 0 JPA repository interfaces.
2021-12-27 09:46:10.576  INFO 18612 --- [           main] com.zaxxer.hikari.HikariDataSource       : HikariPool-75 - Starting...
2021-12-27 09:46:10.577  INFO 18612 --- [           main] com.zaxxer.hikari.HikariDataSource       : HikariPool-75 - Start completed.
2021-12-27 09:46:10.584  INFO 18612 --- [           main] o.hibernate.jpa.internal.util.LogHelper  : HHH000204: Processing PersistenceUnitInfo [name: default]
2021-12-27 09:46:10.586  INFO 18612 --- [           main] org.hibernate.dialect.Dialect            : HHH000400: Using dialect: org.hibernate.dialect.H2Dialect
2021-12-27 09:46:10.617  INFO 18612 --- [           main] o.h.e.t.j.p.i.JtaPlatformInitiator       : HHH000490: Using JtaPlatform implementation: [org.hibernate.engine.transaction.jta.platform.internal.NoJtaPlatform]
2021-12-27 09:46:10.618  INFO 18612 --- [           main] j.LocalContainerEntityManagerFactoryBean : Initialized JPA EntityManagerFactory for persistence unit 'default'
2021-12-27 09:46:10.679  WARN 18612 --- [           main] JpaBaseConfiguration$JpaWebConfiguration : spring.jpa.open-in-view is enabled by default. Therefore, database queries may be performed during view rendering. Explicitly configure spring.jpa.open-in-view to disable this warning
2021-12-27 09:46:10.861  INFO 18612 --- [           main] c.r.c.servicetests.UserServiceTest       : Started UserServiceTest in 0.429 seconds (JVM running for 51.893)
]]></system-out>
  </testcase>
  <testcase name="testAddAdmin_AddUserDTO_NoUsernameInput_OtherFieldsValid_NegativeTest" classname="com.revature.caseclothes.servicetests.UserServiceTest" time="0.435">
    <system-out><![CDATA[2021-12-27 09:46:10.865  INFO 18612 --- [           main] j.LocalContainerEntityManagerFactoryBean : Closing JPA EntityManagerFactory for persistence unit 'default'
2021-12-27 09:46:10.865  INFO 18612 --- [           main] .SchemaDropperImpl$DelayedDropActionImpl : HHH000477: Starting delayed evictData of schema as part of SessionFactory shut-down'
2021-12-27 09:46:10.866  INFO 18612 --- [           main] com.zaxxer.hikari.HikariDataSource       : HikariPool-75 - Shutdown initiated...
2021-12-27 09:46:10.866  INFO 18612 --- [           main] com.zaxxer.hikari.HikariDataSource       : HikariPool-75 - Shutdown completed.

  .   ____          _            __ _ _
 /\\ / ___'_ __ _ _(_)_ __  __ _ \ \ \ \
( ( )\___ | '_ | '_| | '_ \/ _` | \ \ \ \
 \\/  ___)| |_)| | | | | || (_| |  ) ) ) )
  '  |____| .__|_| |_|_| |_\__, | / / / /
 =========|_|==============|___/=/_/_/_/
 :: Spring Boot ::                (v2.6.1)

2021-12-27 09:46:10.881  INFO 18612 --- [           main] c.r.c.servicetests.UserServiceTest       : Starting UserServiceTest using Java 1.8.0_301 on MSI-Jymm with PID 18612 (started by jymmm in D:\Curriculum-211018-Jymm\project-2-Team-Not-Found\case-clothes)
2021-12-27 09:46:10.881  INFO 18612 --- [           main] c.r.c.servicetests.UserServiceTest       : The following profiles are active: UserService-test
2021-12-27 09:46:10.958  INFO 18612 --- [           main] .s.d.r.c.RepositoryConfigurationDelegate : Bootstrapping Spring Data JPA repositories in DEFAULT mode.
2021-12-27 09:46:10.960  INFO 18612 --- [           main] .s.d.r.c.RepositoryConfigurationDelegate : Finished Spring Data repository scanning in 1 ms. Found 0 JPA repository interfaces.
2021-12-27 09:46:11.022  INFO 18612 --- [           main] com.zaxxer.hikari.HikariDataSource       : HikariPool-76 - Starting...
2021-12-27 09:46:11.022  INFO 18612 --- [           main] com.zaxxer.hikari.HikariDataSource       : HikariPool-76 - Start completed.
2021-12-27 09:46:11.032  INFO 18612 --- [           main] o.hibernate.jpa.internal.util.LogHelper  : HHH000204: Processing PersistenceUnitInfo [name: default]
2021-12-27 09:46:11.038  INFO 18612 --- [           main] org.hibernate.dialect.Dialect            : HHH000400: Using dialect: org.hibernate.dialect.H2Dialect
2021-12-27 09:46:11.083  INFO 18612 --- [           main] o.h.e.t.j.p.i.JtaPlatformInitiator       : HHH000490: Using JtaPlatform implementation: [org.hibernate.engine.transaction.jta.platform.internal.NoJtaPlatform]
2021-12-27 09:46:11.083  INFO 18612 --- [           main] j.LocalContainerEntityManagerFactoryBean : Initialized JPA EntityManagerFactory for persistence unit 'default'
2021-12-27 09:46:11.142  WARN 18612 --- [           main] JpaBaseConfiguration$JpaWebConfiguration : spring.jpa.open-in-view is enabled by default. Therefore, database queries may be performed during view rendering. Explicitly configure spring.jpa.open-in-view to disable this warning
2021-12-27 09:46:11.296  INFO 18612 --- [           main] c.r.c.servicetests.UserServiceTest       : Started UserServiceTest in 0.428 seconds (JVM running for 52.328)
]]></system-out>
  </testcase>
  <testcase name="testAddAdmin_AddUserDTO_NoFirstNameInput_OtherFieldsValid_NegativeTest" classname="com.revature.caseclothes.servicetests.UserServiceTest" time="0.412">
    <system-out><![CDATA[2021-12-27 09:46:11.300  INFO 18612 --- [           main] j.LocalContainerEntityManagerFactoryBean : Closing JPA EntityManagerFactory for persistence unit 'default'
2021-12-27 09:46:11.301  INFO 18612 --- [           main] .SchemaDropperImpl$DelayedDropActionImpl : HHH000477: Starting delayed evictData of schema as part of SessionFactory shut-down'
2021-12-27 09:46:11.301  INFO 18612 --- [           main] com.zaxxer.hikari.HikariDataSource       : HikariPool-76 - Shutdown initiated...
2021-12-27 09:46:11.302  INFO 18612 --- [           main] com.zaxxer.hikari.HikariDataSource       : HikariPool-76 - Shutdown completed.

  .   ____          _            __ _ _
 /\\ / ___'_ __ _ _(_)_ __  __ _ \ \ \ \
( ( )\___ | '_ | '_| | '_ \/ _` | \ \ \ \
 \\/  ___)| |_)| | | | | || (_| |  ) ) ) )
  '  |____| .__|_| |_|_| |_\__, | / / / /
 =========|_|==============|___/=/_/_/_/
 :: Spring Boot ::                (v2.6.1)

2021-12-27 09:46:11.315  INFO 18612 --- [           main] c.r.c.servicetests.UserServiceTest       : Starting UserServiceTest using Java 1.8.0_301 on MSI-Jymm with PID 18612 (started by jymmm in D:\Curriculum-211018-Jymm\project-2-Team-Not-Found\case-clothes)
2021-12-27 09:46:11.315  INFO 18612 --- [           main] c.r.c.servicetests.UserServiceTest       : The following profiles are active: UserService-test
2021-12-27 09:46:11.392  INFO 18612 --- [           main] .s.d.r.c.RepositoryConfigurationDelegate : Bootstrapping Spring Data JPA repositories in DEFAULT mode.
2021-12-27 09:46:11.394  INFO 18612 --- [           main] .s.d.r.c.RepositoryConfigurationDelegate : Finished Spring Data repository scanning in 1 ms. Found 0 JPA repository interfaces.
2021-12-27 09:46:11.447  INFO 18612 --- [           main] com.zaxxer.hikari.HikariDataSource       : HikariPool-77 - Starting...
2021-12-27 09:46:11.447  INFO 18612 --- [           main] com.zaxxer.hikari.HikariDataSource       : HikariPool-77 - Start completed.
2021-12-27 09:46:11.454  INFO 18612 --- [           main] o.hibernate.jpa.internal.util.LogHelper  : HHH000204: Processing PersistenceUnitInfo [name: default]
2021-12-27 09:46:11.456  INFO 18612 --- [           main] org.hibernate.dialect.Dialect            : HHH000400: Using dialect: org.hibernate.dialect.H2Dialect
2021-12-27 09:46:11.488  INFO 18612 --- [           main] o.h.e.t.j.p.i.JtaPlatformInitiator       : HHH000490: Using JtaPlatform implementation: [org.hibernate.engine.transaction.jta.platform.internal.NoJtaPlatform]
2021-12-27 09:46:11.488  INFO 18612 --- [           main] j.LocalContainerEntityManagerFactoryBean : Initialized JPA EntityManagerFactory for persistence unit 'default'
2021-12-27 09:46:11.547  WARN 18612 --- [           main] JpaBaseConfiguration$JpaWebConfiguration : spring.jpa.open-in-view is enabled by default. Therefore, database queries may be performed during view rendering. Explicitly configure spring.jpa.open-in-view to disable this warning
2021-12-27 09:46:11.707  INFO 18612 --- [           main] c.r.c.servicetests.UserServiceTest       : Started UserServiceTest in 0.402 seconds (JVM running for 52.74)
]]></system-out>
  </testcase>
  <testcase name="testAddAdmin_AddUserDTO_NoPhoneNumberInput_OtherFieldsValid_NegativeTest" classname="com.revature.caseclothes.servicetests.UserServiceTest" time="0.428">
    <system-out><![CDATA[2021-12-27 09:46:11.713  INFO 18612 --- [           main] j.LocalContainerEntityManagerFactoryBean : Closing JPA EntityManagerFactory for persistence unit 'default'
2021-12-27 09:46:11.713  INFO 18612 --- [           main] .SchemaDropperImpl$DelayedDropActionImpl : HHH000477: Starting delayed evictData of schema as part of SessionFactory shut-down'
2021-12-27 09:46:11.714  INFO 18612 --- [           main] com.zaxxer.hikari.HikariDataSource       : HikariPool-77 - Shutdown initiated...
2021-12-27 09:46:11.714  INFO 18612 --- [           main] com.zaxxer.hikari.HikariDataSource       : HikariPool-77 - Shutdown completed.

  .   ____          _            __ _ _
 /\\ / ___'_ __ _ _(_)_ __  __ _ \ \ \ \
( ( )\___ | '_ | '_| | '_ \/ _` | \ \ \ \
 \\/  ___)| |_)| | | | | || (_| |  ) ) ) )
  '  |____| .__|_| |_|_| |_\__, | / / / /
 =========|_|==============|___/=/_/_/_/
 :: Spring Boot ::                (v2.6.1)

2021-12-27 09:46:11.725  INFO 18612 --- [           main] c.r.c.servicetests.UserServiceTest       : Starting UserServiceTest using Java 1.8.0_301 on MSI-Jymm with PID 18612 (started by jymmm in D:\Curriculum-211018-Jymm\project-2-Team-Not-Found\case-clothes)
2021-12-27 09:46:11.725  INFO 18612 --- [           main] c.r.c.servicetests.UserServiceTest       : The following profiles are active: UserService-test
2021-12-27 09:46:11.807  INFO 18612 --- [           main] .s.d.r.c.RepositoryConfigurationDelegate : Bootstrapping Spring Data JPA repositories in DEFAULT mode.
2021-12-27 09:46:11.809  INFO 18612 --- [           main] .s.d.r.c.RepositoryConfigurationDelegate : Finished Spring Data repository scanning in 1 ms. Found 0 JPA repository interfaces.
2021-12-27 09:46:11.864  INFO 18612 --- [           main] com.zaxxer.hikari.HikariDataSource       : HikariPool-78 - Starting...
2021-12-27 09:46:11.865  INFO 18612 --- [           main] com.zaxxer.hikari.HikariDataSource       : HikariPool-78 - Start completed.
2021-12-27 09:46:11.873  INFO 18612 --- [           main] o.hibernate.jpa.internal.util.LogHelper  : HHH000204: Processing PersistenceUnitInfo [name: default]
2021-12-27 09:46:11.875  INFO 18612 --- [           main] org.hibernate.dialect.Dialect            : HHH000400: Using dialect: org.hibernate.dialect.H2Dialect
2021-12-27 09:46:11.907  INFO 18612 --- [           main] o.h.e.t.j.p.i.JtaPlatformInitiator       : HHH000490: Using JtaPlatform implementation: [org.hibernate.engine.transaction.jta.platform.internal.NoJtaPlatform]
2021-12-27 09:46:11.907  INFO 18612 --- [           main] j.LocalContainerEntityManagerFactoryBean : Initialized JPA EntityManagerFactory for persistence unit 'default'
2021-12-27 09:46:11.976  WARN 18612 --- [           main] JpaBaseConfiguration$JpaWebConfiguration : spring.jpa.open-in-view is enabled by default. Therefore, database queries may be performed during view rendering. Explicitly configure spring.jpa.open-in-view to disable this warning
2021-12-27 09:46:12.137  INFO 18612 --- [           main] c.r.c.servicetests.UserServiceTest       : Started UserServiceTest in 0.421 seconds (JVM running for 53.169)
]]></system-out>
  </testcase>
  <testcase name="testUpdateUser_NoLastNameInput_OtherFieldsValid_NegativeTest" classname="com.revature.caseclothes.servicetests.UserServiceTest" time="0.481">
    <system-out><![CDATA[2021-12-27 09:46:12.142  INFO 18612 --- [           main] j.LocalContainerEntityManagerFactoryBean : Closing JPA EntityManagerFactory for persistence unit 'default'
2021-12-27 09:46:12.142  INFO 18612 --- [           main] .SchemaDropperImpl$DelayedDropActionImpl : HHH000477: Starting delayed evictData of schema as part of SessionFactory shut-down'
2021-12-27 09:46:12.142  INFO 18612 --- [           main] com.zaxxer.hikari.HikariDataSource       : HikariPool-78 - Shutdown initiated...
2021-12-27 09:46:12.143  INFO 18612 --- [           main] com.zaxxer.hikari.HikariDataSource       : HikariPool-78 - Shutdown completed.

  .   ____          _            __ _ _
 /\\ / ___'_ __ _ _(_)_ __  __ _ \ \ \ \
( ( )\___ | '_ | '_| | '_ \/ _` | \ \ \ \
 \\/  ___)| |_)| | | | | || (_| |  ) ) ) )
  '  |____| .__|_| |_|_| |_\__, | / / / /
 =========|_|==============|___/=/_/_/_/
 :: Spring Boot ::                (v2.6.1)

2021-12-27 09:46:12.156  INFO 18612 --- [           main] c.r.c.servicetests.UserServiceTest       : Starting UserServiceTest using Java 1.8.0_301 on MSI-Jymm with PID 18612 (started by jymmm in D:\Curriculum-211018-Jymm\project-2-Team-Not-Found\case-clothes)
2021-12-27 09:46:12.156  INFO 18612 --- [           main] c.r.c.servicetests.UserServiceTest       : The following profiles are active: UserService-test
2021-12-27 09:46:12.234  INFO 18612 --- [           main] .s.d.r.c.RepositoryConfigurationDelegate : Bootstrapping Spring Data JPA repositories in DEFAULT mode.
2021-12-27 09:46:12.236  INFO 18612 --- [           main] .s.d.r.c.RepositoryConfigurationDelegate : Finished Spring Data repository scanning in 1 ms. Found 0 JPA repository interfaces.
2021-12-27 09:46:12.291  INFO 18612 --- [           main] com.zaxxer.hikari.HikariDataSource       : HikariPool-79 - Starting...
2021-12-27 09:46:12.291  INFO 18612 --- [           main] com.zaxxer.hikari.HikariDataSource       : HikariPool-79 - Start completed.
2021-12-27 09:46:12.298  INFO 18612 --- [           main] o.hibernate.jpa.internal.util.LogHelper  : HHH000204: Processing PersistenceUnitInfo [name: default]
2021-12-27 09:46:12.300  INFO 18612 --- [           main] org.hibernate.dialect.Dialect            : HHH000400: Using dialect: org.hibernate.dialect.H2Dialect
2021-12-27 09:46:12.331  INFO 18612 --- [           main] o.h.e.t.j.p.i.JtaPlatformInitiator       : HHH000490: Using JtaPlatform implementation: [org.hibernate.engine.transaction.jta.platform.internal.NoJtaPlatform]
2021-12-27 09:46:12.331  INFO 18612 --- [           main] j.LocalContainerEntityManagerFactoryBean : Initialized JPA EntityManagerFactory for persistence unit 'default'
2021-12-27 09:46:12.426  WARN 18612 --- [           main] JpaBaseConfiguration$JpaWebConfiguration : spring.jpa.open-in-view is enabled by default. Therefore, database queries may be performed during view rendering. Explicitly configure spring.jpa.open-in-view to disable this warning
2021-12-27 09:46:12.617  INFO 18612 --- [           main] c.r.c.servicetests.UserServiceTest       : Started UserServiceTest in 0.472 seconds (JVM running for 53.649)
]]></system-out>
  </testcase>
  <testcase name="testLogin_admin" classname="com.revature.caseclothes.servicetests.UserServiceTest" time="0.445">
    <system-out><![CDATA[2021-12-27 09:46:12.623  INFO 18612 --- [           main] j.LocalContainerEntityManagerFactoryBean : Closing JPA EntityManagerFactory for persistence unit 'default'
2021-12-27 09:46:12.623  INFO 18612 --- [           main] .SchemaDropperImpl$DelayedDropActionImpl : HHH000477: Starting delayed evictData of schema as part of SessionFactory shut-down'
2021-12-27 09:46:12.624  INFO 18612 --- [           main] com.zaxxer.hikari.HikariDataSource       : HikariPool-79 - Shutdown initiated...
2021-12-27 09:46:12.625  INFO 18612 --- [           main] com.zaxxer.hikari.HikariDataSource       : HikariPool-79 - Shutdown completed.

  .   ____          _            __ _ _
 /\\ / ___'_ __ _ _(_)_ __  __ _ \ \ \ \
( ( )\___ | '_ | '_| | '_ \/ _` | \ \ \ \
 \\/  ___)| |_)| | | | | || (_| |  ) ) ) )
  '  |____| .__|_| |_|_| |_\__, | / / / /
 =========|_|==============|___/=/_/_/_/
 :: Spring Boot ::                (v2.6.1)

2021-12-27 09:46:12.637  INFO 18612 --- [           main] c.r.c.servicetests.UserServiceTest       : Starting UserServiceTest using Java 1.8.0_301 on MSI-Jymm with PID 18612 (started by jymmm in D:\Curriculum-211018-Jymm\project-2-Team-Not-Found\case-clothes)
2021-12-27 09:46:12.637  INFO 18612 --- [           main] c.r.c.servicetests.UserServiceTest       : The following profiles are active: UserService-test
2021-12-27 09:46:12.729  INFO 18612 --- [           main] .s.d.r.c.RepositoryConfigurationDelegate : Bootstrapping Spring Data JPA repositories in DEFAULT mode.
2021-12-27 09:46:12.731  INFO 18612 --- [           main] .s.d.r.c.RepositoryConfigurationDelegate : Finished Spring Data repository scanning in 1 ms. Found 0 JPA repository interfaces.
2021-12-27 09:46:12.793  INFO 18612 --- [           main] com.zaxxer.hikari.HikariDataSource       : HikariPool-80 - Starting...
2021-12-27 09:46:12.794  INFO 18612 --- [           main] com.zaxxer.hikari.HikariDataSource       : HikariPool-80 - Start completed.
2021-12-27 09:46:12.803  INFO 18612 --- [           main] o.hibernate.jpa.internal.util.LogHelper  : HHH000204: Processing PersistenceUnitInfo [name: default]
2021-12-27 09:46:12.805  INFO 18612 --- [           main] org.hibernate.dialect.Dialect            : HHH000400: Using dialect: org.hibernate.dialect.H2Dialect
2021-12-27 09:46:12.837  INFO 18612 --- [           main] o.h.e.t.j.p.i.JtaPlatformInitiator       : HHH000490: Using JtaPlatform implementation: [org.hibernate.engine.transaction.jta.platform.internal.NoJtaPlatform]
2021-12-27 09:46:12.838  INFO 18612 --- [           main] j.LocalContainerEntityManagerFactoryBean : Initialized JPA EntityManagerFactory for persistence unit 'default'
2021-12-27 09:46:12.900  WARN 18612 --- [           main] JpaBaseConfiguration$JpaWebConfiguration : spring.jpa.open-in-view is enabled by default. Therefore, database queries may be performed during view rendering. Explicitly configure spring.jpa.open-in-view to disable this warning
2021-12-27 09:46:13.063  INFO 18612 --- [           main] c.r.c.servicetests.UserServiceTest       : Started UserServiceTest in 0.437 seconds (JVM running for 54.095)
]]></system-out>
  </testcase>
  <testcase name="testAddAdmin_AddUserDTO_NoEmailInput_OtherFieldsValid_NegativeTest" classname="com.revature.caseclothes.servicetests.UserServiceTest" time="0.412">
    <system-out><![CDATA[2021-12-27 09:46:13.071  INFO 18612 --- [           main] j.LocalContainerEntityManagerFactoryBean : Closing JPA EntityManagerFactory for persistence unit 'default'
2021-12-27 09:46:13.071  INFO 18612 --- [           main] .SchemaDropperImpl$DelayedDropActionImpl : HHH000477: Starting delayed evictData of schema as part of SessionFactory shut-down'
2021-12-27 09:46:13.072  INFO 18612 --- [           main] com.zaxxer.hikari.HikariDataSource       : HikariPool-80 - Shutdown initiated...
2021-12-27 09:46:13.073  INFO 18612 --- [           main] com.zaxxer.hikari.HikariDataSource       : HikariPool-80 - Shutdown completed.

  .   ____          _            __ _ _
 /\\ / ___'_ __ _ _(_)_ __  __ _ \ \ \ \
( ( )\___ | '_ | '_| | '_ \/ _` | \ \ \ \
 \\/  ___)| |_)| | | | | || (_| |  ) ) ) )
  '  |____| .__|_| |_|_| |_\__, | / / / /
 =========|_|==============|___/=/_/_/_/
 :: Spring Boot ::                (v2.6.1)

2021-12-27 09:46:13.084  INFO 18612 --- [           main] c.r.c.servicetests.UserServiceTest       : Starting UserServiceTest using Java 1.8.0_301 on MSI-Jymm with PID 18612 (started by jymmm in D:\Curriculum-211018-Jymm\project-2-Team-Not-Found\case-clothes)
2021-12-27 09:46:13.084  INFO 18612 --- [           main] c.r.c.servicetests.UserServiceTest       : The following profiles are active: UserService-test
2021-12-27 09:46:13.162  INFO 18612 --- [           main] .s.d.r.c.RepositoryConfigurationDelegate : Bootstrapping Spring Data JPA repositories in DEFAULT mode.
2021-12-27 09:46:13.164  INFO 18612 --- [           main] .s.d.r.c.RepositoryConfigurationDelegate : Finished Spring Data repository scanning in 1 ms. Found 0 JPA repository interfaces.
2021-12-27 09:46:13.219  INFO 18612 --- [           main] com.zaxxer.hikari.HikariDataSource       : HikariPool-81 - Starting...
2021-12-27 09:46:13.219  INFO 18612 --- [           main] com.zaxxer.hikari.HikariDataSource       : HikariPool-81 - Start completed.
2021-12-27 09:46:13.227  INFO 18612 --- [           main] o.hibernate.jpa.internal.util.LogHelper  : HHH000204: Processing PersistenceUnitInfo [name: default]
2021-12-27 09:46:13.229  INFO 18612 --- [           main] org.hibernate.dialect.Dialect            : HHH000400: Using dialect: org.hibernate.dialect.H2Dialect
2021-12-27 09:46:13.257  INFO 18612 --- [           main] o.h.e.t.j.p.i.JtaPlatformInitiator       : HHH000490: Using JtaPlatform implementation: [org.hibernate.engine.transaction.jta.platform.internal.NoJtaPlatform]
2021-12-27 09:46:13.257  INFO 18612 --- [           main] j.LocalContainerEntityManagerFactoryBean : Initialized JPA EntityManagerFactory for persistence unit 'default'
2021-12-27 09:46:13.319  WARN 18612 --- [           main] JpaBaseConfiguration$JpaWebConfiguration : spring.jpa.open-in-view is enabled by default. Therefore, database queries may be performed during view rendering. Explicitly configure spring.jpa.open-in-view to disable this warning
2021-12-27 09:46:13.476  INFO 18612 --- [           main] c.r.c.servicetests.UserServiceTest       : Started UserServiceTest in 0.401 seconds (JVM running for 54.508)
]]></system-out>
  </testcase>
  <testcase name="testGetUserByUsername_positive" classname="com.revature.caseclothes.servicetests.UserServiceTest" time="0.412">
    <system-out><![CDATA[2021-12-27 09:46:13.484  INFO 18612 --- [           main] j.LocalContainerEntityManagerFactoryBean : Closing JPA EntityManagerFactory for persistence unit 'default'
2021-12-27 09:46:13.484  INFO 18612 --- [           main] .SchemaDropperImpl$DelayedDropActionImpl : HHH000477: Starting delayed evictData of schema as part of SessionFactory shut-down'
2021-12-27 09:46:13.484  INFO 18612 --- [           main] com.zaxxer.hikari.HikariDataSource       : HikariPool-81 - Shutdown initiated...
2021-12-27 09:46:13.485  INFO 18612 --- [           main] com.zaxxer.hikari.HikariDataSource       : HikariPool-81 - Shutdown completed.

  .   ____          _            __ _ _
 /\\ / ___'_ __ _ _(_)_ __  __ _ \ \ \ \
( ( )\___ | '_ | '_| | '_ \/ _` | \ \ \ \
 \\/  ___)| |_)| | | | | || (_| |  ) ) ) )
  '  |____| .__|_| |_|_| |_\__, | / / / /
 =========|_|==============|___/=/_/_/_/
 :: Spring Boot ::                (v2.6.1)

2021-12-27 09:46:13.495  INFO 18612 --- [           main] c.r.c.servicetests.UserServiceTest       : Starting UserServiceTest using Java 1.8.0_301 on MSI-Jymm with PID 18612 (started by jymmm in D:\Curriculum-211018-Jymm\project-2-Team-Not-Found\case-clothes)
2021-12-27 09:46:13.496  INFO 18612 --- [           main] c.r.c.servicetests.UserServiceTest       : The following profiles are active: UserService-test
2021-12-27 09:46:13.575  INFO 18612 --- [           main] .s.d.r.c.RepositoryConfigurationDelegate : Bootstrapping Spring Data JPA repositories in DEFAULT mode.
2021-12-27 09:46:13.577  INFO 18612 --- [           main] .s.d.r.c.RepositoryConfigurationDelegate : Finished Spring Data repository scanning in 1 ms. Found 0 JPA repository interfaces.
2021-12-27 09:46:13.635  INFO 18612 --- [           main] com.zaxxer.hikari.HikariDataSource       : HikariPool-82 - Starting...
2021-12-27 09:46:13.636  INFO 18612 --- [           main] com.zaxxer.hikari.HikariDataSource       : HikariPool-82 - Start completed.
2021-12-27 09:46:13.643  INFO 18612 --- [           main] o.hibernate.jpa.internal.util.LogHelper  : HHH000204: Processing PersistenceUnitInfo [name: default]
2021-12-27 09:46:13.646  INFO 18612 --- [           main] org.hibernate.dialect.Dialect            : HHH000400: Using dialect: org.hibernate.dialect.H2Dialect
2021-12-27 09:46:13.673  INFO 18612 --- [           main] o.h.e.t.j.p.i.JtaPlatformInitiator       : HHH000490: Using JtaPlatform implementation: [org.hibernate.engine.transaction.jta.platform.internal.NoJtaPlatform]
2021-12-27 09:46:13.673  INFO 18612 --- [           main] j.LocalContainerEntityManagerFactoryBean : Initialized JPA EntityManagerFactory for persistence unit 'default'
2021-12-27 09:46:13.735  WARN 18612 --- [           main] JpaBaseConfiguration$JpaWebConfiguration : spring.jpa.open-in-view is enabled by default. Therefore, database queries may be performed during view rendering. Explicitly configure spring.jpa.open-in-view to disable this warning
2021-12-27 09:46:13.889  INFO 18612 --- [           main] c.r.c.servicetests.UserServiceTest       : Started UserServiceTest in 0.403 seconds (JVM running for 54.922)
]]></system-out>
  </testcase>
  <testcase name="testAddCustomer_PositiveTest" classname="com.revature.caseclothes.servicetests.UserServiceTest" time="0.408">
    <system-out><![CDATA[2021-12-27 09:46:13.896  INFO 18612 --- [           main] j.LocalContainerEntityManagerFactoryBean : Closing JPA EntityManagerFactory for persistence unit 'default'
2021-12-27 09:46:13.896  INFO 18612 --- [           main] .SchemaDropperImpl$DelayedDropActionImpl : HHH000477: Starting delayed evictData of schema as part of SessionFactory shut-down'
2021-12-27 09:46:13.897  INFO 18612 --- [           main] com.zaxxer.hikari.HikariDataSource       : HikariPool-82 - Shutdown initiated...
2021-12-27 09:46:13.897  INFO 18612 --- [           main] com.zaxxer.hikari.HikariDataSource       : HikariPool-82 - Shutdown completed.

  .   ____          _            __ _ _
 /\\ / ___'_ __ _ _(_)_ __  __ _ \ \ \ \
( ( )\___ | '_ | '_| | '_ \/ _` | \ \ \ \
 \\/  ___)| |_)| | | | | || (_| |  ) ) ) )
  '  |____| .__|_| |_|_| |_\__, | / / / /
 =========|_|==============|___/=/_/_/_/
 :: Spring Boot ::                (v2.6.1)

2021-12-27 09:46:13.909  INFO 18612 --- [           main] c.r.c.servicetests.UserServiceTest       : Starting UserServiceTest using Java 1.8.0_301 on MSI-Jymm with PID 18612 (started by jymmm in D:\Curriculum-211018-Jymm\project-2-Team-Not-Found\case-clothes)
2021-12-27 09:46:13.909  INFO 18612 --- [           main] c.r.c.servicetests.UserServiceTest       : The following profiles are active: UserService-test
2021-12-27 09:46:13.988  INFO 18612 --- [           main] .s.d.r.c.RepositoryConfigurationDelegate : Bootstrapping Spring Data JPA repositories in DEFAULT mode.
2021-12-27 09:46:13.990  INFO 18612 --- [           main] .s.d.r.c.RepositoryConfigurationDelegate : Finished Spring Data repository scanning in 2 ms. Found 0 JPA repository interfaces.
2021-12-27 09:46:14.045  INFO 18612 --- [           main] com.zaxxer.hikari.HikariDataSource       : HikariPool-83 - Starting...
2021-12-27 09:46:14.046  INFO 18612 --- [           main] com.zaxxer.hikari.HikariDataSource       : HikariPool-83 - Start completed.
2021-12-27 09:46:14.054  INFO 18612 --- [           main] o.hibernate.jpa.internal.util.LogHelper  : HHH000204: Processing PersistenceUnitInfo [name: default]
2021-12-27 09:46:14.056  INFO 18612 --- [           main] org.hibernate.dialect.Dialect            : HHH000400: Using dialect: org.hibernate.dialect.H2Dialect
2021-12-27 09:46:14.084  INFO 18612 --- [           main] o.h.e.t.j.p.i.JtaPlatformInitiator       : HHH000490: Using JtaPlatform implementation: [org.hibernate.engine.transaction.jta.platform.internal.NoJtaPlatform]
2021-12-27 09:46:14.084  INFO 18612 --- [           main] j.LocalContainerEntityManagerFactoryBean : Initialized JPA EntityManagerFactory for persistence unit 'default'
2021-12-27 09:46:14.139  WARN 18612 --- [           main] JpaBaseConfiguration$JpaWebConfiguration : spring.jpa.open-in-view is enabled by default. Therefore, database queries may be performed during view rendering. Explicitly configure spring.jpa.open-in-view to disable this warning
2021-12-27 09:46:14.297  INFO 18612 --- [           main] c.r.c.servicetests.UserServiceTest       : Started UserServiceTest in 0.398 seconds (JVM running for 55.329)
]]></system-out>
  </testcase>
  <testcase name="testGetUserByUserName_UserIsNull_NegativeTest" classname="com.revature.caseclothes.servicetests.UserServiceTest" time="0.417">
    <system-out><![CDATA[2021-12-27 09:46:14.307  INFO 18612 --- [           main] j.LocalContainerEntityManagerFactoryBean : Closing JPA EntityManagerFactory for persistence unit 'default'
2021-12-27 09:46:14.307  INFO 18612 --- [           main] .SchemaDropperImpl$DelayedDropActionImpl : HHH000477: Starting delayed evictData of schema as part of SessionFactory shut-down'
2021-12-27 09:46:14.308  INFO 18612 --- [           main] com.zaxxer.hikari.HikariDataSource       : HikariPool-83 - Shutdown initiated...
2021-12-27 09:46:14.309  INFO 18612 --- [           main] com.zaxxer.hikari.HikariDataSource       : HikariPool-83 - Shutdown completed.

  .   ____          _            __ _ _
 /\\ / ___'_ __ _ _(_)_ __  __ _ \ \ \ \
( ( )\___ | '_ | '_| | '_ \/ _` | \ \ \ \
 \\/  ___)| |_)| | | | | || (_| |  ) ) ) )
  '  |____| .__|_| |_|_| |_\__, | / / / /
 =========|_|==============|___/=/_/_/_/
 :: Spring Boot ::                (v2.6.1)

2021-12-27 09:46:14.321  INFO 18612 --- [           main] c.r.c.servicetests.UserServiceTest       : Starting UserServiceTest using Java 1.8.0_301 on MSI-Jymm with PID 18612 (started by jymmm in D:\Curriculum-211018-Jymm\project-2-Team-Not-Found\case-clothes)
2021-12-27 09:46:14.321  INFO 18612 --- [           main] c.r.c.servicetests.UserServiceTest       : The following profiles are active: UserService-test
2021-12-27 09:46:14.403  INFO 18612 --- [           main] .s.d.r.c.RepositoryConfigurationDelegate : Bootstrapping Spring Data JPA repositories in DEFAULT mode.
2021-12-27 09:46:14.405  INFO 18612 --- [           main] .s.d.r.c.RepositoryConfigurationDelegate : Finished Spring Data repository scanning in 1 ms. Found 0 JPA repository interfaces.
2021-12-27 09:46:14.459  INFO 18612 --- [           main] com.zaxxer.hikari.HikariDataSource       : HikariPool-84 - Starting...
2021-12-27 09:46:14.459  INFO 18612 --- [           main] com.zaxxer.hikari.HikariDataSource       : HikariPool-84 - Start completed.
2021-12-27 09:46:14.466  INFO 18612 --- [           main] o.hibernate.jpa.internal.util.LogHelper  : HHH000204: Processing PersistenceUnitInfo [name: default]
2021-12-27 09:46:14.468  INFO 18612 --- [           main] org.hibernate.dialect.Dialect            : HHH000400: Using dialect: org.hibernate.dialect.H2Dialect
2021-12-27 09:46:14.496  INFO 18612 --- [           main] o.h.e.t.j.p.i.JtaPlatformInitiator       : HHH000490: Using JtaPlatform implementation: [org.hibernate.engine.transaction.jta.platform.internal.NoJtaPlatform]
2021-12-27 09:46:14.496  INFO 18612 --- [           main] j.LocalContainerEntityManagerFactoryBean : Initialized JPA EntityManagerFactory for persistence unit 'default'
2021-12-27 09:46:14.565  WARN 18612 --- [           main] JpaBaseConfiguration$JpaWebConfiguration : spring.jpa.open-in-view is enabled by default. Therefore, database queries may be performed during view rendering. Explicitly configure spring.jpa.open-in-view to disable this warning
2021-12-27 09:46:14.718  INFO 18612 --- [           main] c.r.c.servicetests.UserServiceTest       : Started UserServiceTest in 0.407 seconds (JVM running for 55.751)
]]></system-out>
  </testcase>
  <testcase name="testAddCustomer_NoEmailInput_OtherFieldsValid_NegativeTest" classname="com.revature.caseclothes.servicetests.UserServiceTest" time="0.45">
    <system-out><![CDATA[2021-12-27 09:46:14.723  INFO 18612 --- [           main] j.LocalContainerEntityManagerFactoryBean : Closing JPA EntityManagerFactory for persistence unit 'default'
2021-12-27 09:46:14.723  INFO 18612 --- [           main] .SchemaDropperImpl$DelayedDropActionImpl : HHH000477: Starting delayed evictData of schema as part of SessionFactory shut-down'
2021-12-27 09:46:14.724  INFO 18612 --- [           main] com.zaxxer.hikari.HikariDataSource       : HikariPool-84 - Shutdown initiated...
2021-12-27 09:46:14.725  INFO 18612 --- [           main] com.zaxxer.hikari.HikariDataSource       : HikariPool-84 - Shutdown completed.

  .   ____          _            __ _ _
 /\\ / ___'_ __ _ _(_)_ __  __ _ \ \ \ \
( ( )\___ | '_ | '_| | '_ \/ _` | \ \ \ \
 \\/  ___)| |_)| | | | | || (_| |  ) ) ) )
  '  |____| .__|_| |_|_| |_\__, | / / / /
 =========|_|==============|___/=/_/_/_/
 :: Spring Boot ::                (v2.6.1)

2021-12-27 09:46:14.736  INFO 18612 --- [           main] c.r.c.servicetests.UserServiceTest       : Starting UserServiceTest using Java 1.8.0_301 on MSI-Jymm with PID 18612 (started by jymmm in D:\Curriculum-211018-Jymm\project-2-Team-Not-Found\case-clothes)
2021-12-27 09:46:14.736  INFO 18612 --- [           main] c.r.c.servicetests.UserServiceTest       : The following profiles are active: UserService-test
2021-12-27 09:46:14.813  INFO 18612 --- [           main] .s.d.r.c.RepositoryConfigurationDelegate : Bootstrapping Spring Data JPA repositories in DEFAULT mode.
2021-12-27 09:46:14.815  INFO 18612 --- [           main] .s.d.r.c.RepositoryConfigurationDelegate : Finished Spring Data repository scanning in 1 ms. Found 0 JPA repository interfaces.
2021-12-27 09:46:14.884  INFO 18612 --- [           main] com.zaxxer.hikari.HikariDataSource       : HikariPool-85 - Starting...
2021-12-27 09:46:14.885  INFO 18612 --- [           main] com.zaxxer.hikari.HikariDataSource       : HikariPool-85 - Start completed.
2021-12-27 09:46:14.893  INFO 18612 --- [           main] o.hibernate.jpa.internal.util.LogHelper  : HHH000204: Processing PersistenceUnitInfo [name: default]
2021-12-27 09:46:14.896  INFO 18612 --- [           main] org.hibernate.dialect.Dialect            : HHH000400: Using dialect: org.hibernate.dialect.H2Dialect
2021-12-27 09:46:14.934  INFO 18612 --- [           main] o.h.e.t.j.p.i.JtaPlatformInitiator       : HHH000490: Using JtaPlatform implementation: [org.hibernate.engine.transaction.jta.platform.internal.NoJtaPlatform]
2021-12-27 09:46:14.934  INFO 18612 --- [           main] j.LocalContainerEntityManagerFactoryBean : Initialized JPA EntityManagerFactory for persistence unit 'default'
2021-12-27 09:46:14.998  WARN 18612 --- [           main] JpaBaseConfiguration$JpaWebConfiguration : spring.jpa.open-in-view is enabled by default. Therefore, database queries may be performed during view rendering. Explicitly configure spring.jpa.open-in-view to disable this warning
2021-12-27 09:46:15.168  INFO 18612 --- [           main] c.r.c.servicetests.UserServiceTest       : Started UserServiceTest in 0.442 seconds (JVM running for 56.2)
]]></system-out>
  </testcase>
  <testcase name="testDeleteUserByID_customer" classname="com.revature.caseclothes.servicetests.UserServiceTest" time="0.45">
    <system-out><![CDATA[2021-12-27 09:46:15.174  INFO 18612 --- [           main] j.LocalContainerEntityManagerFactoryBean : Closing JPA EntityManagerFactory for persistence unit 'default'
2021-12-27 09:46:15.174  INFO 18612 --- [           main] .SchemaDropperImpl$DelayedDropActionImpl : HHH000477: Starting delayed evictData of schema as part of SessionFactory shut-down'
2021-12-27 09:46:15.175  INFO 18612 --- [           main] com.zaxxer.hikari.HikariDataSource       : HikariPool-85 - Shutdown initiated...
2021-12-27 09:46:15.175  INFO 18612 --- [           main] com.zaxxer.hikari.HikariDataSource       : HikariPool-85 - Shutdown completed.

  .   ____          _            __ _ _
 /\\ / ___'_ __ _ _(_)_ __  __ _ \ \ \ \
( ( )\___ | '_ | '_| | '_ \/ _` | \ \ \ \
 \\/  ___)| |_)| | | | | || (_| |  ) ) ) )
  '  |____| .__|_| |_|_| |_\__, | / / / /
 =========|_|==============|___/=/_/_/_/
 :: Spring Boot ::                (v2.6.1)

2021-12-27 09:46:15.187  INFO 18612 --- [           main] c.r.c.servicetests.UserServiceTest       : Starting UserServiceTest using Java 1.8.0_301 on MSI-Jymm with PID 18612 (started by jymmm in D:\Curriculum-211018-Jymm\project-2-Team-Not-Found\case-clothes)
2021-12-27 09:46:15.187  INFO 18612 --- [           main] c.r.c.servicetests.UserServiceTest       : The following profiles are active: UserService-test
2021-12-27 09:46:15.281  INFO 18612 --- [           main] .s.d.r.c.RepositoryConfigurationDelegate : Bootstrapping Spring Data JPA repositories in DEFAULT mode.
2021-12-27 09:46:15.283  INFO 18612 --- [           main] .s.d.r.c.RepositoryConfigurationDelegate : Finished Spring Data repository scanning in 1 ms. Found 0 JPA repository interfaces.
2021-12-27 09:46:15.347  INFO 18612 --- [           main] com.zaxxer.hikari.HikariDataSource       : HikariPool-86 - Starting...
2021-12-27 09:46:15.348  INFO 18612 --- [           main] com.zaxxer.hikari.HikariDataSource       : HikariPool-86 - Start completed.
2021-12-27 09:46:15.357  INFO 18612 --- [           main] o.hibernate.jpa.internal.util.LogHelper  : HHH000204: Processing PersistenceUnitInfo [name: default]
2021-12-27 09:46:15.360  INFO 18612 --- [           main] org.hibernate.dialect.Dialect            : HHH000400: Using dialect: org.hibernate.dialect.H2Dialect
2021-12-27 09:46:15.393  INFO 18612 --- [           main] o.h.e.t.j.p.i.JtaPlatformInitiator       : HHH000490: Using JtaPlatform implementation: [org.hibernate.engine.transaction.jta.platform.internal.NoJtaPlatform]
2021-12-27 09:46:15.393  INFO 18612 --- [           main] j.LocalContainerEntityManagerFactoryBean : Initialized JPA EntityManagerFactory for persistence unit 'default'
2021-12-27 09:46:15.462  WARN 18612 --- [           main] JpaBaseConfiguration$JpaWebConfiguration : spring.jpa.open-in-view is enabled by default. Therefore, database queries may be performed during view rendering. Explicitly configure spring.jpa.open-in-view to disable this warning
2021-12-27 09:46:15.620  INFO 18612 --- [           main] c.r.c.servicetests.UserServiceTest       : Started UserServiceTest in 0.444 seconds (JVM running for 56.653)
]]></system-out>
  </testcase>
  <testcase name="testGetUserByUsername_negative" classname="com.revature.caseclothes.servicetests.UserServiceTest" time="0.407">
    <system-out><![CDATA[2021-12-27 09:46:15.624  INFO 18612 --- [           main] j.LocalContainerEntityManagerFactoryBean : Closing JPA EntityManagerFactory for persistence unit 'default'
2021-12-27 09:46:15.624  INFO 18612 --- [           main] .SchemaDropperImpl$DelayedDropActionImpl : HHH000477: Starting delayed evictData of schema as part of SessionFactory shut-down'
2021-12-27 09:46:15.625  INFO 18612 --- [           main] com.zaxxer.hikari.HikariDataSource       : HikariPool-86 - Shutdown initiated...
2021-12-27 09:46:15.625  INFO 18612 --- [           main] com.zaxxer.hikari.HikariDataSource       : HikariPool-86 - Shutdown completed.

  .   ____          _            __ _ _
 /\\ / ___'_ __ _ _(_)_ __  __ _ \ \ \ \
( ( )\___ | '_ | '_| | '_ \/ _` | \ \ \ \
 \\/  ___)| |_)| | | | | || (_| |  ) ) ) )
  '  |____| .__|_| |_|_| |_\__, | / / / /
 =========|_|==============|___/=/_/_/_/
 :: Spring Boot ::                (v2.6.1)

2021-12-27 09:46:15.639  INFO 18612 --- [           main] c.r.c.servicetests.UserServiceTest       : Starting UserServiceTest using Java 1.8.0_301 on MSI-Jymm with PID 18612 (started by jymmm in D:\Curriculum-211018-Jymm\project-2-Team-Not-Found\case-clothes)
2021-12-27 09:46:15.639  INFO 18612 --- [           main] c.r.c.servicetests.UserServiceTest       : The following profiles are active: UserService-test
2021-12-27 09:46:15.719  INFO 18612 --- [           main] .s.d.r.c.RepositoryConfigurationDelegate : Bootstrapping Spring Data JPA repositories in DEFAULT mode.
2021-12-27 09:46:15.721  INFO 18612 --- [           main] .s.d.r.c.RepositoryConfigurationDelegate : Finished Spring Data repository scanning in 1 ms. Found 0 JPA repository interfaces.
2021-12-27 09:46:15.774  INFO 18612 --- [           main] com.zaxxer.hikari.HikariDataSource       : HikariPool-87 - Starting...
2021-12-27 09:46:15.775  INFO 18612 --- [           main] com.zaxxer.hikari.HikariDataSource       : HikariPool-87 - Start completed.
2021-12-27 09:46:15.782  INFO 18612 --- [           main] o.hibernate.jpa.internal.util.LogHelper  : HHH000204: Processing PersistenceUnitInfo [name: default]
2021-12-27 09:46:15.786  INFO 18612 --- [           main] org.hibernate.dialect.Dialect            : HHH000400: Using dialect: org.hibernate.dialect.H2Dialect
2021-12-27 09:46:15.812  INFO 18612 --- [           main] o.h.e.t.j.p.i.JtaPlatformInitiator       : HHH000490: Using JtaPlatform implementation: [org.hibernate.engine.transaction.jta.platform.internal.NoJtaPlatform]
2021-12-27 09:46:15.813  INFO 18612 --- [           main] j.LocalContainerEntityManagerFactoryBean : Initialized JPA EntityManagerFactory for persistence unit 'default'
2021-12-27 09:46:15.871  WARN 18612 --- [           main] JpaBaseConfiguration$JpaWebConfiguration : spring.jpa.open-in-view is enabled by default. Therefore, database queries may be performed during view rendering. Explicitly configure spring.jpa.open-in-view to disable this warning
2021-12-27 09:46:16.027  INFO 18612 --- [           main] c.r.c.servicetests.UserServiceTest       : Started UserServiceTest in 0.4 seconds (JVM running for 57.06)
]]></system-out>
  </testcase>
  <testcase name="testAddAdmin_negative" classname="com.revature.caseclothes.servicetests.UserServiceTest" time="0.45">
    <system-out><![CDATA[2021-12-27 09:46:16.031  INFO 18612 --- [           main] j.LocalContainerEntityManagerFactoryBean : Closing JPA EntityManagerFactory for persistence unit 'default'
2021-12-27 09:46:16.031  INFO 18612 --- [           main] .SchemaDropperImpl$DelayedDropActionImpl : HHH000477: Starting delayed evictData of schema as part of SessionFactory shut-down'
2021-12-27 09:46:16.033  INFO 18612 --- [           main] com.zaxxer.hikari.HikariDataSource       : HikariPool-87 - Shutdown initiated...
2021-12-27 09:46:16.034  INFO 18612 --- [           main] com.zaxxer.hikari.HikariDataSource       : HikariPool-87 - Shutdown completed.

  .   ____          _            __ _ _
 /\\ / ___'_ __ _ _(_)_ __  __ _ \ \ \ \
( ( )\___ | '_ | '_| | '_ \/ _` | \ \ \ \
 \\/  ___)| |_)| | | | | || (_| |  ) ) ) )
  '  |____| .__|_| |_|_| |_\__, | / / / /
 =========|_|==============|___/=/_/_/_/
 :: Spring Boot ::                (v2.6.1)

2021-12-27 09:46:16.045  INFO 18612 --- [           main] c.r.c.servicetests.UserServiceTest       : Starting UserServiceTest using Java 1.8.0_301 on MSI-Jymm with PID 18612 (started by jymmm in D:\Curriculum-211018-Jymm\project-2-Team-Not-Found\case-clothes)
2021-12-27 09:46:16.046  INFO 18612 --- [           main] c.r.c.servicetests.UserServiceTest       : The following profiles are active: UserService-test
2021-12-27 09:46:16.125  INFO 18612 --- [           main] .s.d.r.c.RepositoryConfigurationDelegate : Bootstrapping Spring Data JPA repositories in DEFAULT mode.
2021-12-27 09:46:16.126  INFO 18612 --- [           main] .s.d.r.c.RepositoryConfigurationDelegate : Finished Spring Data repository scanning in 1 ms. Found 0 JPA repository interfaces.
2021-12-27 09:46:16.178  INFO 18612 --- [           main] com.zaxxer.hikari.HikariDataSource       : HikariPool-88 - Starting...
2021-12-27 09:46:16.178  INFO 18612 --- [           main] com.zaxxer.hikari.HikariDataSource       : HikariPool-88 - Start completed.
2021-12-27 09:46:16.185  INFO 18612 --- [           main] o.hibernate.jpa.internal.util.LogHelper  : HHH000204: Processing PersistenceUnitInfo [name: default]
2021-12-27 09:46:16.187  INFO 18612 --- [           main] org.hibernate.dialect.Dialect            : HHH000400: Using dialect: org.hibernate.dialect.H2Dialect
2021-12-27 09:46:16.218  INFO 18612 --- [           main] o.h.e.t.j.p.i.JtaPlatformInitiator       : HHH000490: Using JtaPlatform implementation: [org.hibernate.engine.transaction.jta.platform.internal.NoJtaPlatform]
2021-12-27 09:46:16.218  INFO 18612 --- [           main] j.LocalContainerEntityManagerFactoryBean : Initialized JPA EntityManagerFactory for persistence unit 'default'
2021-12-27 09:46:16.286  WARN 18612 --- [           main] JpaBaseConfiguration$JpaWebConfiguration : spring.jpa.open-in-view is enabled by default. Therefore, database queries may be performed during view rendering. Explicitly configure spring.jpa.open-in-view to disable this warning
2021-12-27 09:46:16.478  INFO 18612 --- [           main] c.r.c.servicetests.UserServiceTest       : Started UserServiceTest in 0.442 seconds (JVM running for 57.51)
]]></system-out>
  </testcase>
  <testcase name="testUpdateUser_NoEmailInput_OtherFieldsValid_NegativeTest" classname="com.revature.caseclothes.servicetests.UserServiceTest" time="0.42">
    <system-out><![CDATA[2021-12-27 09:46:16.482  INFO 18612 --- [           main] j.LocalContainerEntityManagerFactoryBean : Closing JPA EntityManagerFactory for persistence unit 'default'
2021-12-27 09:46:16.482  INFO 18612 --- [           main] .SchemaDropperImpl$DelayedDropActionImpl : HHH000477: Starting delayed evictData of schema as part of SessionFactory shut-down'
2021-12-27 09:46:16.483  INFO 18612 --- [           main] com.zaxxer.hikari.HikariDataSource       : HikariPool-88 - Shutdown initiated...
2021-12-27 09:46:16.483  INFO 18612 --- [           main] com.zaxxer.hikari.HikariDataSource       : HikariPool-88 - Shutdown completed.

  .   ____          _            __ _ _
 /\\ / ___'_ __ _ _(_)_ __  __ _ \ \ \ \
( ( )\___ | '_ | '_| | '_ \/ _` | \ \ \ \
 \\/  ___)| |_)| | | | | || (_| |  ) ) ) )
  '  |____| .__|_| |_|_| |_\__, | / / / /
 =========|_|==============|___/=/_/_/_/
 :: Spring Boot ::                (v2.6.1)

2021-12-27 09:46:16.494  INFO 18612 --- [           main] c.r.c.servicetests.UserServiceTest       : Starting UserServiceTest using Java 1.8.0_301 on MSI-Jymm with PID 18612 (started by jymmm in D:\Curriculum-211018-Jymm\project-2-Team-Not-Found\case-clothes)
2021-12-27 09:46:16.494  INFO 18612 --- [           main] c.r.c.servicetests.UserServiceTest       : The following profiles are active: UserService-test
2021-12-27 09:46:16.578  INFO 18612 --- [           main] .s.d.r.c.RepositoryConfigurationDelegate : Bootstrapping Spring Data JPA repositories in DEFAULT mode.
2021-12-27 09:46:16.580  INFO 18612 --- [           main] .s.d.r.c.RepositoryConfigurationDelegate : Finished Spring Data repository scanning in 1 ms. Found 0 JPA repository interfaces.
2021-12-27 09:46:16.634  INFO 18612 --- [           main] com.zaxxer.hikari.HikariDataSource       : HikariPool-89 - Starting...
2021-12-27 09:46:16.635  INFO 18612 --- [           main] com.zaxxer.hikari.HikariDataSource       : HikariPool-89 - Start completed.
2021-12-27 09:46:16.644  INFO 18612 --- [           main] o.hibernate.jpa.internal.util.LogHelper  : HHH000204: Processing PersistenceUnitInfo [name: default]
2021-12-27 09:46:16.646  INFO 18612 --- [           main] org.hibernate.dialect.Dialect            : HHH000400: Using dialect: org.hibernate.dialect.H2Dialect
2021-12-27 09:46:16.676  INFO 18612 --- [           main] o.h.e.t.j.p.i.JtaPlatformInitiator       : HHH000490: Using JtaPlatform implementation: [org.hibernate.engine.transaction.jta.platform.internal.NoJtaPlatform]
2021-12-27 09:46:16.677  INFO 18612 --- [           main] j.LocalContainerEntityManagerFactoryBean : Initialized JPA EntityManagerFactory for persistence unit 'default'
2021-12-27 09:46:16.736  WARN 18612 --- [           main] JpaBaseConfiguration$JpaWebConfiguration : spring.jpa.open-in-view is enabled by default. Therefore, database queries may be performed during view rendering. Explicitly configure spring.jpa.open-in-view to disable this warning
2021-12-27 09:46:16.899  INFO 18612 --- [           main] c.r.c.servicetests.UserServiceTest       : Started UserServiceTest in 0.415 seconds (JVM running for 57.932)
]]></system-out>
  </testcase>
  <testcase name="testDeleteUserByID_negative" classname="com.revature.caseclothes.servicetests.UserServiceTest" time="0.433">
    <system-out><![CDATA[2021-12-27 09:46:16.903  INFO 18612 --- [           main] j.LocalContainerEntityManagerFactoryBean : Closing JPA EntityManagerFactory for persistence unit 'default'
2021-12-27 09:46:16.903  INFO 18612 --- [           main] .SchemaDropperImpl$DelayedDropActionImpl : HHH000477: Starting delayed evictData of schema as part of SessionFactory shut-down'
2021-12-27 09:46:16.904  INFO 18612 --- [           main] com.zaxxer.hikari.HikariDataSource       : HikariPool-89 - Shutdown initiated...
2021-12-27 09:46:16.905  INFO 18612 --- [           main] com.zaxxer.hikari.HikariDataSource       : HikariPool-89 - Shutdown completed.

  .   ____          _            __ _ _
 /\\ / ___'_ __ _ _(_)_ __  __ _ \ \ \ \
( ( )\___ | '_ | '_| | '_ \/ _` | \ \ \ \
 \\/  ___)| |_)| | | | | || (_| |  ) ) ) )
  '  |____| .__|_| |_|_| |_\__, | / / / /
 =========|_|==============|___/=/_/_/_/
 :: Spring Boot ::                (v2.6.1)

2021-12-27 09:46:16.920  INFO 18612 --- [           main] c.r.c.servicetests.UserServiceTest       : Starting UserServiceTest using Java 1.8.0_301 on MSI-Jymm with PID 18612 (started by jymmm in D:\Curriculum-211018-Jymm\project-2-Team-Not-Found\case-clothes)
2021-12-27 09:46:16.920  INFO 18612 --- [           main] c.r.c.servicetests.UserServiceTest       : The following profiles are active: UserService-test
2021-12-27 09:46:16.998  INFO 18612 --- [           main] .s.d.r.c.RepositoryConfigurationDelegate : Bootstrapping Spring Data JPA repositories in DEFAULT mode.
2021-12-27 09:46:17.000  INFO 18612 --- [           main] .s.d.r.c.RepositoryConfigurationDelegate : Finished Spring Data repository scanning in 1 ms. Found 0 JPA repository interfaces.
2021-12-27 09:46:17.056  INFO 18612 --- [           main] com.zaxxer.hikari.HikariDataSource       : HikariPool-90 - Starting...
2021-12-27 09:46:17.057  INFO 18612 --- [           main] com.zaxxer.hikari.HikariDataSource       : HikariPool-90 - Start completed.
2021-12-27 09:46:17.063  INFO 18612 --- [           main] o.hibernate.jpa.internal.util.LogHelper  : HHH000204: Processing PersistenceUnitInfo [name: default]
2021-12-27 09:46:17.067  INFO 18612 --- [           main] org.hibernate.dialect.Dialect            : HHH000400: Using dialect: org.hibernate.dialect.H2Dialect
2021-12-27 09:46:17.102  INFO 18612 --- [           main] o.h.e.t.j.p.i.JtaPlatformInitiator       : HHH000490: Using JtaPlatform implementation: [org.hibernate.engine.transaction.jta.platform.internal.NoJtaPlatform]
2021-12-27 09:46:17.103  INFO 18612 --- [           main] j.LocalContainerEntityManagerFactoryBean : Initialized JPA EntityManagerFactory for persistence unit 'default'
2021-12-27 09:46:17.174  WARN 18612 --- [           main] JpaBaseConfiguration$JpaWebConfiguration : spring.jpa.open-in-view is enabled by default. Therefore, database queries may be performed during view rendering. Explicitly configure spring.jpa.open-in-view to disable this warning
2021-12-27 09:46:17.333  INFO 18612 --- [           main] c.r.c.servicetests.UserServiceTest       : Started UserServiceTest in 0.427 seconds (JVM running for 58.365)
]]></system-out>
  </testcase>
  <testcase name="testUpdateUser_NoAddressInput_OtherFieldsValid_NegativeTest" classname="com.revature.caseclothes.servicetests.UserServiceTest" time="0.404">
    <system-out><![CDATA[2021-12-27 09:46:17.337  INFO 18612 --- [           main] j.LocalContainerEntityManagerFactoryBean : Closing JPA EntityManagerFactory for persistence unit 'default'
2021-12-27 09:46:17.337  INFO 18612 --- [           main] .SchemaDropperImpl$DelayedDropActionImpl : HHH000477: Starting delayed evictData of schema as part of SessionFactory shut-down'
2021-12-27 09:46:17.338  INFO 18612 --- [           main] com.zaxxer.hikari.HikariDataSource       : HikariPool-90 - Shutdown initiated...
2021-12-27 09:46:17.338  INFO 18612 --- [           main] com.zaxxer.hikari.HikariDataSource       : HikariPool-90 - Shutdown completed.

  .   ____          _            __ _ _
 /\\ / ___'_ __ _ _(_)_ __  __ _ \ \ \ \
( ( )\___ | '_ | '_| | '_ \/ _` | \ \ \ \
 \\/  ___)| |_)| | | | | || (_| |  ) ) ) )
  '  |____| .__|_| |_|_| |_\__, | / / / /
 =========|_|==============|___/=/_/_/_/
 :: Spring Boot ::                (v2.6.1)

2021-12-27 09:46:17.349  INFO 18612 --- [           main] c.r.c.servicetests.UserServiceTest       : Starting UserServiceTest using Java 1.8.0_301 on MSI-Jymm with PID 18612 (started by jymmm in D:\Curriculum-211018-Jymm\project-2-Team-Not-Found\case-clothes)
2021-12-27 09:46:17.349  INFO 18612 --- [           main] c.r.c.servicetests.UserServiceTest       : The following profiles are active: UserService-test
2021-12-27 09:46:17.429  INFO 18612 --- [           main] .s.d.r.c.RepositoryConfigurationDelegate : Bootstrapping Spring Data JPA repositories in DEFAULT mode.
2021-12-27 09:46:17.433  INFO 18612 --- [           main] .s.d.r.c.RepositoryConfigurationDelegate : Finished Spring Data repository scanning in 3 ms. Found 0 JPA repository interfaces.
2021-12-27 09:46:17.486  INFO 18612 --- [           main] com.zaxxer.hikari.HikariDataSource       : HikariPool-91 - Starting...
2021-12-27 09:46:17.487  INFO 18612 --- [           main] com.zaxxer.hikari.HikariDataSource       : HikariPool-91 - Start completed.
2021-12-27 09:46:17.494  INFO 18612 --- [           main] o.hibernate.jpa.internal.util.LogHelper  : HHH000204: Processing PersistenceUnitInfo [name: default]
2021-12-27 09:46:17.496  INFO 18612 --- [           main] org.hibernate.dialect.Dialect            : HHH000400: Using dialect: org.hibernate.dialect.H2Dialect
2021-12-27 09:46:17.525  INFO 18612 --- [           main] o.h.e.t.j.p.i.JtaPlatformInitiator       : HHH000490: Using JtaPlatform implementation: [org.hibernate.engine.transaction.jta.platform.internal.NoJtaPlatform]
2021-12-27 09:46:17.525  INFO 18612 --- [           main] j.LocalContainerEntityManagerFactoryBean : Initialized JPA EntityManagerFactory for persistence unit 'default'
2021-12-27 09:46:17.582  WARN 18612 --- [           main] JpaBaseConfiguration$JpaWebConfiguration : spring.jpa.open-in-view is enabled by default. Therefore, database queries may be performed during view rendering. Explicitly configure spring.jpa.open-in-view to disable this warning
2021-12-27 09:46:17.737  INFO 18612 --- [           main] c.r.c.servicetests.UserServiceTest       : Started UserServiceTest in 0.397 seconds (JVM running for 58.769)
]]></system-out>
  </testcase>
  <testcase name="testAddCustomer_NoLastNameInput_OtherFieldsValid_NegativeTest" classname="com.revature.caseclothes.servicetests.UserServiceTest" time="0.417">
    <system-out><![CDATA[2021-12-27 09:46:17.741  INFO 18612 --- [           main] j.LocalContainerEntityManagerFactoryBean : Closing JPA EntityManagerFactory for persistence unit 'default'
2021-12-27 09:46:17.741  INFO 18612 --- [           main] .SchemaDropperImpl$DelayedDropActionImpl : HHH000477: Starting delayed evictData of schema as part of SessionFactory shut-down'
2021-12-27 09:46:17.742  INFO 18612 --- [           main] com.zaxxer.hikari.HikariDataSource       : HikariPool-91 - Shutdown initiated...
2021-12-27 09:46:17.743  INFO 18612 --- [           main] com.zaxxer.hikari.HikariDataSource       : HikariPool-91 - Shutdown completed.

  .   ____          _            __ _ _
 /\\ / ___'_ __ _ _(_)_ __  __ _ \ \ \ \
( ( )\___ | '_ | '_| | '_ \/ _` | \ \ \ \
 \\/  ___)| |_)| | | | | || (_| |  ) ) ) )
  '  |____| .__|_| |_|_| |_\__, | / / / /
 =========|_|==============|___/=/_/_/_/
 :: Spring Boot ::                (v2.6.1)

2021-12-27 09:46:17.754  INFO 18612 --- [           main] c.r.c.servicetests.UserServiceTest       : Starting UserServiceTest using Java 1.8.0_301 on MSI-Jymm with PID 18612 (started by jymmm in D:\Curriculum-211018-Jymm\project-2-Team-Not-Found\case-clothes)
2021-12-27 09:46:17.755  INFO 18612 --- [           main] c.r.c.servicetests.UserServiceTest       : The following profiles are active: UserService-test
2021-12-27 09:46:17.840  INFO 18612 --- [           main] .s.d.r.c.RepositoryConfigurationDelegate : Bootstrapping Spring Data JPA repositories in DEFAULT mode.
2021-12-27 09:46:17.842  INFO 18612 --- [           main] .s.d.r.c.RepositoryConfigurationDelegate : Finished Spring Data repository scanning in 1 ms. Found 0 JPA repository interfaces.
2021-12-27 09:46:17.895  INFO 18612 --- [           main] com.zaxxer.hikari.HikariDataSource       : HikariPool-92 - Starting...
2021-12-27 09:46:17.896  INFO 18612 --- [           main] com.zaxxer.hikari.HikariDataSource       : HikariPool-92 - Start completed.
2021-12-27 09:46:17.902  INFO 18612 --- [           main] o.hibernate.jpa.internal.util.LogHelper  : HHH000204: Processing PersistenceUnitInfo [name: default]
2021-12-27 09:46:17.905  INFO 18612 --- [           main] org.hibernate.dialect.Dialect            : HHH000400: Using dialect: org.hibernate.dialect.H2Dialect
2021-12-27 09:46:17.936  INFO 18612 --- [           main] o.h.e.t.j.p.i.JtaPlatformInitiator       : HHH000490: Using JtaPlatform implementation: [org.hibernate.engine.transaction.jta.platform.internal.NoJtaPlatform]
2021-12-27 09:46:17.937  INFO 18612 --- [           main] j.LocalContainerEntityManagerFactoryBean : Initialized JPA EntityManagerFactory for persistence unit 'default'
2021-12-27 09:46:17.998  WARN 18612 --- [           main] JpaBaseConfiguration$JpaWebConfiguration : spring.jpa.open-in-view is enabled by default. Therefore, database queries may be performed during view rendering. Explicitly configure spring.jpa.open-in-view to disable this warning
2021-12-27 09:46:18.155  INFO 18612 --- [           main] c.r.c.servicetests.UserServiceTest       : Started UserServiceTest in 0.41 seconds (JVM running for 59.188)
]]></system-out>
  </testcase>
</testsuite>