<?xml version="1.0" encoding="UTF-8"?>
<testsuite xmlns:xsi="http://www.w3.org/2001/XMLSchema-instance" xsi:noNamespaceSchemaLocation="https://maven.apache.org/surefire/maven-surefire-plugin/xsd/surefire-test-report-3.0.xsd" version="3.0" name="com.revature.caseclothes.servicetests.UserServiceTest" time="14.067" tests="36" errors="0" skipped="0" failures="0">
  <properties>
    <property name="sun.desktop" value="windows"/>
    <property name="awt.toolkit" value="sun.awt.windows.WToolkit"/>
    <property name="file.encoding.pkg" value="sun.io"/>
    <property name="java.specification.version" value="1.8"/>
    <property name="sun.cpu.isalist" value="amd64"/>
    <property name="sun.jnu.encoding" value="Cp1252"/>
    <property name="java.class.path" value="D:\Curriculum-211018-Jymm\project-2-Team-Not-Found\case-clothes\target\test-classes;D:\Curriculum-211018-Jymm\project-2-Team-Not-Found\case-clothes\target\classes;C:\Users\jymmm\.m2\repository\org\springframework\boot\spring-boot-starter-data-jpa\2.6.1\spring-boot-starter-data-jpa-2.6.1.jar;C:\Users\jymmm\.m2\repository\org\springframework\boot\spring-boot-starter-aop\2.6.1\spring-boot-starter-aop-2.6.1.jar;C:\Users\jymmm\.m2\repository\org\springframework\spring-aop\5.3.13\spring-aop-5.3.13.jar;C:\Users\jymmm\.m2\repository\org\aspectj\aspectjweaver\1.9.7\aspectjweaver-1.9.7.jar;C:\Users\jymmm\.m2\repository\org\springframework\boot\spring-boot-starter-jdbc\2.6.1\spring-boot-starter-jdbc-2.6.1.jar;C:\Users\jymmm\.m2\repository\com\zaxxer\HikariCP\4.0.3\HikariCP-4.0.3.jar;C:\Users\jymmm\.m2\repository\org\springframework\spring-jdbc\5.3.13\spring-jdbc-5.3.13.jar;C:\Users\jymmm\.m2\repository\jakarta\transaction\jakarta.transaction-api\1.3.3\jakarta.transaction-api-1.3.3.jar;C:\Users\jymmm\.m2\repository\jakarta\persistence\jakarta.persistence-api\2.2.3\jakarta.persistence-api-2.2.3.jar;C:\Users\jymmm\.m2\repository\org\hibernate\hibernate-core\5.6.1.Final\hibernate-core-5.6.1.Final.jar;C:\Users\jymmm\.m2\repository\org\jboss\logging\jboss-logging\3.4.2.Final\jboss-logging-3.4.2.Final.jar;C:\Users\jymmm\.m2\repository\antlr\antlr\2.7.7\antlr-2.7.7.jar;C:\Users\jymmm\.m2\repository\org\jboss\jandex\2.2.3.Final\jandex-2.2.3.Final.jar;C:\Users\jymmm\.m2\repository\com\fasterxml\classmate\1.5.1\classmate-1.5.1.jar;C:\Users\jymmm\.m2\repository\org\hibernate\common\hibernate-commons-annotations\5.1.2.Final\hibernate-commons-annotations-5.1.2.Final.jar;C:\Users\jymmm\.m2\repository\org\glassfish\jaxb\jaxb-runtime\2.3.5\jaxb-runtime-2.3.5.jar;C:\Users\jymmm\.m2\repository\org\glassfish\jaxb\txw2\2.3.5\txw2-2.3.5.jar;C:\Users\jymmm\.m2\repository\com\sun\istack\istack-commons-runtime\3.0.12\istack-commons-runtime-3.0.12.jar;C:\Users\jymmm\.m2\repository\com\sun\activation\jakarta.activation\1.2.2\jakarta.activation-1.2.2.jar;C:\Users\jymmm\.m2\repository\org\springframework\data\spring-data-jpa\2.6.0\spring-data-jpa-2.6.0.jar;C:\Users\jymmm\.m2\repository\org\springframework\data\spring-data-commons\2.6.0\spring-data-commons-2.6.0.jar;C:\Users\jymmm\.m2\repository\org\springframework\spring-orm\5.3.13\spring-orm-5.3.13.jar;C:\Users\jymmm\.m2\repository\org\springframework\spring-context\5.3.13\spring-context-5.3.13.jar;C:\Users\jymmm\.m2\repository\org\springframework\spring-tx\5.3.13\spring-tx-5.3.13.jar;C:\Users\jymmm\.m2\repository\org\springframework\spring-beans\5.3.13\spring-beans-5.3.13.jar;C:\Users\jymmm\.m2\repository\org\slf4j\slf4j-api\1.7.32\slf4j-api-1.7.32.jar;C:\Users\jymmm\.m2\repository\org\springframework\spring-aspects\5.3.13\spring-aspects-5.3.13.jar;C:\Users\jymmm\.m2\repository\org\springframework\boot\spring-boot-starter-web\2.6.1\spring-boot-starter-web-2.6.1.jar;C:\Users\jymmm\.m2\repository\org\springframework\boot\spring-boot-starter\2.6.1\spring-boot-starter-2.6.1.jar;C:\Users\jymmm\.m2\repository\org\springframework\boot\spring-boot\2.6.1\spring-boot-2.6.1.jar;C:\Users\jymmm\.m2\repository\org\springframework\boot\spring-boot-autoconfigure\2.6.1\spring-boot-autoconfigure-2.6.1.jar;C:\Users\jymmm\.m2\repository\org\springframework\boot\spring-boot-starter-logging\2.6.1\spring-boot-starter-logging-2.6.1.jar;C:\Users\jymmm\.m2\repository\ch\qos\logback\logback-classic\1.2.7\logback-classic-1.2.7.jar;C:\Users\jymmm\.m2\repository\ch\qos\logback\logback-core\1.2.7\logback-core-1.2.7.jar;C:\Users\jymmm\.m2\repository\org\apache\logging\log4j\log4j-to-slf4j\2.14.1\log4j-to-slf4j-2.14.1.jar;C:\Users\jymmm\.m2\repository\org\apache\logging\log4j\log4j-api\2.14.1\log4j-api-2.14.1.jar;C:\Users\jymmm\.m2\repository\org\slf4j\jul-to-slf4j\1.7.32\jul-to-slf4j-1.7.32.jar;C:\Users\jymmm\.m2\repository\jakarta\annotation\jakarta.annotation-api\1.3.5\jakarta.annotation-api-1.3.5.jar;C:\Users\jymmm\.m2\repository\org\yaml\snakeyaml\1.29\snakeyaml-1.29.jar;C:\Users\jymmm\.m2\repository\org\springframework\boot\spring-boot-starter-json\2.6.1\spring-boot-starter-json-2.6.1.jar;C:\Users\jymmm\.m2\repository\com\fasterxml\jackson\core\jackson-databind\2.13.0\jackson-databind-2.13.0.jar;C:\Users\jymmm\.m2\repository\com\fasterxml\jackson\core\jackson-annotations\2.13.0\jackson-annotations-2.13.0.jar;C:\Users\jymmm\.m2\repository\com\fasterxml\jackson\core\jackson-core\2.13.0\jackson-core-2.13.0.jar;C:\Users\jymmm\.m2\repository\com\fasterxml\jackson\datatype\jackson-datatype-jdk8\2.13.0\jackson-datatype-jdk8-2.13.0.jar;C:\Users\jymmm\.m2\repository\com\fasterxml\jackson\datatype\jackson-datatype-jsr310\2.13.0\jackson-datatype-jsr310-2.13.0.jar;C:\Users\jymmm\.m2\repository\com\fasterxml\jackson\module\jackson-module-parameter-names\2.13.0\jackson-module-parameter-names-2.13.0.jar;C:\Users\jymmm\.m2\repository\org\springframework\boot\spring-boot-starter-tomcat\2.6.1\spring-boot-starter-tomcat-2.6.1.jar;C:\Users\jymmm\.m2\repository\org\apache\tomcat\embed\tomcat-embed-core\9.0.55\tomcat-embed-core-9.0.55.jar;C:\Users\jymmm\.m2\repository\org\apache\tomcat\embed\tomcat-embed-el\9.0.55\tomcat-embed-el-9.0.55.jar;C:\Users\jymmm\.m2\repository\org\apache\tomcat\embed\tomcat-embed-websocket\9.0.55\tomcat-embed-websocket-9.0.55.jar;C:\Users\jymmm\.m2\repository\org\springframework\spring-web\5.3.13\spring-web-5.3.13.jar;C:\Users\jymmm\.m2\repository\org\springframework\spring-webmvc\5.3.13\spring-webmvc-5.3.13.jar;C:\Users\jymmm\.m2\repository\org\springframework\spring-expression\5.3.13\spring-expression-5.3.13.jar;C:\Users\jymmm\.m2\repository\org\postgresql\postgresql\42.3.1\postgresql-42.3.1.jar;C:\Users\jymmm\.m2\repository\org\checkerframework\checker-qual\3.5.0\checker-qual-3.5.0.jar;C:\Users\jymmm\.m2\repository\org\springframework\boot\spring-boot-starter-test\2.6.1\spring-boot-starter-test-2.6.1.jar;C:\Users\jymmm\.m2\repository\org\springframework\boot\spring-boot-test\2.6.1\spring-boot-test-2.6.1.jar;C:\Users\jymmm\.m2\repository\org\springframework\boot\spring-boot-test-autoconfigure\2.6.1\spring-boot-test-autoconfigure-2.6.1.jar;C:\Users\jymmm\.m2\repository\com\jayway\jsonpath\json-path\2.6.0\json-path-2.6.0.jar;C:\Users\jymmm\.m2\repository\net\minidev\json-smart\2.4.7\json-smart-2.4.7.jar;C:\Users\jymmm\.m2\repository\net\minidev\accessors-smart\2.4.7\accessors-smart-2.4.7.jar;C:\Users\jymmm\.m2\repository\org\ow2\asm\asm\9.1\asm-9.1.jar;C:\Users\jymmm\.m2\repository\jakarta\xml\bind\jakarta.xml.bind-api\2.3.3\jakarta.xml.bind-api-2.3.3.jar;C:\Users\jymmm\.m2\repository\jakarta\activation\jakarta.activation-api\1.2.2\jakarta.activation-api-1.2.2.jar;C:\Users\jymmm\.m2\repository\org\assertj\assertj-core\3.21.0\assertj-core-3.21.0.jar;C:\Users\jymmm\.m2\repository\org\hamcrest\hamcrest\2.2\hamcrest-2.2.jar;C:\Users\jymmm\.m2\repository\org\junit\jupiter\junit-jupiter\5.8.1\junit-jupiter-5.8.1.jar;C:\Users\jymmm\.m2\repository\org\junit\jupiter\junit-jupiter-params\5.8.1\junit-jupiter-params-5.8.1.jar;C:\Users\jymmm\.m2\repository\org\junit\jupiter\junit-jupiter-engine\5.8.1\junit-jupiter-engine-5.8.1.jar;C:\Users\jymmm\.m2\repository\org\junit\platform\junit-platform-engine\1.8.1\junit-platform-engine-1.8.1.jar;C:\Users\jymmm\.m2\repository\org\mockito\mockito-junit-jupiter\4.0.0\mockito-junit-jupiter-4.0.0.jar;C:\Users\jymmm\.m2\repository\org\skyscreamer\jsonassert\1.5.0\jsonassert-1.5.0.jar;C:\Users\jymmm\.m2\repository\com\vaadin\external\google\android-json\0.0.20131108.vaadin1\android-json-0.0.20131108.vaadin1.jar;C:\Users\jymmm\.m2\repository\org\springframework\spring-core\5.3.13\spring-core-5.3.13.jar;C:\Users\jymmm\.m2\repository\org\springframework\spring-jcl\5.3.13\spring-jcl-5.3.13.jar;C:\Users\jymmm\.m2\repository\org\springframework\spring-test\5.3.13\spring-test-5.3.13.jar;C:\Users\jymmm\.m2\repository\org\xmlunit\xmlunit-core\2.8.3\xmlunit-core-2.8.3.jar;C:\Users\jymmm\.m2\repository\com\h2database\h2\1.4.200\h2-1.4.200.jar;C:\Users\jymmm\.m2\repository\org\mockito\mockito-core\4.0.0\mockito-core-4.0.0.jar;C:\Users\jymmm\.m2\repository\net\bytebuddy\byte-buddy\1.11.22\byte-buddy-1.11.22.jar;C:\Users\jymmm\.m2\repository\net\bytebuddy\byte-buddy-agent\1.11.22\byte-buddy-agent-1.11.22.jar;C:\Users\jymmm\.m2\repository\org\objenesis\objenesis\3.2\objenesis-3.2.jar;C:\Users\jymmm\.m2\repository\org\junit\jupiter\junit-jupiter-api\5.8.1\junit-jupiter-api-5.8.1.jar;C:\Users\jymmm\.m2\repository\org\opentest4j\opentest4j\1.2.0\opentest4j-1.2.0.jar;C:\Users\jymmm\.m2\repository\org\junit\platform\junit-platform-commons\1.8.1\junit-platform-commons-1.8.1.jar;C:\Users\jymmm\.m2\repository\org\apiguardian\apiguardian-api\1.1.2\apiguardian-api-1.1.2.jar;"/>
    <property name="java.vm.vendor" value="Oracle Corporation"/>
    <property name="sun.arch.data.model" value="64"/>
    <property name="user.variant" value=""/>
    <property name="java.vendor.url" value="http://java.oracle.com/"/>
    <property name="user.timezone" value="America/Chicago"/>
    <property name="java.vm.specification.version" value="1.8"/>
    <property name="os.name" value="Windows 10"/>
    <property name="user.country" value="US"/>
    <property name="sun.java.launcher" value="SUN_STANDARD"/>
    <property name="sun.boot.library.path" value="C:\Program Files\Java\jdk1.8.0_301\jre\bin"/>
    <property name="sun.java.command" value="C:\Users\jymmm\AppData\Local\Temp\surefire8851757706761747729\surefirebooter4404297016873937588.jar C:\Users\jymmm\AppData\Local\Temp\surefire8851757706761747729 2021-12-23T21-35-25_704-jvmRun1 surefire8566862861567544769tmp surefire_05425021604940795079tmp"/>
    <property name="surefire.test.class.path" value="D:\Curriculum-211018-Jymm\project-2-Team-Not-Found\case-clothes\target\test-classes;D:\Curriculum-211018-Jymm\project-2-Team-Not-Found\case-clothes\target\classes;C:\Users\jymmm\.m2\repository\org\springframework\boot\spring-boot-starter-data-jpa\2.6.1\spring-boot-starter-data-jpa-2.6.1.jar;C:\Users\jymmm\.m2\repository\org\springframework\boot\spring-boot-starter-aop\2.6.1\spring-boot-starter-aop-2.6.1.jar;C:\Users\jymmm\.m2\repository\org\springframework\spring-aop\5.3.13\spring-aop-5.3.13.jar;C:\Users\jymmm\.m2\repository\org\aspectj\aspectjweaver\1.9.7\aspectjweaver-1.9.7.jar;C:\Users\jymmm\.m2\repository\org\springframework\boot\spring-boot-starter-jdbc\2.6.1\spring-boot-starter-jdbc-2.6.1.jar;C:\Users\jymmm\.m2\repository\com\zaxxer\HikariCP\4.0.3\HikariCP-4.0.3.jar;C:\Users\jymmm\.m2\repository\org\springframework\spring-jdbc\5.3.13\spring-jdbc-5.3.13.jar;C:\Users\jymmm\.m2\repository\jakarta\transaction\jakarta.transaction-api\1.3.3\jakarta.transaction-api-1.3.3.jar;C:\Users\jymmm\.m2\repository\jakarta\persistence\jakarta.persistence-api\2.2.3\jakarta.persistence-api-2.2.3.jar;C:\Users\jymmm\.m2\repository\org\hibernate\hibernate-core\5.6.1.Final\hibernate-core-5.6.1.Final.jar;C:\Users\jymmm\.m2\repository\org\jboss\logging\jboss-logging\3.4.2.Final\jboss-logging-3.4.2.Final.jar;C:\Users\jymmm\.m2\repository\antlr\antlr\2.7.7\antlr-2.7.7.jar;C:\Users\jymmm\.m2\repository\org\jboss\jandex\2.2.3.Final\jandex-2.2.3.Final.jar;C:\Users\jymmm\.m2\repository\com\fasterxml\classmate\1.5.1\classmate-1.5.1.jar;C:\Users\jymmm\.m2\repository\org\hibernate\common\hibernate-commons-annotations\5.1.2.Final\hibernate-commons-annotations-5.1.2.Final.jar;C:\Users\jymmm\.m2\repository\org\glassfish\jaxb\jaxb-runtime\2.3.5\jaxb-runtime-2.3.5.jar;C:\Users\jymmm\.m2\repository\org\glassfish\jaxb\txw2\2.3.5\txw2-2.3.5.jar;C:\Users\jymmm\.m2\repository\com\sun\istack\istack-commons-runtime\3.0.12\istack-commons-runtime-3.0.12.jar;C:\Users\jymmm\.m2\repository\com\sun\activation\jakarta.activation\1.2.2\jakarta.activation-1.2.2.jar;C:\Users\jymmm\.m2\repository\org\springframework\data\spring-data-jpa\2.6.0\spring-data-jpa-2.6.0.jar;C:\Users\jymmm\.m2\repository\org\springframework\data\spring-data-commons\2.6.0\spring-data-commons-2.6.0.jar;C:\Users\jymmm\.m2\repository\org\springframework\spring-orm\5.3.13\spring-orm-5.3.13.jar;C:\Users\jymmm\.m2\repository\org\springframework\spring-context\5.3.13\spring-context-5.3.13.jar;C:\Users\jymmm\.m2\repository\org\springframework\spring-tx\5.3.13\spring-tx-5.3.13.jar;C:\Users\jymmm\.m2\repository\org\springframework\spring-beans\5.3.13\spring-beans-5.3.13.jar;C:\Users\jymmm\.m2\repository\org\slf4j\slf4j-api\1.7.32\slf4j-api-1.7.32.jar;C:\Users\jymmm\.m2\repository\org\springframework\spring-aspects\5.3.13\spring-aspects-5.3.13.jar;C:\Users\jymmm\.m2\repository\org\springframework\boot\spring-boot-starter-web\2.6.1\spring-boot-starter-web-2.6.1.jar;C:\Users\jymmm\.m2\repository\org\springframework\boot\spring-boot-starter\2.6.1\spring-boot-starter-2.6.1.jar;C:\Users\jymmm\.m2\repository\org\springframework\boot\spring-boot\2.6.1\spring-boot-2.6.1.jar;C:\Users\jymmm\.m2\repository\org\springframework\boot\spring-boot-autoconfigure\2.6.1\spring-boot-autoconfigure-2.6.1.jar;C:\Users\jymmm\.m2\repository\org\springframework\boot\spring-boot-starter-logging\2.6.1\spring-boot-starter-logging-2.6.1.jar;C:\Users\jymmm\.m2\repository\ch\qos\logback\logback-classic\1.2.7\logback-classic-1.2.7.jar;C:\Users\jymmm\.m2\repository\ch\qos\logback\logback-core\1.2.7\logback-core-1.2.7.jar;C:\Users\jymmm\.m2\repository\org\apache\logging\log4j\log4j-to-slf4j\2.14.1\log4j-to-slf4j-2.14.1.jar;C:\Users\jymmm\.m2\repository\org\apache\logging\log4j\log4j-api\2.14.1\log4j-api-2.14.1.jar;C:\Users\jymmm\.m2\repository\org\slf4j\jul-to-slf4j\1.7.32\jul-to-slf4j-1.7.32.jar;C:\Users\jymmm\.m2\repository\jakarta\annotation\jakarta.annotation-api\1.3.5\jakarta.annotation-api-1.3.5.jar;C:\Users\jymmm\.m2\repository\org\yaml\snakeyaml\1.29\snakeyaml-1.29.jar;C:\Users\jymmm\.m2\repository\org\springframework\boot\spring-boot-starter-json\2.6.1\spring-boot-starter-json-2.6.1.jar;C:\Users\jymmm\.m2\repository\com\fasterxml\jackson\core\jackson-databind\2.13.0\jackson-databind-2.13.0.jar;C:\Users\jymmm\.m2\repository\com\fasterxml\jackson\core\jackson-annotations\2.13.0\jackson-annotations-2.13.0.jar;C:\Users\jymmm\.m2\repository\com\fasterxml\jackson\core\jackson-core\2.13.0\jackson-core-2.13.0.jar;C:\Users\jymmm\.m2\repository\com\fasterxml\jackson\datatype\jackson-datatype-jdk8\2.13.0\jackson-datatype-jdk8-2.13.0.jar;C:\Users\jymmm\.m2\repository\com\fasterxml\jackson\datatype\jackson-datatype-jsr310\2.13.0\jackson-datatype-jsr310-2.13.0.jar;C:\Users\jymmm\.m2\repository\com\fasterxml\jackson\module\jackson-module-parameter-names\2.13.0\jackson-module-parameter-names-2.13.0.jar;C:\Users\jymmm\.m2\repository\org\springframework\boot\spring-boot-starter-tomcat\2.6.1\spring-boot-starter-tomcat-2.6.1.jar;C:\Users\jymmm\.m2\repository\org\apache\tomcat\embed\tomcat-embed-core\9.0.55\tomcat-embed-core-9.0.55.jar;C:\Users\jymmm\.m2\repository\org\apache\tomcat\embed\tomcat-embed-el\9.0.55\tomcat-embed-el-9.0.55.jar;C:\Users\jymmm\.m2\repository\org\apache\tomcat\embed\tomcat-embed-websocket\9.0.55\tomcat-embed-websocket-9.0.55.jar;C:\Users\jymmm\.m2\repository\org\springframework\spring-web\5.3.13\spring-web-5.3.13.jar;C:\Users\jymmm\.m2\repository\org\springframework\spring-webmvc\5.3.13\spring-webmvc-5.3.13.jar;C:\Users\jymmm\.m2\repository\org\springframework\spring-expression\5.3.13\spring-expression-5.3.13.jar;C:\Users\jymmm\.m2\repository\org\postgresql\postgresql\42.3.1\postgresql-42.3.1.jar;C:\Users\jymmm\.m2\repository\org\checkerframework\checker-qual\3.5.0\checker-qual-3.5.0.jar;C:\Users\jymmm\.m2\repository\org\springframework\boot\spring-boot-starter-test\2.6.1\spring-boot-starter-test-2.6.1.jar;C:\Users\jymmm\.m2\repository\org\springframework\boot\spring-boot-test\2.6.1\spring-boot-test-2.6.1.jar;C:\Users\jymmm\.m2\repository\org\springframework\boot\spring-boot-test-autoconfigure\2.6.1\spring-boot-test-autoconfigure-2.6.1.jar;C:\Users\jymmm\.m2\repository\com\jayway\jsonpath\json-path\2.6.0\json-path-2.6.0.jar;C:\Users\jymmm\.m2\repository\net\minidev\json-smart\2.4.7\json-smart-2.4.7.jar;C:\Users\jymmm\.m2\repository\net\minidev\accessors-smart\2.4.7\accessors-smart-2.4.7.jar;C:\Users\jymmm\.m2\repository\org\ow2\asm\asm\9.1\asm-9.1.jar;C:\Users\jymmm\.m2\repository\jakarta\xml\bind\jakarta.xml.bind-api\2.3.3\jakarta.xml.bind-api-2.3.3.jar;C:\Users\jymmm\.m2\repository\jakarta\activation\jakarta.activation-api\1.2.2\jakarta.activation-api-1.2.2.jar;C:\Users\jymmm\.m2\repository\org\assertj\assertj-core\3.21.0\assertj-core-3.21.0.jar;C:\Users\jymmm\.m2\repository\org\hamcrest\hamcrest\2.2\hamcrest-2.2.jar;C:\Users\jymmm\.m2\repository\org\junit\jupiter\junit-jupiter\5.8.1\junit-jupiter-5.8.1.jar;C:\Users\jymmm\.m2\repository\org\junit\jupiter\junit-jupiter-params\5.8.1\junit-jupiter-params-5.8.1.jar;C:\Users\jymmm\.m2\repository\org\junit\jupiter\junit-jupiter-engine\5.8.1\junit-jupiter-engine-5.8.1.jar;C:\Users\jymmm\.m2\repository\org\junit\platform\junit-platform-engine\1.8.1\junit-platform-engine-1.8.1.jar;C:\Users\jymmm\.m2\repository\org\mockito\mockito-junit-jupiter\4.0.0\mockito-junit-jupiter-4.0.0.jar;C:\Users\jymmm\.m2\repository\org\skyscreamer\jsonassert\1.5.0\jsonassert-1.5.0.jar;C:\Users\jymmm\.m2\repository\com\vaadin\external\google\android-json\0.0.20131108.vaadin1\android-json-0.0.20131108.vaadin1.jar;C:\Users\jymmm\.m2\repository\org\springframework\spring-core\5.3.13\spring-core-5.3.13.jar;C:\Users\jymmm\.m2\repository\org\springframework\spring-jcl\5.3.13\spring-jcl-5.3.13.jar;C:\Users\jymmm\.m2\repository\org\springframework\spring-test\5.3.13\spring-test-5.3.13.jar;C:\Users\jymmm\.m2\repository\org\xmlunit\xmlunit-core\2.8.3\xmlunit-core-2.8.3.jar;C:\Users\jymmm\.m2\repository\com\h2database\h2\1.4.200\h2-1.4.200.jar;C:\Users\jymmm\.m2\repository\org\mockito\mockito-core\4.0.0\mockito-core-4.0.0.jar;C:\Users\jymmm\.m2\repository\net\bytebuddy\byte-buddy\1.11.22\byte-buddy-1.11.22.jar;C:\Users\jymmm\.m2\repository\net\bytebuddy\byte-buddy-agent\1.11.22\byte-buddy-agent-1.11.22.jar;C:\Users\jymmm\.m2\repository\org\objenesis\objenesis\3.2\objenesis-3.2.jar;C:\Users\jymmm\.m2\repository\org\junit\jupiter\junit-jupiter-api\5.8.1\junit-jupiter-api-5.8.1.jar;C:\Users\jymmm\.m2\repository\org\opentest4j\opentest4j\1.2.0\opentest4j-1.2.0.jar;C:\Users\jymmm\.m2\repository\org\junit\platform\junit-platform-commons\1.8.1\junit-platform-commons-1.8.1.jar;C:\Users\jymmm\.m2\repository\org\apiguardian\apiguardian-api\1.1.2\apiguardian-api-1.1.2.jar;"/>
    <property name="sun.cpu.endian" value="little"/>
    <property name="user.home" value="C:\Users\jymmm"/>
    <property name="user.language" value="en"/>
    <property name="java.specification.vendor" value="Oracle Corporation"/>
    <property name="java.home" value="C:\Program Files\Java\jdk1.8.0_301\jre"/>
    <property name="basedir" value="D:\Curriculum-211018-Jymm\project-2-Team-Not-Found\case-clothes"/>
    <property name="file.separator" value="\"/>
    <property name="line.separator" value="&#10;"/>
    <property name="java.vm.specification.vendor" value="Oracle Corporation"/>
    <property name="java.specification.name" value="Java Platform API Specification"/>
    <property name="FILE_LOG_CHARSET" value="windows-1252"/>
    <property name="java.awt.graphicsenv" value="sun.awt.Win32GraphicsEnvironment"/>
    <property name="java.awt.headless" value="true"/>
    <property name="surefire.real.class.path" value="C:\Users\jymmm\AppData\Local\Temp\surefire8851757706761747729\surefirebooter4404297016873937588.jar;C:\\Users\\jymmm\\.m2\\repository\\org\\jacoco\\org.jacoco.agent\\0.8.7\\org.jacoco.agent-0.8.7-runtime.jar"/>
    <property name="sun.boot.class.path" value="C:\Program Files\Java\jdk1.8.0_301\jre\lib\resources.jar;C:\Program Files\Java\jdk1.8.0_301\jre\lib\rt.jar;C:\Program Files\Java\jdk1.8.0_301\jre\lib\sunrsasign.jar;C:\Program Files\Java\jdk1.8.0_301\jre\lib\jsse.jar;C:\Program Files\Java\jdk1.8.0_301\jre\lib\jce.jar;C:\Program Files\Java\jdk1.8.0_301\jre\lib\charsets.jar;C:\Program Files\Java\jdk1.8.0_301\jre\lib\jfr.jar;C:\Program Files\Java\jdk1.8.0_301\jre\classes"/>
    <property name="user.script" value=""/>
    <property name="sun.management.compiler" value="HotSpot 64-Bit Tiered Compilers"/>
    <property name="java.runtime.version" value="1.8.0_301-b09"/>
    <property name="user.name" value="jymmm"/>
    <property name="path.separator" value=";"/>
    <property name="os.version" value="10.0"/>
    <property name="java.endorsed.dirs" value="C:\Program Files\Java\jdk1.8.0_301\jre\lib\endorsed"/>
    <property name="java.runtime.name" value="Java(TM) SE Runtime Environment"/>
    <property name="file.encoding" value="Cp1252"/>
    <property name="spring.beaninfo.ignore" value="true"/>
    <property name="java.vm.name" value="Java HotSpot(TM) 64-Bit Server VM"/>
    <property name="localRepository" value="C:\Users\jymmm\.m2\repository"/>
    <property name="java.vendor.url.bug" value="http://bugreport.sun.com/bugreport/"/>
    <property name="java.io.tmpdir" value="C:\Users\jymmm\AppData\Local\Temp\"/>
    <property name="com.zaxxer.hikari.pool_number" value="82"/>
    <property name="java.version" value="1.8.0_301"/>
    <property name="user.dir" value="D:\Curriculum-211018-Jymm\project-2-Team-Not-Found\case-clothes"/>
    <property name="os.arch" value="amd64"/>
    <property name="java.vm.specification.name" value="Java Virtual Machine Specification"/>
    <property name="PID" value="19668"/>
    <property name="java.awt.printerjob" value="sun.awt.windows.WPrinterJob"/>
    <property name="sun.os.patch.level" value=""/>
    <property name="CONSOLE_LOG_CHARSET" value="windows-1252"/>
    <property name="java.library.path" value="C:\Program Files\Java\jdk1.8.0_301\jre\bin;C:\WINDOWS\Sun\Java\bin;C:\WINDOWS\system32;C:\WINDOWS;C:\Users\jymmm\bin;C:\Program Files\Git\mingw64\bin;C:\Program Files\Git\usr\local\bin;C:\Program Files\Git\usr\bin;C:\Program Files\Git\usr\bin;C:\Program Files\Git\mingw64\bin;C:\Program Files\Git\usr\bin;C:\Users\jymmm\bin;C:\Python310\Scripts;C:\Python310;C:\Program Files\Eclipse Foundation\jdk-16.0.2.7-hotspot\bin;C:\Program Files (x86)\Common Files\Oracle\Java\javapath;C:\ProgramData\Oracle\Java\javapath;C:\Program Files (x86)\Intel\Intel(R) Management Engine Components\iCLS;C:\Program Files\Intel\Intel(R) Management Engine Components\iCLS;C:\Windows\system32;C:\Windows;C:\Windows\System32\Wbem;C:\Windows\System32\WindowsPowerShell\v1.0;C:\Windows\System32\OpenSSH;C:\Program Files (x86)\Intel\Intel(R) Management Engine Components\DAL;C:\Program Files\Intel\Intel(R) Management Engine Components\DAL;C:\Program Files (x86)\Intel\Intel(R) Management Engine Components\IPT;C:\Program Files\Intel\Intel(R) Management Engine Components\IPT;C:\Program Files (x86)\NVIDIA Corporation\PhysX\Common;C:\Program Files\NVIDIA Corporation\NVIDIA NvDLISR;C:\Program Files\dotnet;C:\Program Files\Microsoft SQL Server\130\Tools\Binn;C:\WINDOWS\system32;C:\WINDOWS;C:\WINDOWS\System32\Wbem;C:\WINDOWS\System32\WindowsPowerShell\v1.0;C:\WINDOWS\System32\OpenSSH;C:\Program Files\Common Files\Autodesk Shared;C:\Program Files (x86)\Autodesk\Backburner;C:\WINDOWS\system32;C:\WINDOWS;C:\WINDOWS\System32\Wbem;C:\WINDOWS\System32\WindowsPowerShell\v1.0;C:\WINDOWS\System32\OpenSSH;C:\Program Files\Git\cmd;C:\Program Files\Java\jdk1.8.0_301\bin;C:\Maven\apache-maven-3.8.2\bin;C:\Program Files\nodejs;C:\ProgramData\chocolatey\bin;C:\Users\jymmm\scoop\apps\maven\current\bin;C:\Users\jymmm\scoop\shims;C:\Users\jymmm\AppData\Local\Microsoft\WindowsApps;C:\Users\jymmm\AppData\Local\Programs\Microsoft VS Code\bin;C:\Users\jymmm\AppData\Local\GitHubDesktop\bin;C:\Users\jymmm\AppData\Roaming\npm;C:\Program Files\Git\usr\bin\vendor_perl;C:\Program Files\Git\usr\bin\core_perl;."/>
    <property name="java.vm.info" value="mixed mode"/>
    <property name="java.vendor" value="Oracle Corporation"/>
    <property name="java.vm.version" value="25.301-b09"/>
    <property name="java.ext.dirs" value="C:\Program Files\Java\jdk1.8.0_301\jre\lib\ext;C:\WINDOWS\Sun\Java\lib\ext"/>
    <property name="sun.io.unicode.encoding" value="UnicodeLittle"/>
    <property name="java.class.version" value="52.0"/>
  </properties>
  <testcase name="testDeleteUserByID_admin" classname="com.revature.caseclothes.servicetests.UserServiceTest" time="0.415">
    <system-out><![CDATA[2021-12-23 21:35:54.450  INFO 19668 --- [           main] .b.t.c.SpringBootTestContextBootstrapper : Neither @ContextConfiguration nor @ContextHierarchy found for test class [com.revature.caseclothes.servicetests.UserServiceTest], using SpringBootContextLoader
2021-12-23 21:35:54.451  INFO 19668 --- [           main] o.s.t.c.support.AbstractContextLoader    : Could not detect default resource locations for test class [com.revature.caseclothes.servicetests.UserServiceTest]: no resource found for suffixes {-context.xml, Context.groovy}.
2021-12-23 21:35:54.451  INFO 19668 --- [           main] t.c.s.AnnotationConfigContextLoaderUtils : Could not detect default configuration classes for test class [com.revature.caseclothes.servicetests.UserServiceTest]: UserServiceTest does not declare any static, non-private, non-final, nested classes annotated with @Configuration.
2021-12-23 21:35:54.451  INFO 19668 --- [           main] .b.t.c.SpringBootTestContextBootstrapper : Found @SpringBootConfiguration com.revature.caseclothes.CaseClothesApplication for test class com.revature.caseclothes.servicetests.UserServiceTest
2021-12-23 21:35:54.452  INFO 19668 --- [           main] .b.t.c.SpringBootTestContextBootstrapper : Loaded default TestExecutionListener class names from location [META-INF/spring.factories]: [org.springframework.boot.test.mock.mockito.MockitoTestExecutionListener, org.springframework.boot.test.mock.mockito.ResetMocksTestExecutionListener, org.springframework.boot.test.autoconfigure.restdocs.RestDocsTestExecutionListener, org.springframework.boot.test.autoconfigure.web.client.MockRestServiceServerResetTestExecutionListener, org.springframework.boot.test.autoconfigure.web.servlet.MockMvcPrintOnlyOnFailureTestExecutionListener, org.springframework.boot.test.autoconfigure.web.servlet.WebDriverTestExecutionListener, org.springframework.boot.test.autoconfigure.webservices.client.MockWebServiceServerTestExecutionListener, org.springframework.test.context.web.ServletTestExecutionListener, org.springframework.test.context.support.DirtiesContextBeforeModesTestExecutionListener, org.springframework.test.context.event.ApplicationEventsTestExecutionListener, org.springframework.test.context.support.DependencyInjectionTestExecutionListener, org.springframework.test.context.support.DirtiesContextTestExecutionListener, org.springframework.test.context.transaction.TransactionalTestExecutionListener, org.springframework.test.context.jdbc.SqlScriptsTestExecutionListener, org.springframework.test.context.event.EventPublishingTestExecutionListener]
2021-12-23 21:35:54.452  INFO 19668 --- [           main] .b.t.c.SpringBootTestContextBootstrapper : Using TestExecutionListeners: [org.springframework.test.context.web.ServletTestExecutionListener@691ee7f3, org.springframework.test.context.support.DirtiesContextBeforeModesTestExecutionListener@176e1b0e, org.springframework.test.context.event.ApplicationEventsTestExecutionListener@6c36d52b, org.springframework.boot.test.mock.mockito.MockitoTestExecutionListener@7b191199, org.springframework.boot.test.autoconfigure.SpringBootDependencyInjectionTestExecutionListener@65a65076, org.springframework.test.context.support.DirtiesContextTestExecutionListener@27781a7, org.springframework.test.context.transaction.TransactionalTestExecutionListener@5832934f, org.springframework.test.context.jdbc.SqlScriptsTestExecutionListener@6b94c409, org.springframework.test.context.event.EventPublishingTestExecutionListener@3ce61ced, org.springframework.boot.test.mock.mockito.ResetMocksTestExecutionListener@222c86f, org.springframework.boot.test.autoconfigure.restdocs.RestDocsTestExecutionListener@4ec68b8f, org.springframework.boot.test.autoconfigure.web.client.MockRestServiceServerResetTestExecutionListener@33fbad2, org.springframework.boot.test.autoconfigure.web.servlet.MockMvcPrintOnlyOnFailureTestExecutionListener@fb2cf2c, org.springframework.boot.test.autoconfigure.web.servlet.WebDriverTestExecutionListener@1bc70f05, org.springframework.boot.test.autoconfigure.webservices.client.MockWebServiceServerTestExecutionListener@61277501]

  .   ____          _            __ _ _
 /\\ / ___'_ __ _ _(_)_ __  __ _ \ \ \ \
( ( )\___ | '_ | '_| | '_ \/ _` | \ \ \ \
 \\/  ___)| |_)| | | | | || (_| |  ) ) ) )
  '  |____| .__|_| |_|_| |_\__, | / / / /
 =========|_|==============|___/=/_/_/_/
 :: Spring Boot ::                (v2.6.1)

2021-12-23 21:35:54.463  INFO 19668 --- [           main] c.r.c.servicetests.UserServiceTest       : Starting UserServiceTest using Java 1.8.0_301 on MSI-Jymm with PID 19668 (started by jymmm in D:\Curriculum-211018-Jymm\project-2-Team-Not-Found\case-clothes)
2021-12-23 21:35:54.463  INFO 19668 --- [           main] c.r.c.servicetests.UserServiceTest       : The following profiles are active: UserService-test
2021-12-23 21:35:54.537  INFO 19668 --- [           main] .s.d.r.c.RepositoryConfigurationDelegate : Bootstrapping Spring Data JPA repositories in DEFAULT mode.
2021-12-23 21:35:54.539  INFO 19668 --- [           main] .s.d.r.c.RepositoryConfigurationDelegate : Finished Spring Data repository scanning in 1 ms. Found 0 JPA repository interfaces.
2021-12-23 21:35:54.593  INFO 19668 --- [           main] com.zaxxer.hikari.HikariDataSource       : HikariPool-46 - Starting...
2021-12-23 21:35:54.593  INFO 19668 --- [           main] com.zaxxer.hikari.HikariDataSource       : HikariPool-46 - Start completed.
2021-12-23 21:35:54.600  INFO 19668 --- [           main] o.hibernate.jpa.internal.util.LogHelper  : HHH000204: Processing PersistenceUnitInfo [name: default]
2021-12-23 21:35:54.603  INFO 19668 --- [           main] org.hibernate.dialect.Dialect            : HHH000400: Using dialect: org.hibernate.dialect.H2Dialect
2021-12-23 21:35:54.634  INFO 19668 --- [           main] o.h.e.t.j.p.i.JtaPlatformInitiator       : HHH000490: Using JtaPlatform implementation: [org.hibernate.engine.transaction.jta.platform.internal.NoJtaPlatform]
2021-12-23 21:35:54.635  INFO 19668 --- [           main] j.LocalContainerEntityManagerFactoryBean : Initialized JPA EntityManagerFactory for persistence unit 'default'
2021-12-23 21:35:54.715  WARN 19668 --- [           main] JpaBaseConfiguration$JpaWebConfiguration : spring.jpa.open-in-view is enabled by default. Therefore, database queries may be performed during view rendering. Explicitly configure spring.jpa.open-in-view to disable this warning
2021-12-23 21:35:54.860  INFO 19668 --- [           main] c.r.c.servicetests.UserServiceTest       : Started UserServiceTest in 0.406 seconds (JVM running for 28.603)
2021-12-23 21:35:54.862  INFO 19668 --- [           main] j.LocalContainerEntityManagerFactoryBean : Closing JPA EntityManagerFactory for persistence unit 'default'
2021-12-23 21:35:54.862  INFO 19668 --- [           main] .SchemaDropperImpl$DelayedDropActionImpl : HHH000477: Starting delayed evictData of schema as part of SessionFactory shut-down'
2021-12-23 21:35:54.863  INFO 19668 --- [           main] com.zaxxer.hikari.HikariDataSource       : HikariPool-46 - Shutdown initiated...
2021-12-23 21:35:54.864  INFO 19668 --- [           main] com.zaxxer.hikari.HikariDataSource       : HikariPool-46 - Shutdown completed.

  .   ____          _            __ _ _
 /\\ / ___'_ __ _ _(_)_ __  __ _ \ \ \ \
( ( )\___ | '_ | '_| | '_ \/ _` | \ \ \ \
 \\/  ___)| |_)| | | | | || (_| |  ) ) ) )
  '  |____| .__|_| |_|_| |_\__, | / / / /
 =========|_|==============|___/=/_/_/_/
 :: Spring Boot ::                (v2.6.1)

2021-12-23 21:35:54.875  INFO 19668 --- [           main] c.r.c.servicetests.UserServiceTest       : Starting UserServiceTest using Java 1.8.0_301 on MSI-Jymm with PID 19668 (started by jymmm in D:\Curriculum-211018-Jymm\project-2-Team-Not-Found\case-clothes)
2021-12-23 21:35:54.875  INFO 19668 --- [           main] c.r.c.servicetests.UserServiceTest       : The following profiles are active: UserService-test
2021-12-23 21:35:54.948  INFO 19668 --- [           main] .s.d.r.c.RepositoryConfigurationDelegate : Bootstrapping Spring Data JPA repositories in DEFAULT mode.
2021-12-23 21:35:54.949  INFO 19668 --- [           main] .s.d.r.c.RepositoryConfigurationDelegate : Finished Spring Data repository scanning in 1 ms. Found 0 JPA repository interfaces.
2021-12-23 21:35:55.002  INFO 19668 --- [           main] com.zaxxer.hikari.HikariDataSource       : HikariPool-47 - Starting...
2021-12-23 21:35:55.002  INFO 19668 --- [           main] com.zaxxer.hikari.HikariDataSource       : HikariPool-47 - Start completed.
2021-12-23 21:35:55.009  INFO 19668 --- [           main] o.hibernate.jpa.internal.util.LogHelper  : HHH000204: Processing PersistenceUnitInfo [name: default]
2021-12-23 21:35:55.012  INFO 19668 --- [           main] org.hibernate.dialect.Dialect            : HHH000400: Using dialect: org.hibernate.dialect.H2Dialect
2021-12-23 21:35:55.059  INFO 19668 --- [           main] o.h.e.t.j.p.i.JtaPlatformInitiator       : HHH000490: Using JtaPlatform implementation: [org.hibernate.engine.transaction.jta.platform.internal.NoJtaPlatform]
2021-12-23 21:35:55.059  INFO 19668 --- [           main] j.LocalContainerEntityManagerFactoryBean : Initialized JPA EntityManagerFactory for persistence unit 'default'
2021-12-23 21:35:55.116  WARN 19668 --- [           main] JpaBaseConfiguration$JpaWebConfiguration : spring.jpa.open-in-view is enabled by default. Therefore, database queries may be performed during view rendering. Explicitly configure spring.jpa.open-in-view to disable this warning
2021-12-23 21:35:55.265  INFO 19668 --- [           main] c.r.c.servicetests.UserServiceTest       : Started UserServiceTest in 0.399 seconds (JVM running for 29.008)
]]></system-out>
  </testcase>
  <testcase name="testAddAdminPositive" classname="com.revature.caseclothes.servicetests.UserServiceTest" time="0.375">
    <system-out><![CDATA[2021-12-23 21:35:55.277  INFO 19668 --- [           main] j.LocalContainerEntityManagerFactoryBean : Closing JPA EntityManagerFactory for persistence unit 'default'
2021-12-23 21:35:55.277  INFO 19668 --- [           main] .SchemaDropperImpl$DelayedDropActionImpl : HHH000477: Starting delayed evictData of schema as part of SessionFactory shut-down'
2021-12-23 21:35:55.278  INFO 19668 --- [           main] com.zaxxer.hikari.HikariDataSource       : HikariPool-47 - Shutdown initiated...
2021-12-23 21:35:55.279  INFO 19668 --- [           main] com.zaxxer.hikari.HikariDataSource       : HikariPool-47 - Shutdown completed.

  .   ____          _            __ _ _
 /\\ / ___'_ __ _ _(_)_ __  __ _ \ \ \ \
( ( )\___ | '_ | '_| | '_ \/ _` | \ \ \ \
 \\/  ___)| |_)| | | | | || (_| |  ) ) ) )
  '  |____| .__|_| |_|_| |_\__, | / / / /
 =========|_|==============|___/=/_/_/_/
 :: Spring Boot ::                (v2.6.1)

2021-12-23 21:35:55.290  INFO 19668 --- [           main] c.r.c.servicetests.UserServiceTest       : Starting UserServiceTest using Java 1.8.0_301 on MSI-Jymm with PID 19668 (started by jymmm in D:\Curriculum-211018-Jymm\project-2-Team-Not-Found\case-clothes)
2021-12-23 21:35:55.290  INFO 19668 --- [           main] c.r.c.servicetests.UserServiceTest       : The following profiles are active: UserService-test
2021-12-23 21:35:55.361  INFO 19668 --- [           main] .s.d.r.c.RepositoryConfigurationDelegate : Bootstrapping Spring Data JPA repositories in DEFAULT mode.
2021-12-23 21:35:55.363  INFO 19668 --- [           main] .s.d.r.c.RepositoryConfigurationDelegate : Finished Spring Data repository scanning in 1 ms. Found 0 JPA repository interfaces.
2021-12-23 21:35:55.412  INFO 19668 --- [           main] com.zaxxer.hikari.HikariDataSource       : HikariPool-48 - Starting...
2021-12-23 21:35:55.413  INFO 19668 --- [           main] com.zaxxer.hikari.HikariDataSource       : HikariPool-48 - Start completed.
2021-12-23 21:35:55.420  INFO 19668 --- [           main] o.hibernate.jpa.internal.util.LogHelper  : HHH000204: Processing PersistenceUnitInfo [name: default]
2021-12-23 21:35:55.422  INFO 19668 --- [           main] org.hibernate.dialect.Dialect            : HHH000400: Using dialect: org.hibernate.dialect.H2Dialect
2021-12-23 21:35:55.452  INFO 19668 --- [           main] o.h.e.t.j.p.i.JtaPlatformInitiator       : HHH000490: Using JtaPlatform implementation: [org.hibernate.engine.transaction.jta.platform.internal.NoJtaPlatform]
2021-12-23 21:35:55.452  INFO 19668 --- [           main] j.LocalContainerEntityManagerFactoryBean : Initialized JPA EntityManagerFactory for persistence unit 'default'
2021-12-23 21:35:55.508  WARN 19668 --- [           main] JpaBaseConfiguration$JpaWebConfiguration : spring.jpa.open-in-view is enabled by default. Therefore, database queries may be performed during view rendering. Explicitly configure spring.jpa.open-in-view to disable this warning
2021-12-23 21:35:55.648  INFO 19668 --- [           main] c.r.c.servicetests.UserServiceTest       : Started UserServiceTest in 0.366 seconds (JVM running for 29.391)
]]></system-out>
  </testcase>
  <testcase name="testAddCustomer_NoUserameInput_OtherFieldsValid_NegativeTest" classname="com.revature.caseclothes.servicetests.UserServiceTest" time="0.388">
    <system-out><![CDATA[2021-12-23 21:35:55.653  INFO 19668 --- [           main] j.LocalContainerEntityManagerFactoryBean : Closing JPA EntityManagerFactory for persistence unit 'default'
2021-12-23 21:35:55.654  INFO 19668 --- [           main] .SchemaDropperImpl$DelayedDropActionImpl : HHH000477: Starting delayed evictData of schema as part of SessionFactory shut-down'
2021-12-23 21:35:55.655  INFO 19668 --- [           main] com.zaxxer.hikari.HikariDataSource       : HikariPool-48 - Shutdown initiated...
2021-12-23 21:35:55.655  INFO 19668 --- [           main] com.zaxxer.hikari.HikariDataSource       : HikariPool-48 - Shutdown completed.

  .   ____          _            __ _ _
 /\\ / ___'_ __ _ _(_)_ __  __ _ \ \ \ \
( ( )\___ | '_ | '_| | '_ \/ _` | \ \ \ \
 \\/  ___)| |_)| | | | | || (_| |  ) ) ) )
  '  |____| .__|_| |_|_| |_\__, | / / / /
 =========|_|==============|___/=/_/_/_/
 :: Spring Boot ::                (v2.6.1)

2021-12-23 21:35:55.667  INFO 19668 --- [           main] c.r.c.servicetests.UserServiceTest       : Starting UserServiceTest using Java 1.8.0_301 on MSI-Jymm with PID 19668 (started by jymmm in D:\Curriculum-211018-Jymm\project-2-Team-Not-Found\case-clothes)
2021-12-23 21:35:55.667  INFO 19668 --- [           main] c.r.c.servicetests.UserServiceTest       : The following profiles are active: UserService-test
2021-12-23 21:35:55.739  INFO 19668 --- [           main] .s.d.r.c.RepositoryConfigurationDelegate : Bootstrapping Spring Data JPA repositories in DEFAULT mode.
2021-12-23 21:35:55.741  INFO 19668 --- [           main] .s.d.r.c.RepositoryConfigurationDelegate : Finished Spring Data repository scanning in 1 ms. Found 0 JPA repository interfaces.
2021-12-23 21:35:55.790  INFO 19668 --- [           main] com.zaxxer.hikari.HikariDataSource       : HikariPool-49 - Starting...
2021-12-23 21:35:55.791  INFO 19668 --- [           main] com.zaxxer.hikari.HikariDataSource       : HikariPool-49 - Start completed.
2021-12-23 21:35:55.797  INFO 19668 --- [           main] o.hibernate.jpa.internal.util.LogHelper  : HHH000204: Processing PersistenceUnitInfo [name: default]
2021-12-23 21:35:55.800  INFO 19668 --- [           main] org.hibernate.dialect.Dialect            : HHH000400: Using dialect: org.hibernate.dialect.H2Dialect
2021-12-23 21:35:55.832  INFO 19668 --- [           main] o.h.e.t.j.p.i.JtaPlatformInitiator       : HHH000490: Using JtaPlatform implementation: [org.hibernate.engine.transaction.jta.platform.internal.NoJtaPlatform]
2021-12-23 21:35:55.832  INFO 19668 --- [           main] j.LocalContainerEntityManagerFactoryBean : Initialized JPA EntityManagerFactory for persistence unit 'default'
2021-12-23 21:35:55.890  WARN 19668 --- [           main] JpaBaseConfiguration$JpaWebConfiguration : spring.jpa.open-in-view is enabled by default. Therefore, database queries may be performed during view rendering. Explicitly configure spring.jpa.open-in-view to disable this warning
2021-12-23 21:35:56.038  INFO 19668 --- [           main] c.r.c.servicetests.UserServiceTest       : Started UserServiceTest in 0.382 seconds (JVM running for 29.782)
]]></system-out>
  </testcase>
  <testcase name="testAddAdminNegative" classname="com.revature.caseclothes.servicetests.UserServiceTest" time="0.417">
    <system-out><![CDATA[2021-12-23 21:35:56.042  INFO 19668 --- [           main] j.LocalContainerEntityManagerFactoryBean : Closing JPA EntityManagerFactory for persistence unit 'default'
2021-12-23 21:35:56.042  INFO 19668 --- [           main] .SchemaDropperImpl$DelayedDropActionImpl : HHH000477: Starting delayed evictData of schema as part of SessionFactory shut-down'
2021-12-23 21:35:56.043  INFO 19668 --- [           main] com.zaxxer.hikari.HikariDataSource       : HikariPool-49 - Shutdown initiated...
2021-12-23 21:35:56.044  INFO 19668 --- [           main] com.zaxxer.hikari.HikariDataSource       : HikariPool-49 - Shutdown completed.

  .   ____          _            __ _ _
 /\\ / ___'_ __ _ _(_)_ __  __ _ \ \ \ \
( ( )\___ | '_ | '_| | '_ \/ _` | \ \ \ \
 \\/  ___)| |_)| | | | | || (_| |  ) ) ) )
  '  |____| .__|_| |_|_| |_\__, | / / / /
 =========|_|==============|___/=/_/_/_/
 :: Spring Boot ::                (v2.6.1)

2021-12-23 21:35:56.055  INFO 19668 --- [           main] c.r.c.servicetests.UserServiceTest       : Starting UserServiceTest using Java 1.8.0_301 on MSI-Jymm with PID 19668 (started by jymmm in D:\Curriculum-211018-Jymm\project-2-Team-Not-Found\case-clothes)
2021-12-23 21:35:56.055  INFO 19668 --- [           main] c.r.c.servicetests.UserServiceTest       : The following profiles are active: UserService-test
2021-12-23 21:35:56.125  INFO 19668 --- [           main] .s.d.r.c.RepositoryConfigurationDelegate : Bootstrapping Spring Data JPA repositories in DEFAULT mode.
2021-12-23 21:35:56.126  INFO 19668 --- [           main] .s.d.r.c.RepositoryConfigurationDelegate : Finished Spring Data repository scanning in 1 ms. Found 0 JPA repository interfaces.
2021-12-23 21:35:56.177  INFO 19668 --- [           main] com.zaxxer.hikari.HikariDataSource       : HikariPool-50 - Starting...
2021-12-23 21:35:56.178  INFO 19668 --- [           main] com.zaxxer.hikari.HikariDataSource       : HikariPool-50 - Start completed.
2021-12-23 21:35:56.184  INFO 19668 --- [           main] o.hibernate.jpa.internal.util.LogHelper  : HHH000204: Processing PersistenceUnitInfo [name: default]
2021-12-23 21:35:56.187  INFO 19668 --- [           main] org.hibernate.dialect.Dialect            : HHH000400: Using dialect: org.hibernate.dialect.H2Dialect
2021-12-23 21:35:56.220  INFO 19668 --- [           main] o.h.e.t.j.p.i.JtaPlatformInitiator       : HHH000490: Using JtaPlatform implementation: [org.hibernate.engine.transaction.jta.platform.internal.NoJtaPlatform]
2021-12-23 21:35:56.220  INFO 19668 --- [           main] j.LocalContainerEntityManagerFactoryBean : Initialized JPA EntityManagerFactory for persistence unit 'default'
2021-12-23 21:35:56.288  WARN 19668 --- [           main] JpaBaseConfiguration$JpaWebConfiguration : spring.jpa.open-in-view is enabled by default. Therefore, database queries may be performed during view rendering. Explicitly configure spring.jpa.open-in-view to disable this warning
2021-12-23 21:35:56.456  INFO 19668 --- [           main] c.r.c.servicetests.UserServiceTest       : Started UserServiceTest in 0.41 seconds (JVM running for 30.199)
]]></system-out>
  </testcase>
  <testcase name="testLogin_customer" classname="com.revature.caseclothes.servicetests.UserServiceTest" time="0.375">
    <system-out><![CDATA[2021-12-23 21:35:56.460  INFO 19668 --- [           main] j.LocalContainerEntityManagerFactoryBean : Closing JPA EntityManagerFactory for persistence unit 'default'
2021-12-23 21:35:56.460  INFO 19668 --- [           main] .SchemaDropperImpl$DelayedDropActionImpl : HHH000477: Starting delayed evictData of schema as part of SessionFactory shut-down'
2021-12-23 21:35:56.461  INFO 19668 --- [           main] com.zaxxer.hikari.HikariDataSource       : HikariPool-50 - Shutdown initiated...
2021-12-23 21:35:56.462  INFO 19668 --- [           main] com.zaxxer.hikari.HikariDataSource       : HikariPool-50 - Shutdown completed.

  .   ____          _            __ _ _
 /\\ / ___'_ __ _ _(_)_ __  __ _ \ \ \ \
( ( )\___ | '_ | '_| | '_ \/ _` | \ \ \ \
 \\/  ___)| |_)| | | | | || (_| |  ) ) ) )
  '  |____| .__|_| |_|_| |_\__, | / / / /
 =========|_|==============|___/=/_/_/_/
 :: Spring Boot ::                (v2.6.1)

2021-12-23 21:35:56.472  INFO 19668 --- [           main] c.r.c.servicetests.UserServiceTest       : Starting UserServiceTest using Java 1.8.0_301 on MSI-Jymm with PID 19668 (started by jymmm in D:\Curriculum-211018-Jymm\project-2-Team-Not-Found\case-clothes)
2021-12-23 21:35:56.472  INFO 19668 --- [           main] c.r.c.servicetests.UserServiceTest       : The following profiles are active: UserService-test
2021-12-23 21:35:56.541  INFO 19668 --- [           main] .s.d.r.c.RepositoryConfigurationDelegate : Bootstrapping Spring Data JPA repositories in DEFAULT mode.
2021-12-23 21:35:56.543  INFO 19668 --- [           main] .s.d.r.c.RepositoryConfigurationDelegate : Finished Spring Data repository scanning in 1 ms. Found 0 JPA repository interfaces.
2021-12-23 21:35:56.591  INFO 19668 --- [           main] com.zaxxer.hikari.HikariDataSource       : HikariPool-51 - Starting...
2021-12-23 21:35:56.592  INFO 19668 --- [           main] com.zaxxer.hikari.HikariDataSource       : HikariPool-51 - Start completed.
2021-12-23 21:35:56.598  INFO 19668 --- [           main] o.hibernate.jpa.internal.util.LogHelper  : HHH000204: Processing PersistenceUnitInfo [name: default]
2021-12-23 21:35:56.600  INFO 19668 --- [           main] org.hibernate.dialect.Dialect            : HHH000400: Using dialect: org.hibernate.dialect.H2Dialect
2021-12-23 21:35:56.632  INFO 19668 --- [           main] o.h.e.t.j.p.i.JtaPlatformInitiator       : HHH000490: Using JtaPlatform implementation: [org.hibernate.engine.transaction.jta.platform.internal.NoJtaPlatform]
2021-12-23 21:35:56.632  INFO 19668 --- [           main] j.LocalContainerEntityManagerFactoryBean : Initialized JPA EntityManagerFactory for persistence unit 'default'
2021-12-23 21:35:56.687  WARN 19668 --- [           main] JpaBaseConfiguration$JpaWebConfiguration : spring.jpa.open-in-view is enabled by default. Therefore, database queries may be performed during view rendering. Explicitly configure spring.jpa.open-in-view to disable this warning
2021-12-23 21:35:56.831  INFO 19668 --- [           main] c.r.c.servicetests.UserServiceTest       : Started UserServiceTest in 0.368 seconds (JVM running for 30.574)
]]></system-out>
  </testcase>
  <testcase name="testAddAdmin_AddUserDTO_NoLastNameInput_OtherFieldsValid_NegativeTest" classname="com.revature.caseclothes.servicetests.UserServiceTest" time="0.387">
    <system-out><![CDATA[2021-12-23 21:35:56.837  INFO 19668 --- [           main] j.LocalContainerEntityManagerFactoryBean : Closing JPA EntityManagerFactory for persistence unit 'default'
2021-12-23 21:35:56.837  INFO 19668 --- [           main] .SchemaDropperImpl$DelayedDropActionImpl : HHH000477: Starting delayed evictData of schema as part of SessionFactory shut-down'
2021-12-23 21:35:56.839  INFO 19668 --- [           main] com.zaxxer.hikari.HikariDataSource       : HikariPool-51 - Shutdown initiated...
2021-12-23 21:35:56.839  INFO 19668 --- [           main] com.zaxxer.hikari.HikariDataSource       : HikariPool-51 - Shutdown completed.

  .   ____          _            __ _ _
 /\\ / ___'_ __ _ _(_)_ __  __ _ \ \ \ \
( ( )\___ | '_ | '_| | '_ \/ _` | \ \ \ \
 \\/  ___)| |_)| | | | | || (_| |  ) ) ) )
  '  |____| .__|_| |_|_| |_\__, | / / / /
 =========|_|==============|___/=/_/_/_/
 :: Spring Boot ::                (v2.6.1)

2021-12-23 21:35:56.852  INFO 19668 --- [           main] c.r.c.servicetests.UserServiceTest       : Starting UserServiceTest using Java 1.8.0_301 on MSI-Jymm with PID 19668 (started by jymmm in D:\Curriculum-211018-Jymm\project-2-Team-Not-Found\case-clothes)
2021-12-23 21:35:56.852  INFO 19668 --- [           main] c.r.c.servicetests.UserServiceTest       : The following profiles are active: UserService-test
2021-12-23 21:35:56.930  INFO 19668 --- [           main] .s.d.r.c.RepositoryConfigurationDelegate : Bootstrapping Spring Data JPA repositories in DEFAULT mode.
2021-12-23 21:35:56.932  INFO 19668 --- [           main] .s.d.r.c.RepositoryConfigurationDelegate : Finished Spring Data repository scanning in 1 ms. Found 0 JPA repository interfaces.
2021-12-23 21:35:56.983  INFO 19668 --- [           main] com.zaxxer.hikari.HikariDataSource       : HikariPool-52 - Starting...
2021-12-23 21:35:56.983  INFO 19668 --- [           main] com.zaxxer.hikari.HikariDataSource       : HikariPool-52 - Start completed.
2021-12-23 21:35:56.990  INFO 19668 --- [           main] o.hibernate.jpa.internal.util.LogHelper  : HHH000204: Processing PersistenceUnitInfo [name: default]
2021-12-23 21:35:56.992  INFO 19668 --- [           main] org.hibernate.dialect.Dialect            : HHH000400: Using dialect: org.hibernate.dialect.H2Dialect
2021-12-23 21:35:57.026  INFO 19668 --- [           main] o.h.e.t.j.p.i.JtaPlatformInitiator       : HHH000490: Using JtaPlatform implementation: [org.hibernate.engine.transaction.jta.platform.internal.NoJtaPlatform]
2021-12-23 21:35:57.026  INFO 19668 --- [           main] j.LocalContainerEntityManagerFactoryBean : Initialized JPA EntityManagerFactory for persistence unit 'default'
2021-12-23 21:35:57.080  WARN 19668 --- [           main] JpaBaseConfiguration$JpaWebConfiguration : spring.jpa.open-in-view is enabled by default. Therefore, database queries may be performed during view rendering. Explicitly configure spring.jpa.open-in-view to disable this warning
2021-12-23 21:35:57.220  INFO 19668 --- [           main] c.r.c.servicetests.UserServiceTest       : Started UserServiceTest in 0.379 seconds (JVM running for 30.964)
]]></system-out>
  </testcase>
  <testcase name="testAddCustomer_NoAddressInput_OtherFieldsValid_NegativeTest" classname="com.revature.caseclothes.servicetests.UserServiceTest" time="0.376">
    <system-out><![CDATA[2021-12-23 21:35:57.224  INFO 19668 --- [           main] j.LocalContainerEntityManagerFactoryBean : Closing JPA EntityManagerFactory for persistence unit 'default'
2021-12-23 21:35:57.224  INFO 19668 --- [           main] .SchemaDropperImpl$DelayedDropActionImpl : HHH000477: Starting delayed evictData of schema as part of SessionFactory shut-down'
2021-12-23 21:35:57.225  INFO 19668 --- [           main] com.zaxxer.hikari.HikariDataSource       : HikariPool-52 - Shutdown initiated...
2021-12-23 21:35:57.225  INFO 19668 --- [           main] com.zaxxer.hikari.HikariDataSource       : HikariPool-52 - Shutdown completed.

  .   ____          _            __ _ _
 /\\ / ___'_ __ _ _(_)_ __  __ _ \ \ \ \
( ( )\___ | '_ | '_| | '_ \/ _` | \ \ \ \
 \\/  ___)| |_)| | | | | || (_| |  ) ) ) )
  '  |____| .__|_| |_|_| |_\__, | / / / /
 =========|_|==============|___/=/_/_/_/
 :: Spring Boot ::                (v2.6.1)

2021-12-23 21:35:57.236  INFO 19668 --- [           main] c.r.c.servicetests.UserServiceTest       : Starting UserServiceTest using Java 1.8.0_301 on MSI-Jymm with PID 19668 (started by jymmm in D:\Curriculum-211018-Jymm\project-2-Team-Not-Found\case-clothes)
2021-12-23 21:35:57.236  INFO 19668 --- [           main] c.r.c.servicetests.UserServiceTest       : The following profiles are active: UserService-test
2021-12-23 21:35:57.311  INFO 19668 --- [           main] .s.d.r.c.RepositoryConfigurationDelegate : Bootstrapping Spring Data JPA repositories in DEFAULT mode.
2021-12-23 21:35:57.313  INFO 19668 --- [           main] .s.d.r.c.RepositoryConfigurationDelegate : Finished Spring Data repository scanning in 1 ms. Found 0 JPA repository interfaces.
2021-12-23 21:35:57.361  INFO 19668 --- [           main] com.zaxxer.hikari.HikariDataSource       : HikariPool-53 - Starting...
2021-12-23 21:35:57.361  INFO 19668 --- [           main] com.zaxxer.hikari.HikariDataSource       : HikariPool-53 - Start completed.
2021-12-23 21:35:57.368  INFO 19668 --- [           main] o.hibernate.jpa.internal.util.LogHelper  : HHH000204: Processing PersistenceUnitInfo [name: default]
2021-12-23 21:35:57.370  INFO 19668 --- [           main] org.hibernate.dialect.Dialect            : HHH000400: Using dialect: org.hibernate.dialect.H2Dialect
2021-12-23 21:35:57.404  INFO 19668 --- [           main] o.h.e.t.j.p.i.JtaPlatformInitiator       : HHH000490: Using JtaPlatform implementation: [org.hibernate.engine.transaction.jta.platform.internal.NoJtaPlatform]
2021-12-23 21:35:57.404  INFO 19668 --- [           main] j.LocalContainerEntityManagerFactoryBean : Initialized JPA EntityManagerFactory for persistence unit 'default'
2021-12-23 21:35:57.456  WARN 19668 --- [           main] JpaBaseConfiguration$JpaWebConfiguration : spring.jpa.open-in-view is enabled by default. Therefore, database queries may be performed during view rendering. Explicitly configure spring.jpa.open-in-view to disable this warning
2021-12-23 21:35:57.596  INFO 19668 --- [           main] c.r.c.servicetests.UserServiceTest       : Started UserServiceTest in 0.369 seconds (JVM running for 31.34)
]]></system-out>
  </testcase>
  <testcase name="testAddCustomer_NoFirstNameInput_OtherFieldsValid_NegativeTest" classname="com.revature.caseclothes.servicetests.UserServiceTest" time="0.385">
    <system-out><![CDATA[2021-12-23 21:35:57.600  INFO 19668 --- [           main] j.LocalContainerEntityManagerFactoryBean : Closing JPA EntityManagerFactory for persistence unit 'default'
2021-12-23 21:35:57.600  INFO 19668 --- [           main] .SchemaDropperImpl$DelayedDropActionImpl : HHH000477: Starting delayed evictData of schema as part of SessionFactory shut-down'
2021-12-23 21:35:57.602  INFO 19668 --- [           main] com.zaxxer.hikari.HikariDataSource       : HikariPool-53 - Shutdown initiated...
2021-12-23 21:35:57.602  INFO 19668 --- [           main] com.zaxxer.hikari.HikariDataSource       : HikariPool-53 - Shutdown completed.

  .   ____          _            __ _ _
 /\\ / ___'_ __ _ _(_)_ __  __ _ \ \ \ \
( ( )\___ | '_ | '_| | '_ \/ _` | \ \ \ \
 \\/  ___)| |_)| | | | | || (_| |  ) ) ) )
  '  |____| .__|_| |_|_| |_\__, | / / / /
 =========|_|==============|___/=/_/_/_/
 :: Spring Boot ::                (v2.6.1)

2021-12-23 21:35:57.613  INFO 19668 --- [           main] c.r.c.servicetests.UserServiceTest       : Starting UserServiceTest using Java 1.8.0_301 on MSI-Jymm with PID 19668 (started by jymmm in D:\Curriculum-211018-Jymm\project-2-Team-Not-Found\case-clothes)
2021-12-23 21:35:57.614  INFO 19668 --- [           main] c.r.c.servicetests.UserServiceTest       : The following profiles are active: UserService-test
2021-12-23 21:35:57.686  INFO 19668 --- [           main] .s.d.r.c.RepositoryConfigurationDelegate : Bootstrapping Spring Data JPA repositories in DEFAULT mode.
2021-12-23 21:35:57.688  INFO 19668 --- [           main] .s.d.r.c.RepositoryConfigurationDelegate : Finished Spring Data repository scanning in 1 ms. Found 0 JPA repository interfaces.
2021-12-23 21:35:57.736  INFO 19668 --- [           main] com.zaxxer.hikari.HikariDataSource       : HikariPool-54 - Starting...
2021-12-23 21:35:57.737  INFO 19668 --- [           main] com.zaxxer.hikari.HikariDataSource       : HikariPool-54 - Start completed.
2021-12-23 21:35:57.743  INFO 19668 --- [           main] o.hibernate.jpa.internal.util.LogHelper  : HHH000204: Processing PersistenceUnitInfo [name: default]
2021-12-23 21:35:57.746  INFO 19668 --- [           main] org.hibernate.dialect.Dialect            : HHH000400: Using dialect: org.hibernate.dialect.H2Dialect
2021-12-23 21:35:57.774  INFO 19668 --- [           main] o.h.e.t.j.p.i.JtaPlatformInitiator       : HHH000490: Using JtaPlatform implementation: [org.hibernate.engine.transaction.jta.platform.internal.NoJtaPlatform]
2021-12-23 21:35:57.775  INFO 19668 --- [           main] j.LocalContainerEntityManagerFactoryBean : Initialized JPA EntityManagerFactory for persistence unit 'default'
2021-12-23 21:35:57.830  WARN 19668 --- [           main] JpaBaseConfiguration$JpaWebConfiguration : spring.jpa.open-in-view is enabled by default. Therefore, database queries may be performed during view rendering. Explicitly configure spring.jpa.open-in-view to disable this warning
2021-12-23 21:35:57.982  INFO 19668 --- [           main] c.r.c.servicetests.UserServiceTest       : Started UserServiceTest in 0.378 seconds (JVM running for 31.726)
]]></system-out>
  </testcase>
  <testcase name="testGetUserByID_positive" classname="com.revature.caseclothes.servicetests.UserServiceTest" time="0.373">
    <system-out><![CDATA[2021-12-23 21:35:57.986  INFO 19668 --- [           main] j.LocalContainerEntityManagerFactoryBean : Closing JPA EntityManagerFactory for persistence unit 'default'
2021-12-23 21:35:57.986  INFO 19668 --- [           main] .SchemaDropperImpl$DelayedDropActionImpl : HHH000477: Starting delayed evictData of schema as part of SessionFactory shut-down'
2021-12-23 21:35:57.987  INFO 19668 --- [           main] com.zaxxer.hikari.HikariDataSource       : HikariPool-54 - Shutdown initiated...
2021-12-23 21:35:57.987  INFO 19668 --- [           main] com.zaxxer.hikari.HikariDataSource       : HikariPool-54 - Shutdown completed.

  .   ____          _            __ _ _
 /\\ / ___'_ __ _ _(_)_ __  __ _ \ \ \ \
( ( )\___ | '_ | '_| | '_ \/ _` | \ \ \ \
 \\/  ___)| |_)| | | | | || (_| |  ) ) ) )
  '  |____| .__|_| |_|_| |_\__, | / / / /
 =========|_|==============|___/=/_/_/_/
 :: Spring Boot ::                (v2.6.1)

2021-12-23 21:35:57.999  INFO 19668 --- [           main] c.r.c.servicetests.UserServiceTest       : Starting UserServiceTest using Java 1.8.0_301 on MSI-Jymm with PID 19668 (started by jymmm in D:\Curriculum-211018-Jymm\project-2-Team-Not-Found\case-clothes)
2021-12-23 21:35:57.999  INFO 19668 --- [           main] c.r.c.servicetests.UserServiceTest       : The following profiles are active: UserService-test
2021-12-23 21:35:58.069  INFO 19668 --- [           main] .s.d.r.c.RepositoryConfigurationDelegate : Bootstrapping Spring Data JPA repositories in DEFAULT mode.
2021-12-23 21:35:58.071  INFO 19668 --- [           main] .s.d.r.c.RepositoryConfigurationDelegate : Finished Spring Data repository scanning in 1 ms. Found 0 JPA repository interfaces.
2021-12-23 21:35:58.121  INFO 19668 --- [           main] com.zaxxer.hikari.HikariDataSource       : HikariPool-55 - Starting...
2021-12-23 21:35:58.121  INFO 19668 --- [           main] com.zaxxer.hikari.HikariDataSource       : HikariPool-55 - Start completed.
2021-12-23 21:35:58.127  INFO 19668 --- [           main] o.hibernate.jpa.internal.util.LogHelper  : HHH000204: Processing PersistenceUnitInfo [name: default]
2021-12-23 21:35:58.130  INFO 19668 --- [           main] org.hibernate.dialect.Dialect            : HHH000400: Using dialect: org.hibernate.dialect.H2Dialect
2021-12-23 21:35:58.162  INFO 19668 --- [           main] o.h.e.t.j.p.i.JtaPlatformInitiator       : HHH000490: Using JtaPlatform implementation: [org.hibernate.engine.transaction.jta.platform.internal.NoJtaPlatform]
2021-12-23 21:35:58.162  INFO 19668 --- [           main] j.LocalContainerEntityManagerFactoryBean : Initialized JPA EntityManagerFactory for persistence unit 'default'
2021-12-23 21:35:58.216  WARN 19668 --- [           main] JpaBaseConfiguration$JpaWebConfiguration : spring.jpa.open-in-view is enabled by default. Therefore, database queries may be performed during view rendering. Explicitly configure spring.jpa.open-in-view to disable this warning
2021-12-23 21:35:58.354  INFO 19668 --- [           main] c.r.c.servicetests.UserServiceTest       : Started UserServiceTest in 0.365 seconds (JVM running for 32.098)
]]></system-out>
  </testcase>
  <testcase name="testGetUserByID_UserIsNull_NegativeTest" classname="com.revature.caseclothes.servicetests.UserServiceTest" time="0.367">
    <system-out><![CDATA[2021-12-23 21:35:58.359  INFO 19668 --- [           main] j.LocalContainerEntityManagerFactoryBean : Closing JPA EntityManagerFactory for persistence unit 'default'
2021-12-23 21:35:58.359  INFO 19668 --- [           main] .SchemaDropperImpl$DelayedDropActionImpl : HHH000477: Starting delayed evictData of schema as part of SessionFactory shut-down'
2021-12-23 21:35:58.361  INFO 19668 --- [           main] com.zaxxer.hikari.HikariDataSource       : HikariPool-55 - Shutdown initiated...
2021-12-23 21:35:58.361  INFO 19668 --- [           main] com.zaxxer.hikari.HikariDataSource       : HikariPool-55 - Shutdown completed.

  .   ____          _            __ _ _
 /\\ / ___'_ __ _ _(_)_ __  __ _ \ \ \ \
( ( )\___ | '_ | '_| | '_ \/ _` | \ \ \ \
 \\/  ___)| |_)| | | | | || (_| |  ) ) ) )
  '  |____| .__|_| |_|_| |_\__, | / / / /
 =========|_|==============|___/=/_/_/_/
 :: Spring Boot ::                (v2.6.1)

2021-12-23 21:35:58.373  INFO 19668 --- [           main] c.r.c.servicetests.UserServiceTest       : Starting UserServiceTest using Java 1.8.0_301 on MSI-Jymm with PID 19668 (started by jymmm in D:\Curriculum-211018-Jymm\project-2-Team-Not-Found\case-clothes)
2021-12-23 21:35:58.373  INFO 19668 --- [           main] c.r.c.servicetests.UserServiceTest       : The following profiles are active: UserService-test
2021-12-23 21:35:58.444  INFO 19668 --- [           main] .s.d.r.c.RepositoryConfigurationDelegate : Bootstrapping Spring Data JPA repositories in DEFAULT mode.
2021-12-23 21:35:58.446  INFO 19668 --- [           main] .s.d.r.c.RepositoryConfigurationDelegate : Finished Spring Data repository scanning in 1 ms. Found 0 JPA repository interfaces.
2021-12-23 21:35:58.494  INFO 19668 --- [           main] com.zaxxer.hikari.HikariDataSource       : HikariPool-56 - Starting...
2021-12-23 21:35:58.495  INFO 19668 --- [           main] com.zaxxer.hikari.HikariDataSource       : HikariPool-56 - Start completed.
2021-12-23 21:35:58.501  INFO 19668 --- [           main] o.hibernate.jpa.internal.util.LogHelper  : HHH000204: Processing PersistenceUnitInfo [name: default]
2021-12-23 21:35:58.504  INFO 19668 --- [           main] org.hibernate.dialect.Dialect            : HHH000400: Using dialect: org.hibernate.dialect.H2Dialect
2021-12-23 21:35:58.534  INFO 19668 --- [           main] o.h.e.t.j.p.i.JtaPlatformInitiator       : HHH000490: Using JtaPlatform implementation: [org.hibernate.engine.transaction.jta.platform.internal.NoJtaPlatform]
2021-12-23 21:35:58.534  INFO 19668 --- [           main] j.LocalContainerEntityManagerFactoryBean : Initialized JPA EntityManagerFactory for persistence unit 'default'
2021-12-23 21:35:58.587  WARN 19668 --- [           main] JpaBaseConfiguration$JpaWebConfiguration : spring.jpa.open-in-view is enabled by default. Therefore, database queries may be performed during view rendering. Explicitly configure spring.jpa.open-in-view to disable this warning
2021-12-23 21:35:58.722  INFO 19668 --- [           main] c.r.c.servicetests.UserServiceTest       : Started UserServiceTest in 0.36 seconds (JVM running for 32.466)
]]></system-out>
  </testcase>
  <testcase name="testGetUserByID_negative" classname="com.revature.caseclothes.servicetests.UserServiceTest" time="0.369">
    <system-out><![CDATA[2021-12-23 21:35:58.728  INFO 19668 --- [           main] j.LocalContainerEntityManagerFactoryBean : Closing JPA EntityManagerFactory for persistence unit 'default'
2021-12-23 21:35:58.728  INFO 19668 --- [           main] .SchemaDropperImpl$DelayedDropActionImpl : HHH000477: Starting delayed evictData of schema as part of SessionFactory shut-down'
2021-12-23 21:35:58.729  INFO 19668 --- [           main] com.zaxxer.hikari.HikariDataSource       : HikariPool-56 - Shutdown initiated...
2021-12-23 21:35:58.729  INFO 19668 --- [           main] com.zaxxer.hikari.HikariDataSource       : HikariPool-56 - Shutdown completed.

  .   ____          _            __ _ _
 /\\ / ___'_ __ _ _(_)_ __  __ _ \ \ \ \
( ( )\___ | '_ | '_| | '_ \/ _` | \ \ \ \
 \\/  ___)| |_)| | | | | || (_| |  ) ) ) )
  '  |____| .__|_| |_|_| |_\__, | / / / /
 =========|_|==============|___/=/_/_/_/
 :: Spring Boot ::                (v2.6.1)

2021-12-23 21:35:58.741  INFO 19668 --- [           main] c.r.c.servicetests.UserServiceTest       : Starting UserServiceTest using Java 1.8.0_301 on MSI-Jymm with PID 19668 (started by jymmm in D:\Curriculum-211018-Jymm\project-2-Team-Not-Found\case-clothes)
2021-12-23 21:35:58.741  INFO 19668 --- [           main] c.r.c.servicetests.UserServiceTest       : The following profiles are active: UserService-test
2021-12-23 21:35:58.812  INFO 19668 --- [           main] .s.d.r.c.RepositoryConfigurationDelegate : Bootstrapping Spring Data JPA repositories in DEFAULT mode.
2021-12-23 21:35:58.813  INFO 19668 --- [           main] .s.d.r.c.RepositoryConfigurationDelegate : Finished Spring Data repository scanning in 1 ms. Found 0 JPA repository interfaces.
2021-12-23 21:35:58.864  INFO 19668 --- [           main] com.zaxxer.hikari.HikariDataSource       : HikariPool-57 - Starting...
2021-12-23 21:35:58.865  INFO 19668 --- [           main] com.zaxxer.hikari.HikariDataSource       : HikariPool-57 - Start completed.
2021-12-23 21:35:58.872  INFO 19668 --- [           main] o.hibernate.jpa.internal.util.LogHelper  : HHH000204: Processing PersistenceUnitInfo [name: default]
2021-12-23 21:35:58.874  INFO 19668 --- [           main] org.hibernate.dialect.Dialect            : HHH000400: Using dialect: org.hibernate.dialect.H2Dialect
2021-12-23 21:35:58.905  INFO 19668 --- [           main] o.h.e.t.j.p.i.JtaPlatformInitiator       : HHH000490: Using JtaPlatform implementation: [org.hibernate.engine.transaction.jta.platform.internal.NoJtaPlatform]
2021-12-23 21:35:58.905  INFO 19668 --- [           main] j.LocalContainerEntityManagerFactoryBean : Initialized JPA EntityManagerFactory for persistence unit 'default'
2021-12-23 21:35:58.958  WARN 19668 --- [           main] JpaBaseConfiguration$JpaWebConfiguration : spring.jpa.open-in-view is enabled by default. Therefore, database queries may be performed during view rendering. Explicitly configure spring.jpa.open-in-view to disable this warning
2021-12-23 21:35:59.093  INFO 19668 --- [           main] c.r.c.servicetests.UserServiceTest       : Started UserServiceTest in 0.362 seconds (JVM running for 32.837)
]]></system-out>
  </testcase>
  <testcase name="testAddCustomer_NoPhoneNumberInput_OtherFieldsValid_NegativeTest" classname="com.revature.caseclothes.servicetests.UserServiceTest" time="0.383">
    <system-out><![CDATA[2021-12-23 21:35:59.098  INFO 19668 --- [           main] j.LocalContainerEntityManagerFactoryBean : Closing JPA EntityManagerFactory for persistence unit 'default'
2021-12-23 21:35:59.098  INFO 19668 --- [           main] .SchemaDropperImpl$DelayedDropActionImpl : HHH000477: Starting delayed evictData of schema as part of SessionFactory shut-down'
2021-12-23 21:35:59.099  INFO 19668 --- [           main] com.zaxxer.hikari.HikariDataSource       : HikariPool-57 - Shutdown initiated...
2021-12-23 21:35:59.099  INFO 19668 --- [           main] com.zaxxer.hikari.HikariDataSource       : HikariPool-57 - Shutdown completed.

  .   ____          _            __ _ _
 /\\ / ___'_ __ _ _(_)_ __  __ _ \ \ \ \
( ( )\___ | '_ | '_| | '_ \/ _` | \ \ \ \
 \\/  ___)| |_)| | | | | || (_| |  ) ) ) )
  '  |____| .__|_| |_|_| |_\__, | / / / /
 =========|_|==============|___/=/_/_/_/
 :: Spring Boot ::                (v2.6.1)

2021-12-23 21:35:59.110  INFO 19668 --- [           main] c.r.c.servicetests.UserServiceTest       : Starting UserServiceTest using Java 1.8.0_301 on MSI-Jymm with PID 19668 (started by jymmm in D:\Curriculum-211018-Jymm\project-2-Team-Not-Found\case-clothes)
2021-12-23 21:35:59.110  INFO 19668 --- [           main] c.r.c.servicetests.UserServiceTest       : The following profiles are active: UserService-test
2021-12-23 21:35:59.185  INFO 19668 --- [           main] .s.d.r.c.RepositoryConfigurationDelegate : Bootstrapping Spring Data JPA repositories in DEFAULT mode.
2021-12-23 21:35:59.186  INFO 19668 --- [           main] .s.d.r.c.RepositoryConfigurationDelegate : Finished Spring Data repository scanning in 1 ms. Found 0 JPA repository interfaces.
2021-12-23 21:35:59.247  INFO 19668 --- [           main] com.zaxxer.hikari.HikariDataSource       : HikariPool-58 - Starting...
2021-12-23 21:35:59.247  INFO 19668 --- [           main] com.zaxxer.hikari.HikariDataSource       : HikariPool-58 - Start completed.
2021-12-23 21:35:59.254  INFO 19668 --- [           main] o.hibernate.jpa.internal.util.LogHelper  : HHH000204: Processing PersistenceUnitInfo [name: default]
2021-12-23 21:35:59.256  INFO 19668 --- [           main] org.hibernate.dialect.Dialect            : HHH000400: Using dialect: org.hibernate.dialect.H2Dialect
2021-12-23 21:35:59.285  INFO 19668 --- [           main] o.h.e.t.j.p.i.JtaPlatformInitiator       : HHH000490: Using JtaPlatform implementation: [org.hibernate.engine.transaction.jta.platform.internal.NoJtaPlatform]
2021-12-23 21:35:59.285  INFO 19668 --- [           main] j.LocalContainerEntityManagerFactoryBean : Initialized JPA EntityManagerFactory for persistence unit 'default'
2021-12-23 21:35:59.338  WARN 19668 --- [           main] JpaBaseConfiguration$JpaWebConfiguration : spring.jpa.open-in-view is enabled by default. Therefore, database queries may be performed during view rendering. Explicitly configure spring.jpa.open-in-view to disable this warning
2021-12-23 21:35:59.477  INFO 19668 --- [           main] c.r.c.servicetests.UserServiceTest       : Started UserServiceTest in 0.377 seconds (JVM running for 33.22)
]]></system-out>
  </testcase>
  <testcase name="testUpdateUser_PositiveTest" classname="com.revature.caseclothes.servicetests.UserServiceTest" time="0.368">
    <system-out><![CDATA[2021-12-23 21:35:59.481  INFO 19668 --- [           main] j.LocalContainerEntityManagerFactoryBean : Closing JPA EntityManagerFactory for persistence unit 'default'
2021-12-23 21:35:59.481  INFO 19668 --- [           main] .SchemaDropperImpl$DelayedDropActionImpl : HHH000477: Starting delayed evictData of schema as part of SessionFactory shut-down'
2021-12-23 21:35:59.482  INFO 19668 --- [           main] com.zaxxer.hikari.HikariDataSource       : HikariPool-58 - Shutdown initiated...
2021-12-23 21:35:59.482  INFO 19668 --- [           main] com.zaxxer.hikari.HikariDataSource       : HikariPool-58 - Shutdown completed.

  .   ____          _            __ _ _
 /\\ / ___'_ __ _ _(_)_ __  __ _ \ \ \ \
( ( )\___ | '_ | '_| | '_ \/ _` | \ \ \ \
 \\/  ___)| |_)| | | | | || (_| |  ) ) ) )
  '  |____| .__|_| |_|_| |_\__, | / / / /
 =========|_|==============|___/=/_/_/_/
 :: Spring Boot ::                (v2.6.1)

2021-12-23 21:35:59.493  INFO 19668 --- [           main] c.r.c.servicetests.UserServiceTest       : Starting UserServiceTest using Java 1.8.0_301 on MSI-Jymm with PID 19668 (started by jymmm in D:\Curriculum-211018-Jymm\project-2-Team-Not-Found\case-clothes)
2021-12-23 21:35:59.493  INFO 19668 --- [           main] c.r.c.servicetests.UserServiceTest       : The following profiles are active: UserService-test
2021-12-23 21:35:59.564  INFO 19668 --- [           main] .s.d.r.c.RepositoryConfigurationDelegate : Bootstrapping Spring Data JPA repositories in DEFAULT mode.
2021-12-23 21:35:59.565  INFO 19668 --- [           main] .s.d.r.c.RepositoryConfigurationDelegate : Finished Spring Data repository scanning in 1 ms. Found 0 JPA repository interfaces.
2021-12-23 21:35:59.613  INFO 19668 --- [           main] com.zaxxer.hikari.HikariDataSource       : HikariPool-59 - Starting...
2021-12-23 21:35:59.613  INFO 19668 --- [           main] com.zaxxer.hikari.HikariDataSource       : HikariPool-59 - Start completed.
2021-12-23 21:35:59.619  INFO 19668 --- [           main] o.hibernate.jpa.internal.util.LogHelper  : HHH000204: Processing PersistenceUnitInfo [name: default]
2021-12-23 21:35:59.621  INFO 19668 --- [           main] org.hibernate.dialect.Dialect            : HHH000400: Using dialect: org.hibernate.dialect.H2Dialect
2021-12-23 21:35:59.650  INFO 19668 --- [           main] o.h.e.t.j.p.i.JtaPlatformInitiator       : HHH000490: Using JtaPlatform implementation: [org.hibernate.engine.transaction.jta.platform.internal.NoJtaPlatform]
2021-12-23 21:35:59.650  INFO 19668 --- [           main] j.LocalContainerEntityManagerFactoryBean : Initialized JPA EntityManagerFactory for persistence unit 'default'
2021-12-23 21:35:59.703  WARN 19668 --- [           main] JpaBaseConfiguration$JpaWebConfiguration : spring.jpa.open-in-view is enabled by default. Therefore, database queries may be performed during view rendering. Explicitly configure spring.jpa.open-in-view to disable this warning
2021-12-23 21:35:59.844  INFO 19668 --- [           main] c.r.c.servicetests.UserServiceTest       : Started UserServiceTest in 0.36 seconds (JVM running for 33.587)
]]></system-out>
  </testcase>
  <testcase name="testAddAdmin_AddUserDTO_NoAddressInput_OtherFieldsValid_NegativeTest" classname="com.revature.caseclothes.servicetests.UserServiceTest" time="0.375">
    <system-out><![CDATA[2021-12-23 21:35:59.849  INFO 19668 --- [           main] j.LocalContainerEntityManagerFactoryBean : Closing JPA EntityManagerFactory for persistence unit 'default'
2021-12-23 21:35:59.849  INFO 19668 --- [           main] .SchemaDropperImpl$DelayedDropActionImpl : HHH000477: Starting delayed evictData of schema as part of SessionFactory shut-down'
2021-12-23 21:35:59.850  INFO 19668 --- [           main] com.zaxxer.hikari.HikariDataSource       : HikariPool-59 - Shutdown initiated...
2021-12-23 21:35:59.850  INFO 19668 --- [           main] com.zaxxer.hikari.HikariDataSource       : HikariPool-59 - Shutdown completed.

  .   ____          _            __ _ _
 /\\ / ___'_ __ _ _(_)_ __  __ _ \ \ \ \
( ( )\___ | '_ | '_| | '_ \/ _` | \ \ \ \
 \\/  ___)| |_)| | | | | || (_| |  ) ) ) )
  '  |____| .__|_| |_|_| |_\__, | / / / /
 =========|_|==============|___/=/_/_/_/
 :: Spring Boot ::                (v2.6.1)

2021-12-23 21:35:59.861  INFO 19668 --- [           main] c.r.c.servicetests.UserServiceTest       : Starting UserServiceTest using Java 1.8.0_301 on MSI-Jymm with PID 19668 (started by jymmm in D:\Curriculum-211018-Jymm\project-2-Team-Not-Found\case-clothes)
2021-12-23 21:35:59.861  INFO 19668 --- [           main] c.r.c.servicetests.UserServiceTest       : The following profiles are active: UserService-test
2021-12-23 21:35:59.933  INFO 19668 --- [           main] .s.d.r.c.RepositoryConfigurationDelegate : Bootstrapping Spring Data JPA repositories in DEFAULT mode.
2021-12-23 21:35:59.935  INFO 19668 --- [           main] .s.d.r.c.RepositoryConfigurationDelegate : Finished Spring Data repository scanning in 1 ms. Found 0 JPA repository interfaces.
2021-12-23 21:35:59.983  INFO 19668 --- [           main] com.zaxxer.hikari.HikariDataSource       : HikariPool-60 - Starting...
2021-12-23 21:35:59.984  INFO 19668 --- [           main] com.zaxxer.hikari.HikariDataSource       : HikariPool-60 - Start completed.
2021-12-23 21:35:59.990  INFO 19668 --- [           main] o.hibernate.jpa.internal.util.LogHelper  : HHH000204: Processing PersistenceUnitInfo [name: default]
2021-12-23 21:35:59.992  INFO 19668 --- [           main] org.hibernate.dialect.Dialect            : HHH000400: Using dialect: org.hibernate.dialect.H2Dialect
2021-12-23 21:36:00.025  INFO 19668 --- [           main] o.h.e.t.j.p.i.JtaPlatformInitiator       : HHH000490: Using JtaPlatform implementation: [org.hibernate.engine.transaction.jta.platform.internal.NoJtaPlatform]
2021-12-23 21:36:00.025  INFO 19668 --- [           main] j.LocalContainerEntityManagerFactoryBean : Initialized JPA EntityManagerFactory for persistence unit 'default'
2021-12-23 21:36:00.081  WARN 19668 --- [           main] JpaBaseConfiguration$JpaWebConfiguration : spring.jpa.open-in-view is enabled by default. Therefore, database queries may be performed during view rendering. Explicitly configure spring.jpa.open-in-view to disable this warning
2021-12-23 21:36:00.220  INFO 19668 --- [           main] c.r.c.servicetests.UserServiceTest       : Started UserServiceTest in 0.368 seconds (JVM running for 33.963)
]]></system-out>
  </testcase>
  <testcase name="testGetAllUsers_positive" classname="com.revature.caseclothes.servicetests.UserServiceTest" time="0.374">
    <system-out><![CDATA[2021-12-23 21:36:00.223  INFO 19668 --- [           main] j.LocalContainerEntityManagerFactoryBean : Closing JPA EntityManagerFactory for persistence unit 'default'
2021-12-23 21:36:00.224  INFO 19668 --- [           main] .SchemaDropperImpl$DelayedDropActionImpl : HHH000477: Starting delayed evictData of schema as part of SessionFactory shut-down'
2021-12-23 21:36:00.224  INFO 19668 --- [           main] com.zaxxer.hikari.HikariDataSource       : HikariPool-60 - Shutdown initiated...
2021-12-23 21:36:00.225  INFO 19668 --- [           main] com.zaxxer.hikari.HikariDataSource       : HikariPool-60 - Shutdown completed.

  .   ____          _            __ _ _
 /\\ / ___'_ __ _ _(_)_ __  __ _ \ \ \ \
( ( )\___ | '_ | '_| | '_ \/ _` | \ \ \ \
 \\/  ___)| |_)| | | | | || (_| |  ) ) ) )
  '  |____| .__|_| |_|_| |_\__, | / / / /
 =========|_|==============|___/=/_/_/_/
 :: Spring Boot ::                (v2.6.1)

2021-12-23 21:36:00.236  INFO 19668 --- [           main] c.r.c.servicetests.UserServiceTest       : Starting UserServiceTest using Java 1.8.0_301 on MSI-Jymm with PID 19668 (started by jymmm in D:\Curriculum-211018-Jymm\project-2-Team-Not-Found\case-clothes)
2021-12-23 21:36:00.237  INFO 19668 --- [           main] c.r.c.servicetests.UserServiceTest       : The following profiles are active: UserService-test
2021-12-23 21:36:00.310  INFO 19668 --- [           main] .s.d.r.c.RepositoryConfigurationDelegate : Bootstrapping Spring Data JPA repositories in DEFAULT mode.
2021-12-23 21:36:00.312  INFO 19668 --- [           main] .s.d.r.c.RepositoryConfigurationDelegate : Finished Spring Data repository scanning in 1 ms. Found 0 JPA repository interfaces.
2021-12-23 21:36:00.360  INFO 19668 --- [           main] com.zaxxer.hikari.HikariDataSource       : HikariPool-61 - Starting...
2021-12-23 21:36:00.361  INFO 19668 --- [           main] com.zaxxer.hikari.HikariDataSource       : HikariPool-61 - Start completed.
2021-12-23 21:36:00.367  INFO 19668 --- [           main] o.hibernate.jpa.internal.util.LogHelper  : HHH000204: Processing PersistenceUnitInfo [name: default]
2021-12-23 21:36:00.370  INFO 19668 --- [           main] org.hibernate.dialect.Dialect            : HHH000400: Using dialect: org.hibernate.dialect.H2Dialect
2021-12-23 21:36:00.398  INFO 19668 --- [           main] o.h.e.t.j.p.i.JtaPlatformInitiator       : HHH000490: Using JtaPlatform implementation: [org.hibernate.engine.transaction.jta.platform.internal.NoJtaPlatform]
2021-12-23 21:36:00.398  INFO 19668 --- [           main] j.LocalContainerEntityManagerFactoryBean : Initialized JPA EntityManagerFactory for persistence unit 'default'
2021-12-23 21:36:00.450  WARN 19668 --- [           main] JpaBaseConfiguration$JpaWebConfiguration : spring.jpa.open-in-view is enabled by default. Therefore, database queries may be performed during view rendering. Explicitly configure spring.jpa.open-in-view to disable this warning
2021-12-23 21:36:00.593  INFO 19668 --- [           main] c.r.c.servicetests.UserServiceTest       : Started UserServiceTest in 0.367 seconds (JVM running for 34.337)
]]></system-out>
  </testcase>
  <testcase name="testUpdateUser_NoPhoneNumberInput_OtherFieldsValid_NegativeTest" classname="com.revature.caseclothes.servicetests.UserServiceTest" time="0.397">
    <system-out><![CDATA[2021-12-23 21:36:00.598  INFO 19668 --- [           main] j.LocalContainerEntityManagerFactoryBean : Closing JPA EntityManagerFactory for persistence unit 'default'
2021-12-23 21:36:00.598  INFO 19668 --- [           main] .SchemaDropperImpl$DelayedDropActionImpl : HHH000477: Starting delayed evictData of schema as part of SessionFactory shut-down'
2021-12-23 21:36:00.599  INFO 19668 --- [           main] com.zaxxer.hikari.HikariDataSource       : HikariPool-61 - Shutdown initiated...
2021-12-23 21:36:00.600  INFO 19668 --- [           main] com.zaxxer.hikari.HikariDataSource       : HikariPool-61 - Shutdown completed.

  .   ____          _            __ _ _
 /\\ / ___'_ __ _ _(_)_ __  __ _ \ \ \ \
( ( )\___ | '_ | '_| | '_ \/ _` | \ \ \ \
 \\/  ___)| |_)| | | | | || (_| |  ) ) ) )
  '  |____| .__|_| |_|_| |_\__, | / / / /
 =========|_|==============|___/=/_/_/_/
 :: Spring Boot ::                (v2.6.1)

2021-12-23 21:36:00.612  INFO 19668 --- [           main] c.r.c.servicetests.UserServiceTest       : Starting UserServiceTest using Java 1.8.0_301 on MSI-Jymm with PID 19668 (started by jymmm in D:\Curriculum-211018-Jymm\project-2-Team-Not-Found\case-clothes)
2021-12-23 21:36:00.612  INFO 19668 --- [           main] c.r.c.servicetests.UserServiceTest       : The following profiles are active: UserService-test
2021-12-23 21:36:00.698  INFO 19668 --- [           main] .s.d.r.c.RepositoryConfigurationDelegate : Bootstrapping Spring Data JPA repositories in DEFAULT mode.
2021-12-23 21:36:00.700  INFO 19668 --- [           main] .s.d.r.c.RepositoryConfigurationDelegate : Finished Spring Data repository scanning in 2 ms. Found 0 JPA repository interfaces.
2021-12-23 21:36:00.758  INFO 19668 --- [           main] com.zaxxer.hikari.HikariDataSource       : HikariPool-62 - Starting...
2021-12-23 21:36:00.759  INFO 19668 --- [           main] com.zaxxer.hikari.HikariDataSource       : HikariPool-62 - Start completed.
2021-12-23 21:36:00.766  INFO 19668 --- [           main] o.hibernate.jpa.internal.util.LogHelper  : HHH000204: Processing PersistenceUnitInfo [name: default]
2021-12-23 21:36:00.768  INFO 19668 --- [           main] org.hibernate.dialect.Dialect            : HHH000400: Using dialect: org.hibernate.dialect.H2Dialect
2021-12-23 21:36:00.800  INFO 19668 --- [           main] o.h.e.t.j.p.i.JtaPlatformInitiator       : HHH000490: Using JtaPlatform implementation: [org.hibernate.engine.transaction.jta.platform.internal.NoJtaPlatform]
2021-12-23 21:36:00.800  INFO 19668 --- [           main] j.LocalContainerEntityManagerFactoryBean : Initialized JPA EntityManagerFactory for persistence unit 'default'
2021-12-23 21:36:00.854  WARN 19668 --- [           main] JpaBaseConfiguration$JpaWebConfiguration : spring.jpa.open-in-view is enabled by default. Therefore, database queries may be performed during view rendering. Explicitly configure spring.jpa.open-in-view to disable this warning
2021-12-23 21:36:00.992  INFO 19668 --- [           main] c.r.c.servicetests.UserServiceTest       : Started UserServiceTest in 0.39 seconds (JVM running for 34.736)
]]></system-out>
  </testcase>
  <testcase name="testGetAllUsers_negative" classname="com.revature.caseclothes.servicetests.UserServiceTest" time="0.401">
    <system-out><![CDATA[2021-12-23 21:36:00.996  INFO 19668 --- [           main] j.LocalContainerEntityManagerFactoryBean : Closing JPA EntityManagerFactory for persistence unit 'default'
2021-12-23 21:36:00.996  INFO 19668 --- [           main] .SchemaDropperImpl$DelayedDropActionImpl : HHH000477: Starting delayed evictData of schema as part of SessionFactory shut-down'
2021-12-23 21:36:00.997  INFO 19668 --- [           main] com.zaxxer.hikari.HikariDataSource       : HikariPool-62 - Shutdown initiated...
2021-12-23 21:36:00.998  INFO 19668 --- [           main] com.zaxxer.hikari.HikariDataSource       : HikariPool-62 - Shutdown completed.

  .   ____          _            __ _ _
 /\\ / ___'_ __ _ _(_)_ __  __ _ \ \ \ \
( ( )\___ | '_ | '_| | '_ \/ _` | \ \ \ \
 \\/  ___)| |_)| | | | | || (_| |  ) ) ) )
  '  |____| .__|_| |_|_| |_\__, | / / / /
 =========|_|==============|___/=/_/_/_/
 :: Spring Boot ::                (v2.6.1)

2021-12-23 21:36:01.010  INFO 19668 --- [           main] c.r.c.servicetests.UserServiceTest       : Starting UserServiceTest using Java 1.8.0_301 on MSI-Jymm with PID 19668 (started by jymmm in D:\Curriculum-211018-Jymm\project-2-Team-Not-Found\case-clothes)
2021-12-23 21:36:01.010  INFO 19668 --- [           main] c.r.c.servicetests.UserServiceTest       : The following profiles are active: UserService-test
2021-12-23 21:36:01.086  INFO 19668 --- [           main] .s.d.r.c.RepositoryConfigurationDelegate : Bootstrapping Spring Data JPA repositories in DEFAULT mode.
2021-12-23 21:36:01.088  INFO 19668 --- [           main] .s.d.r.c.RepositoryConfigurationDelegate : Finished Spring Data repository scanning in 1 ms. Found 0 JPA repository interfaces.
2021-12-23 21:36:01.143  INFO 19668 --- [           main] com.zaxxer.hikari.HikariDataSource       : HikariPool-63 - Starting...
2021-12-23 21:36:01.143  INFO 19668 --- [           main] com.zaxxer.hikari.HikariDataSource       : HikariPool-63 - Start completed.
2021-12-23 21:36:01.150  INFO 19668 --- [           main] o.hibernate.jpa.internal.util.LogHelper  : HHH000204: Processing PersistenceUnitInfo [name: default]
2021-12-23 21:36:01.152  INFO 19668 --- [           main] org.hibernate.dialect.Dialect            : HHH000400: Using dialect: org.hibernate.dialect.H2Dialect
2021-12-23 21:36:01.180  INFO 19668 --- [           main] o.h.e.t.j.p.i.JtaPlatformInitiator       : HHH000490: Using JtaPlatform implementation: [org.hibernate.engine.transaction.jta.platform.internal.NoJtaPlatform]
2021-12-23 21:36:01.180  INFO 19668 --- [           main] j.LocalContainerEntityManagerFactoryBean : Initialized JPA EntityManagerFactory for persistence unit 'default'
2021-12-23 21:36:01.233  WARN 19668 --- [           main] JpaBaseConfiguration$JpaWebConfiguration : spring.jpa.open-in-view is enabled by default. Therefore, database queries may be performed during view rendering. Explicitly configure spring.jpa.open-in-view to disable this warning
2021-12-23 21:36:01.395  INFO 19668 --- [           main] c.r.c.servicetests.UserServiceTest       : Started UserServiceTest in 0.395 seconds (JVM running for 35.138)
]]></system-out>
  </testcase>
  <testcase name="testUpdateUser_NoFirstNameInput_OtherFieldsValid_NegativeTest" classname="com.revature.caseclothes.servicetests.UserServiceTest" time="0.402">
    <system-out><![CDATA[2021-12-23 21:36:01.398  INFO 19668 --- [           main] j.LocalContainerEntityManagerFactoryBean : Closing JPA EntityManagerFactory for persistence unit 'default'
2021-12-23 21:36:01.399  INFO 19668 --- [           main] .SchemaDropperImpl$DelayedDropActionImpl : HHH000477: Starting delayed evictData of schema as part of SessionFactory shut-down'
2021-12-23 21:36:01.399  INFO 19668 --- [           main] com.zaxxer.hikari.HikariDataSource       : HikariPool-63 - Shutdown initiated...
2021-12-23 21:36:01.400  INFO 19668 --- [           main] com.zaxxer.hikari.HikariDataSource       : HikariPool-63 - Shutdown completed.

  .   ____          _            __ _ _
 /\\ / ___'_ __ _ _(_)_ __  __ _ \ \ \ \
( ( )\___ | '_ | '_| | '_ \/ _` | \ \ \ \
 \\/  ___)| |_)| | | | | || (_| |  ) ) ) )
  '  |____| .__|_| |_|_| |_\__, | / / / /
 =========|_|==============|___/=/_/_/_/
 :: Spring Boot ::                (v2.6.1)

2021-12-23 21:36:01.411  INFO 19668 --- [           main] c.r.c.servicetests.UserServiceTest       : Starting UserServiceTest using Java 1.8.0_301 on MSI-Jymm with PID 19668 (started by jymmm in D:\Curriculum-211018-Jymm\project-2-Team-Not-Found\case-clothes)
2021-12-23 21:36:01.411  INFO 19668 --- [           main] c.r.c.servicetests.UserServiceTest       : The following profiles are active: UserService-test
2021-12-23 21:36:01.481  INFO 19668 --- [           main] .s.d.r.c.RepositoryConfigurationDelegate : Bootstrapping Spring Data JPA repositories in DEFAULT mode.
2021-12-23 21:36:01.483  INFO 19668 --- [           main] .s.d.r.c.RepositoryConfigurationDelegate : Finished Spring Data repository scanning in 1 ms. Found 0 JPA repository interfaces.
2021-12-23 21:36:01.537  INFO 19668 --- [           main] com.zaxxer.hikari.HikariDataSource       : HikariPool-64 - Starting...
2021-12-23 21:36:01.537  INFO 19668 --- [           main] com.zaxxer.hikari.HikariDataSource       : HikariPool-64 - Start completed.
2021-12-23 21:36:01.547  INFO 19668 --- [           main] o.hibernate.jpa.internal.util.LogHelper  : HHH000204: Processing PersistenceUnitInfo [name: default]
2021-12-23 21:36:01.550  INFO 19668 --- [           main] org.hibernate.dialect.Dialect            : HHH000400: Using dialect: org.hibernate.dialect.H2Dialect
2021-12-23 21:36:01.583  INFO 19668 --- [           main] o.h.e.t.j.p.i.JtaPlatformInitiator       : HHH000490: Using JtaPlatform implementation: [org.hibernate.engine.transaction.jta.platform.internal.NoJtaPlatform]
2021-12-23 21:36:01.583  INFO 19668 --- [           main] j.LocalContainerEntityManagerFactoryBean : Initialized JPA EntityManagerFactory for persistence unit 'default'
2021-12-23 21:36:01.642  WARN 19668 --- [           main] JpaBaseConfiguration$JpaWebConfiguration : spring.jpa.open-in-view is enabled by default. Therefore, database queries may be performed during view rendering. Explicitly configure spring.jpa.open-in-view to disable this warning
2021-12-23 21:36:01.797  INFO 19668 --- [           main] c.r.c.servicetests.UserServiceTest       : Started UserServiceTest in 0.395 seconds (JVM running for 35.541)
]]></system-out>
  </testcase>
  <testcase name="testAddCustomer_NoPasswordInput_OtherFieldsValid_NegativeTest" classname="com.revature.caseclothes.servicetests.UserServiceTest" time="0.371">
    <system-out><![CDATA[2021-12-23 21:36:01.801  INFO 19668 --- [           main] j.LocalContainerEntityManagerFactoryBean : Closing JPA EntityManagerFactory for persistence unit 'default'
2021-12-23 21:36:01.801  INFO 19668 --- [           main] .SchemaDropperImpl$DelayedDropActionImpl : HHH000477: Starting delayed evictData of schema as part of SessionFactory shut-down'
2021-12-23 21:36:01.802  INFO 19668 --- [           main] com.zaxxer.hikari.HikariDataSource       : HikariPool-64 - Shutdown initiated...
2021-12-23 21:36:01.803  INFO 19668 --- [           main] com.zaxxer.hikari.HikariDataSource       : HikariPool-64 - Shutdown completed.

  .   ____          _            __ _ _
 /\\ / ___'_ __ _ _(_)_ __  __ _ \ \ \ \
( ( )\___ | '_ | '_| | '_ \/ _` | \ \ \ \
 \\/  ___)| |_)| | | | | || (_| |  ) ) ) )
  '  |____| .__|_| |_|_| |_\__, | / / / /
 =========|_|==============|___/=/_/_/_/
 :: Spring Boot ::                (v2.6.1)

2021-12-23 21:36:01.816  INFO 19668 --- [           main] c.r.c.servicetests.UserServiceTest       : Starting UserServiceTest using Java 1.8.0_301 on MSI-Jymm with PID 19668 (started by jymmm in D:\Curriculum-211018-Jymm\project-2-Team-Not-Found\case-clothes)
2021-12-23 21:36:01.816  INFO 19668 --- [           main] c.r.c.servicetests.UserServiceTest       : The following profiles are active: UserService-test
2021-12-23 21:36:01.886  INFO 19668 --- [           main] .s.d.r.c.RepositoryConfigurationDelegate : Bootstrapping Spring Data JPA repositories in DEFAULT mode.
2021-12-23 21:36:01.888  INFO 19668 --- [           main] .s.d.r.c.RepositoryConfigurationDelegate : Finished Spring Data repository scanning in 1 ms. Found 0 JPA repository interfaces.
2021-12-23 21:36:01.936  INFO 19668 --- [           main] com.zaxxer.hikari.HikariDataSource       : HikariPool-65 - Starting...
2021-12-23 21:36:01.936  INFO 19668 --- [           main] com.zaxxer.hikari.HikariDataSource       : HikariPool-65 - Start completed.
2021-12-23 21:36:01.943  INFO 19668 --- [           main] o.hibernate.jpa.internal.util.LogHelper  : HHH000204: Processing PersistenceUnitInfo [name: default]
2021-12-23 21:36:01.945  INFO 19668 --- [           main] org.hibernate.dialect.Dialect            : HHH000400: Using dialect: org.hibernate.dialect.H2Dialect
2021-12-23 21:36:01.978  INFO 19668 --- [           main] o.h.e.t.j.p.i.JtaPlatformInitiator       : HHH000490: Using JtaPlatform implementation: [org.hibernate.engine.transaction.jta.platform.internal.NoJtaPlatform]
2021-12-23 21:36:01.978  INFO 19668 --- [           main] j.LocalContainerEntityManagerFactoryBean : Initialized JPA EntityManagerFactory for persistence unit 'default'
2021-12-23 21:36:02.030  WARN 19668 --- [           main] JpaBaseConfiguration$JpaWebConfiguration : spring.jpa.open-in-view is enabled by default. Therefore, database queries may be performed during view rendering. Explicitly configure spring.jpa.open-in-view to disable this warning
2021-12-23 21:36:02.168  INFO 19668 --- [           main] c.r.c.servicetests.UserServiceTest       : Started UserServiceTest in 0.363 seconds (JVM running for 35.912)
]]></system-out>
  </testcase>
  <testcase name="testAddAdmin_AddUserDTO_NoUsernameInput_OtherFieldsValid_NegativeTest" classname="com.revature.caseclothes.servicetests.UserServiceTest" time="0.385">
    <system-out><![CDATA[2021-12-23 21:36:02.173  INFO 19668 --- [           main] j.LocalContainerEntityManagerFactoryBean : Closing JPA EntityManagerFactory for persistence unit 'default'
2021-12-23 21:36:02.173  INFO 19668 --- [           main] .SchemaDropperImpl$DelayedDropActionImpl : HHH000477: Starting delayed evictData of schema as part of SessionFactory shut-down'
2021-12-23 21:36:02.174  INFO 19668 --- [           main] com.zaxxer.hikari.HikariDataSource       : HikariPool-65 - Shutdown initiated...
2021-12-23 21:36:02.174  INFO 19668 --- [           main] com.zaxxer.hikari.HikariDataSource       : HikariPool-65 - Shutdown completed.

  .   ____          _            __ _ _
 /\\ / ___'_ __ _ _(_)_ __  __ _ \ \ \ \
( ( )\___ | '_ | '_| | '_ \/ _` | \ \ \ \
 \\/  ___)| |_)| | | | | || (_| |  ) ) ) )
  '  |____| .__|_| |_|_| |_\__, | / / / /
 =========|_|==============|___/=/_/_/_/
 :: Spring Boot ::                (v2.6.1)

2021-12-23 21:36:02.187  INFO 19668 --- [           main] c.r.c.servicetests.UserServiceTest       : Starting UserServiceTest using Java 1.8.0_301 on MSI-Jymm with PID 19668 (started by jymmm in D:\Curriculum-211018-Jymm\project-2-Team-Not-Found\case-clothes)
2021-12-23 21:36:02.187  INFO 19668 --- [           main] c.r.c.servicetests.UserServiceTest       : The following profiles are active: UserService-test
2021-12-23 21:36:02.271  INFO 19668 --- [           main] .s.d.r.c.RepositoryConfigurationDelegate : Bootstrapping Spring Data JPA repositories in DEFAULT mode.
2021-12-23 21:36:02.273  INFO 19668 --- [           main] .s.d.r.c.RepositoryConfigurationDelegate : Finished Spring Data repository scanning in 1 ms. Found 0 JPA repository interfaces.
2021-12-23 21:36:02.322  INFO 19668 --- [           main] com.zaxxer.hikari.HikariDataSource       : HikariPool-66 - Starting...
2021-12-23 21:36:02.323  INFO 19668 --- [           main] com.zaxxer.hikari.HikariDataSource       : HikariPool-66 - Start completed.
2021-12-23 21:36:02.330  INFO 19668 --- [           main] o.hibernate.jpa.internal.util.LogHelper  : HHH000204: Processing PersistenceUnitInfo [name: default]
2021-12-23 21:36:02.332  INFO 19668 --- [           main] org.hibernate.dialect.Dialect            : HHH000400: Using dialect: org.hibernate.dialect.H2Dialect
2021-12-23 21:36:02.360  INFO 19668 --- [           main] o.h.e.t.j.p.i.JtaPlatformInitiator       : HHH000490: Using JtaPlatform implementation: [org.hibernate.engine.transaction.jta.platform.internal.NoJtaPlatform]
2021-12-23 21:36:02.360  INFO 19668 --- [           main] j.LocalContainerEntityManagerFactoryBean : Initialized JPA EntityManagerFactory for persistence unit 'default'
2021-12-23 21:36:02.416  WARN 19668 --- [           main] JpaBaseConfiguration$JpaWebConfiguration : spring.jpa.open-in-view is enabled by default. Therefore, database queries may be performed during view rendering. Explicitly configure spring.jpa.open-in-view to disable this warning
2021-12-23 21:36:02.554  INFO 19668 --- [           main] c.r.c.servicetests.UserServiceTest       : Started UserServiceTest in 0.379 seconds (JVM running for 36.298)
]]></system-out>
  </testcase>
  <testcase name="testAddAdmin_AddUserDTO_NoFirstNameInput_OtherFieldsValid_NegativeTest" classname="com.revature.caseclothes.servicetests.UserServiceTest" time="0.364">
    <system-out><![CDATA[2021-12-23 21:36:02.559  INFO 19668 --- [           main] j.LocalContainerEntityManagerFactoryBean : Closing JPA EntityManagerFactory for persistence unit 'default'
2021-12-23 21:36:02.559  INFO 19668 --- [           main] .SchemaDropperImpl$DelayedDropActionImpl : HHH000477: Starting delayed evictData of schema as part of SessionFactory shut-down'
2021-12-23 21:36:02.560  INFO 19668 --- [           main] com.zaxxer.hikari.HikariDataSource       : HikariPool-66 - Shutdown initiated...
2021-12-23 21:36:02.560  INFO 19668 --- [           main] com.zaxxer.hikari.HikariDataSource       : HikariPool-66 - Shutdown completed.

  .   ____          _            __ _ _
 /\\ / ___'_ __ _ _(_)_ __  __ _ \ \ \ \
( ( )\___ | '_ | '_| | '_ \/ _` | \ \ \ \
 \\/  ___)| |_)| | | | | || (_| |  ) ) ) )
  '  |____| .__|_| |_|_| |_\__, | / / / /
 =========|_|==============|___/=/_/_/_/
 :: Spring Boot ::                (v2.6.1)

2021-12-23 21:36:02.571  INFO 19668 --- [           main] c.r.c.servicetests.UserServiceTest       : Starting UserServiceTest using Java 1.8.0_301 on MSI-Jymm with PID 19668 (started by jymmm in D:\Curriculum-211018-Jymm\project-2-Team-Not-Found\case-clothes)
2021-12-23 21:36:02.571  INFO 19668 --- [           main] c.r.c.servicetests.UserServiceTest       : The following profiles are active: UserService-test
2021-12-23 21:36:02.641  INFO 19668 --- [           main] .s.d.r.c.RepositoryConfigurationDelegate : Bootstrapping Spring Data JPA repositories in DEFAULT mode.
2021-12-23 21:36:02.642  INFO 19668 --- [           main] .s.d.r.c.RepositoryConfigurationDelegate : Finished Spring Data repository scanning in 1 ms. Found 0 JPA repository interfaces.
2021-12-23 21:36:02.690  INFO 19668 --- [           main] com.zaxxer.hikari.HikariDataSource       : HikariPool-67 - Starting...
2021-12-23 21:36:02.691  INFO 19668 --- [           main] com.zaxxer.hikari.HikariDataSource       : HikariPool-67 - Start completed.
2021-12-23 21:36:02.697  INFO 19668 --- [           main] o.hibernate.jpa.internal.util.LogHelper  : HHH000204: Processing PersistenceUnitInfo [name: default]
2021-12-23 21:36:02.700  INFO 19668 --- [           main] org.hibernate.dialect.Dialect            : HHH000400: Using dialect: org.hibernate.dialect.H2Dialect
2021-12-23 21:36:02.728  INFO 19668 --- [           main] o.h.e.t.j.p.i.JtaPlatformInitiator       : HHH000490: Using JtaPlatform implementation: [org.hibernate.engine.transaction.jta.platform.internal.NoJtaPlatform]
2021-12-23 21:36:02.728  INFO 19668 --- [           main] j.LocalContainerEntityManagerFactoryBean : Initialized JPA EntityManagerFactory for persistence unit 'default'
2021-12-23 21:36:02.784  WARN 19668 --- [           main] JpaBaseConfiguration$JpaWebConfiguration : spring.jpa.open-in-view is enabled by default. Therefore, database queries may be performed during view rendering. Explicitly configure spring.jpa.open-in-view to disable this warning
2021-12-23 21:36:02.919  INFO 19668 --- [           main] c.r.c.servicetests.UserServiceTest       : Started UserServiceTest in 0.356 seconds (JVM running for 36.662)
]]></system-out>
  </testcase>
  <testcase name="testAddAdmin_AddUserDTO_NoPhoneNumberInput_OtherFieldsValid_NegativeTest" classname="com.revature.caseclothes.servicetests.UserServiceTest" time="0.377">
    <system-out><![CDATA[2021-12-23 21:36:02.923  INFO 19668 --- [           main] j.LocalContainerEntityManagerFactoryBean : Closing JPA EntityManagerFactory for persistence unit 'default'
2021-12-23 21:36:02.924  INFO 19668 --- [           main] .SchemaDropperImpl$DelayedDropActionImpl : HHH000477: Starting delayed evictData of schema as part of SessionFactory shut-down'
2021-12-23 21:36:02.925  INFO 19668 --- [           main] com.zaxxer.hikari.HikariDataSource       : HikariPool-67 - Shutdown initiated...
2021-12-23 21:36:02.926  INFO 19668 --- [           main] com.zaxxer.hikari.HikariDataSource       : HikariPool-67 - Shutdown completed.

  .   ____          _            __ _ _
 /\\ / ___'_ __ _ _(_)_ __  __ _ \ \ \ \
( ( )\___ | '_ | '_| | '_ \/ _` | \ \ \ \
 \\/  ___)| |_)| | | | | || (_| |  ) ) ) )
  '  |____| .__|_| |_|_| |_\__, | / / / /
 =========|_|==============|___/=/_/_/_/
 :: Spring Boot ::                (v2.6.1)

2021-12-23 21:36:02.936  INFO 19668 --- [           main] c.r.c.servicetests.UserServiceTest       : Starting UserServiceTest using Java 1.8.0_301 on MSI-Jymm with PID 19668 (started by jymmm in D:\Curriculum-211018-Jymm\project-2-Team-Not-Found\case-clothes)
2021-12-23 21:36:02.936  INFO 19668 --- [           main] c.r.c.servicetests.UserServiceTest       : The following profiles are active: UserService-test
2021-12-23 21:36:03.008  INFO 19668 --- [           main] .s.d.r.c.RepositoryConfigurationDelegate : Bootstrapping Spring Data JPA repositories in DEFAULT mode.
2021-12-23 21:36:03.010  INFO 19668 --- [           main] .s.d.r.c.RepositoryConfigurationDelegate : Finished Spring Data repository scanning in 1 ms. Found 0 JPA repository interfaces.
2021-12-23 21:36:03.060  INFO 19668 --- [           main] com.zaxxer.hikari.HikariDataSource       : HikariPool-68 - Starting...
2021-12-23 21:36:03.060  INFO 19668 --- [           main] com.zaxxer.hikari.HikariDataSource       : HikariPool-68 - Start completed.
2021-12-23 21:36:03.067  INFO 19668 --- [           main] o.hibernate.jpa.internal.util.LogHelper  : HHH000204: Processing PersistenceUnitInfo [name: default]
2021-12-23 21:36:03.069  INFO 19668 --- [           main] org.hibernate.dialect.Dialect            : HHH000400: Using dialect: org.hibernate.dialect.H2Dialect
2021-12-23 21:36:03.099  INFO 19668 --- [           main] o.h.e.t.j.p.i.JtaPlatformInitiator       : HHH000490: Using JtaPlatform implementation: [org.hibernate.engine.transaction.jta.platform.internal.NoJtaPlatform]
2021-12-23 21:36:03.099  INFO 19668 --- [           main] j.LocalContainerEntityManagerFactoryBean : Initialized JPA EntityManagerFactory for persistence unit 'default'
2021-12-23 21:36:03.159  WARN 19668 --- [           main] JpaBaseConfiguration$JpaWebConfiguration : spring.jpa.open-in-view is enabled by default. Therefore, database queries may be performed during view rendering. Explicitly configure spring.jpa.open-in-view to disable this warning
2021-12-23 21:36:03.298  INFO 19668 --- [           main] c.r.c.servicetests.UserServiceTest       : Started UserServiceTest in 0.37 seconds (JVM running for 37.041)
]]></system-out>
  </testcase>
  <testcase name="testUpdateUser_NoLastNameInput_OtherFieldsValid_NegativeTest" classname="com.revature.caseclothes.servicetests.UserServiceTest" time="0.374">
    <system-out><![CDATA[2021-12-23 21:36:03.301  INFO 19668 --- [           main] j.LocalContainerEntityManagerFactoryBean : Closing JPA EntityManagerFactory for persistence unit 'default'
2021-12-23 21:36:03.301  INFO 19668 --- [           main] .SchemaDropperImpl$DelayedDropActionImpl : HHH000477: Starting delayed evictData of schema as part of SessionFactory shut-down'
2021-12-23 21:36:03.302  INFO 19668 --- [           main] com.zaxxer.hikari.HikariDataSource       : HikariPool-68 - Shutdown initiated...
2021-12-23 21:36:03.303  INFO 19668 --- [           main] com.zaxxer.hikari.HikariDataSource       : HikariPool-68 - Shutdown completed.

  .   ____          _            __ _ _
 /\\ / ___'_ __ _ _(_)_ __  __ _ \ \ \ \
( ( )\___ | '_ | '_| | '_ \/ _` | \ \ \ \
 \\/  ___)| |_)| | | | | || (_| |  ) ) ) )
  '  |____| .__|_| |_|_| |_\__, | / / / /
 =========|_|==============|___/=/_/_/_/
 :: Spring Boot ::                (v2.6.1)

2021-12-23 21:36:03.313  INFO 19668 --- [           main] c.r.c.servicetests.UserServiceTest       : Starting UserServiceTest using Java 1.8.0_301 on MSI-Jymm with PID 19668 (started by jymmm in D:\Curriculum-211018-Jymm\project-2-Team-Not-Found\case-clothes)
2021-12-23 21:36:03.313  INFO 19668 --- [           main] c.r.c.servicetests.UserServiceTest       : The following profiles are active: UserService-test
2021-12-23 21:36:03.380  INFO 19668 --- [           main] .s.d.r.c.RepositoryConfigurationDelegate : Bootstrapping Spring Data JPA repositories in DEFAULT mode.
2021-12-23 21:36:03.382  INFO 19668 --- [           main] .s.d.r.c.RepositoryConfigurationDelegate : Finished Spring Data repository scanning in 1 ms. Found 0 JPA repository interfaces.
2021-12-23 21:36:03.429  INFO 19668 --- [           main] com.zaxxer.hikari.HikariDataSource       : HikariPool-69 - Starting...
2021-12-23 21:36:03.430  INFO 19668 --- [           main] com.zaxxer.hikari.HikariDataSource       : HikariPool-69 - Start completed.
2021-12-23 21:36:03.436  INFO 19668 --- [           main] o.hibernate.jpa.internal.util.LogHelper  : HHH000204: Processing PersistenceUnitInfo [name: default]
2021-12-23 21:36:03.438  INFO 19668 --- [           main] org.hibernate.dialect.Dialect            : HHH000400: Using dialect: org.hibernate.dialect.H2Dialect
2021-12-23 21:36:03.469  INFO 19668 --- [           main] o.h.e.t.j.p.i.JtaPlatformInitiator       : HHH000490: Using JtaPlatform implementation: [org.hibernate.engine.transaction.jta.platform.internal.NoJtaPlatform]
2021-12-23 21:36:03.469  INFO 19668 --- [           main] j.LocalContainerEntityManagerFactoryBean : Initialized JPA EntityManagerFactory for persistence unit 'default'
2021-12-23 21:36:03.525  WARN 19668 --- [           main] JpaBaseConfiguration$JpaWebConfiguration : spring.jpa.open-in-view is enabled by default. Therefore, database queries may be performed during view rendering. Explicitly configure spring.jpa.open-in-view to disable this warning
2021-12-23 21:36:03.672  INFO 19668 --- [           main] c.r.c.servicetests.UserServiceTest       : Started UserServiceTest in 0.368 seconds (JVM running for 37.416)
]]></system-out>
  </testcase>
  <testcase name="testLogin_admin" classname="com.revature.caseclothes.servicetests.UserServiceTest" time="0.37">
    <system-out><![CDATA[2021-12-23 21:36:03.676  INFO 19668 --- [           main] j.LocalContainerEntityManagerFactoryBean : Closing JPA EntityManagerFactory for persistence unit 'default'
2021-12-23 21:36:03.676  INFO 19668 --- [           main] .SchemaDropperImpl$DelayedDropActionImpl : HHH000477: Starting delayed evictData of schema as part of SessionFactory shut-down'
2021-12-23 21:36:03.677  INFO 19668 --- [           main] com.zaxxer.hikari.HikariDataSource       : HikariPool-69 - Shutdown initiated...
2021-12-23 21:36:03.687  INFO 19668 --- [           main] com.zaxxer.hikari.HikariDataSource       : HikariPool-69 - Shutdown completed.

  .   ____          _            __ _ _
 /\\ / ___'_ __ _ _(_)_ __  __ _ \ \ \ \
( ( )\___ | '_ | '_| | '_ \/ _` | \ \ \ \
 \\/  ___)| |_)| | | | | || (_| |  ) ) ) )
  '  |____| .__|_| |_|_| |_\__, | / / / /
 =========|_|==============|___/=/_/_/_/
 :: Spring Boot ::                (v2.6.1)

2021-12-23 21:36:03.698  INFO 19668 --- [           main] c.r.c.servicetests.UserServiceTest       : Starting UserServiceTest using Java 1.8.0_301 on MSI-Jymm with PID 19668 (started by jymmm in D:\Curriculum-211018-Jymm\project-2-Team-Not-Found\case-clothes)
2021-12-23 21:36:03.698  INFO 19668 --- [           main] c.r.c.servicetests.UserServiceTest       : The following profiles are active: UserService-test
2021-12-23 21:36:03.765  INFO 19668 --- [           main] .s.d.r.c.RepositoryConfigurationDelegate : Bootstrapping Spring Data JPA repositories in DEFAULT mode.
2021-12-23 21:36:03.767  INFO 19668 --- [           main] .s.d.r.c.RepositoryConfigurationDelegate : Finished Spring Data repository scanning in 1 ms. Found 0 JPA repository interfaces.
2021-12-23 21:36:03.816  INFO 19668 --- [           main] com.zaxxer.hikari.HikariDataSource       : HikariPool-70 - Starting...
2021-12-23 21:36:03.816  INFO 19668 --- [           main] com.zaxxer.hikari.HikariDataSource       : HikariPool-70 - Start completed.
2021-12-23 21:36:03.823  INFO 19668 --- [           main] o.hibernate.jpa.internal.util.LogHelper  : HHH000204: Processing PersistenceUnitInfo [name: default]
2021-12-23 21:36:03.825  INFO 19668 --- [           main] org.hibernate.dialect.Dialect            : HHH000400: Using dialect: org.hibernate.dialect.H2Dialect
2021-12-23 21:36:03.850  INFO 19668 --- [           main] o.h.e.t.j.p.i.JtaPlatformInitiator       : HHH000490: Using JtaPlatform implementation: [org.hibernate.engine.transaction.jta.platform.internal.NoJtaPlatform]
2021-12-23 21:36:03.851  INFO 19668 --- [           main] j.LocalContainerEntityManagerFactoryBean : Initialized JPA EntityManagerFactory for persistence unit 'default'
2021-12-23 21:36:03.904  WARN 19668 --- [           main] JpaBaseConfiguration$JpaWebConfiguration : spring.jpa.open-in-view is enabled by default. Therefore, database queries may be performed during view rendering. Explicitly configure spring.jpa.open-in-view to disable this warning
2021-12-23 21:36:04.041  INFO 19668 --- [           main] c.r.c.servicetests.UserServiceTest       : Started UserServiceTest in 0.353 seconds (JVM running for 37.785)
]]></system-out>
  </testcase>
  <testcase name="testAddAdmin_AddUserDTO_NoEmailInput_OtherFieldsValid_NegativeTest" classname="com.revature.caseclothes.servicetests.UserServiceTest" time="0.373">
    <system-out><![CDATA[2021-12-23 21:36:04.047  INFO 19668 --- [           main] j.LocalContainerEntityManagerFactoryBean : Closing JPA EntityManagerFactory for persistence unit 'default'
2021-12-23 21:36:04.047  INFO 19668 --- [           main] .SchemaDropperImpl$DelayedDropActionImpl : HHH000477: Starting delayed evictData of schema as part of SessionFactory shut-down'
2021-12-23 21:36:04.048  INFO 19668 --- [           main] com.zaxxer.hikari.HikariDataSource       : HikariPool-70 - Shutdown initiated...
2021-12-23 21:36:04.048  INFO 19668 --- [           main] com.zaxxer.hikari.HikariDataSource       : HikariPool-70 - Shutdown completed.

  .   ____          _            __ _ _
 /\\ / ___'_ __ _ _(_)_ __  __ _ \ \ \ \
( ( )\___ | '_ | '_| | '_ \/ _` | \ \ \ \
 \\/  ___)| |_)| | | | | || (_| |  ) ) ) )
  '  |____| .__|_| |_|_| |_\__, | / / / /
 =========|_|==============|___/=/_/_/_/
 :: Spring Boot ::                (v2.6.1)

2021-12-23 21:36:04.059  INFO 19668 --- [           main] c.r.c.servicetests.UserServiceTest       : Starting UserServiceTest using Java 1.8.0_301 on MSI-Jymm with PID 19668 (started by jymmm in D:\Curriculum-211018-Jymm\project-2-Team-Not-Found\case-clothes)
2021-12-23 21:36:04.059  INFO 19668 --- [           main] c.r.c.servicetests.UserServiceTest       : The following profiles are active: UserService-test
2021-12-23 21:36:04.136  INFO 19668 --- [           main] .s.d.r.c.RepositoryConfigurationDelegate : Bootstrapping Spring Data JPA repositories in DEFAULT mode.
2021-12-23 21:36:04.138  INFO 19668 --- [           main] .s.d.r.c.RepositoryConfigurationDelegate : Finished Spring Data repository scanning in 2 ms. Found 0 JPA repository interfaces.
2021-12-23 21:36:04.190  INFO 19668 --- [           main] com.zaxxer.hikari.HikariDataSource       : HikariPool-71 - Starting...
2021-12-23 21:36:04.191  INFO 19668 --- [           main] com.zaxxer.hikari.HikariDataSource       : HikariPool-71 - Start completed.
2021-12-23 21:36:04.198  INFO 19668 --- [           main] o.hibernate.jpa.internal.util.LogHelper  : HHH000204: Processing PersistenceUnitInfo [name: default]
2021-12-23 21:36:04.200  INFO 19668 --- [           main] org.hibernate.dialect.Dialect            : HHH000400: Using dialect: org.hibernate.dialect.H2Dialect
2021-12-23 21:36:04.229  INFO 19668 --- [           main] o.h.e.t.j.p.i.JtaPlatformInitiator       : HHH000490: Using JtaPlatform implementation: [org.hibernate.engine.transaction.jta.platform.internal.NoJtaPlatform]
2021-12-23 21:36:04.229  INFO 19668 --- [           main] j.LocalContainerEntityManagerFactoryBean : Initialized JPA EntityManagerFactory for persistence unit 'default'
2021-12-23 21:36:04.282  WARN 19668 --- [           main] JpaBaseConfiguration$JpaWebConfiguration : spring.jpa.open-in-view is enabled by default. Therefore, database queries may be performed during view rendering. Explicitly configure spring.jpa.open-in-view to disable this warning
2021-12-23 21:36:04.416  INFO 19668 --- [           main] c.r.c.servicetests.UserServiceTest       : Started UserServiceTest in 0.367 seconds (JVM running for 38.16)
]]></system-out>
  </testcase>
  <testcase name="testGetUserByUsername_positive" classname="com.revature.caseclothes.servicetests.UserServiceTest" time="0.361">
    <system-out><![CDATA[2021-12-23 21:36:04.420  INFO 19668 --- [           main] j.LocalContainerEntityManagerFactoryBean : Closing JPA EntityManagerFactory for persistence unit 'default'
2021-12-23 21:36:04.420  INFO 19668 --- [           main] .SchemaDropperImpl$DelayedDropActionImpl : HHH000477: Starting delayed evictData of schema as part of SessionFactory shut-down'
2021-12-23 21:36:04.421  INFO 19668 --- [           main] com.zaxxer.hikari.HikariDataSource       : HikariPool-71 - Shutdown initiated...
2021-12-23 21:36:04.422  INFO 19668 --- [           main] com.zaxxer.hikari.HikariDataSource       : HikariPool-71 - Shutdown completed.

  .   ____          _            __ _ _
 /\\ / ___'_ __ _ _(_)_ __  __ _ \ \ \ \
( ( )\___ | '_ | '_| | '_ \/ _` | \ \ \ \
 \\/  ___)| |_)| | | | | || (_| |  ) ) ) )
  '  |____| .__|_| |_|_| |_\__, | / / / /
 =========|_|==============|___/=/_/_/_/
 :: Spring Boot ::                (v2.6.1)

2021-12-23 21:36:04.432  INFO 19668 --- [           main] c.r.c.servicetests.UserServiceTest       : Starting UserServiceTest using Java 1.8.0_301 on MSI-Jymm with PID 19668 (started by jymmm in D:\Curriculum-211018-Jymm\project-2-Team-Not-Found\case-clothes)
2021-12-23 21:36:04.432  INFO 19668 --- [           main] c.r.c.servicetests.UserServiceTest       : The following profiles are active: UserService-test
2021-12-23 21:36:04.503  INFO 19668 --- [           main] .s.d.r.c.RepositoryConfigurationDelegate : Bootstrapping Spring Data JPA repositories in DEFAULT mode.
2021-12-23 21:36:04.505  INFO 19668 --- [           main] .s.d.r.c.RepositoryConfigurationDelegate : Finished Spring Data repository scanning in 1 ms. Found 0 JPA repository interfaces.
2021-12-23 21:36:04.553  INFO 19668 --- [           main] com.zaxxer.hikari.HikariDataSource       : HikariPool-72 - Starting...
2021-12-23 21:36:04.553  INFO 19668 --- [           main] com.zaxxer.hikari.HikariDataSource       : HikariPool-72 - Start completed.
2021-12-23 21:36:04.559  INFO 19668 --- [           main] o.hibernate.jpa.internal.util.LogHelper  : HHH000204: Processing PersistenceUnitInfo [name: default]
2021-12-23 21:36:04.562  INFO 19668 --- [           main] org.hibernate.dialect.Dialect            : HHH000400: Using dialect: org.hibernate.dialect.H2Dialect
2021-12-23 21:36:04.590  INFO 19668 --- [           main] o.h.e.t.j.p.i.JtaPlatformInitiator       : HHH000490: Using JtaPlatform implementation: [org.hibernate.engine.transaction.jta.platform.internal.NoJtaPlatform]
2021-12-23 21:36:04.590  INFO 19668 --- [           main] j.LocalContainerEntityManagerFactoryBean : Initialized JPA EntityManagerFactory for persistence unit 'default'
2021-12-23 21:36:04.642  WARN 19668 --- [           main] JpaBaseConfiguration$JpaWebConfiguration : spring.jpa.open-in-view is enabled by default. Therefore, database queries may be performed during view rendering. Explicitly configure spring.jpa.open-in-view to disable this warning
2021-12-23 21:36:04.778  INFO 19668 --- [           main] c.r.c.servicetests.UserServiceTest       : Started UserServiceTest in 0.354 seconds (JVM running for 38.521)
]]></system-out>
  </testcase>
  <testcase name="testAddCustomer_PositiveTest" classname="com.revature.caseclothes.servicetests.UserServiceTest" time="0.362">
    <system-out><![CDATA[2021-12-23 21:36:04.782  INFO 19668 --- [           main] j.LocalContainerEntityManagerFactoryBean : Closing JPA EntityManagerFactory for persistence unit 'default'
2021-12-23 21:36:04.782  INFO 19668 --- [           main] .SchemaDropperImpl$DelayedDropActionImpl : HHH000477: Starting delayed evictData of schema as part of SessionFactory shut-down'
2021-12-23 21:36:04.784  INFO 19668 --- [           main] com.zaxxer.hikari.HikariDataSource       : HikariPool-72 - Shutdown initiated...
2021-12-23 21:36:04.784  INFO 19668 --- [           main] com.zaxxer.hikari.HikariDataSource       : HikariPool-72 - Shutdown completed.

  .   ____          _            __ _ _
 /\\ / ___'_ __ _ _(_)_ __  __ _ \ \ \ \
( ( )\___ | '_ | '_| | '_ \/ _` | \ \ \ \
 \\/  ___)| |_)| | | | | || (_| |  ) ) ) )
  '  |____| .__|_| |_|_| |_\__, | / / / /
 =========|_|==============|___/=/_/_/_/
 :: Spring Boot ::                (v2.6.1)

2021-12-23 21:36:04.793  INFO 19668 --- [           main] c.r.c.servicetests.UserServiceTest       : Starting UserServiceTest using Java 1.8.0_301 on MSI-Jymm with PID 19668 (started by jymmm in D:\Curriculum-211018-Jymm\project-2-Team-Not-Found\case-clothes)
2021-12-23 21:36:04.794  INFO 19668 --- [           main] c.r.c.servicetests.UserServiceTest       : The following profiles are active: UserService-test
2021-12-23 21:36:04.865  INFO 19668 --- [           main] .s.d.r.c.RepositoryConfigurationDelegate : Bootstrapping Spring Data JPA repositories in DEFAULT mode.
2021-12-23 21:36:04.867  INFO 19668 --- [           main] .s.d.r.c.RepositoryConfigurationDelegate : Finished Spring Data repository scanning in 1 ms. Found 0 JPA repository interfaces.
2021-12-23 21:36:04.915  INFO 19668 --- [           main] com.zaxxer.hikari.HikariDataSource       : HikariPool-73 - Starting...
2021-12-23 21:36:04.916  INFO 19668 --- [           main] com.zaxxer.hikari.HikariDataSource       : HikariPool-73 - Start completed.
2021-12-23 21:36:04.922  INFO 19668 --- [           main] o.hibernate.jpa.internal.util.LogHelper  : HHH000204: Processing PersistenceUnitInfo [name: default]
2021-12-23 21:36:04.925  INFO 19668 --- [           main] org.hibernate.dialect.Dialect            : HHH000400: Using dialect: org.hibernate.dialect.H2Dialect
2021-12-23 21:36:04.953  INFO 19668 --- [           main] o.h.e.t.j.p.i.JtaPlatformInitiator       : HHH000490: Using JtaPlatform implementation: [org.hibernate.engine.transaction.jta.platform.internal.NoJtaPlatform]
2021-12-23 21:36:04.953  INFO 19668 --- [           main] j.LocalContainerEntityManagerFactoryBean : Initialized JPA EntityManagerFactory for persistence unit 'default'
2021-12-23 21:36:05.004  WARN 19668 --- [           main] JpaBaseConfiguration$JpaWebConfiguration : spring.jpa.open-in-view is enabled by default. Therefore, database queries may be performed during view rendering. Explicitly configure spring.jpa.open-in-view to disable this warning
2021-12-23 21:36:05.141  INFO 19668 --- [           main] c.r.c.servicetests.UserServiceTest       : Started UserServiceTest in 0.356 seconds (JVM running for 38.884)
]]></system-out>
  </testcase>
  <testcase name="testGetUserByUserName_UserIsNull_NegativeTest" classname="com.revature.caseclothes.servicetests.UserServiceTest" time="0.383">
    <system-out><![CDATA[2021-12-23 21:36:05.146  INFO 19668 --- [           main] j.LocalContainerEntityManagerFactoryBean : Closing JPA EntityManagerFactory for persistence unit 'default'
2021-12-23 21:36:05.146  INFO 19668 --- [           main] .SchemaDropperImpl$DelayedDropActionImpl : HHH000477: Starting delayed evictData of schema as part of SessionFactory shut-down'
2021-12-23 21:36:05.146  INFO 19668 --- [           main] com.zaxxer.hikari.HikariDataSource       : HikariPool-73 - Shutdown initiated...
2021-12-23 21:36:05.147  INFO 19668 --- [           main] com.zaxxer.hikari.HikariDataSource       : HikariPool-73 - Shutdown completed.

  .   ____          _            __ _ _
 /\\ / ___'_ __ _ _(_)_ __  __ _ \ \ \ \
( ( )\___ | '_ | '_| | '_ \/ _` | \ \ \ \
 \\/  ___)| |_)| | | | | || (_| |  ) ) ) )
  '  |____| .__|_| |_|_| |_\__, | / / / /
 =========|_|==============|___/=/_/_/_/
 :: Spring Boot ::                (v2.6.1)

2021-12-23 21:36:05.158  INFO 19668 --- [           main] c.r.c.servicetests.UserServiceTest       : Starting UserServiceTest using Java 1.8.0_301 on MSI-Jymm with PID 19668 (started by jymmm in D:\Curriculum-211018-Jymm\project-2-Team-Not-Found\case-clothes)
2021-12-23 21:36:05.158  INFO 19668 --- [           main] c.r.c.servicetests.UserServiceTest       : The following profiles are active: UserService-test
2021-12-23 21:36:05.242  INFO 19668 --- [           main] .s.d.r.c.RepositoryConfigurationDelegate : Bootstrapping Spring Data JPA repositories in DEFAULT mode.
2021-12-23 21:36:05.244  INFO 19668 --- [           main] .s.d.r.c.RepositoryConfigurationDelegate : Finished Spring Data repository scanning in 1 ms. Found 0 JPA repository interfaces.
2021-12-23 21:36:05.293  INFO 19668 --- [           main] com.zaxxer.hikari.HikariDataSource       : HikariPool-74 - Starting...
2021-12-23 21:36:05.293  INFO 19668 --- [           main] com.zaxxer.hikari.HikariDataSource       : HikariPool-74 - Start completed.
2021-12-23 21:36:05.300  INFO 19668 --- [           main] o.hibernate.jpa.internal.util.LogHelper  : HHH000204: Processing PersistenceUnitInfo [name: default]
2021-12-23 21:36:05.303  INFO 19668 --- [           main] org.hibernate.dialect.Dialect            : HHH000400: Using dialect: org.hibernate.dialect.H2Dialect
2021-12-23 21:36:05.332  INFO 19668 --- [           main] o.h.e.t.j.p.i.JtaPlatformInitiator       : HHH000490: Using JtaPlatform implementation: [org.hibernate.engine.transaction.jta.platform.internal.NoJtaPlatform]
2021-12-23 21:36:05.332  INFO 19668 --- [           main] j.LocalContainerEntityManagerFactoryBean : Initialized JPA EntityManagerFactory for persistence unit 'default'
2021-12-23 21:36:05.386  WARN 19668 --- [           main] JpaBaseConfiguration$JpaWebConfiguration : spring.jpa.open-in-view is enabled by default. Therefore, database queries may be performed during view rendering. Explicitly configure spring.jpa.open-in-view to disable this warning
2021-12-23 21:36:05.525  INFO 19668 --- [           main] c.r.c.servicetests.UserServiceTest       : Started UserServiceTest in 0.376 seconds (JVM running for 39.268)
]]></system-out>
  </testcase>
  <testcase name="testAddCustomer_NoEmailInput_OtherFieldsValid_NegativeTest" classname="com.revature.caseclothes.servicetests.UserServiceTest" time="0.368">
    <system-out><![CDATA[2021-12-23 21:36:05.529  INFO 19668 --- [           main] j.LocalContainerEntityManagerFactoryBean : Closing JPA EntityManagerFactory for persistence unit 'default'
2021-12-23 21:36:05.530  INFO 19668 --- [           main] .SchemaDropperImpl$DelayedDropActionImpl : HHH000477: Starting delayed evictData of schema as part of SessionFactory shut-down'
2021-12-23 21:36:05.530  INFO 19668 --- [           main] com.zaxxer.hikari.HikariDataSource       : HikariPool-74 - Shutdown initiated...
2021-12-23 21:36:05.531  INFO 19668 --- [           main] com.zaxxer.hikari.HikariDataSource       : HikariPool-74 - Shutdown completed.

  .   ____          _            __ _ _
 /\\ / ___'_ __ _ _(_)_ __  __ _ \ \ \ \
( ( )\___ | '_ | '_| | '_ \/ _` | \ \ \ \
 \\/  ___)| |_)| | | | | || (_| |  ) ) ) )
  '  |____| .__|_| |_|_| |_\__, | / / / /
 =========|_|==============|___/=/_/_/_/
 :: Spring Boot ::                (v2.6.1)

2021-12-23 21:36:05.541  INFO 19668 --- [           main] c.r.c.servicetests.UserServiceTest       : Starting UserServiceTest using Java 1.8.0_301 on MSI-Jymm with PID 19668 (started by jymmm in D:\Curriculum-211018-Jymm\project-2-Team-Not-Found\case-clothes)
2021-12-23 21:36:05.541  INFO 19668 --- [           main] c.r.c.servicetests.UserServiceTest       : The following profiles are active: UserService-test
2021-12-23 21:36:05.611  INFO 19668 --- [           main] .s.d.r.c.RepositoryConfigurationDelegate : Bootstrapping Spring Data JPA repositories in DEFAULT mode.
2021-12-23 21:36:05.612  INFO 19668 --- [           main] .s.d.r.c.RepositoryConfigurationDelegate : Finished Spring Data repository scanning in 1 ms. Found 0 JPA repository interfaces.
2021-12-23 21:36:05.659  INFO 19668 --- [           main] com.zaxxer.hikari.HikariDataSource       : HikariPool-75 - Starting...
2021-12-23 21:36:05.660  INFO 19668 --- [           main] com.zaxxer.hikari.HikariDataSource       : HikariPool-75 - Start completed.
2021-12-23 21:36:05.666  INFO 19668 --- [           main] o.hibernate.jpa.internal.util.LogHelper  : HHH000204: Processing PersistenceUnitInfo [name: default]
2021-12-23 21:36:05.669  INFO 19668 --- [           main] org.hibernate.dialect.Dialect            : HHH000400: Using dialect: org.hibernate.dialect.H2Dialect
2021-12-23 21:36:05.696  INFO 19668 --- [           main] o.h.e.t.j.p.i.JtaPlatformInitiator       : HHH000490: Using JtaPlatform implementation: [org.hibernate.engine.transaction.jta.platform.internal.NoJtaPlatform]
2021-12-23 21:36:05.696  INFO 19668 --- [           main] j.LocalContainerEntityManagerFactoryBean : Initialized JPA EntityManagerFactory for persistence unit 'default'
2021-12-23 21:36:05.752  WARN 19668 --- [           main] JpaBaseConfiguration$JpaWebConfiguration : spring.jpa.open-in-view is enabled by default. Therefore, database queries may be performed during view rendering. Explicitly configure spring.jpa.open-in-view to disable this warning
2021-12-23 21:36:05.894  INFO 19668 --- [           main] c.r.c.servicetests.UserServiceTest       : Started UserServiceTest in 0.362 seconds (JVM running for 39.638)
]]></system-out>
  </testcase>
  <testcase name="testDeleteUserByID_customer" classname="com.revature.caseclothes.servicetests.UserServiceTest" time="0.368">
    <system-out><![CDATA[2021-12-23 21:36:05.898  INFO 19668 --- [           main] j.LocalContainerEntityManagerFactoryBean : Closing JPA EntityManagerFactory for persistence unit 'default'
2021-12-23 21:36:05.898  INFO 19668 --- [           main] .SchemaDropperImpl$DelayedDropActionImpl : HHH000477: Starting delayed evictData of schema as part of SessionFactory shut-down'
2021-12-23 21:36:05.899  INFO 19668 --- [           main] com.zaxxer.hikari.HikariDataSource       : HikariPool-75 - Shutdown initiated...
2021-12-23 21:36:05.899  INFO 19668 --- [           main] com.zaxxer.hikari.HikariDataSource       : HikariPool-75 - Shutdown completed.

  .   ____          _            __ _ _
 /\\ / ___'_ __ _ _(_)_ __  __ _ \ \ \ \
( ( )\___ | '_ | '_| | '_ \/ _` | \ \ \ \
 \\/  ___)| |_)| | | | | || (_| |  ) ) ) )
  '  |____| .__|_| |_|_| |_\__, | / / / /
 =========|_|==============|___/=/_/_/_/
 :: Spring Boot ::                (v2.6.1)

2021-12-23 21:36:05.910  INFO 19668 --- [           main] c.r.c.servicetests.UserServiceTest       : Starting UserServiceTest using Java 1.8.0_301 on MSI-Jymm with PID 19668 (started by jymmm in D:\Curriculum-211018-Jymm\project-2-Team-Not-Found\case-clothes)
2021-12-23 21:36:05.910  INFO 19668 --- [           main] c.r.c.servicetests.UserServiceTest       : The following profiles are active: UserService-test
2021-12-23 21:36:05.979  INFO 19668 --- [           main] .s.d.r.c.RepositoryConfigurationDelegate : Bootstrapping Spring Data JPA repositories in DEFAULT mode.
2021-12-23 21:36:05.981  INFO 19668 --- [           main] .s.d.r.c.RepositoryConfigurationDelegate : Finished Spring Data repository scanning in 1 ms. Found 0 JPA repository interfaces.
2021-12-23 21:36:06.032  INFO 19668 --- [           main] com.zaxxer.hikari.HikariDataSource       : HikariPool-76 - Starting...
2021-12-23 21:36:06.033  INFO 19668 --- [           main] com.zaxxer.hikari.HikariDataSource       : HikariPool-76 - Start completed.
2021-12-23 21:36:06.040  INFO 19668 --- [           main] o.hibernate.jpa.internal.util.LogHelper  : HHH000204: Processing PersistenceUnitInfo [name: default]
2021-12-23 21:36:06.042  INFO 19668 --- [           main] org.hibernate.dialect.Dialect            : HHH000400: Using dialect: org.hibernate.dialect.H2Dialect
2021-12-23 21:36:06.071  INFO 19668 --- [           main] o.h.e.t.j.p.i.JtaPlatformInitiator       : HHH000490: Using JtaPlatform implementation: [org.hibernate.engine.transaction.jta.platform.internal.NoJtaPlatform]
2021-12-23 21:36:06.071  INFO 19668 --- [           main] j.LocalContainerEntityManagerFactoryBean : Initialized JPA EntityManagerFactory for persistence unit 'default'
2021-12-23 21:36:06.124  WARN 19668 --- [           main] JpaBaseConfiguration$JpaWebConfiguration : spring.jpa.open-in-view is enabled by default. Therefore, database queries may be performed during view rendering. Explicitly configure spring.jpa.open-in-view to disable this warning
2021-12-23 21:36:06.262  INFO 19668 --- [           main] c.r.c.servicetests.UserServiceTest       : Started UserServiceTest in 0.361 seconds (JVM running for 40.006)
]]></system-out>
  </testcase>
  <testcase name="testGetUserByUsername_negative" classname="com.revature.caseclothes.servicetests.UserServiceTest" time="0.378">
    <system-out><![CDATA[2021-12-23 21:36:06.266  INFO 19668 --- [           main] j.LocalContainerEntityManagerFactoryBean : Closing JPA EntityManagerFactory for persistence unit 'default'
2021-12-23 21:36:06.266  INFO 19668 --- [           main] .SchemaDropperImpl$DelayedDropActionImpl : HHH000477: Starting delayed evictData of schema as part of SessionFactory shut-down'
2021-12-23 21:36:06.268  INFO 19668 --- [           main] com.zaxxer.hikari.HikariDataSource       : HikariPool-76 - Shutdown initiated...
2021-12-23 21:36:06.268  INFO 19668 --- [           main] com.zaxxer.hikari.HikariDataSource       : HikariPool-76 - Shutdown completed.

  .   ____          _            __ _ _
 /\\ / ___'_ __ _ _(_)_ __  __ _ \ \ \ \
( ( )\___ | '_ | '_| | '_ \/ _` | \ \ \ \
 \\/  ___)| |_)| | | | | || (_| |  ) ) ) )
  '  |____| .__|_| |_|_| |_\__, | / / / /
 =========|_|==============|___/=/_/_/_/
 :: Spring Boot ::                (v2.6.1)

2021-12-23 21:36:06.279  INFO 19668 --- [           main] c.r.c.servicetests.UserServiceTest       : Starting UserServiceTest using Java 1.8.0_301 on MSI-Jymm with PID 19668 (started by jymmm in D:\Curriculum-211018-Jymm\project-2-Team-Not-Found\case-clothes)
2021-12-23 21:36:06.279  INFO 19668 --- [           main] c.r.c.servicetests.UserServiceTest       : The following profiles are active: UserService-test
2021-12-23 21:36:06.358  INFO 19668 --- [           main] .s.d.r.c.RepositoryConfigurationDelegate : Bootstrapping Spring Data JPA repositories in DEFAULT mode.
2021-12-23 21:36:06.359  INFO 19668 --- [           main] .s.d.r.c.RepositoryConfigurationDelegate : Finished Spring Data repository scanning in 1 ms. Found 0 JPA repository interfaces.
2021-12-23 21:36:06.408  INFO 19668 --- [           main] com.zaxxer.hikari.HikariDataSource       : HikariPool-77 - Starting...
2021-12-23 21:36:06.409  INFO 19668 --- [           main] com.zaxxer.hikari.HikariDataSource       : HikariPool-77 - Start completed.
2021-12-23 21:36:06.415  INFO 19668 --- [           main] o.hibernate.jpa.internal.util.LogHelper  : HHH000204: Processing PersistenceUnitInfo [name: default]
2021-12-23 21:36:06.417  INFO 19668 --- [           main] org.hibernate.dialect.Dialect            : HHH000400: Using dialect: org.hibernate.dialect.H2Dialect
2021-12-23 21:36:06.444  INFO 19668 --- [           main] o.h.e.t.j.p.i.JtaPlatformInitiator       : HHH000490: Using JtaPlatform implementation: [org.hibernate.engine.transaction.jta.platform.internal.NoJtaPlatform]
2021-12-23 21:36:06.444  INFO 19668 --- [           main] j.LocalContainerEntityManagerFactoryBean : Initialized JPA EntityManagerFactory for persistence unit 'default'
2021-12-23 21:36:06.500  WARN 19668 --- [           main] JpaBaseConfiguration$JpaWebConfiguration : spring.jpa.open-in-view is enabled by default. Therefore, database queries may be performed during view rendering. Explicitly configure spring.jpa.open-in-view to disable this warning
2021-12-23 21:36:06.641  INFO 19668 --- [           main] c.r.c.servicetests.UserServiceTest       : Started UserServiceTest in 0.371 seconds (JVM running for 40.385)
]]></system-out>
  </testcase>
  <testcase name="testAddAdmin_negative" classname="com.revature.caseclothes.servicetests.UserServiceTest" time="0.387">
    <system-out><![CDATA[2021-12-23 21:36:06.645  INFO 19668 --- [           main] j.LocalContainerEntityManagerFactoryBean : Closing JPA EntityManagerFactory for persistence unit 'default'
2021-12-23 21:36:06.645  INFO 19668 --- [           main] .SchemaDropperImpl$DelayedDropActionImpl : HHH000477: Starting delayed evictData of schema as part of SessionFactory shut-down'
2021-12-23 21:36:06.646  INFO 19668 --- [           main] com.zaxxer.hikari.HikariDataSource       : HikariPool-77 - Shutdown initiated...
2021-12-23 21:36:06.646  INFO 19668 --- [           main] com.zaxxer.hikari.HikariDataSource       : HikariPool-77 - Shutdown completed.

  .   ____          _            __ _ _
 /\\ / ___'_ __ _ _(_)_ __  __ _ \ \ \ \
( ( )\___ | '_ | '_| | '_ \/ _` | \ \ \ \
 \\/  ___)| |_)| | | | | || (_| |  ) ) ) )
  '  |____| .__|_| |_|_| |_\__, | / / / /
 =========|_|==============|___/=/_/_/_/
 :: Spring Boot ::                (v2.6.1)

2021-12-23 21:36:06.656  INFO 19668 --- [           main] c.r.c.servicetests.UserServiceTest       : Starting UserServiceTest using Java 1.8.0_301 on MSI-Jymm with PID 19668 (started by jymmm in D:\Curriculum-211018-Jymm\project-2-Team-Not-Found\case-clothes)
2021-12-23 21:36:06.656  INFO 19668 --- [           main] c.r.c.servicetests.UserServiceTest       : The following profiles are active: UserService-test
2021-12-23 21:36:06.742  INFO 19668 --- [           main] .s.d.r.c.RepositoryConfigurationDelegate : Bootstrapping Spring Data JPA repositories in DEFAULT mode.
2021-12-23 21:36:06.744  INFO 19668 --- [           main] .s.d.r.c.RepositoryConfigurationDelegate : Finished Spring Data repository scanning in 1 ms. Found 0 JPA repository interfaces.
2021-12-23 21:36:06.792  INFO 19668 --- [           main] com.zaxxer.hikari.HikariDataSource       : HikariPool-78 - Starting...
2021-12-23 21:36:06.792  INFO 19668 --- [           main] com.zaxxer.hikari.HikariDataSource       : HikariPool-78 - Start completed.
2021-12-23 21:36:06.799  INFO 19668 --- [           main] o.hibernate.jpa.internal.util.LogHelper  : HHH000204: Processing PersistenceUnitInfo [name: default]
2021-12-23 21:36:06.801  INFO 19668 --- [           main] org.hibernate.dialect.Dialect            : HHH000400: Using dialect: org.hibernate.dialect.H2Dialect
2021-12-23 21:36:06.830  INFO 19668 --- [           main] o.h.e.t.j.p.i.JtaPlatformInitiator       : HHH000490: Using JtaPlatform implementation: [org.hibernate.engine.transaction.jta.platform.internal.NoJtaPlatform]
2021-12-23 21:36:06.830  INFO 19668 --- [           main] j.LocalContainerEntityManagerFactoryBean : Initialized JPA EntityManagerFactory for persistence unit 'default'
2021-12-23 21:36:06.888  WARN 19668 --- [           main] JpaBaseConfiguration$JpaWebConfiguration : spring.jpa.open-in-view is enabled by default. Therefore, database queries may be performed during view rendering. Explicitly configure spring.jpa.open-in-view to disable this warning
2021-12-23 21:36:07.028  INFO 19668 --- [           main] c.r.c.servicetests.UserServiceTest       : Started UserServiceTest in 0.38 seconds (JVM running for 40.772)
]]></system-out>
  </testcase>
  <testcase name="testUpdateUser_NoEmailInput_OtherFieldsValid_NegativeTest" classname="com.revature.caseclothes.servicetests.UserServiceTest" time="0.373">
    <system-out><![CDATA[2021-12-23 21:36:07.032  INFO 19668 --- [           main] j.LocalContainerEntityManagerFactoryBean : Closing JPA EntityManagerFactory for persistence unit 'default'
2021-12-23 21:36:07.032  INFO 19668 --- [           main] .SchemaDropperImpl$DelayedDropActionImpl : HHH000477: Starting delayed evictData of schema as part of SessionFactory shut-down'
2021-12-23 21:36:07.033  INFO 19668 --- [           main] com.zaxxer.hikari.HikariDataSource       : HikariPool-78 - Shutdown initiated...
2021-12-23 21:36:07.034  INFO 19668 --- [           main] com.zaxxer.hikari.HikariDataSource       : HikariPool-78 - Shutdown completed.

  .   ____          _            __ _ _
 /\\ / ___'_ __ _ _(_)_ __  __ _ \ \ \ \
( ( )\___ | '_ | '_| | '_ \/ _` | \ \ \ \
 \\/  ___)| |_)| | | | | || (_| |  ) ) ) )
  '  |____| .__|_| |_|_| |_\__, | / / / /
 =========|_|==============|___/=/_/_/_/
 :: Spring Boot ::                (v2.6.1)

2021-12-23 21:36:07.045  INFO 19668 --- [           main] c.r.c.servicetests.UserServiceTest       : Starting UserServiceTest using Java 1.8.0_301 on MSI-Jymm with PID 19668 (started by jymmm in D:\Curriculum-211018-Jymm\project-2-Team-Not-Found\case-clothes)
2021-12-23 21:36:07.045  INFO 19668 --- [           main] c.r.c.servicetests.UserServiceTest       : The following profiles are active: UserService-test
2021-12-23 21:36:07.118  INFO 19668 --- [           main] .s.d.r.c.RepositoryConfigurationDelegate : Bootstrapping Spring Data JPA repositories in DEFAULT mode.
2021-12-23 21:36:07.120  INFO 19668 --- [           main] .s.d.r.c.RepositoryConfigurationDelegate : Finished Spring Data repository scanning in 1 ms. Found 0 JPA repository interfaces.
2021-12-23 21:36:07.167  INFO 19668 --- [           main] com.zaxxer.hikari.HikariDataSource       : HikariPool-79 - Starting...
2021-12-23 21:36:07.167  INFO 19668 --- [           main] com.zaxxer.hikari.HikariDataSource       : HikariPool-79 - Start completed.
2021-12-23 21:36:07.174  INFO 19668 --- [           main] o.hibernate.jpa.internal.util.LogHelper  : HHH000204: Processing PersistenceUnitInfo [name: default]
2021-12-23 21:36:07.176  INFO 19668 --- [           main] org.hibernate.dialect.Dialect            : HHH000400: Using dialect: org.hibernate.dialect.H2Dialect
2021-12-23 21:36:07.205  INFO 19668 --- [           main] o.h.e.t.j.p.i.JtaPlatformInitiator       : HHH000490: Using JtaPlatform implementation: [org.hibernate.engine.transaction.jta.platform.internal.NoJtaPlatform]
2021-12-23 21:36:07.205  INFO 19668 --- [           main] j.LocalContainerEntityManagerFactoryBean : Initialized JPA EntityManagerFactory for persistence unit 'default'
2021-12-23 21:36:07.260  WARN 19668 --- [           main] JpaBaseConfiguration$JpaWebConfiguration : spring.jpa.open-in-view is enabled by default. Therefore, database queries may be performed during view rendering. Explicitly configure spring.jpa.open-in-view to disable this warning
2021-12-23 21:36:07.402  INFO 19668 --- [           main] c.r.c.servicetests.UserServiceTest       : Started UserServiceTest in 0.367 seconds (JVM running for 41.146)
]]></system-out>
  </testcase>
  <testcase name="testDeleteUserByID_negative" classname="com.revature.caseclothes.servicetests.UserServiceTest" time="0.369">
    <system-out><![CDATA[2021-12-23 21:36:07.406  INFO 19668 --- [           main] j.LocalContainerEntityManagerFactoryBean : Closing JPA EntityManagerFactory for persistence unit 'default'
2021-12-23 21:36:07.406  INFO 19668 --- [           main] .SchemaDropperImpl$DelayedDropActionImpl : HHH000477: Starting delayed evictData of schema as part of SessionFactory shut-down'
2021-12-23 21:36:07.407  INFO 19668 --- [           main] com.zaxxer.hikari.HikariDataSource       : HikariPool-79 - Shutdown initiated...
2021-12-23 21:36:07.408  INFO 19668 --- [           main] com.zaxxer.hikari.HikariDataSource       : HikariPool-79 - Shutdown completed.

  .   ____          _            __ _ _
 /\\ / ___'_ __ _ _(_)_ __  __ _ \ \ \ \
( ( )\___ | '_ | '_| | '_ \/ _` | \ \ \ \
 \\/  ___)| |_)| | | | | || (_| |  ) ) ) )
  '  |____| .__|_| |_|_| |_\__, | / / / /
 =========|_|==============|___/=/_/_/_/
 :: Spring Boot ::                (v2.6.1)

2021-12-23 21:36:07.419  INFO 19668 --- [           main] c.r.c.servicetests.UserServiceTest       : Starting UserServiceTest using Java 1.8.0_301 on MSI-Jymm with PID 19668 (started by jymmm in D:\Curriculum-211018-Jymm\project-2-Team-Not-Found\case-clothes)
2021-12-23 21:36:07.419  INFO 19668 --- [           main] c.r.c.servicetests.UserServiceTest       : The following profiles are active: UserService-test
2021-12-23 21:36:07.492  INFO 19668 --- [           main] .s.d.r.c.RepositoryConfigurationDelegate : Bootstrapping Spring Data JPA repositories in DEFAULT mode.
2021-12-23 21:36:07.493  INFO 19668 --- [           main] .s.d.r.c.RepositoryConfigurationDelegate : Finished Spring Data repository scanning in 1 ms. Found 0 JPA repository interfaces.
2021-12-23 21:36:07.544  INFO 19668 --- [           main] com.zaxxer.hikari.HikariDataSource       : HikariPool-80 - Starting...
2021-12-23 21:36:07.544  INFO 19668 --- [           main] com.zaxxer.hikari.HikariDataSource       : HikariPool-80 - Start completed.
2021-12-23 21:36:07.551  INFO 19668 --- [           main] o.hibernate.jpa.internal.util.LogHelper  : HHH000204: Processing PersistenceUnitInfo [name: default]
2021-12-23 21:36:07.553  INFO 19668 --- [           main] org.hibernate.dialect.Dialect            : HHH000400: Using dialect: org.hibernate.dialect.H2Dialect
2021-12-23 21:36:07.580  INFO 19668 --- [           main] o.h.e.t.j.p.i.JtaPlatformInitiator       : HHH000490: Using JtaPlatform implementation: [org.hibernate.engine.transaction.jta.platform.internal.NoJtaPlatform]
2021-12-23 21:36:07.580  INFO 19668 --- [           main] j.LocalContainerEntityManagerFactoryBean : Initialized JPA EntityManagerFactory for persistence unit 'default'
2021-12-23 21:36:07.632  WARN 19668 --- [           main] JpaBaseConfiguration$JpaWebConfiguration : spring.jpa.open-in-view is enabled by default. Therefore, database queries may be performed during view rendering. Explicitly configure spring.jpa.open-in-view to disable this warning
2021-12-23 21:36:07.773  INFO 19668 --- [           main] c.r.c.servicetests.UserServiceTest       : Started UserServiceTest in 0.363 seconds (JVM running for 41.516)
]]></system-out>
  </testcase>
  <testcase name="testUpdateUser_NoAddressInput_OtherFieldsValid_NegativeTest" classname="com.revature.caseclothes.servicetests.UserServiceTest" time="0.369">
    <system-out><![CDATA[2021-12-23 21:36:07.776  INFO 19668 --- [           main] j.LocalContainerEntityManagerFactoryBean : Closing JPA EntityManagerFactory for persistence unit 'default'
2021-12-23 21:36:07.777  INFO 19668 --- [           main] .SchemaDropperImpl$DelayedDropActionImpl : HHH000477: Starting delayed evictData of schema as part of SessionFactory shut-down'
2021-12-23 21:36:07.777  INFO 19668 --- [           main] com.zaxxer.hikari.HikariDataSource       : HikariPool-80 - Shutdown initiated...
2021-12-23 21:36:07.778  INFO 19668 --- [           main] com.zaxxer.hikari.HikariDataSource       : HikariPool-80 - Shutdown completed.

  .   ____          _            __ _ _
 /\\ / ___'_ __ _ _(_)_ __  __ _ \ \ \ \
( ( )\___ | '_ | '_| | '_ \/ _` | \ \ \ \
 \\/  ___)| |_)| | | | | || (_| |  ) ) ) )
  '  |____| .__|_| |_|_| |_\__, | / / / /
 =========|_|==============|___/=/_/_/_/
 :: Spring Boot ::                (v2.6.1)

2021-12-23 21:36:07.788  INFO 19668 --- [           main] c.r.c.servicetests.UserServiceTest       : Starting UserServiceTest using Java 1.8.0_301 on MSI-Jymm with PID 19668 (started by jymmm in D:\Curriculum-211018-Jymm\project-2-Team-Not-Found\case-clothes)
2021-12-23 21:36:07.788  INFO 19668 --- [           main] c.r.c.servicetests.UserServiceTest       : The following profiles are active: UserService-test
2021-12-23 21:36:07.859  INFO 19668 --- [           main] .s.d.r.c.RepositoryConfigurationDelegate : Bootstrapping Spring Data JPA repositories in DEFAULT mode.
2021-12-23 21:36:07.861  INFO 19668 --- [           main] .s.d.r.c.RepositoryConfigurationDelegate : Finished Spring Data repository scanning in 1 ms. Found 0 JPA repository interfaces.
2021-12-23 21:36:07.909  INFO 19668 --- [           main] com.zaxxer.hikari.HikariDataSource       : HikariPool-81 - Starting...
2021-12-23 21:36:07.910  INFO 19668 --- [           main] com.zaxxer.hikari.HikariDataSource       : HikariPool-81 - Start completed.
2021-12-23 21:36:07.916  INFO 19668 --- [           main] o.hibernate.jpa.internal.util.LogHelper  : HHH000204: Processing PersistenceUnitInfo [name: default]
2021-12-23 21:36:07.919  INFO 19668 --- [           main] org.hibernate.dialect.Dialect            : HHH000400: Using dialect: org.hibernate.dialect.H2Dialect
2021-12-23 21:36:07.946  INFO 19668 --- [           main] o.h.e.t.j.p.i.JtaPlatformInitiator       : HHH000490: Using JtaPlatform implementation: [org.hibernate.engine.transaction.jta.platform.internal.NoJtaPlatform]
2021-12-23 21:36:07.946  INFO 19668 --- [           main] j.LocalContainerEntityManagerFactoryBean : Initialized JPA EntityManagerFactory for persistence unit 'default'
2021-12-23 21:36:08.000  WARN 19668 --- [           main] JpaBaseConfiguration$JpaWebConfiguration : spring.jpa.open-in-view is enabled by default. Therefore, database queries may be performed during view rendering. Explicitly configure spring.jpa.open-in-view to disable this warning
2021-12-23 21:36:08.142  INFO 19668 --- [           main] c.r.c.servicetests.UserServiceTest       : Started UserServiceTest in 0.363 seconds (JVM running for 41.885)
]]></system-out>
  </testcase>
  <testcase name="testAddCustomer_NoLastNameInput_OtherFieldsValid_NegativeTest" classname="com.revature.caseclothes.servicetests.UserServiceTest" time="0.372">
    <system-out><![CDATA[2021-12-23 21:36:08.146  INFO 19668 --- [           main] j.LocalContainerEntityManagerFactoryBean : Closing JPA EntityManagerFactory for persistence unit 'default'
2021-12-23 21:36:08.146  INFO 19668 --- [           main] .SchemaDropperImpl$DelayedDropActionImpl : HHH000477: Starting delayed evictData of schema as part of SessionFactory shut-down'
2021-12-23 21:36:08.146  INFO 19668 --- [           main] com.zaxxer.hikari.HikariDataSource       : HikariPool-81 - Shutdown initiated...
2021-12-23 21:36:08.147  INFO 19668 --- [           main] com.zaxxer.hikari.HikariDataSource       : HikariPool-81 - Shutdown completed.

  .   ____          _            __ _ _
 /\\ / ___'_ __ _ _(_)_ __  __ _ \ \ \ \
( ( )\___ | '_ | '_| | '_ \/ _` | \ \ \ \
 \\/  ___)| |_)| | | | | || (_| |  ) ) ) )
  '  |____| .__|_| |_|_| |_\__, | / / / /
 =========|_|==============|___/=/_/_/_/
 :: Spring Boot ::                (v2.6.1)

2021-12-23 21:36:08.157  INFO 19668 --- [           main] c.r.c.servicetests.UserServiceTest       : Starting UserServiceTest using Java 1.8.0_301 on MSI-Jymm with PID 19668 (started by jymmm in D:\Curriculum-211018-Jymm\project-2-Team-Not-Found\case-clothes)
2021-12-23 21:36:08.157  INFO 19668 --- [           main] c.r.c.servicetests.UserServiceTest       : The following profiles are active: UserService-test
2021-12-23 21:36:08.226  INFO 19668 --- [           main] .s.d.r.c.RepositoryConfigurationDelegate : Bootstrapping Spring Data JPA repositories in DEFAULT mode.
2021-12-23 21:36:08.228  INFO 19668 --- [           main] .s.d.r.c.RepositoryConfigurationDelegate : Finished Spring Data repository scanning in 1 ms. Found 0 JPA repository interfaces.
2021-12-23 21:36:08.274  INFO 19668 --- [           main] com.zaxxer.hikari.HikariDataSource       : HikariPool-82 - Starting...
2021-12-23 21:36:08.274  INFO 19668 --- [           main] com.zaxxer.hikari.HikariDataSource       : HikariPool-82 - Start completed.
2021-12-23 21:36:08.281  INFO 19668 --- [           main] o.hibernate.jpa.internal.util.LogHelper  : HHH000204: Processing PersistenceUnitInfo [name: default]
2021-12-23 21:36:08.283  INFO 19668 --- [           main] org.hibernate.dialect.Dialect            : HHH000400: Using dialect: org.hibernate.dialect.H2Dialect
2021-12-23 21:36:08.310  INFO 19668 --- [           main] o.h.e.t.j.p.i.JtaPlatformInitiator       : HHH000490: Using JtaPlatform implementation: [org.hibernate.engine.transaction.jta.platform.internal.NoJtaPlatform]
2021-12-23 21:36:08.310  INFO 19668 --- [           main] j.LocalContainerEntityManagerFactoryBean : Initialized JPA EntityManagerFactory for persistence unit 'default'
2021-12-23 21:36:08.372  WARN 19668 --- [           main] JpaBaseConfiguration$JpaWebConfiguration : spring.jpa.open-in-view is enabled by default. Therefore, database queries may be performed during view rendering. Explicitly configure spring.jpa.open-in-view to disable this warning
2021-12-23 21:36:08.514  INFO 19668 --- [           main] c.r.c.servicetests.UserServiceTest       : Started UserServiceTest in 0.366 seconds (JVM running for 42.257)
]]></system-out>
  </testcase>
</testsuite>